00-00	21.0	21.0	15.0	15.0	21.0	21.0
00-02	20.0	20.0	14.0	14.0	19.0	20.0
00-04	20.0	20.0	14.0	14.0	20.0	20.0
00-06	20.0	20.0	16.0	14.0	20.0	20.0
00-08	20.0	20.0	16.0	14.0	20.0	20.0
00-10	20.0	20.0	15.0	14.0	20.0	20.0
00-12	21.0	21.0	15.0	14.0	20.0	21.0
00-14	20.0	19.0	15.0	14.0	20.0	20.0
00-16	20.0	20.0	15.0	15.0	19.0	20.0
00-18	21.0	21.0	15.0	15.0	21.0	22.0
00-20	21.0	22.0	15.0	15.0	20.0	22.0
00-22	19.0	19.0	13.0	16.0	18.0	20.0
00-24	21.0	21.0	14.0	16.0	19.0	21.0
00-26	21.0	21.0	14.0	14.0	19.0	21.0
00-28	21.0	21.0	15.0	15.0	20.0	21.0
00-30	19.0	19.0	16.0	14.0	20.0	20.0
00-32	20.0	20.0	14.0	14.0	20.0	20.0
00-34	20.0	20.0	14.0	15.0	19.0	20.0
00-36	20.0	20.0	14.0	14.0	20.0	21.0
00-38	20.0	20.0	13.0	14.0	19.0	20.0
00-40	21.0	21.0	15.0	15.0	20.0	21.0
00-42	21.0	22.0	13.0	15.0	19.0	22.0
00-44	20.0	20.0	14.0	14.0	19.0	20.0
00-46	20.0	20.0	14.0	14.0	19.0	20.0
00-48	21.0	21.0	14.0	16.0	21.0	21.0
00-50	19.0	19.0	13.0	15.0	19.0	20.0
00-52	20.0	20.0	15.0	15.0	19.0	20.0
00-54	20.0	20.0	15.0	14.0	18.0	20.0
00-56	20.0	20.0	14.0	14.0	19.0	20.0
00-58	20.0	20.0	15.0	14.0	18.0	20.0
01-00	23.0	23.0	14.0	14.0	20.0	23.0
01-02	20.0	20.0	15.0	13.0	20.0	20.0
01-04	20.0	20.0	14.0	14.0	20.0	21.0
01-06	21.0	21.0	13.0	15.0	19.0	21.0
01-08	20.0	20.0	14.0	13.0	19.0	20.0
01-10	20.0	19.0	13.0	14.0	18.0	19.0
01-12	21.0	21.0	13.0	14.0	20.0	21.0
01-14	21.0	21.0	13.0	14.0	20.0	21.0
01-16	20.0	20.0	14.0	14.0	19.0	20.0
01-18	21.0	20.0	16.0	15.0	19.0	20.0
01-20	21.0	19.0	14.0	14.0	21.0	21.0
01-22	20.0	20.0	13.0	14.0	19.0	20.0
01-24	21.0	21.0	15.0	14.0	18.0	21.0
01-26	21.0	21.0	13.0	13.0	18.0	20.0
01-28	20.0	20.0	14.0	14.0	18.0	20.0
01-30	21.0	21.0	14.0	15.0	18.0	21.0
01-32	20.0	20.0	14.0	13.0	18.0	20.0
01-34	21.0	21.0	14.0	15.0	18.0	21.0
01-36	21.0	21.0	15.0	13.0	19.0	21.0
01-38	20.0	20.0	14.0	12.0	18.0	20.0
01-40	22.0	22.0	15.0	14.0	19.0	22.0
01-42	21.0	21.0	16.0	13.0	18.0	21.0
01-44	19.0	19.0	13.0	14.0	19.0	19.0
01-46	20.0	20.0	14.0	12.0	18.0	20.0
01-48	21.0	21.0	16.0	13.0	20.0	21.0
01-50	20.0	19.0	14.0	13.0	19.0	19.0
01-52	20.0	19.0	14.0	12.0	20.0	20.0
01-54	21.0	20.0	14.0	14.0	21.0	21.0
01-56	20.0	20.0	15.0	14.0	19.0	20.0
01-58	20.0	19.0	14.0	13.0	20.0	20.0
02-00	21.0	21.0	15.0	14.0	20.0	21.0
02-02	20.0	19.0	14.0	13.0	20.0	20.0
02-04	19.0	19.0	16.0	15.0	19.0	20.0
02-06	20.0	20.0	15.0	14.0	19.0	20.0
02-08	19.0	19.0	15.0	13.0	19.0	19.0
02-10	20.0	20.0	14.0	13.0	19.0	20.0
02-12	20.0	20.0	15.0	16.0	19.0	21.0
02-14	20.0	20.0	13.0	13.0	20.0	20.0
02-16	19.0	19.0	14.0	13.0	19.0	19.0
02-18	20.0	20.0	15.0	14.0	19.0	20.0
02-20	20.0	19.0	15.0	16.0	19.0	19.0
02-22	20.0	19.0	14.0	13.0	20.0	20.0
02-24	21.0	20.0	15.0	13.0	21.0	21.0
02-26	19.0	19.0	14.0	14.0	18.0	19.0
02-28	20.0	20.0	13.0	13.0	19.0	20.0
02-30	21.0	21.0	15.0	13.0	18.0	21.0
02-32	20.0	20.0	14.0	14.0	20.0	20.0
02-34	21.0	21.0	15.0	13.0	20.0	20.0
02-36	20.0	20.0	14.0	14.0	18.0	20.0
02-38	21.0	21.0	15.0	13.0	19.0	20.0
02-40	19.0	19.0	15.0	14.0	19.0	19.0
02-42	20.0	20.0	14.0	14.0	18.0	20.0
02-44	19.0	19.0	13.0	13.0	19.0	19.0
02-46	19.0	19.0	13.0	13.0	19.0	19.0
02-48	21.0	21.0	14.0	15.0	19.0	21.0
02-50	19.0	18.0	14.0	13.0	19.0	19.0
02-52	20.0	19.0	14.0	13.0	20.0	20.0
02-54	19.0	19.0	15.0	14.0	18.0	21.0
02-56	20.0	20.0	14.0	14.0	19.0	20.0
02-58	20.0	20.0	13.0	13.0	19.0	20.0
03-00	21.0	19.0	15.0	13.0	21.0	20.0
03-02	20.0	20.0	13.0	13.0	18.0	19.0
03-04	19.0	19.0	13.0	13.0	19.0	19.0
03-06	20.0	20.0	14.0	15.0	19.0	20.0
03-08	19.0	19.0	14.0	12.0	19.0	19.0
03-10	21.0	21.0	13.0	14.0	18.0	20.0
03-12	21.0	21.0	13.0	14.0	18.0	21.0
03-14	20.0	20.0	12.0	13.0	18.0	20.0
03-16	19.0	19.0	13.0	13.0	19.0	19.0
03-18	20.0	20.0	15.0	14.0	18.0	20.0
03-20	21.0	21.0	14.0	16.0	19.0	21.0
03-22	21.0	21.0	13.0	14.0	18.0	20.0
03-24	21.0	21.0	16.0	14.0	19.0	21.0
03-26	20.0	20.0	14.0	14.0	17.0	20.0
03-28	20.0	21.0	13.0	14.0	18.0	21.0
03-30	21.0	21.0	14.0	13.0	18.0	20.0
03-32	21.0	21.0	13.0	13.0	17.0	21.0
03-34	20.0	20.0	13.0	13.0	17.0	20.0
03-36	21.0	21.0	13.0	15.0	18.0	21.0
03-38	21.0	20.0	15.0	15.0	19.0	21.0
03-40	20.0	21.0	14.0	14.0	19.0	21.0
03-42	21.0	21.0	14.0	13.0	18.0	21.0
03-44	21.0	21.0	12.0	13.0	18.0	20.0
03-46	20.0	19.0	13.0	14.0	18.0	19.0
03-48	21.0	21.0	14.0	14.0	19.0	21.0
03-50	20.0	20.0	13.0	14.0	18.0	20.0
03-52	21.0	21.0	13.0	14.0	19.0	21.0
03-54	21.0	21.0	14.0	13.0	19.0	21.0
03-56	20.0	19.0	14.0	13.0	21.0	21.0
03-58	22.0	22.0	14.0	13.0	19.0	22.0
04-00	21.0	21.0	15.0	14.0	20.0	21.0
04-02	20.0	20.0	15.0	13.0	20.0	20.0
04-04	19.0	19.0	15.0	14.0	19.0	19.0
04-06	19.0	19.0	15.0	14.0	18.0	21.0
04-08	19.0	19.0	15.0	13.0	19.0	19.0
04-10	19.0	19.0	15.0	13.0	19.0	19.0
04-12	20.0	20.0	15.0	13.0	19.0	20.0
04-14	19.0	19.0	15.0	14.0	19.0	19.0
04-16	19.0	19.0	15.0	13.0	18.0	19.0
04-18	19.0	19.0	16.0	14.0	19.0	19.0
04-20	19.0	19.0	16.0	14.0	19.0	19.0
04-22	19.0	19.0	13.0	14.0	19.0	19.0
04-24	20.0	20.0	14.0	15.0	20.0	20.0
04-26	18.0	18.0	12.0	13.0	18.0	18.0
04-28	19.0	19.0	13.0	14.0	18.0	20.0
04-30	19.0	19.0	16.0	16.0	19.0	19.0
04-32	20.0	20.0	15.0	13.0	18.0	19.0
04-34	19.0	19.0	14.0	14.0	16.0	19.0
04-36	21.0	21.0	16.0	13.0	18.0	20.0
04-38	21.0	21.0	13.0	13.0	17.0	21.0
04-40	21.0	21.0	14.0	14.0	20.0	21.0
04-42	20.0	20.0	14.0	13.0	19.0	21.0
04-44	21.0	21.0	14.0	13.0	19.0	20.0
04-46	19.0	19.0	14.0	13.0	18.0	19.0
04-48	20.0	21.0	14.0	14.0	20.0	21.0
04-50	19.0	19.0	14.0	12.0	19.0	19.0
04-52	20.0	20.0	12.0	13.0	18.0	20.0
04-54	20.0	20.0	15.0	14.0	18.0	20.0
04-56	20.0	20.0	13.0	14.0	17.0	20.0
04-58	19.0	20.0	14.0	14.0	17.0	20.0
05-00	21.0	21.0	15.0	13.0	19.0	21.0
05-02	20.0	20.0	12.0	14.0	18.0	20.0
05-04	19.0	19.0	12.0	14.0	17.0	20.0
05-06	20.0	20.0	14.0	14.0	19.0	20.0
05-08	20.0	19.0	12.0	14.0	19.0	19.0
05-10	19.0	19.0	13.0	14.0	19.0	19.0
05-12	19.0	19.0	13.0	15.0	19.0	19.0
05-14	19.0	19.0	13.0	13.0	18.0	19.0
05-16	20.0	20.0	13.0	13.0	18.0	20.0
05-18	21.0	21.0	14.0	13.0	19.0	21.0
05-20	20.0	20.0	13.0	16.0	20.0	20.0
05-22	20.0	19.0	14.0	12.0	19.0	19.0
05-24	21.0	21.0	13.0	14.0	18.0	21.0
05-26	19.0	19.0	12.0	15.0	18.0	20.0
05-28	19.0	19.0	11.0	13.0	18.0	20.0
05-30	21.0	21.0	13.0	15.0	20.0	21.0
05-32	21.0	21.0	12.0	14.0	18.0	21.0
05-34	20.0	21.0	12.0	14.0	19.0	21.0
05-36	19.0	19.0	14.0	15.0	19.0	19.0
05-38	19.0	19.0	13.0	14.0	18.0	21.0
05-40	20.0	20.0	14.0	13.0	19.0	21.0
05-42	20.0	20.0	14.0	14.0	18.0	20.0
05-44	19.0	19.0	12.0	13.0	17.0	20.0
05-46	19.0	19.0	13.0	14.0	18.0	20.0
05-48	20.0	20.0	14.0	15.0	19.0	20.0
05-50	20.0	20.0	12.0	14.0	17.0	21.0
05-52	21.0	21.0	13.0	14.0	17.0	21.0
05-54	21.0	21.0	14.0	13.0	18.0	21.0
05-56	20.0	20.0	14.0	14.0	17.0	20.0
05-58	21.0	21.0	13.0	13.0	18.0	20.0
06-00	21.0	21.0	15.0	14.0	18.0	21.0
06-02	19.0	19.0	12.0	12.0	18.0	19.0
06-04	20.0	20.0	13.0	15.0	17.0	20.0
06-06	20.0	20.0	13.0	14.0	18.0	20.0
06-08	19.0	19.0	13.0	13.0	17.0	19.0
06-10	19.0	18.0	14.0	12.0	19.0	19.0
06-12	20.0	19.0	14.0	14.0	20.0	20.0
06-14	19.0	17.0	14.0	11.0	19.0	19.0
06-16	19.0	19.0	12.0	14.0	17.0	19.0
06-18	20.0	20.0	14.0	14.0	19.0	20.0
06-20	19.0	21.0	14.0	13.0	19.0	21.0
06-22	19.0	20.0	13.0	14.0	18.0	20.0
06-24	20.0	20.0	12.0	14.0	18.0	21.0
06-26	19.0	19.0	13.0	12.0	18.0	19.0
06-28	19.0	19.0	13.0	12.0	16.0	19.0
06-30	20.0	20.0	13.0	14.0	18.0	20.0
06-32	20.0	20.0	13.0	14.0	17.0	19.0
06-34	19.0	19.0	13.0	11.0	19.0	19.0
06-36	20.0	20.0	16.0	13.0	18.0	20.0
06-38	19.0	19.0	14.0	12.0	19.0	19.0
06-40	19.0	19.0	14.0	13.0	18.0	19.0
06-42	19.0	19.0	12.0	13.0	19.0	19.0
06-44	20.0	20.0	13.0	11.0	19.0	19.0
06-46	20.0	20.0	13.0	14.0	17.0	20.0
06-48	19.0	19.0	13.0	14.0	18.0	19.0
06-50	20.0	20.0	12.0	14.0	18.0	20.0
06-52	20.0	20.0	13.0	14.0	17.0	20.0
06-54	22.0	22.0	14.0	14.0	19.0	22.0
06-56	20.0	20.0	13.0	15.0	19.0	20.0
06-58	20.0	20.0	13.0	15.0	18.0	20.0
07-00	20.0	20.0	16.0	15.0	19.0	20.0
07-02	21.0	20.0	13.0	13.0	19.0	20.0
07-04	20.0	20.0	13.0	14.0	19.0	20.0
07-06	21.0	21.0	14.0	14.0	19.0	21.0
07-08	20.0	20.0	13.0	14.0	18.0	20.0
07-10	19.0	19.0	14.0	14.0	19.0	20.0
07-12	20.0	20.0	15.0	14.0	20.0	20.0
07-14	20.0	20.0	12.0	14.0	18.0	20.0
07-16	21.0	21.0	14.0	13.0	20.0	21.0
07-18	21.0	21.0	15.0	15.0	21.0	21.0
07-20	21.0	21.0	15.0	15.0	20.0	20.0
07-22	20.0	20.0	13.0	12.0	20.0	20.0
07-24	21.0	20.0	14.0	15.0	21.0	21.0
07-26	20.0	20.0	15.0	13.0	20.0	20.0
07-28	21.0	20.0	14.0	14.0	20.0	20.0
07-30	21.0	21.0	16.0	15.0	20.0	21.0
07-32	20.0	20.0	15.0	14.0	20.0	20.0
07-34	20.0	19.0	14.0	14.0	20.0	20.0
07-36	21.0	21.0	16.0	15.0	21.0	21.0
07-38	21.0	20.0	16.0	14.0	20.0	20.0
07-40	22.0	21.0	15.0	16.0	22.0	22.0
07-42	22.0	22.0	16.0	17.0	21.0	22.0
07-44	21.0	21.0	15.0	15.0	21.0	21.0
07-46	21.0	20.0	16.0	15.0	21.0	22.0
07-48	21.0	21.0	16.0	17.0	20.0	21.0
07-50	21.0	21.0	15.0	15.0	21.0	21.0
07-52	21.0	21.0	17.0	17.0	23.0	23.0
07-54	22.0	21.0	16.0	17.0	22.0	22.0
07-56	20.0	20.0	16.0	16.0	20.0	20.0
07-58	20.0	20.0	16.0	16.0	21.0	21.0
08-00	22.0	20.0	17.0	15.0	22.0	22.0
08-02	21.0	20.0	16.0	16.0	21.0	21.0
08-04	21.0	19.0	17.0	17.0	21.0	21.0
08-06	21.0	21.0	17.0	17.0	20.0	21.0
08-08	20.0	20.0	15.0	16.0	20.0	21.0
08-10	21.0	21.0	15.0	17.0	21.0	21.0
08-12	23.0	23.0	16.0	19.0	22.0	23.0
08-14	22.0	22.0	15.0	18.0	21.0	22.0
08-16	22.0	22.0	17.0	18.0	22.0	23.0
08-18	22.0	22.0	16.0	19.0	22.0	22.0
08-20	24.0	22.0	17.0	20.0	24.0	24.0
08-22	22.0	21.0	16.0	18.0	22.0	22.0
08-24	24.0	24.0	17.0	18.0	22.0	24.0
08-26	21.0	21.0	15.0	18.0	21.0	23.0
08-28	22.0	22.0	17.0	17.0	22.0	22.0
08-30	23.0	22.0	18.0	19.0	23.0	23.0
08-32	22.0	22.0	16.0	20.0	22.0	22.0
08-34	22.0	22.0	17.0	18.0	22.0	22.0
08-36	24.0	23.0	17.0	18.0	24.0	24.0
08-38	23.0	22.0	17.0	18.0	23.0	23.0
08-40	24.0	23.0	18.0	20.0	24.0	24.0
08-42	23.0	23.0	17.0	20.0	22.0	23.0
08-44	24.0	24.0	18.0	18.0	24.0	24.0
08-46	23.0	23.0	19.0	17.0	22.0	23.0
08-48	24.0	24.0	20.0	19.0	24.0	24.0
08-50	23.0	23.0	18.0	19.0	22.0	23.0
08-52	25.0	25.0	18.0	19.0	23.0	25.0
08-54	24.0	24.0	20.0	20.0	22.0	24.0
08-56	25.0	25.0	20.0	19.0	23.0	24.0
08-58	23.0	23.0	18.0	19.0	23.0	23.0
09-00	25.0	25.0	20.0	20.0	24.0	25.0
09-02	24.0	24.0	19.0	19.0	23.0	24.0
09-04	25.0	23.0	20.0	19.0	22.0	24.0
09-06	26.0	26.0	20.0	19.0	23.0	26.0
09-08	24.0	24.0	21.0	19.0	24.0	24.0
09-10	24.0	24.0	20.0	19.0	24.0	24.0
09-12	25.0	25.0	21.0	20.0	24.0	25.0
09-14	24.0	24.0	22.0	20.0	24.0	24.0
09-16	24.0	24.0	18.0	19.0	23.0	24.0
09-18	25.0	25.0	20.0	20.0	24.0	25.0
09-20	25.0	25.0	21.0	21.0	24.0	25.0
09-22	24.0	24.0	21.0	19.0	23.0	25.0
09-24	35.0	31.0	28.0	29.0	35.0	35.0
09-26	65.0	58.0	56.0	65.0	65.0	65.0
09-28	83.0	82.0	83.0	83.0	79.0	83.0
09-30	41.0	41.0	36.0	38.0	39.0	41.0
09-32	30.0	30.0	25.0	25.0	28.0	30.0
09-34	27.0	27.0	22.0	24.0	25.0	27.0
09-36	26.0	26.0	23.0	22.0	25.0	26.0
09-38	27.0	27.0	21.0	22.0	24.0	26.0
09-40	27.0	27.0	21.0	20.0	24.0	26.0
09-42	27.0	27.0	20.0	22.0	25.0	27.0
09-44	26.0	26.0	20.0	21.0	24.0	26.0
09-46	53.0	53.0	50.0	52.0	50.0	53.0
09-48	71.0	70.0	70.0	71.0	70.0	71.0
09-50	77.0	77.0	75.0	76.0	75.0	77.0
09-52	81.0	80.0	79.0	81.0	77.0	81.0
09-54	81.0	80.0	80.0	81.0	79.0	81.0
09-56	83.0	81.0	83.0	82.0	82.0	83.0
09-58	83.0	82.0	82.0	83.0	80.0	83.0
10-00	84.0	81.0	84.0	82.0	80.0	83.0
10-02	83.0	82.0	83.0	82.0	79.0	83.0
10-04	83.0	83.0	82.0	83.0	80.0	83.0
10-06	83.0	82.0	83.0	82.0	79.0	83.0
10-08	83.0	82.0	83.0	83.0	78.0	83.0
10-10	32.0	32.0	28.0	28.0	29.0	32.0
10-12	29.0	29.0	25.0	25.0	26.0	29.0
10-14	27.0	28.0	21.0	24.0	25.0	28.0
10-16	25.0	25.0	25.0	25.0	25.0	27.0
10-18	27.0	27.0	21.0	24.0	24.0	27.0
10-20	26.0	26.0	22.0	22.0	24.0	26.0
10-22	27.0	27.0	21.0	23.0	25.0	27.0
10-24	69.0	69.0	69.0	69.0	66.0	69.0
10-26	79.0	78.0	79.0	79.0	76.0	79.0
10-28	83.0	83.0	81.0	82.0	80.0	83.0
10-30	87.0	85.0	87.0	86.0	83.0	87.0
10-32	95.0	94.0	94.0	94.0	91.0	94.0
10-34	95.0	94.0	95.0	93.0	90.0	94.0
10-36	95.0	94.0	95.0	95.0	92.0	95.0
10-38	92.0	92.0	91.0	91.0	90.0	91.0
10-40	95.0	93.0	94.0	95.0	90.0	95.0
10-42	64.0	59.0	57.0	64.0	60.0	64.0
10-44	52.0	46.0	43.0	45.0	52.0	52.0
10-46	80.0	80.0	80.0	79.0	78.0	80.0
10-48	84.0	83.0	84.0	84.0	80.0	84.0
10-50	88.0	88.0	88.0	87.0	85.0	88.0
10-52	93.0	91.0	93.0	93.0	88.0	93.0
10-54	91.0	89.0	91.0	91.0	88.0	91.0
10-56	91.0	91.0	91.0	90.0	89.0	91.0
10-58	93.0	92.0	92.0	93.0	90.0	93.0
11-00	96.0	96.0	94.0	93.0	91.0	95.0
11-02	93.0	92.0	93.0	92.0	89.0	92.0
11-04	93.0	93.0	91.0	92.0	90.0	93.0
11-06	46.0	46.0	43.0	43.0	46.0	46.0
11-08	31.0	30.0	29.0	26.0	30.0	31.0
11-10	28.0	28.0	24.0	25.0	29.0	29.0
11-12	28.0	27.0	25.0	24.0	28.0	28.0
11-14	27.0	27.0	23.0	24.0	28.0	28.0
11-16	28.0	26.0	23.0	22.0	28.0	28.0
11-18	27.0	26.0	24.0	24.0	27.0	27.0
11-20	27.0	27.0	23.0	25.0	27.0	27.0
11-22	33.0	31.0	26.0	26.0	29.0	33.0
11-24	40.0	38.0	35.0	36.0	40.0	40.0
11-26	62.0	60.0	60.0	62.0	61.0	62.0
11-28	62.0	62.0	56.0	56.0	56.0	62.0
11-30	86.0	86.0	86.0	86.0	83.0	87.0
11-32	62.0	58.0	56.0	58.0	62.0	62.0
11-34	33.0	33.0	29.0	29.0	32.0	34.0
11-36	30.0	30.0	26.0	27.0	30.0	30.0
11-38	28.0	28.0	24.0	24.0	27.0	29.0
11-40	28.0	28.0	24.0	25.0	26.0	29.0
11-42	29.0	29.0	23.0	25.0	27.0	29.0
11-44	28.0	27.0	24.0	25.0	27.0	28.0
11-46	28.0	27.0	25.0	23.0	27.0	27.0
11-48	29.0	29.0	24.0	26.0	28.0	29.0
11-50	28.0	28.0	23.0	24.0	27.0	28.0
11-52	28.0	27.0	24.0	24.0	27.0	27.0
11-54	32.0	32.0	29.0	29.0	33.0	33.0
11-56	70.0	68.0	70.0	70.0	66.0	70.0
11-58	75.0	74.0	75.0	75.0	73.0	75.0
12-00	92.0	91.0	92.0	90.0	89.0	92.0
12-02	37.0	36.0	33.0	35.0	37.0	37.0
12-04	31.0	30.0	27.0	29.0	30.0	30.0
12-06	30.0	31.0	27.0	29.0	28.0	31.0
12-08	33.0	33.0	28.0	31.0	32.0	33.0
12-10	45.0	45.0	37.0	37.0	41.0	44.0
12-12	78.0	78.0	77.0	78.0	77.0	78.0
12-14	80.0	79.0	80.0	79.0	77.0	80.0
12-16	94.0	94.0	94.0	94.0	91.0	94.0
12-18	40.0	39.0	37.0	38.0	39.0	39.0
12-20	33.0	31.0	28.0	28.0	33.0	33.0
12-22	29.0	29.0	26.0	26.0	29.0	29.0
12-24	30.0	29.0	25.0	26.0	30.0	30.0
12-26	30.0	28.0	25.0	26.0	30.0	29.0
12-28	29.0	28.0	24.0	25.0	29.0	29.0
12-30	30.0	28.0	25.0	26.0	29.0	29.0
12-32	29.0	27.0	26.0	25.0	29.0	29.0
12-34	29.0	28.0	25.0	25.0	28.0	28.0
12-36	30.0	28.0	26.0	27.0	30.0	30.0
12-38	28.0	28.0	24.0	25.0	27.0	28.0
12-40	29.0	29.0	24.0	25.0	28.0	29.0
12-42	30.0	29.0	25.0	25.0	30.0	30.0
12-44	29.0	28.0	24.0	24.0	29.0	29.0
12-46	28.0	28.0	23.0	25.0	28.0	28.0
12-48	30.0	30.0	25.0	26.0	29.0	29.0
12-50	29.0	29.0	25.0	25.0	28.0	28.0
12-52	29.0	28.0	24.0	26.0	27.0	28.0
12-54	29.0	30.0	25.0	26.0	28.0	30.0
12-56	28.0	28.0	23.0	27.0	28.0	28.0
12-58	28.0	27.0	24.0	26.0	28.0	28.0
13-00	30.0	30.0	25.0	26.0	30.0	30.0
13-02	29.0	28.0	24.0	27.0	29.0	29.0
13-04	29.0	29.0	23.0	26.0	28.0	29.0
13-06	30.0	30.0	25.0	27.0	29.0	30.0
13-08	30.0	30.0	24.0	27.0	29.0	30.0
13-10	29.0	29.0	24.0	26.0	28.0	29.0
13-12	29.0	28.0	24.0	28.0	29.0	29.0
13-14	30.0	30.0	25.0	27.0	29.0	29.0
13-16	29.0	29.0	25.0	27.0	29.0	29.0
13-18	30.0	29.0	25.0	28.0	30.0	30.0
13-20	29.0	29.0	26.0	28.0	30.0	30.0
13-22	29.0	29.0	25.0	25.0	29.0	29.0
13-24	30.0	30.0	24.0	26.0	30.0	30.0
13-26	29.0	28.0	25.0	24.0	29.0	29.0
13-28	30.0	29.0	25.0	25.0	30.0	29.0
13-30	30.0	29.0	25.0	26.0	29.0	30.0
13-32	30.0	29.0	26.0	24.0	29.0	29.0
13-34	29.0	29.0	25.0	26.0	28.0	29.0
13-36	30.0	30.0	26.0	25.0	29.0	30.0
13-38	29.0	29.0	24.0	27.0	28.0	29.0
13-40	31.0	31.0	26.0	26.0	29.0	31.0
13-42	30.0	30.0	26.0	26.0	30.0	30.0
13-44	29.0	29.0	26.0	25.0	30.0	30.0
13-46	29.0	29.0	26.0	25.0	29.0	29.0
13-48	29.0	29.0	27.0	27.0	30.0	30.0
13-50	28.0	28.0	26.0	25.0	29.0	29.0
13-52	29.0	29.0	27.0	25.0	30.0	30.0
13-54	30.0	30.0	26.0	26.0	28.0	30.0
13-56	29.0	29.0	24.0	26.0	29.0	30.0
13-58	29.0	29.0	24.0	26.0	28.0	29.0
14-00	30.0	30.0	26.0	28.0	30.0	30.0
14-02	30.0	30.0	25.0	27.0	29.0	30.0
14-04	29.0	29.0	24.0	26.0	29.0	30.0
14-06	30.0	30.0	25.0	27.0	29.0	30.0
14-08	29.0	29.0	24.0	27.0	28.0	29.0
14-10	29.0	29.0	25.0	27.0	29.0	29.0
14-12	31.0	31.0	25.0	28.0	30.0	31.0
14-14	28.0	28.0	25.0	27.0	28.0	28.0
14-16	29.0	29.0	25.0	26.0	28.0	29.0
14-18	30.0	29.0	27.0	27.0	30.0	30.0
14-20	33.0	33.0	29.0	29.0	32.0	32.0
14-22	31.0	30.0	28.0	29.0	31.0	31.0
14-24	31.0	29.0	28.0	28.0	31.0	31.0
14-26	30.0	29.0	24.0	28.0	30.0	30.0
14-28	29.0	29.0	25.0	27.0	29.0	29.0
14-30	31.0	29.0	27.0	29.0	31.0	31.0
14-32	30.0	30.0	24.0	27.0	30.0	30.0
14-34	30.0	29.0	26.0	27.0	30.0	31.0
14-36	31.0	30.0	27.0	27.0	31.0	31.0
14-38	30.0	30.0	24.0	27.0	28.0	30.0
14-40	30.0	29.0	27.0	26.0	30.0	30.0
14-42	30.0	28.0	27.0	27.0	30.0	30.0
14-44	30.0	29.0	25.0	27.0	28.0	29.0
14-46	30.0	30.0	25.0	27.0	29.0	30.0
14-48	30.0	30.0	27.0	28.0	28.0	30.0
14-50	30.0	28.0	26.0	25.0	30.0	30.0
14-52	30.0	29.0	27.0	26.0	30.0	29.0
14-54	30.0	30.0	26.0	28.0	31.0	31.0
14-56	39.0	37.0	39.0	38.0	36.0	39.0
14-58	30.0	30.0	28.0	27.0	30.0	30.0
15-00	31.0	31.0	28.0	27.0	30.0	31.0
15-02	30.0	30.0	28.0	26.0	30.0	30.0
15-04	30.0	30.0	26.0	25.0	30.0	30.0
15-06	31.0	29.0	26.0	28.0	30.0	31.0
15-08	29.0	29.0	25.0	28.0	29.0	31.0
15-10	30.0	30.0	24.0	27.0	29.0	30.0
15-12	31.0	30.0	27.0	28.0	31.0	31.0
15-14	30.0	30.0	25.0	28.0	28.0	30.0
15-16	29.0	29.0	26.0	27.0	30.0	30.0
15-18	30.0	29.0	25.0	27.0	30.0	29.0
15-20	30.0	30.0	27.0	28.0	30.0	30.0
15-22	29.0	30.0	25.0	26.0	28.0	30.0
15-24	30.0	30.0	28.0	27.0	30.0	30.0
15-26	30.0	30.0	26.0	27.0	29.0	30.0
15-28	30.0	30.0	26.0	27.0	29.0	30.0
15-30	30.0	30.0	27.0	27.0	29.0	30.0
15-32	29.0	29.0	24.0	26.0	29.0	29.0
15-34	30.0	30.0	27.0	28.0	29.0	30.0
15-36	30.0	30.0	26.0	29.0	30.0	30.0
15-38	29.0	29.0	26.0	27.0	29.0	30.0
15-40	30.0	30.0	27.0	26.0	30.0	30.0
15-42	29.0	28.0	24.0	28.0	30.0	30.0
15-44	31.0	29.0	26.0	25.0	31.0	31.0
15-46	30.0	30.0	26.0	26.0	29.0	30.0
15-48	30.0	29.0	25.0	26.0	30.0	30.0
15-50	30.0	30.0	24.0	26.0	29.0	30.0
15-52	29.0	29.0	25.0	26.0	29.0	30.0
15-54	38.0	37.0	34.0	35.0	38.0	38.0
15-56	30.0	30.0	27.0	27.0	29.0	30.0
15-58	31.0	31.0	26.0	25.0	29.0	29.0
16-00	30.0	30.0	27.0	26.0	30.0	30.0
16-02	29.0	28.0	26.0	26.0	29.0	29.0
16-04	29.0	28.0	26.0	26.0	29.0	29.0
16-06	30.0	30.0	26.0	26.0	29.0	30.0
16-08	29.0	29.0	24.0	26.0	28.0	30.0
16-10	29.0	29.0	24.0	26.0	28.0	29.0
16-12	30.0	30.0	26.0	28.0	28.0	30.0
16-14	29.0	28.0	24.0	25.0	29.0	29.0
16-16	29.0	29.0	24.0	25.0	29.0	29.0
16-18	30.0	30.0	25.0	27.0	30.0	30.0
16-20	30.0	28.0	27.0	27.0	30.0	30.0
16-22	31.0	31.0	27.0	28.0	29.0	31.0
16-24	31.0	31.0	26.0	28.0	30.0	31.0
16-26	30.0	30.0	24.0	25.0	29.0	30.0
16-28	29.0	29.0	25.0	26.0	28.0	29.0
16-30	31.0	31.0	27.0	27.0	30.0	31.0
16-32	30.0	30.0	26.0	28.0	30.0	30.0
16-34	29.0	29.0	26.0	26.0	28.0	29.0
16-36	30.0	30.0	24.0	26.0	29.0	30.0
16-38	29.0	28.0	24.0	26.0	29.0	29.0
16-40	29.0	29.0	25.0	27.0	29.0	30.0
16-42	30.0	29.0	25.0	26.0	28.0	29.0
16-44	30.0	28.0	25.0	24.0	30.0	30.0
16-46	28.0	28.0	24.0	26.0	28.0	30.0
16-48	30.0	29.0	25.0	26.0	30.0	30.0
16-50	27.0	27.0	23.0	25.0	27.0	27.0
16-52	28.0	27.0	25.0	25.0	27.0	27.0
16-54	29.0	29.0	26.0	26.0	29.0	29.0
16-56	28.0	28.0	24.0	25.0	26.0	29.0
16-58	29.0	28.0	23.0	25.0	29.0	29.0
17-00	29.0	28.0	26.0	25.0	29.0	31.0
17-02	28.0	28.0	24.0	25.0	28.0	28.0
17-04	29.0	29.0	23.0	25.0	28.0	28.0
17-06	29.0	29.0	27.0	26.0	28.0	29.0
17-08	28.0	28.0	24.0	25.0	28.0	28.0
17-10	29.0	29.0	24.0	24.0	27.0	28.0
17-12	29.0	29.0	24.0	25.0	28.0	28.0
17-14	27.0	27.0	23.0	24.0	27.0	28.0
17-16	28.0	28.0	22.0	26.0	27.0	28.0
17-18	28.0	27.0	24.0	26.0	28.0	28.0
17-20	29.0	29.0	25.0	26.0	28.0	29.0
17-22	28.0	27.0	23.0	24.0	26.0	27.0
17-24	28.0	28.0	24.0	25.0	28.0	28.0
17-26	28.0	28.0	23.0	25.0	27.0	28.0
17-28	28.0	28.0	24.0	25.0	27.0	28.0
17-30	28.0	28.0	25.0	26.0	28.0	28.0
17-32	27.0	27.0	24.0	25.0	27.0	28.0
17-34	28.0	27.0	23.0	25.0	27.0	28.0
17-36	28.0	28.0	23.0	25.0	28.0	28.0
17-38	28.0	28.0	21.0	24.0	27.0	28.0
17-40	28.0	28.0	22.0	25.0	28.0	28.0
17-42	28.0	28.0	22.0	23.0	27.0	28.0
17-44	27.0	26.0	23.0	23.0	27.0	27.0
17-46	27.0	27.0	22.0	22.0	28.0	28.0
17-48	28.0	28.0	22.0	24.0	27.0	28.0
17-50	27.0	26.0	23.0	23.0	27.0	27.0
17-52	26.0	26.0	23.0	23.0	27.0	27.0
17-54	28.0	27.0	24.0	24.0	28.0	28.0
17-56	26.0	26.0	23.0	23.0	28.0	28.0
17-58	27.0	27.0	23.0	21.0	27.0	27.0
18-00	28.0	26.0	24.0	22.0	29.0	29.0
18-02	26.0	26.0	21.0	23.0	26.0	28.0
18-04	27.0	27.0	21.0	24.0	26.0	27.0
18-06	27.0	27.0	21.0	24.0	27.0	27.0
18-08	26.0	26.0	21.0	23.0	25.0	27.0
18-10	26.0	26.0	21.0	23.0	26.0	27.0
18-12	27.0	27.0	23.0	23.0	27.0	27.0
18-14	26.0	26.0	20.0	23.0	25.0	26.0
18-16	27.0	27.0	21.0	22.0	25.0	27.0
18-18	26.0	26.0	21.0	24.0	26.0	26.0
18-20	27.0	28.0	20.0	24.0	27.0	28.0
18-22	26.0	25.0	19.0	23.0	26.0	26.0
18-24	26.0	26.0	20.0	23.0	25.0	26.0
18-26	26.0	26.0	20.0	22.0	25.0	26.0
18-28	27.0	27.0	21.0	22.0	24.0	26.0
18-30	27.0	26.0	20.0	22.0	26.0	27.0
18-32	26.0	26.0	20.0	23.0	25.0	26.0
18-34	26.0	26.0	21.0	22.0	24.0	26.0
18-36	27.0	27.0	22.0	23.0	26.0	27.0
18-38	25.0	25.0	21.0	21.0	25.0	26.0
18-40	27.0	27.0	22.0	21.0	26.0	27.0
18-42	27.0	27.0	21.0	23.0	26.0	26.0
18-44	25.0	26.0	21.0	21.0	26.0	26.0
18-46	26.0	26.0	21.0	21.0	25.0	25.0
18-48	27.0	26.0	21.0	23.0	27.0	28.0
18-50	27.0	26.0	21.0	21.0	25.0	26.0
18-52	27.0	27.0	21.0	21.0	26.0	27.0
18-54	27.0	26.0	22.0	21.0	27.0	27.0
18-56	26.0	25.0	21.0	21.0	26.0	26.0
18-58	27.0	25.0	20.0	21.0	27.0	26.0
19-00	27.0	27.0	22.0	22.0	27.0	27.0
19-02	25.0	25.0	20.0	23.0	24.0	25.0
19-04	27.0	27.0	20.0	22.0	24.0	27.0
19-06	26.0	26.0	22.0	23.0	24.0	26.0
19-08	26.0	26.0	20.0	22.0	24.0	26.0
19-10	26.0	26.0	20.0	21.0	25.0	26.0
19-12	27.0	27.0	22.0	24.0	25.0	27.0
19-14	25.0	25.0	20.0	22.0	25.0	25.0
19-16	26.0	26.0	20.0	21.0	24.0	26.0
19-18	27.0	27.0	21.0	23.0	25.0	27.0
19-20	26.0	26.0	21.0	22.0	26.0	26.0
19-22	25.0	25.0	20.0	21.0	24.0	26.0
19-24	27.0	27.0	21.0	22.0	26.0	27.0
19-26	26.0	25.0	19.0	22.0	24.0	26.0
19-28	27.0	27.0	19.0	22.0	24.0	27.0
19-30	26.0	26.0	21.0	23.0	26.0	26.0
19-32	25.0	26.0	20.0	22.0	24.0	26.0
19-34	25.0	25.0	20.0	22.0	24.0	25.0
19-36	26.0	26.0	22.0	22.0	25.0	26.0
19-38	26.0	26.0	20.0	22.0	25.0	26.0
19-40	25.0	25.0	20.0	22.0	25.0	25.0
19-42	26.0	25.0	21.0	22.0	26.0	26.0
19-44	25.0	25.0	19.0	22.0	24.0	26.0
19-46	26.0	26.0	20.0	22.0	25.0	27.0
19-48	26.0	26.0	22.0	23.0	26.0	26.0
19-50	25.0	25.0	19.0	22.0	25.0	26.0
19-52	26.0	26.0	20.0	21.0	24.0	26.0
19-54	26.0	26.0	20.0	22.0	24.0	26.0
19-56	26.0	26.0	20.0	21.0	24.0	26.0
19-58	26.0	26.0	20.0	21.0	24.0	26.0
20-00	25.0	25.0	22.0	22.0	25.0	26.0
20-02	26.0	26.0	20.0	21.0	24.0	26.0
20-04	25.0	25.0	20.0	21.0	24.0	25.0
20-06	25.0	25.0	21.0	22.0	25.0	25.0
20-08	26.0	26.0	21.0	22.0	25.0	27.0
20-10	25.0	25.0	20.0	21.0	24.0	26.0
20-12	27.0	27.0	20.0	22.0	26.0	27.0
20-14	26.0	26.0	20.0	22.0	24.0	26.0
20-16	26.0	26.0	19.0	21.0	24.0	26.0
20-18	26.0	26.0	20.0	23.0	25.0	26.0
20-20	26.0	26.0	20.0	22.0	25.0	26.0
20-22	26.0	26.0	19.0	21.0	25.0	26.0
20-24	26.0	26.0	21.0	22.0	25.0	26.0
20-26	26.0	26.0	20.0	22.0	24.0	25.0
20-28	26.0	26.0	20.0	20.0	25.0	26.0
20-30	25.0	25.0	21.0	21.0	24.0	25.0
20-32	25.0	25.0	19.0	20.0	24.0	25.0
20-34	25.0	24.0	20.0	20.0	25.0	25.0
20-36	25.0	25.0	21.0	21.0	25.0	26.0
20-38	24.0	24.0	19.0	20.0	24.0	24.0
20-40	26.0	25.0	19.0	20.0	25.0	25.0
20-42	26.0	26.0	20.0	21.0	24.0	26.0
20-44	24.0	23.0	19.0	19.0	24.0	24.0
20-46	24.0	24.0	21.0	20.0	24.0	24.0
20-48	25.0	25.0	20.0	20.0	25.0	25.0
20-50	24.0	23.0	19.0	20.0	24.0	24.0
20-52	24.0	24.0	19.0	20.0	24.0	24.0
20-54	25.0	25.0	20.0	21.0	25.0	25.0
20-56	24.0	25.0	19.0	20.0	24.0	25.0
20-58	24.0	24.0	21.0	19.0	24.0	24.0
21-00	25.0	25.0	20.0	21.0	25.0	25.0
21-02	25.0	25.0	20.0	21.0	24.0	24.0
21-04	24.0	24.0	20.0	20.0	24.0	24.0
21-06	25.0	25.0	20.0	21.0	24.0	25.0
21-08	25.0	25.0	20.0	19.0	24.0	24.0
21-10	25.0	24.0	20.0	20.0	24.0	24.0
21-12	25.0	25.0	20.0	20.0	24.0	25.0
21-14	25.0	25.0	20.0	19.0	24.0	24.0
21-16	26.0	26.0	19.0	19.0	24.0	25.0
21-18	25.0	25.0	20.0	21.0	24.0	27.0
21-20	25.0	25.0	20.0	20.0	24.0	25.0
21-22	25.0	25.0	19.0	20.0	24.0	25.0
21-24	26.0	26.0	19.0	21.0	24.0	26.0
21-26	26.0	26.0	19.0	20.0	24.0	26.0
21-28	25.0	25.0	19.0	21.0	24.0	25.0
21-30	25.0	25.0	21.0	20.0	24.0	25.0
21-32	25.0	25.0	18.0	21.0	24.0	26.0
21-34	24.0	25.0	19.0	20.0	24.0	25.0
21-36	25.0	25.0	18.0	22.0	24.0	25.0
21-38	24.0	24.0	17.0	21.0	24.0	24.0
21-40	25.0	25.0	21.0	21.0	24.0	26.0
21-42	24.0	24.0	19.0	22.0	24.0	25.0
21-44	25.0	25.0	20.0	20.0	24.0	25.0
21-46	25.0	25.0	19.0	20.0	23.0	25.0
21-48	24.0	24.0	20.0	21.0	24.0	24.0
21-50	25.0	25.0	18.0	21.0	24.0	25.0
21-52	25.0	25.0	19.0	20.0	24.0	24.0
21-54	26.0	26.0	21.0	20.0	24.0	26.0
21-56	25.0	25.0	20.0	20.0	24.0	25.0
21-58	25.0	25.0	17.0	21.0	23.0	25.0
22-00	26.0	26.0	20.0	22.0	25.0	26.0
22-02	25.0	25.0	19.0	21.0	24.0	25.0
22-04	26.0	26.0	18.0	21.0	24.0	26.0
22-06	26.0	26.0	19.0	22.0	24.0	25.0
22-08	25.0	25.0	19.0	21.0	24.0	25.0
22-10	26.0	26.0	18.0	21.0	24.0	26.0
22-12	26.0	26.0	19.0	21.0	25.0	27.0
22-14	24.0	24.0	20.0	20.0	24.0	24.0
22-16	24.0	24.0	19.0	21.0	24.0	25.0
22-18	26.0	26.0	20.0	21.0	24.0	26.0
22-20	25.0	25.0	20.0	22.0	24.0	25.0
22-22	24.0	23.0	18.0	21.0	24.0	24.0
22-24	25.0	25.0	19.0	20.0	24.0	25.0
22-26	24.0	24.0	20.0	20.0	24.0	24.0
22-28	25.0	25.0	19.0	20.0	24.0	25.0
22-30	25.0	25.0	20.0	21.0	24.0	25.0
22-32	25.0	25.0	20.0	20.0	24.0	25.0
22-34	24.0	24.0	18.0	20.0	24.0	24.0
22-36	26.0	26.0	20.0	21.0	24.0	26.0
22-38	25.0	25.0	19.0	20.0	24.0	25.0
22-40	25.0	25.0	19.0	21.0	24.0	25.0
22-42	25.0	25.0	19.0	21.0	23.0	25.0
22-44	24.0	24.0	20.0	21.0	24.0	24.0
22-46	24.0	23.0	19.0	20.0	24.0	24.0
22-48	24.0	24.0	20.0	21.0	24.0	24.0
22-50	24.0	24.0	20.0	21.0	25.0	25.0
22-52	24.0	23.0	20.0	20.0	24.0	24.0
22-54	25.0	25.0	20.0	21.0	24.0	25.0
22-56	24.0	23.0	20.0	20.0	24.0	24.0
22-58	24.0	24.0	20.0	21.0	24.0	24.0
23-00	25.0	24.0	19.0	20.0	25.0	25.0
23-02	24.0	24.0	20.0	20.0	24.0	24.0
23-04	24.0	23.0	19.0	20.0	24.0	24.0
23-06	24.0	24.0	20.0	22.0	24.0	25.0
23-08	24.0	24.0	19.0	20.0	24.0	24.0
23-10	24.0	24.0	19.0	20.0	24.0	24.0
23-12	25.0	25.0	20.0	20.0	24.0	26.0
23-14	25.0	23.0	20.0	20.0	25.0	25.0
23-16	25.0	25.0	19.0	21.0	24.0	24.0
23-18	24.0	24.0	20.0	21.0	25.0	25.0
23-20	25.0	25.0	20.0	21.0	24.0	25.0
23-22	24.0	24.0	18.0	21.0	24.0	24.0
23-24	25.0	24.0	19.0	20.0	25.0	25.0
23-26	24.0	23.0	19.0	20.0	24.0	24.0
23-28	24.0	23.0	20.0	20.0	24.0	24.0
23-30	24.0	24.0	21.0	21.0	24.0	24.0
23-32	24.0	23.0	19.0	20.0	24.0	24.0
23-34	24.0	24.0	20.0	20.0	24.0	24.0
23-36	24.0	24.0	20.0	20.0	24.0	24.0
23-38	24.0	24.0	19.0	20.0	24.0	24.0
23-40	24.0	24.0	20.0	21.0	25.0	25.0
23-42	26.0	26.0	20.0	21.0	24.0	27.0
23-44	27.0	26.0	20.0	23.0	24.0	26.0
23-46	25.0	25.0	20.0	21.0	24.0	25.0
23-48	27.0	27.0	21.0	22.0	24.0	27.0
23-50	25.0	25.0	20.0	21.0	25.0	25.0
23-52	26.0	26.0	21.0	21.0	24.0	26.0
23-54	25.0	25.0	19.0	21.0	24.0	25.0
23-56	24.0	24.0	21.0	20.0	24.0	24.0
23-58	24.0	24.0	20.0	20.0	24.0	24.0
