00-00	76.0	75.0	76.0	76.0	73.0	76.0
00-02	76.0	76.0	76.0	74.0	73.0	76.0
00-04	76.0	75.0	76.0	76.0	73.0	76.0
00-06	76.0	75.0	76.0	75.0	74.0	76.0
00-08	79.0	78.0	78.0	79.0	76.0	79.0
00-10	79.0	79.0	79.0	79.0	78.0	79.0
00-12	84.0	84.0	83.0	83.0	80.0	84.0
00-14	82.0	82.0	82.0	82.0	80.0	82.0
00-16	81.0	81.0	81.0	80.0	79.0	81.0
00-18	82.0	80.0	82.0	81.0	78.0	82.0
00-20	82.0	81.0	82.0	82.0	79.0	82.0
00-22	81.0	81.0	81.0	81.0	79.0	81.0
00-24	84.0	83.0	84.0	83.0	81.0	84.0
00-26	86.0	86.0	86.0	85.0	83.0	86.0
00-28	81.0	80.0	79.0	81.0	78.0	81.0
00-30	78.0	78.0	77.0	78.0	75.0	78.0
00-32	78.0	78.0	78.0	78.0	75.0	78.0
00-34	78.0	78.0	78.0	78.0	76.0	79.0
00-36	77.0	76.0	77.0	77.0	75.0	78.0
00-38	76.0	76.0	76.0	76.0	74.0	76.0
00-40	80.0	79.0	80.0	79.0	76.0	80.0
00-42	76.0	76.0	76.0	76.0	75.0	76.0
00-44	79.0	79.0	79.0	79.0	77.0	79.0
00-46	77.0	76.0	76.0	77.0	74.0	77.0
00-48	78.0	77.0	76.0	78.0	76.0	77.0
00-50	76.0	75.0	76.0	75.0	73.0	76.0
00-52	75.0	75.0	75.0	76.0	74.0	76.0
00-54	77.0	75.0	76.0	77.0	75.0	77.0
00-56	75.0	75.0	74.0	75.0	74.0	76.0
00-58	76.0	75.0	75.0	76.0	73.0	76.0
01-00	76.0	76.0	76.0	75.0	74.0	76.0
01-02	76.0	76.0	75.0	75.0	74.0	76.0
01-04	76.0	75.0	75.0	76.0	74.0	76.0
01-06	76.0	75.0	75.0	76.0	75.0	76.0
01-08	76.0	75.0	74.0	76.0	75.0	76.0
01-10	76.0	76.0	75.0	76.0	74.0	76.0
01-12	79.0	78.0	77.0	79.0	78.0	79.0
01-14	83.0	83.0	82.0	84.0	81.0	84.0
01-16	79.0	79.0	78.0	79.0	77.0	79.0
01-18	80.0	80.0	80.0	80.0	78.0	80.0
01-20	76.0	76.0	76.0	76.0	73.0	76.0
01-22	76.0	75.0	75.0	77.0	74.0	77.0
01-24	75.0	75.0	75.0	75.0	74.0	75.0
01-26	75.0	75.0	75.0	76.0	75.0	76.0
01-28	76.0	75.0	75.0	76.0	74.0	76.0
01-30	77.0	75.0	76.0	77.0	75.0	77.0
01-32	77.0	77.0	77.0	77.0	75.0	78.0
01-34	75.0	75.0	74.0	75.0	74.0	75.0
01-36	74.0	73.0	74.0	74.0	73.0	74.0
01-38	79.0	79.0	79.0	79.0	76.0	79.0
01-40	80.0	78.0	78.0	80.0	77.0	79.0
01-42	81.0	81.0	81.0	81.0	80.0	81.0
01-44	84.0	84.0	84.0	83.0	80.0	84.0
01-46	82.0	81.0	81.0	82.0	79.0	83.0
01-48	82.0	82.0	82.0	82.0	81.0	82.0
01-50	84.0	84.0	84.0	84.0	82.0	84.0
01-52	82.0	81.0	81.0	82.0	78.0	82.0
01-54	81.0	80.0	81.0	81.0	78.0	81.0
01-56	84.0	83.0	84.0	84.0	81.0	84.0
01-58	82.0	82.0	81.0	83.0	81.0	83.0
02-00	81.0	81.0	79.0	80.0	78.0	81.0
02-02	83.0	83.0	83.0	83.0	81.0	83.0
02-04	84.0	82.0	82.0	83.0	80.0	83.0
02-06	82.0	81.0	81.0	82.0	79.0	82.0
02-08	77.0	77.0	77.0	77.0	75.0	77.0
02-10	75.0	74.0	75.0	74.0	73.0	75.0
02-12	75.0	75.0	75.0	74.0	73.0	75.0
02-14	75.0	75.0	74.0	75.0	73.0	75.0
02-16	77.0	76.0	76.0	77.0	74.0	77.0
02-18	79.0	79.0	79.0	79.0	77.0	79.0
02-20	81.0	81.0	80.0	80.0	77.0	81.0
02-22	81.0	80.0	80.0	81.0	78.0	81.0
02-24	82.0	82.0	82.0	82.0	80.0	82.0
02-26	81.0	80.0	81.0	81.0	78.0	81.0
02-28	80.0	80.0	79.0	80.0	77.0	80.0
02-30	82.0	82.0	82.0	83.0	80.0	83.0
02-32	83.0	81.0	83.0	82.0	79.0	83.0
02-34	80.0	80.0	79.0	80.0	77.0	80.0
02-36	80.0	77.0	79.0	80.0	77.0	80.0
02-38	82.0	81.0	81.0	82.0	78.0	82.0
02-40	83.0	83.0	83.0	84.0	81.0	84.0
02-42	83.0	82.0	82.0	83.0	78.0	83.0
02-44	82.0	81.0	81.0	82.0	79.0	82.0
02-46	82.0	79.0	80.0	82.0	78.0	82.0
02-48	79.0	79.0	79.0	78.0	75.0	79.0
02-50	78.0	77.0	77.0	78.0	75.0	78.0
02-52	75.0	75.0	74.0	75.0	74.0	75.0
02-54	76.0	75.0	76.0	75.0	74.0	76.0
02-56	74.0	74.0	74.0	74.0	73.0	74.0
02-58	74.0	74.0	73.0	75.0	74.0	75.0
03-00	75.0	73.0	75.0	73.0	74.0	75.0
03-02	74.0	74.0	73.0	73.0	73.0	74.0
03-04	75.0	75.0	74.0	73.0	72.0	75.0
03-06	75.0	75.0	73.0	75.0	73.0	75.0
03-08	76.0	74.0	76.0	74.0	73.0	75.0
03-10	74.0	74.0	74.0	74.0	73.0	74.0
03-12	75.0	73.0	74.0	75.0	73.0	75.0
03-14	75.0	74.0	75.0	75.0	74.0	75.0
03-16	74.0	74.0	74.0	74.0	73.0	74.0
03-18	74.0	74.0	74.0	74.0	72.0	74.0
03-20	74.0	73.0	73.0	74.0	73.0	74.0
03-22	74.0	74.0	73.0	74.0	74.0	74.0
03-24	76.0	75.0	76.0	76.0	74.0	76.0
03-26	77.0	76.0	77.0	77.0	75.0	77.0
03-28	77.0	75.0	76.0	77.0	74.0	77.0
03-30	78.0	77.0	77.0	78.0	75.0	78.0
03-32	80.0	77.0	79.0	80.0	77.0	80.0
03-34	83.0	82.0	83.0	82.0	79.0	83.0
03-36	81.0	81.0	81.0	81.0	78.0	81.0
03-38	79.0	78.0	79.0	79.0	77.0	79.0
03-40	80.0	80.0	79.0	80.0	77.0	80.0
03-42	79.0	76.0	78.0	79.0	76.0	79.0
03-44	75.0	74.0	75.0	75.0	73.0	75.0
03-46	74.0	74.0	73.0	74.0	72.0	74.0
03-48	75.0	74.0	75.0	74.0	72.0	75.0
03-50	77.0	76.0	76.0	77.0	75.0	77.0
03-52	74.0	73.0	73.0	74.0	73.0	74.0
03-54	75.0	74.0	74.0	75.0	74.0	75.0
03-56	75.0	74.0	73.0	75.0	73.0	75.0
03-58	74.0	73.0	74.0	74.0	73.0	74.0
04-00	78.0	75.0	78.0	76.0	75.0	78.0
04-02	74.0	73.0	74.0	73.0	73.0	74.0
04-04	75.0	74.0	75.0	74.0	73.0	75.0
04-06	74.0	74.0	74.0	74.0	74.0	74.0
04-08	75.0	73.0	75.0	74.0	73.0	75.0
04-10	74.0	73.0	73.0	74.0	73.0	74.0
04-12	75.0	75.0	75.0	74.0	74.0	75.0
04-14	77.0	76.0	76.0	77.0	76.0	77.0
04-16	74.0	73.0	74.0	73.0	72.0	74.0
04-18	75.0	75.0	74.0	74.0	75.0	75.0
04-20	74.0	73.0	74.0	74.0	73.0	74.0
04-22	74.0	74.0	74.0	74.0	74.0	75.0
04-24	76.0	75.0	75.0	76.0	74.0	76.0
04-26	76.0	76.0	75.0	76.0	75.0	76.0
04-28	74.0	73.0	72.0	74.0	74.0	74.0
04-30	74.0	73.0	74.0	74.0	73.0	74.0
04-32	75.0	75.0	75.0	75.0	73.0	75.0
04-34	75.0	73.0	75.0	75.0	73.0	75.0
04-36	77.0	76.0	77.0	76.0	75.0	76.0
04-38	74.0	73.0	73.0	74.0	71.0	74.0
04-40	74.0	73.0	74.0	74.0	72.0	74.0
04-42	74.0	73.0	73.0	74.0	72.0	74.0
04-44	76.0	75.0	76.0	75.0	74.0	76.0
04-46	75.0	74.0	75.0	74.0	73.0	75.0
04-48	74.0	74.0	73.0	74.0	72.0	74.0
04-50	75.0	74.0	74.0	75.0	74.0	75.0
04-52	75.0	75.0	75.0	75.0	73.0	75.0
04-54	74.0	74.0	73.0	74.0	72.0	75.0
04-56	74.0	74.0	73.0	73.0	72.0	74.0
04-58	75.0	74.0	75.0	74.0	75.0	75.0
05-00	74.0	74.0	74.0	73.0	72.0	74.0
05-02	74.0	73.0	73.0	74.0	73.0	74.0
05-04	75.0	75.0	74.0	74.0	73.0	75.0
05-06	74.0	74.0	74.0	74.0	73.0	74.0
05-08	74.0	74.0	74.0	74.0	72.0	75.0
05-10	75.0	74.0	75.0	74.0	73.0	75.0
05-12	74.0	73.0	73.0	74.0	71.0	74.0
05-14	76.0	75.0	76.0	76.0	75.0	76.0
05-16	73.0	73.0	73.0	72.0	73.0	73.0
05-18	73.0	73.0	73.0	73.0	71.0	73.0
05-20	76.0	75.0	76.0	76.0	74.0	76.0
05-22	73.0	73.0	73.0	73.0	72.0	73.0
05-24	74.0	74.0	73.0	74.0	73.0	74.0
05-26	76.0	75.0	77.0	77.0	74.0	77.0
05-28	75.0	72.0	75.0	74.0	72.0	74.0
05-30	74.0	74.0	74.0	75.0	73.0	75.0
05-32	75.0	74.0	75.0	74.0	73.0	75.0
05-34	75.0	75.0	75.0	75.0	73.0	76.0
05-36	73.0	73.0	72.0	73.0	72.0	73.0
05-38	76.0	74.0	76.0	75.0	74.0	76.0
05-40	76.0	75.0	75.0	75.0	73.0	75.0
05-42	76.0	74.0	76.0	77.0	75.0	77.0
05-44	74.0	73.0	74.0	73.0	72.0	74.0
05-46	73.0	73.0	72.0	73.0	72.0	73.0
05-48	75.0	74.0	73.0	75.0	72.0	75.0
05-50	75.0	73.0	75.0	74.0	72.0	74.0
05-52	74.0	73.0	72.0	73.0	72.0	74.0
05-54	73.0	73.0	73.0	73.0	72.0	74.0
05-56	74.0	73.0	73.0	74.0	72.0	74.0
05-58	77.0	75.0	77.0	75.0	74.0	77.0
06-00	74.0	74.0	74.0	74.0	73.0	74.0
06-02	74.0	73.0	74.0	73.0	71.0	73.0
06-04	74.0	73.0	74.0	73.0	72.0	74.0
06-06	73.0	73.0	73.0	73.0	71.0	73.0
06-08	74.0	73.0	74.0	73.0	72.0	74.0
06-10	75.0	74.0	75.0	74.0	74.0	75.0
06-12	74.0	73.0	72.0	74.0	72.0	74.0
06-14	77.0	77.0	77.0	77.0	75.0	77.0
06-16	77.0	76.0	77.0	76.0	74.0	77.0
06-18	76.0	75.0	76.0	76.0	74.0	76.0
06-20	77.0	76.0	77.0	77.0	74.0	77.0
06-22	76.0	75.0	73.0	76.0	73.0	76.0
06-24	75.0	74.0	73.0	74.0	72.0	74.0
06-26	75.0	74.0	75.0	74.0	73.0	75.0
06-28	75.0	74.0	75.0	75.0	74.0	75.0
06-30	74.0	74.0	73.0	74.0	72.0	74.0
06-32	73.0	72.0	73.0	74.0	71.0	74.0
06-34	76.0	75.0	76.0	76.0	74.0	76.0
06-36	74.0	73.0	72.0	74.0	72.0	74.0
06-38	74.0	74.0	73.0	74.0	73.0	74.0
06-40	75.0	73.0	74.0	75.0	73.0	76.0
06-42	77.0	76.0	77.0	76.0	74.0	77.0
06-44	76.0	76.0	75.0	76.0	75.0	76.0
06-46	80.0	80.0	80.0	79.0	77.0	80.0
06-48	80.0	80.0	80.0	80.0	77.0	80.0
06-50	79.0	79.0	78.0	78.0	76.0	79.0
06-52	79.0	79.0	79.0	79.0	78.0	79.0
06-54	81.0	81.0	81.0	81.0	80.0	81.0
06-56	75.0	74.0	73.0	74.0	73.0	74.0
06-58	74.0	73.0	72.0	74.0	72.0	74.0
07-00	74.0	74.0	74.0	74.0	73.0	74.0
07-02	74.0	74.0	72.0	74.0	72.0	74.0
07-04	74.0	72.0	73.0	74.0	72.0	74.0
07-06	74.0	73.0	74.0	74.0	72.0	74.0
07-08	75.0	74.0	75.0	75.0	72.0	75.0
07-10	74.0	73.0	72.0	74.0	72.0	74.0
07-12	74.0	74.0	73.0	74.0	73.0	75.0
07-14	74.0	73.0	73.0	74.0	73.0	74.0
07-16	75.0	73.0	75.0	74.0	72.0	75.0
07-18	77.0	78.0	78.0	77.0	75.0	78.0
07-20	82.0	82.0	82.0	83.0	79.0	83.0
07-22	77.0	77.0	75.0	76.0	75.0	77.0
07-24	77.0	77.0	77.0	77.0	75.0	77.0
07-26	76.0	75.0	75.0	76.0	74.0	76.0
07-28	76.0	76.0	75.0	74.0	75.0	76.0
07-30	75.0	74.0	73.0	75.0	73.0	75.0
07-32	74.0	74.0	74.0	74.0	74.0	74.0
07-34	75.0	75.0	75.0	74.0	74.0	75.0
07-36	76.0	75.0	76.0	75.0	74.0	76.0
07-38	74.0	73.0	72.0	74.0	73.0	74.0
07-40	74.0	74.0	74.0	74.0	73.0	75.0
07-42	77.0	75.0	76.0	77.0	74.0	76.0
07-44	74.0	73.0	74.0	74.0	73.0	74.0
07-46	77.0	76.0	77.0	77.0	76.0	77.0
07-48	80.0	80.0	80.0	80.0	78.0	80.0
07-50	84.0	82.0	84.0	83.0	81.0	84.0
07-52	81.0	80.0	81.0	81.0	79.0	81.0
07-54	83.0	83.0	83.0	83.0	81.0	84.0
07-56	85.0	84.0	84.0	84.0	81.0	84.0
07-58	85.0	83.0	84.0	85.0	82.0	85.0
08-00	82.0	82.0	81.0	81.0	79.0	82.0
08-02	88.0	87.0	88.0	87.0	85.0	88.0
08-04	83.0	83.0	83.0	82.0	81.0	83.0
08-06	81.0	80.0	80.0	81.0	77.0	81.0
08-08	80.0	79.0	80.0	80.0	77.0	80.0
08-10	78.0	76.0	77.0	78.0	76.0	78.0
08-12	79.0	78.0	79.0	78.0	77.0	79.0
08-14	77.0	77.0	76.0	76.0	75.0	77.0
08-16	78.0	78.0	78.0	78.0	76.0	78.0
08-18	77.0	75.0	77.0	77.0	74.0	77.0
08-20	77.0	77.0	76.0	77.0	75.0	77.0
08-22	79.0	77.0	79.0	78.0	75.0	78.0
08-24	80.0	79.0	80.0	80.0	78.0	80.0
08-26	78.0	78.0	77.0	77.0	74.0	78.0
08-28	80.0	79.0	80.0	79.0	77.0	79.0
08-30	78.0	77.0	77.0	77.0	75.0	78.0
08-32	80.0	80.0	80.0	80.0	78.0	80.0
08-34	81.0	80.0	81.0	80.0	78.0	81.0
08-36	83.0	82.0	83.0	82.0	80.0	83.0
08-38	80.0	79.0	80.0	80.0	77.0	80.0
08-40	79.0	78.0	78.0	79.0	77.0	79.0
08-42	79.0	78.0	78.0	79.0	77.0	79.0
08-44	79.0	79.0	79.0	78.0	77.0	79.0
08-46	84.0	81.0	84.0	83.0	79.0	83.0
08-48	80.0	79.0	79.0	79.0	77.0	79.0
08-50	80.0	79.0	80.0	78.0	78.0	80.0
08-52	80.0	78.0	80.0	79.0	78.0	80.0
08-54	79.0	77.0	79.0	78.0	77.0	79.0
08-56	80.0	79.0	80.0	79.0	77.0	80.0
08-58	83.0	82.0	83.0	82.0	80.0	83.0
09-00	81.0	80.0	80.0	80.0	78.0	80.0
09-02	80.0	80.0	80.0	80.0	79.0	80.0
09-04	80.0	79.0	80.0	79.0	77.0	80.0
09-06	81.0	81.0	81.0	81.0	80.0	81.0
09-08	87.0	87.0	87.0	87.0	86.0	87.0
09-10	88.0	86.0	88.0	87.0	85.0	88.0
09-12	92.0	90.0	92.0	90.0	88.0	92.0
09-14	95.0	94.0	95.0	93.0	90.0	95.0
09-16	90.0	89.0	90.0	88.0	88.0	90.0
09-18	87.0	87.0	87.0	86.0	84.0	87.0
09-20	90.0	88.0	90.0	88.0	86.0	90.0
09-22	84.0	84.0	84.0	84.0	83.0	84.0
09-24	83.0	83.0	83.0	83.0	80.0	83.0
09-26	86.0	84.0	86.0	83.0	83.0	85.0
09-28	83.0	82.0	83.0	83.0	80.0	83.0
09-30	85.0	82.0	84.0	83.0	82.0	85.0
09-32	84.0	82.0	84.0	82.0	81.0	84.0
09-34	86.0	84.0	86.0	85.0	83.0	86.0
09-36	87.0	87.0	87.0	87.0	86.0	87.0
09-38	90.0	88.0	90.0	88.0	87.0	90.0
09-40	88.0	86.0	88.0	86.0	84.0	88.0
09-42	88.0	87.0	88.0	87.0	85.0	88.0
09-44	87.0	87.0	87.0	87.0	86.0	88.0
09-46	89.0	89.0	89.0	88.0	86.0	89.0
09-48	90.0	88.0	90.0	89.0	87.0	89.0
09-50	89.0	87.0	89.0	88.0	86.0	89.0
09-52	87.0	87.0	87.0	87.0	86.0	87.0
09-54	91.0	90.0	91.0	89.0	88.0	91.0
09-56	90.0	89.0	91.0	89.0	87.0	91.0
09-58	95.0	94.0	94.0	92.0	91.0	94.0
10-00	93.0	91.0	93.0	91.0	89.0	93.0
10-02	93.0	91.0	93.0	90.0	89.0	92.0
10-04	92.0	92.0	92.0	91.0	89.0	92.0
10-06	92.0	91.0	91.0	91.0	88.0	91.0
10-08	92.0	90.0	92.0	91.0	90.0	92.0
10-10	91.0	90.0	91.0	91.0	89.0	91.0
10-12	93.0	91.0	92.0	92.0	89.0	92.0
10-14	93.0	92.0	92.0	93.0	90.0	93.0
10-16	93.0	92.0	93.0	91.0	90.0	93.0
10-18	93.0	93.0	93.0	92.0	91.0	93.0
10-20	91.0	91.0	90.0	90.0	89.0	91.0
10-22	91.0	91.0	91.0	90.0	88.0	91.0
10-24	96.0	95.0	96.0	94.0	91.0	95.0
10-26	93.0	93.0	92.0	91.0	90.0	92.0
10-28	95.0	94.0	95.0	95.0	92.0	95.0
10-30	93.0	93.0	93.0	92.0	89.0	93.0
10-32	96.0	95.0	96.0	96.0	92.0	96.0
10-34	96.0	96.0	95.0	96.0	91.0	96.0
10-36	94.0	94.0	94.0	94.0	91.0	94.0
10-38	93.0	93.0	93.0	92.0	90.0	93.0
10-40	96.0	96.0	96.0	96.0	92.0	97.0
10-42	96.0	96.0	95.0	95.0	92.0	96.0
10-44	95.0	95.0	94.0	93.0	90.0	95.0
10-46	93.0	93.0	93.0	92.0	90.0	93.0
10-48	90.0	90.0	90.0	89.0	88.0	90.0
10-50	90.0	90.0	90.0	89.0	87.0	90.0
10-52	92.0	89.0	92.0	90.0	89.0	92.0
10-54	91.0	90.0	91.0	90.0	88.0	91.0
10-56	93.0	92.0	92.0	91.0	89.0	93.0
10-58	95.0	95.0	95.0	95.0	92.0	95.0
11-00	96.0	95.0	96.0	95.0	92.0	96.0
11-02	96.0	95.0	96.0	94.0	91.0	96.0
11-04	95.0	95.0	94.0	95.0	91.0	96.0
11-06	95.0	94.0	95.0	95.0	91.0	95.0
11-08	96.0	96.0	95.0	95.0	91.0	96.0
11-10	96.0	96.0	95.0	96.0	92.0	96.0
11-12	96.0	95.0	96.0	95.0	91.0	95.0
11-14	96.0	96.0	94.0	94.0	91.0	95.0
11-16	90.0	90.0	90.0	90.0	89.0	90.0
11-18	91.0	90.0	91.0	90.0	88.0	91.0
11-20	92.0	92.0	92.0	91.0	89.0	92.0
11-22	93.0	93.0	93.0	92.0	91.0	93.0
11-24	97.0	97.0	97.0	96.0	93.0	97.0
11-26	97.0	96.0	97.0	95.0	92.0	97.0
11-28	97.0	97.0	96.0	96.0	93.0	97.0
11-30	96.0	96.0	95.0	95.0	92.0	96.0
11-32	96.0	95.0	96.0	94.0	91.0	96.0
11-34	93.0	93.0	91.0	91.0	90.0	93.0
11-36	93.0	93.0	92.0	92.0	89.0	93.0
11-38	93.0	92.0	93.0	91.0	90.0	93.0
11-40	97.0	97.0	96.0	96.0	93.0	98.0
11-42	97.0	97.0	97.0	95.0	92.0	97.0
11-44	97.0	97.0	96.0	97.0	92.0	97.0
11-46	98.0	98.0	98.0	96.0	92.0	98.0
11-48	97.0	97.0	97.0	97.0	93.0	97.0
11-50	97.0	96.0	97.0	96.0	92.0	97.0
11-52	95.0	94.0	95.0	93.0	90.0	95.0
11-54	97.0	96.0	97.0	96.0	93.0	97.0
11-56	98.0	96.0	98.0	96.0	93.0	98.0
11-58	96.0	95.0	96.0	95.0	92.0	96.0
12-00	94.0	94.0	94.0	93.0	91.0	94.0
12-02	97.0	97.0	97.0	96.0	93.0	98.0
12-04	97.0	96.0	97.0	95.0	92.0	97.0
12-06	95.0	94.0	95.0	93.0	90.0	94.0
12-08	98.0	96.0	97.0	96.0	92.0	97.0
12-10	98.0	97.0	98.0	96.0	93.0	98.0
12-12	95.0	94.0	95.0	95.0	91.0	95.0
12-14	98.0	96.0	98.0	96.0	93.0	98.0
12-16	97.0	97.0	97.0	97.0	92.0	97.0
12-18	97.0	96.0	97.0	96.0	92.0	97.0
12-20	95.0	94.0	95.0	94.0	90.0	95.0
12-22	98.0	97.0	98.0	97.0	92.0	98.0
12-24	98.0	97.0	98.0	97.0	94.0	98.0
12-26	96.0	96.0	95.0	94.0	93.0	96.0
12-28	97.0	97.0	97.0	96.0	93.0	97.0
12-30	98.0	97.0	98.0	96.0	93.0	98.0
12-32	96.0	96.0	95.0	95.0	92.0	96.0
12-34	97.0	96.0	97.0	97.0	93.0	97.0
12-36	98.0	97.0	98.0	96.0	92.0	98.0
12-38	97.0	97.0	97.0	96.0	93.0	97.0
12-40	95.0	95.0	95.0	93.0	92.0	95.0
12-42	96.0	96.0	96.0	96.0	92.0	96.0
12-44	97.0	95.0	96.0	94.0	91.0	97.0
12-46	96.0	96.0	95.0	94.0	91.0	96.0
12-48	98.0	96.0	98.0	95.0	91.0	98.0
12-50	97.0	97.0	96.0	96.0	92.0	96.0
12-52	97.0	96.0	97.0	95.0	92.0	97.0
12-54	95.0	95.0	95.0	93.0	90.0	95.0
12-56	97.0	97.0	97.0	96.0	92.0	97.0
12-58	97.0	96.0	97.0	94.0	92.0	97.0
13-00	97.0	95.0	97.0	95.0	91.0	97.0
13-02	97.0	97.0	97.0	96.0	92.0	97.0
13-04	97.0	97.0	96.0	96.0	93.0	97.0
13-06	96.0	95.0	96.0	95.0	91.0	96.0
13-08	98.0	97.0	98.0	96.0	91.0	97.0
13-10	97.0	96.0	97.0	96.0	92.0	97.0
13-12	97.0	96.0	97.0	95.0	92.0	97.0
13-14	96.0	96.0	96.0	96.0	91.0	96.0
13-16	97.0	96.0	97.0	97.0	93.0	97.0
13-18	97.0	96.0	97.0	95.0	92.0	97.0
13-20	97.0	96.0	97.0	95.0	92.0	97.0
13-22	97.0	97.0	97.0	96.0	92.0	97.0
13-24	97.0	97.0	97.0	96.0	92.0	97.0
13-26	97.0	97.0	96.0	95.0	92.0	97.0
13-28	96.0	96.0	96.0	95.0	92.0	96.0
13-30	98.0	98.0	98.0	97.0	93.0	98.0
13-32	98.0	97.0	98.0	96.0	93.0	98.0
13-34	96.0	96.0	96.0	96.0	92.0	96.0
13-36	97.0	97.0	97.0	95.0	92.0	97.0
13-38	97.0	97.0	96.0	96.0	93.0	98.0
13-40	97.0	97.0	96.0	95.0	92.0	97.0
13-42	97.0	96.0	97.0	96.0	92.0	97.0
13-44	97.0	97.0	97.0	95.0	93.0	97.0
13-46	97.0	97.0	97.0	96.0	93.0	97.0
13-48	96.0	96.0	96.0	96.0	92.0	96.0
13-50	98.0	97.0	97.0	96.0	92.0	97.0
13-52	98.0	96.0	97.0	96.0	93.0	97.0
13-54	98.0	96.0	98.0	95.0	92.0	98.0
13-56	98.0	96.0	97.0	96.0	93.0	97.0
13-58	97.0	97.0	97.0	96.0	93.0	98.0
14-00	96.0	96.0	96.0	95.0	92.0	96.0
14-02	97.0	96.0	97.0	96.0	93.0	97.0
14-04	95.0	95.0	95.0	93.0	90.0	94.0
14-06	96.0	94.0	95.0	96.0	92.0	96.0
14-08	98.0	96.0	98.0	97.0	94.0	98.0
14-10	97.0	96.0	96.0	97.0	93.0	97.0
14-12	95.0	94.0	95.0	95.0	91.0	95.0
14-14	96.0	95.0	96.0	95.0	91.0	96.0
14-16	97.0	97.0	96.0	97.0	92.0	97.0
14-18	98.0	98.0	97.0	97.0	94.0	98.0
14-20	96.0	96.0	95.0	95.0	92.0	96.0
14-22	97.0	96.0	97.0	96.0	93.0	97.0
14-24	98.0	97.0	98.0	96.0	93.0	98.0
14-26	96.0	95.0	96.0	94.0	91.0	96.0
14-28	96.0	94.0	96.0	94.0	91.0	96.0
14-30	98.0	96.0	98.0	95.0	91.0	98.0
14-32	97.0	96.0	97.0	96.0	93.0	97.0
14-34	97.0	96.0	97.0	96.0	93.0	97.0
14-36	97.0	95.0	97.0	95.0	92.0	97.0
14-38	97.0	96.0	97.0	97.0	93.0	97.0
14-40	98.0	96.0	98.0	97.0	94.0	98.0
14-42	96.0	94.0	96.0	94.0	92.0	96.0
14-44	96.0	96.0	96.0	94.0	91.0	96.0
14-46	97.0	97.0	97.0	97.0	93.0	98.0
14-48	98.0	97.0	98.0	96.0	93.0	98.0
14-50	97.0	96.0	97.0	96.0	92.0	97.0
14-52	97.0	96.0	97.0	96.0	93.0	97.0
14-54	98.0	97.0	98.0	96.0	93.0	98.0
14-56	97.0	97.0	96.0	97.0	92.0	97.0
14-58	98.0	97.0	97.0	97.0	92.0	98.0
15-00	98.0	98.0	98.0	97.0	93.0	98.0
15-02	98.0	97.0	98.0	96.0	92.0	98.0
15-04	97.0	97.0	96.0	96.0	93.0	97.0
15-06	95.0	93.0	95.0	92.0	91.0	95.0
15-08	94.0	94.0	94.0	92.0	90.0	94.0
15-10	96.0	95.0	96.0	94.0	91.0	96.0
15-12	98.0	97.0	98.0	96.0	92.0	97.0
15-14	97.0	96.0	97.0	95.0	93.0	97.0
15-16	97.0	97.0	96.0	95.0	93.0	97.0
15-18	97.0	97.0	96.0	96.0	93.0	97.0
15-20	94.0	93.0	94.0	93.0	90.0	94.0
15-22	94.0	94.0	94.0	93.0	90.0	94.0
15-24	95.0	95.0	94.0	93.0	90.0	95.0
15-26	97.0	96.0	97.0	96.0	93.0	98.0
15-28	98.0	96.0	98.0	96.0	93.0	98.0
15-30	98.0	98.0	98.0	95.0	93.0	97.0
15-32	97.0	96.0	97.0	95.0	92.0	98.0
15-34	97.0	97.0	96.0	95.0	91.0	97.0
15-36	97.0	97.0	96.0	95.0	92.0	97.0
15-38	95.0	94.0	94.0	93.0	90.0	94.0
15-40	95.0	95.0	95.0	93.0	91.0	95.0
15-42	97.0	97.0	97.0	96.0	93.0	97.0
15-44	98.0	98.0	98.0	97.0	92.0	98.0
15-46	97.0	97.0	97.0	96.0	91.0	97.0
15-48	97.0	97.0	97.0	96.0	93.0	97.0
15-50	96.0	96.0	96.0	95.0	91.0	97.0
15-52	94.0	93.0	94.0	92.0	89.0	94.0
15-54	94.0	93.0	94.0	93.0	90.0	95.0
15-56	94.0	93.0	94.0	92.0	90.0	93.0
15-58	94.0	94.0	94.0	92.0	90.0	94.0
16-00	94.0	94.0	94.0	93.0	91.0	95.0
16-02	96.0	96.0	95.0	94.0	91.0	95.0
16-04	97.0	95.0	97.0	95.0	92.0	96.0
16-06	97.0	96.0	97.0	96.0	92.0	97.0
16-08	96.0	95.0	96.0	95.0	92.0	96.0
16-10	97.0	96.0	97.0	96.0	92.0	97.0
16-12	97.0	97.0	97.0	95.0	92.0	97.0
16-14	98.0	97.0	97.0	96.0	93.0	97.0
16-16	96.0	96.0	96.0	95.0	92.0	96.0
16-18	96.0	96.0	96.0	95.0	91.0	96.0
16-20	97.0	97.0	97.0	97.0	92.0	97.0
16-22	97.0	97.0	97.0	96.0	93.0	97.0
16-24	96.0	96.0	96.0	95.0	92.0	96.0
16-26	97.0	96.0	97.0	97.0	93.0	97.0
16-28	98.0	96.0	97.0	97.0	93.0	98.0
16-30	97.0	96.0	97.0	95.0	92.0	97.0
16-32	96.0	96.0	96.0	95.0	93.0	96.0
16-34	98.0	98.0	98.0	96.0	93.0	97.0
16-36	98.0	97.0	98.0	96.0	92.0	98.0
16-38	96.0	96.0	96.0	94.0	91.0	96.0
16-40	97.0	97.0	96.0	96.0	93.0	97.0
16-42	97.0	97.0	97.0	96.0	93.0	97.0
16-44	97.0	97.0	96.0	96.0	92.0	97.0
16-46	96.0	96.0	95.0	95.0	92.0	96.0
16-48	97.0	97.0	97.0	95.0	93.0	97.0
16-50	97.0	97.0	97.0	96.0	93.0	97.0
16-52	96.0	96.0	95.0	94.0	92.0	96.0
16-54	97.0	96.0	97.0	96.0	92.0	97.0
16-56	98.0	96.0	98.0	96.0	93.0	98.0
16-58	96.0	96.0	96.0	95.0	93.0	96.0
17-00	98.0	96.0	98.0	95.0	93.0	98.0
17-02	98.0	97.0	97.0	96.0	92.0	98.0
17-04	98.0	97.0	96.0	98.0	92.0	98.0
17-06	96.0	95.0	96.0	92.0	91.0	96.0
17-08	97.0	97.0	97.0	96.0	93.0	97.0
17-10	98.0	96.0	97.0	96.0	92.0	97.0
17-12	95.0	95.0	95.0	94.0	91.0	95.0
17-14	98.0	97.0	98.0	96.0	93.0	98.0
17-16	98.0	96.0	98.0	97.0	93.0	98.0
17-18	96.0	96.0	95.0	94.0	91.0	96.0
17-20	94.0	94.0	94.0	92.0	90.0	94.0
17-22	97.0	97.0	96.0	96.0	92.0	97.0
17-24	98.0	97.0	98.0	96.0	93.0	98.0
17-26	95.0	95.0	94.0	93.0	90.0	95.0
17-28	98.0	97.0	98.0	97.0	92.0	98.0
17-30	98.0	97.0	97.0	97.0	93.0	98.0
17-32	94.0	94.0	94.0	93.0	90.0	95.0
17-34	96.0	95.0	96.0	95.0	91.0	96.0
17-36	97.0	97.0	97.0	97.0	93.0	97.0
17-38	95.0	94.0	95.0	94.0	91.0	95.0
17-40	93.0	93.0	93.0	92.0	88.0	93.0
17-42	97.0	96.0	95.0	97.0	92.0	96.0
17-44	97.0	97.0	96.0	97.0	92.0	97.0
17-46	92.0	92.0	92.0	92.0	90.0	92.0
17-48	96.0	95.0	95.0	95.0	91.0	95.0
17-50	96.0	96.0	96.0	95.0	92.0	96.0
17-52	94.0	94.0	93.0	93.0	89.0	93.0
17-54	94.0	93.0	94.0	92.0	91.0	94.0
17-56	96.0	96.0	95.0	95.0	91.0	96.0
17-58	94.0	94.0	94.0	94.0	91.0	94.0
18-00	91.0	91.0	91.0	91.0	88.0	91.0
18-02	95.0	94.0	95.0	94.0	91.0	96.0
18-04	96.0	95.0	96.0	94.0	91.0	96.0
18-06	92.0	91.0	92.0	90.0	88.0	92.0
18-08	93.0	93.0	93.0	92.0	91.0	93.0
18-10	95.0	94.0	95.0	94.0	90.0	95.0
18-12	92.0	91.0	92.0	92.0	88.0	91.0
18-14	93.0	94.0	93.0	93.0	89.0	94.0
18-16	95.0	94.0	95.0	93.0	90.0	95.0
18-18	92.0	91.0	92.0	92.0	89.0	92.0
18-20	89.0	88.0	89.0	87.0	85.0	89.0
18-22	90.0	88.0	90.0	89.0	86.0	90.0
18-24	93.0	92.0	93.0	91.0	90.0	93.0
18-26	91.0	90.0	91.0	91.0	89.0	91.0
18-28	88.0	87.0	88.0	86.0	85.0	87.0
18-30	88.0	88.0	87.0	87.0	85.0	88.0
18-32	91.0	91.0	91.0	91.0	89.0	92.0
18-34	91.0	90.0	91.0	91.0	88.0	91.0
18-36	86.0	86.0	86.0	86.0	84.0	87.0
18-38	88.0	87.0	88.0	86.0	85.0	87.0
18-40	91.0	91.0	90.0	91.0	88.0	91.0
18-42	90.0	89.0	89.0	90.0	88.0	90.0
18-44	89.0	87.0	89.0	89.0	86.0	89.0
18-46	87.0	87.0	86.0	86.0	84.0	87.0
18-48	90.0	90.0	90.0	91.0	87.0	91.0
18-50	90.0	90.0	90.0	90.0	88.0	90.0
18-52	85.0	85.0	85.0	85.0	84.0	85.0
18-54	88.0	88.0	88.0	87.0	85.0	87.0
18-56	92.0	91.0	91.0	91.0	89.0	92.0
18-58	89.0	89.0	89.0	89.0	87.0	90.0
19-00	89.0	88.0	89.0	88.0	86.0	89.0
19-02	90.0	89.0	90.0	90.0	87.0	90.0
19-04	89.0	88.0	88.0	89.0	86.0	89.0
19-06	92.0	90.0	91.0	90.0	88.0	91.0
19-08	86.0	85.0	85.0	86.0	83.0	86.0
19-10	87.0	87.0	87.0	87.0	84.0	87.0
19-12	89.0	89.0	89.0	89.0	86.0	89.0
19-14	92.0	90.0	91.0	90.0	87.0	91.0
19-16	86.0	86.0	86.0	85.0	84.0	86.0
19-18	91.0	91.0	91.0	90.0	87.0	91.0
19-20	90.0	90.0	89.0	89.0	86.0	90.0
19-22	88.0	88.0	88.0	88.0	86.0	89.0
19-24	84.0	84.0	84.0	85.0	81.0	85.0
19-26	84.0	84.0	84.0	84.0	81.0	84.0
19-28	85.0	84.0	85.0	84.0	81.0	85.0
19-30	86.0	85.0	86.0	86.0	83.0	86.0
19-32	90.0	88.0	90.0	89.0	87.0	90.0
19-34	88.0	88.0	88.0	88.0	87.0	88.0
19-36	87.0	87.0	87.0	87.0	85.0	87.0
19-38	88.0	87.0	88.0	87.0	85.0	88.0
19-40	84.0	83.0	84.0	83.0	82.0	84.0
19-42	84.0	83.0	84.0	84.0	82.0	84.0
19-44	87.0	85.0	86.0	87.0	83.0	87.0
19-46	88.0	87.0	88.0	88.0	86.0	88.0
19-48	89.0	87.0	88.0	87.0	86.0	88.0
19-50	88.0	88.0	88.0	88.0	86.0	89.0
19-52	88.0	88.0	88.0	88.0	85.0	88.0
19-54	88.0	87.0	88.0	87.0	85.0	89.0
19-56	88.0	87.0	88.0	87.0	85.0	87.0
19-58	87.0	85.0	87.0	86.0	85.0	87.0
20-00	84.0	83.0	84.0	83.0	80.0	83.0
20-02	84.0	83.0	84.0	82.0	81.0	84.0
20-04	84.0	83.0	84.0	83.0	81.0	84.0
20-06	83.0	83.0	83.0	84.0	81.0	84.0
20-08	88.0	88.0	88.0	88.0	86.0	89.0
20-10	89.0	87.0	89.0	88.0	86.0	89.0
20-12	88.0	87.0	87.0	88.0	85.0	88.0
20-14	88.0	88.0	88.0	87.0	85.0	88.0
20-16	88.0	87.0	88.0	88.0	85.0	88.0
20-18	87.0	87.0	87.0	87.0	85.0	88.0
20-20	87.0	87.0	87.0	87.0	84.0	87.0
20-22	87.0	87.0	87.0	87.0	84.0	87.0
20-24	84.0	84.0	84.0	84.0	81.0	84.0
20-26	85.0	85.0	85.0	85.0	82.0	85.0
20-28	87.0	87.0	87.0	86.0	85.0	87.0
20-30	89.0	88.0	89.0	89.0	85.0	89.0
20-32	88.0	86.0	87.0	86.0	85.0	87.0
20-34	85.0	84.0	84.0	85.0	82.0	85.0
20-36	88.0	88.0	88.0	87.0	85.0	89.0
20-38	90.0	89.0	90.0	89.0	86.0	90.0
20-40	85.0	85.0	85.0	85.0	82.0	86.0
20-42	88.0	88.0	88.0	88.0	87.0	88.0
20-44	90.0	89.0	90.0	88.0	86.0	90.0
20-46	86.0	85.0	86.0	86.0	83.0	86.0
20-48	87.0	86.0	87.0	86.0	84.0	87.0
20-50	89.0	88.0	89.0	88.0	87.0	89.0
20-52	88.0	87.0	88.0	88.0	84.0	88.0
20-54	85.0	85.0	84.0	84.0	83.0	85.0
20-56	89.0	89.0	88.0	88.0	86.0	88.0
20-58	90.0	88.0	91.0	89.0	87.0	91.0
21-00	85.0	84.0	85.0	85.0	83.0	86.0
21-02	88.0	87.0	88.0	87.0	85.0	88.0
21-04	90.0	88.0	90.0	89.0	86.0	90.0
21-06	86.0	87.0	86.0	86.0	84.0	87.0
21-08	87.0	87.0	87.0	86.0	83.0	87.0
21-10	89.0	88.0	89.0	89.0	85.0	89.0
21-12	88.0	88.0	88.0	86.0	85.0	88.0
21-14	85.0	84.0	85.0	84.0	81.0	85.0
21-16	89.0	88.0	89.0	87.0	86.0	88.0
21-18	89.0	89.0	89.0	88.0	86.0	89.0
21-20	85.0	84.0	85.0	85.0	83.0	85.0
21-22	88.0	88.0	87.0	87.0	84.0	88.0
21-24	88.0	88.0	88.0	88.0	87.0	88.0
21-26	86.0	85.0	86.0	85.0	84.0	86.0
21-28	85.0	84.0	84.0	84.0	83.0	84.0
21-30	88.0	88.0	88.0	87.0	85.0	88.0
21-32	89.0	88.0	89.0	88.0	87.0	89.0
21-34	84.0	83.0	83.0	84.0	81.0	84.0
21-36	87.0	86.0	87.0	87.0	85.0	87.0
21-38	89.0	88.0	89.0	89.0	86.0	89.0
21-40	85.0	85.0	85.0	85.0	82.0	85.0
21-42	86.0	86.0	86.0	86.0	83.0	86.0
21-44	88.0	87.0	88.0	87.0	85.0	87.0
21-46	86.0	85.0	86.0	86.0	83.0	86.0
21-48	84.0	83.0	83.0	84.0	81.0	84.0
21-50	87.0	87.0	87.0	87.0	85.0	87.0
21-52	89.0	87.0	89.0	88.0	85.0	89.0
21-54	84.0	83.0	84.0	83.0	80.0	84.0
21-56	87.0	86.0	87.0	86.0	84.0	87.0
21-58	89.0	87.0	89.0	88.0	86.0	89.0
22-00	85.0	85.0	85.0	84.0	83.0	85.0
22-02	86.0	86.0	86.0	86.0	83.0	86.0
22-04	88.0	88.0	88.0	87.0	85.0	89.0
22-06	87.0	86.0	87.0	86.0	84.0	87.0
22-08	84.0	83.0	84.0	82.0	80.0	84.0
22-10	87.0	85.0	87.0	86.0	84.0	87.0
22-12	88.0	87.0	88.0	88.0	86.0	88.0
22-14	84.0	83.0	84.0	83.0	81.0	84.0
22-16	86.0	85.0	86.0	86.0	83.0	86.0
22-18	88.0	88.0	88.0	87.0	85.0	88.0
22-20	85.0	85.0	85.0	85.0	82.0	85.0
22-22	85.0	85.0	85.0	85.0	84.0	85.0
22-24	88.0	86.0	88.0	87.0	85.0	87.0
22-26	87.0	87.0	87.0	86.0	84.0	87.0
22-28	82.0	82.0	82.0	81.0	80.0	82.0
22-30	87.0	87.0	87.0	86.0	85.0	87.0
22-32	83.0	82.0	83.0	82.0	80.0	83.0
22-34	87.0	86.0	87.0	87.0	85.0	87.0
22-36	86.0	86.0	86.0	86.0	83.0	86.0
22-38	84.0	84.0	84.0	83.0	80.0	84.0
22-40	83.0	82.0	83.0	83.0	78.0	83.0
22-42	87.0	86.0	87.0	86.0	85.0	87.0
22-44	86.0	86.0	86.0	85.0	84.0	86.0
22-46	84.0	83.0	84.0	83.0	81.0	83.0
22-48	83.0	82.0	83.0	81.0	80.0	83.0
22-50	87.0	87.0	87.0	86.0	84.0	87.0
22-52	87.0	85.0	87.0	84.0	83.0	87.0
22-54	82.0	82.0	82.0	81.0	80.0	82.0
22-56	83.0	83.0	83.0	82.0	80.0	83.0
22-58	86.0	86.0	86.0	86.0	84.0	86.0
23-00	86.0	85.0	86.0	85.0	83.0	86.0
23-02	81.0	80.0	80.0	81.0	79.0	81.0
23-04	82.0	82.0	82.0	82.0	79.0	82.0
23-06	88.0	86.0	88.0	86.0	84.0	87.0
23-08	40.0	40.0	40.0	40.0	40.0	40.0
23-10	30.0	30.0	27.0	25.0	28.0	29.0
23-12	28.0	28.0	24.0	22.0	26.0	29.0
23-14	28.0	28.0	23.0	22.0	24.0	27.0
23-16	28.0	28.0	22.0	22.0	24.0	28.0
23-18	28.0	27.0	22.0	21.0	25.0	27.0
23-20	28.0	28.0	23.0	22.0	25.0	28.0
23-22	27.0	27.0	21.0	20.0	24.0	27.0
23-24	27.0	28.0	23.0	21.0	24.0	28.0
23-26	25.0	25.0	23.0	22.0	25.0	25.0
23-28	25.0	25.0	23.0	21.0	25.0	25.0
23-30	26.0	26.0	22.0	22.0	24.0	26.0
23-32	27.0	27.0	21.0	21.0	24.0	26.0
23-34	27.0	27.0	22.0	20.0	24.0	27.0
23-36	27.0	27.0	20.0	21.0	24.0	27.0
23-38	26.0	26.0	21.0	22.0	24.0	26.0
23-40	26.0	26.0	23.0	21.0	25.0	26.0
23-42	26.0	26.0	22.0	23.0	25.0	26.0
23-44	26.0	26.0	22.0	21.0	24.0	26.0
23-46	26.0	25.0	21.0	21.0	24.0	25.0
23-48	26.0	26.0	22.0	20.0	24.0	26.0
23-50	25.0	25.0	22.0	21.0	25.0	25.0
23-52	26.0	25.0	21.0	20.0	26.0	26.0
23-54	27.0	27.0	23.0	21.0	26.0	27.0
23-56	26.0	26.0	22.0	21.0	24.0	26.0
23-58	26.0	25.0	21.0	20.0	24.0	25.0
