00-00	22.0	22.0	16.0	18.0	22.0	22.0
00-02	23.0	22.0	15.0	15.0	22.0	22.0
00-04	22.0	22.0	16.0	16.0	22.0	22.0
00-06	23.0	23.0	16.0	17.0	22.0	23.0
00-08	22.0	21.0	16.0	15.0	22.0	22.0
00-10	23.0	21.0	16.0	15.0	23.0	23.0
00-12	22.0	21.0	16.0	16.0	23.0	23.0
00-14	22.0	21.0	16.0	16.0	22.0	22.0
00-16	22.0	22.0	15.0	17.0	20.0	22.0
00-18	24.0	24.0	16.0	17.0	20.0	24.0
00-20	23.0	23.0	17.0	16.0	23.0	23.0
00-22	22.0	21.0	16.0	17.0	21.0	21.0
00-24	23.0	23.0	16.0	18.0	21.0	23.0
00-26	22.0	22.0	16.0	16.0	21.0	22.0
00-28	23.0	22.0	17.0	16.0	21.0	22.0
00-30	22.0	22.0	16.0	17.0	22.0	23.0
00-32	22.0	22.0	16.0	17.0	20.0	22.0
00-34	22.0	22.0	15.0	18.0	21.0	21.0
00-36	24.0	24.0	17.0	16.0	22.0	24.0
00-38	23.0	23.0	16.0	16.0	20.0	22.0
00-40	22.0	22.0	16.0	17.0	22.0	22.0
00-42	22.0	22.0	18.0	17.0	21.0	22.0
00-44	22.0	22.0	17.0	16.0	23.0	23.0
00-46	22.0	22.0	16.0	16.0	22.0	22.0
00-48	23.0	22.0	17.0	18.0	23.0	23.0
00-50	22.0	21.0	16.0	16.0	24.0	24.0
00-52	23.0	22.0	16.0	16.0	23.0	23.0
00-54	23.0	22.0	17.0	16.0	23.0	23.0
00-56	21.0	20.0	16.0	16.0	22.0	22.0
00-58	22.0	21.0	16.0	16.0	22.0	22.0
01-00	23.0	23.0	18.0	16.0	23.0	23.0
01-02	21.0	21.0	15.0	16.0	20.0	21.0
01-04	22.0	22.0	16.0	16.0	21.0	22.0
01-06	23.0	22.0	16.0	17.0	23.0	23.0
01-08	22.0	20.0	16.0	15.0	21.0	21.0
01-10	22.0	21.0	16.0	15.0	22.0	22.0
01-12	23.0	23.0	15.0	17.0	23.0	23.0
01-14	22.0	22.0	16.0	15.0	22.0	22.0
01-16	22.0	20.0	16.0	15.0	21.0	21.0
01-18	22.0	22.0	16.0	17.0	22.0	22.0
01-20	22.0	22.0	17.0	17.0	23.0	23.0
01-22	21.0	21.0	16.0	17.0	21.0	22.0
01-24	21.0	21.0	15.0	17.0	20.0	21.0
01-26	22.0	22.0	16.0	16.0	21.0	22.0
01-28	22.0	21.0	14.0	16.0	22.0	22.0
01-30	21.0	21.0	16.0	18.0	21.0	22.0
01-32	22.0	22.0	15.0	16.0	20.0	22.0
01-34	21.0	22.0	15.0	16.0	20.0	22.0
01-36	22.0	21.0	16.0	17.0	23.0	23.0
01-38	21.0	21.0	16.0	16.0	20.0	22.0
01-40	22.0	22.0	16.0	18.0	21.0	22.0
01-42	22.0	21.0	15.0	17.0	22.0	22.0
01-44	21.0	21.0	15.0	15.0	21.0	21.0
01-46	23.0	23.0	15.0	17.0	20.0	22.0
01-48	22.0	23.0	15.0	17.0	21.0	23.0
01-50	23.0	23.0	15.0	15.0	21.0	22.0
01-52	22.0	21.0	15.0	16.0	20.0	21.0
01-54	21.0	21.0	16.0	15.0	21.0	21.0
01-56	22.0	22.0	16.0	16.0	20.0	22.0
01-58	22.0	20.0	16.0	16.0	21.0	22.0
02-00	23.0	23.0	15.0	16.0	21.0	23.0
02-02	21.0	20.0	15.0	16.0	21.0	21.0
02-04	21.0	20.0	16.0	14.0	22.0	22.0
02-06	21.0	21.0	16.0	17.0	21.0	21.0
02-08	21.0	20.0	16.0	16.0	20.0	20.0
02-10	21.0	21.0	17.0	15.0	21.0	21.0
02-12	22.0	21.0	17.0	16.0	22.0	22.0
02-14	21.0	21.0	15.0	16.0	20.0	21.0
02-16	22.0	20.0	16.0	16.0	22.0	22.0
02-18	21.0	21.0	17.0	16.0	20.0	21.0
02-20	23.0	22.0	16.0	16.0	23.0	23.0
02-22	21.0	20.0	15.0	14.0	21.0	21.0
02-24	22.0	22.0	16.0	16.0	21.0	21.0
02-26	21.0	20.0	15.0	14.0	21.0	21.0
02-28	22.0	21.0	16.0	14.0	21.0	21.0
02-30	22.0	22.0	16.0	14.0	22.0	22.0
02-32	21.0	21.0	16.0	15.0	21.0	21.0
02-34	22.0	21.0	14.0	15.0	20.0	21.0
02-36	22.0	21.0	16.0	14.0	22.0	22.0
02-38	22.0	21.0	16.0	14.0	21.0	21.0
02-40	22.0	21.0	16.0	15.0	22.0	22.0
02-42	22.0	22.0	16.0	15.0	22.0	22.0
02-44	22.0	22.0	15.0	14.0	21.0	22.0
02-46	21.0	20.0	16.0	13.0	21.0	21.0
02-48	21.0	21.0	16.0	14.0	21.0	21.0
02-50	21.0	21.0	15.0	14.0	21.0	21.0
02-52	21.0	21.0	15.0	14.0	21.0	21.0
02-54	22.0	22.0	16.0	15.0	22.0	22.0
02-56	22.0	19.0	15.0	14.0	21.0	21.0
02-58	22.0	21.0	15.0	15.0	22.0	22.0
03-00	22.0	22.0	16.0	15.0	21.0	22.0
03-02	21.0	21.0	15.0	14.0	21.0	21.0
03-04	21.0	20.0	15.0	14.0	21.0	21.0
03-06	22.0	22.0	16.0	16.0	20.0	22.0
03-08	22.0	22.0	16.0	15.0	20.0	22.0
03-10	22.0	20.0	15.0	14.0	22.0	22.0
03-12	21.0	21.0	17.0	15.0	22.0	22.0
03-14	21.0	20.0	14.0	14.0	21.0	21.0
03-16	21.0	21.0	15.0	16.0	20.0	21.0
03-18	22.0	23.0	15.0	15.0	21.0	23.0
03-20	21.0	21.0	16.0	16.0	20.0	22.0
03-22	21.0	21.0	15.0	14.0	20.0	20.0
03-24	22.0	22.0	15.0	16.0	20.0	22.0
03-26	21.0	21.0	15.0	14.0	20.0	21.0
03-28	21.0	21.0	15.0	14.0	20.0	21.0
03-30	22.0	21.0	17.0	16.0	21.0	21.0
03-32	21.0	21.0	14.0	14.0	20.0	21.0
03-34	22.0	21.0	15.0	14.0	20.0	21.0
03-36	21.0	21.0	16.0	15.0	21.0	21.0
03-38	21.0	19.0	15.0	14.0	20.0	21.0
03-40	21.0	20.0	16.0	14.0	21.0	21.0
03-42	21.0	21.0	15.0	15.0	21.0	21.0
03-44	21.0	19.0	15.0	14.0	20.0	21.0
03-46	21.0	20.0	16.0	14.0	21.0	21.0
03-48	22.0	22.0	14.0	16.0	21.0	23.0
03-50	22.0	22.0	15.0	14.0	19.0	21.0
03-52	22.0	22.0	14.0	15.0	20.0	22.0
03-54	21.0	21.0	15.0	14.0	21.0	21.0
03-56	22.0	22.0	14.0	15.0	19.0	22.0
03-58	20.0	20.0	16.0	14.0	21.0	21.0
04-00	22.0	22.0	17.0	17.0	21.0	22.0
04-02	20.0	20.0	15.0	14.0	21.0	21.0
04-04	21.0	20.0	16.0	14.0	21.0	21.0
04-06	21.0	21.0	15.0	17.0	20.0	20.0
04-08	20.0	20.0	16.0	14.0	20.0	20.0
04-10	20.0	20.0	16.0	14.0	21.0	21.0
04-12	22.0	22.0	17.0	14.0	20.0	22.0
04-14	21.0	20.0	15.0	14.0	20.0	20.0
04-16	21.0	20.0	14.0	15.0	20.0	21.0
04-18	21.0	20.0	16.0	15.0	21.0	21.0
04-20	22.0	22.0	15.0	16.0	21.0	21.0
04-22	21.0	21.0	15.0	15.0	21.0	21.0
04-24	20.0	20.0	14.0	16.0	20.0	21.0
04-26	20.0	20.0	15.0	14.0	20.0	20.0
04-28	21.0	21.0	15.0	14.0	19.0	21.0
04-30	21.0	21.0	16.0	16.0	20.0	21.0
04-32	21.0	21.0	16.0	15.0	21.0	21.0
04-34	21.0	21.0	16.0	13.0	20.0	21.0
04-36	22.0	22.0	16.0	15.0	21.0	22.0
04-38	21.0	21.0	15.0	15.0	20.0	21.0
04-40	23.0	23.0	15.0	15.0	19.0	23.0
04-42	21.0	21.0	15.0	16.0	20.0	22.0
04-44	22.0	22.0	14.0	14.0	20.0	22.0
04-46	22.0	21.0	13.0	16.0	20.0	21.0
04-48	21.0	21.0	16.0	15.0	21.0	21.0
04-50	21.0	21.0	15.0	15.0	20.0	20.0
04-52	21.0	21.0	16.0	14.0	19.0	21.0
04-54	21.0	21.0	16.0	15.0	21.0	21.0
04-56	20.0	20.0	15.0	14.0	21.0	21.0
04-58	21.0	21.0	15.0	13.0	20.0	20.0
05-00	24.0	24.0	17.0	16.0	20.0	24.0
05-02	21.0	21.0	15.0	15.0	20.0	21.0
05-04	20.0	20.0	14.0	14.0	20.0	20.0
05-06	22.0	22.0	16.0	15.0	20.0	22.0
05-08	21.0	21.0	13.0	16.0	20.0	21.0
05-10	21.0	21.0	14.0	15.0	19.0	21.0
05-12	22.0	21.0	14.0	16.0	22.0	22.0
05-14	20.0	20.0	15.0	14.0	20.0	20.0
05-16	22.0	22.0	14.0	15.0	19.0	21.0
05-18	22.0	22.0	15.0	15.0	19.0	22.0
05-20	22.0	22.0	14.0	15.0	21.0	22.0
05-22	20.0	20.0	16.0	14.0	21.0	21.0
05-24	20.0	21.0	16.0	15.0	20.0	21.0
05-26	20.0	20.0	14.0	14.0	20.0	20.0
05-28	21.0	20.0	15.0	15.0	21.0	21.0
05-30	20.0	20.0	15.0	15.0	20.0	20.0
05-32	20.0	19.0	15.0	13.0	20.0	21.0
05-34	20.0	20.0	15.0	14.0	21.0	21.0
05-36	21.0	21.0	15.0	15.0	19.0	21.0
05-38	20.0	20.0	15.0	15.0	19.0	19.0
05-40	21.0	21.0	15.0	14.0	19.0	20.0
05-42	20.0	20.0	17.0	16.0	20.0	20.0
05-44	19.0	19.0	15.0	14.0	19.0	19.0
05-46	21.0	21.0	14.0	16.0	19.0	21.0
05-48	20.0	20.0	15.0	16.0	21.0	21.0
05-50	22.0	22.0	14.0	15.0	20.0	22.0
05-52	22.0	22.0	14.0	16.0	19.0	22.0
05-54	22.0	22.0	16.0	15.0	20.0	22.0
05-56	21.0	21.0	15.0	15.0	19.0	21.0
05-58	21.0	21.0	14.0	14.0	19.0	20.0
06-00	22.0	21.0	14.0	16.0	22.0	22.0
06-02	21.0	21.0	15.0	14.0	20.0	21.0
06-04	22.0	22.0	14.0	14.0	20.0	21.0
06-06	21.0	21.0	15.0	15.0	20.0	22.0
06-08	21.0	21.0	15.0	15.0	20.0	21.0
06-10	20.0	20.0	14.0	15.0	19.0	20.0
06-12	21.0	21.0	15.0	16.0	20.0	21.0
06-14	21.0	21.0	13.0	15.0	20.0	21.0
06-16	21.0	21.0	13.0	14.0	19.0	21.0
06-18	22.0	22.0	16.0	14.0	20.0	21.0
06-20	22.0	22.0	14.0	15.0	20.0	22.0
06-22	20.0	20.0	13.0	15.0	20.0	21.0
06-24	21.0	21.0	15.0	15.0	20.0	21.0
06-26	22.0	22.0	15.0	14.0	19.0	21.0
06-28	21.0	21.0	13.0	15.0	19.0	22.0
06-30	22.0	22.0	14.0	15.0	20.0	22.0
06-32	20.0	19.0	14.0	14.0	19.0	21.0
06-34	20.0	21.0	13.0	14.0	19.0	21.0
06-36	20.0	20.0	14.0	15.0	20.0	20.0
06-38	21.0	21.0	14.0	14.0	20.0	21.0
06-40	21.0	21.0	14.0	14.0	19.0	21.0
06-42	21.0	21.0	14.0	16.0	20.0	21.0
06-44	20.0	20.0	13.0	16.0	20.0	21.0
06-46	21.0	19.0	14.0	14.0	21.0	21.0
06-48	21.0	21.0	14.0	15.0	20.0	21.0
06-50	20.0	19.0	15.0	14.0	20.0	20.0
06-52	20.0	19.0	15.0	13.0	20.0	20.0
06-54	22.0	22.0	14.0	15.0	21.0	22.0
06-56	20.0	20.0	15.0	14.0	20.0	20.0
06-58	21.0	21.0	14.0	15.0	20.0	21.0
07-00	22.0	22.0	16.0	15.0	20.0	21.0
07-02	21.0	19.0	15.0	14.0	20.0	20.0
07-04	20.0	20.0	15.0	13.0	19.0	20.0
07-06	22.0	22.0	14.0	14.0	21.0	22.0
07-08	21.0	20.0	14.0	14.0	21.0	21.0
07-10	21.0	20.0	14.0	14.0	20.0	20.0
07-12	21.0	21.0	14.0	15.0	21.0	21.0
07-14	20.0	20.0	13.0	14.0	20.0	21.0
07-16	21.0	21.0	15.0	15.0	21.0	21.0
07-18	22.0	22.0	16.0	15.0	20.0	22.0
07-20	22.0	21.0	15.0	15.0	22.0	22.0
07-22	21.0	20.0	15.0	13.0	20.0	20.0
07-24	21.0	21.0	15.0	14.0	21.0	21.0
07-26	20.0	20.0	15.0	14.0	20.0	20.0
07-28	20.0	19.0	15.0	14.0	20.0	20.0
07-30	21.0	21.0	16.0	15.0	22.0	22.0
07-32	21.0	21.0	16.0	15.0	19.0	21.0
07-34	21.0	21.0	15.0	15.0	19.0	21.0
07-36	21.0	21.0	14.0	15.0	21.0	21.0
07-38	21.0	21.0	14.0	15.0	20.0	21.0
07-40	21.0	21.0	13.0	17.0	20.0	21.0
07-42	21.0	21.0	14.0	16.0	20.0	21.0
07-44	21.0	19.0	14.0	14.0	21.0	21.0
07-46	20.0	19.0	15.0	14.0	20.0	20.0
07-48	21.0	21.0	14.0	15.0	21.0	21.0
07-50	21.0	20.0	15.0	15.0	21.0	21.0
07-52	22.0	20.0	15.0	15.0	22.0	22.0
07-54	23.0	22.0	16.0	15.0	23.0	23.0
07-56	21.0	20.0	14.0	14.0	21.0	21.0
07-58	21.0	19.0	17.0	14.0	22.0	22.0
08-00	22.0	22.0	17.0	16.0	21.0	22.0
08-02	21.0	21.0	15.0	15.0	21.0	21.0
08-04	22.0	20.0	16.0	15.0	22.0	22.0
08-06	21.0	21.0	17.0	16.0	21.0	22.0
08-08	22.0	21.0	16.0	15.0	21.0	21.0
08-10	22.0	20.0	16.0	14.0	21.0	21.0
08-12	22.0	22.0	15.0	15.0	22.0	22.0
08-14	22.0	21.0	15.0	13.0	22.0	22.0
08-16	21.0	21.0	16.0	15.0	21.0	21.0
08-18	22.0	22.0	17.0	17.0	21.0	22.0
08-20	23.0	23.0	16.0	17.0	23.0	23.0
08-22	21.0	21.0	16.0	16.0	21.0	22.0
08-24	22.0	22.0	17.0	16.0	20.0	22.0
08-26	21.0	21.0	16.0	16.0	21.0	21.0
08-28	22.0	21.0	15.0	15.0	22.0	22.0
08-30	23.0	23.0	16.0	16.0	22.0	24.0
08-32	22.0	21.0	16.0	16.0	22.0	22.0
08-34	22.0	22.0	16.0	17.0	21.0	21.0
08-36	22.0	21.0	16.0	17.0	22.0	22.0
08-38	21.0	20.0	17.0	17.0	21.0	21.0
08-40	23.0	22.0	17.0	17.0	23.0	23.0
08-42	23.0	22.0	16.0	17.0	23.0	23.0
08-44	23.0	21.0	17.0	16.0	23.0	23.0
08-46	22.0	21.0	17.0	16.0	22.0	22.0
08-48	22.0	23.0	18.0	17.0	22.0	23.0
08-50	23.0	21.0	16.0	15.0	22.0	22.0
08-52	23.0	21.0	16.0	16.0	22.0	22.0
08-54	23.0	23.0	19.0	18.0	22.0	23.0
08-56	23.0	22.0	16.0	15.0	22.0	22.0
08-58	21.0	21.0	17.0	17.0	21.0	21.0
09-00	24.0	24.0	16.0	18.0	24.0	24.0
09-02	22.0	22.0	18.0	17.0	23.0	23.0
09-04	22.0	21.0	18.0	16.0	22.0	22.0
09-06	23.0	23.0	17.0	18.0	22.0	24.0
09-08	22.0	20.0	17.0	17.0	21.0	21.0
09-10	22.0	21.0	18.0	16.0	23.0	23.0
09-12	22.0	22.0	18.0	18.0	22.0	22.0
09-14	22.0	21.0	17.0	17.0	23.0	23.0
09-16	22.0	22.0	17.0	18.0	22.0	22.0
09-18	23.0	21.0	19.0	17.0	23.0	23.0
09-20	23.0	23.0	17.0	18.0	23.0	23.0
09-22	22.0	21.0	17.0	16.0	22.0	22.0
09-24	22.0	22.0	18.0	18.0	22.0	22.0
09-26	23.0	21.0	17.0	16.0	23.0	23.0
09-28	22.0	21.0	17.0	17.0	23.0	23.0
09-30	23.0	23.0	19.0	17.0	23.0	23.0
09-32	22.0	21.0	17.0	17.0	22.0	22.0
09-34	23.0	21.0	18.0	17.0	23.0	23.0
09-36	24.0	24.0	19.0	17.0	22.0	24.0
09-38	22.0	22.0	17.0	17.0	22.0	23.0
09-40	23.0	23.0	19.0	18.0	24.0	24.0
09-42	24.0	22.0	17.0	18.0	24.0	24.0
09-44	23.0	23.0	18.0	17.0	22.0	23.0
09-46	23.0	23.0	17.0	17.0	22.0	22.0
09-48	24.0	23.0	18.0	17.0	24.0	24.0
09-50	23.0	22.0	18.0	18.0	23.0	23.0
09-52	23.0	21.0	17.0	16.0	23.0	23.0
09-54	23.0	23.0	19.0	18.0	24.0	24.0
09-56	22.0	22.0	17.0	17.0	22.0	22.0
09-58	24.0	23.0	18.0	17.0	24.0	24.0
10-00	25.0	24.0	18.0	19.0	24.0	24.0
10-02	23.0	23.0	17.0	17.0	23.0	23.0
10-04	24.0	24.0	17.0	18.0	24.0	24.0
10-06	24.0	24.0	18.0	19.0	23.0	24.0
10-08	23.0	23.0	18.0	18.0	22.0	23.0
10-10	24.0	24.0	18.0	18.0	24.0	24.0
10-12	24.0	23.0	20.0	19.0	24.0	24.0
10-14	23.0	23.0	19.0	18.0	23.0	23.0
10-16	23.0	22.0	19.0	17.0	23.0	24.0
10-18	24.0	23.0	19.0	20.0	24.0	24.0
10-20	24.0	23.0	19.0	18.0	24.0	24.0
10-22	23.0	22.0	17.0	18.0	22.0	23.0
10-24	24.0	23.0	20.0	19.0	24.0	24.0
10-26	23.0	23.0	17.0	17.0	23.0	23.0
10-28	24.0	22.0	17.0	18.0	24.0	24.0
10-30	24.0	24.0	20.0	19.0	24.0	25.0
10-32	24.0	23.0	19.0	18.0	23.0	23.0
10-34	24.0	23.0	17.0	17.0	24.0	24.0
10-36	24.0	24.0	19.0	19.0	23.0	24.0
10-38	23.0	23.0	19.0	17.0	23.0	23.0
10-40	24.0	24.0	18.0	20.0	24.0	24.0
10-42	24.0	23.0	17.0	19.0	24.0	24.0
10-44	23.0	22.0	17.0	17.0	23.0	23.0
10-46	23.0	23.0	18.0	17.0	23.0	23.0
10-48	24.0	22.0	18.0	18.0	24.0	24.0
10-50	24.0	22.0	18.0	18.0	23.0	23.0
10-52	24.0	22.0	18.0	18.0	24.0	24.0
10-54	24.0	23.0	17.0	18.0	24.0	24.0
10-56	23.0	22.0	17.0	17.0	23.0	23.0
10-58	24.0	23.0	16.0	17.0	23.0	23.0
11-00	25.0	25.0	18.0	18.0	23.0	25.0
11-02	23.0	23.0	17.0	19.0	23.0	23.0
11-04	23.0	23.0	18.0	19.0	22.0	23.0
11-06	24.0	23.0	18.0	18.0	22.0	24.0
11-08	24.0	23.0	17.0	19.0	22.0	23.0
11-10	24.0	24.0	17.0	19.0	23.0	24.0
11-12	25.0	25.0	19.0	20.0	24.0	25.0
11-14	24.0	24.0	17.0	17.0	22.0	24.0
11-16	23.0	24.0	19.0	18.0	23.0	24.0
11-18	25.0	25.0	19.0	20.0	24.0	25.0
11-20	24.0	24.0	19.0	19.0	23.0	24.0
11-22	23.0	23.0	20.0	18.0	24.0	24.0
11-24	24.0	24.0	20.0	20.0	24.0	24.0
11-26	23.0	23.0	20.0	19.0	23.0	24.0
11-28	23.0	23.0	19.0	18.0	24.0	24.0
11-30	24.0	24.0	20.0	19.0	24.0	24.0
11-32	24.0	24.0	18.0	19.0	23.0	24.0
11-34	23.0	23.0	18.0	19.0	23.0	23.0
11-36	24.0	23.0	19.0	19.0	24.0	24.0
11-38	24.0	23.0	21.0	19.0	24.0	24.0
11-40	25.0	25.0	21.0	19.0	24.0	25.0
11-42	24.0	24.0	20.0	19.0	24.0	24.0
11-44	24.0	24.0	20.0	20.0	24.0	24.0
11-46	25.0	25.0	17.0	20.0	24.0	25.0
11-48	24.0	24.0	21.0	20.0	24.0	24.0
11-50	25.0	25.0	19.0	19.0	24.0	25.0
11-52	26.0	26.0	19.0	18.0	23.0	26.0
11-54	25.0	25.0	19.0	20.0	23.0	26.0
11-56	25.0	24.0	18.0	21.0	24.0	25.0
11-58	25.0	25.0	19.0	19.0	24.0	24.0
12-00	25.0	25.0	21.0	20.0	25.0	25.0
12-02	24.0	23.0	20.0	19.0	24.0	25.0
12-04	24.0	24.0	20.0	18.0	24.0	24.0
12-06	24.0	24.0	19.0	19.0	25.0	25.0
12-08	24.0	23.0	20.0	19.0	24.0	24.0
12-10	24.0	23.0	21.0	19.0	24.0	24.0
12-12	25.0	24.0	21.0	21.0	24.0	25.0
12-14	25.0	25.0	18.0	19.0	24.0	24.0
12-16	25.0	23.0	20.0	20.0	24.0	25.0
12-18	24.0	24.0	20.0	20.0	24.0	24.0
12-20	25.0	25.0	20.0	20.0	25.0	25.0
12-22	24.0	23.0	19.0	20.0	24.0	24.0
12-24	25.0	25.0	21.0	21.0	24.0	25.0
12-26	25.0	25.0	20.0	21.0	24.0	25.0
12-28	25.0	25.0	19.0	19.0	24.0	25.0
12-30	26.0	26.0	20.0	21.0	25.0	26.0
12-32	25.0	24.0	20.0	20.0	24.0	25.0
12-34	26.0	26.0	19.0	19.0	24.0	26.0
12-36	25.0	25.0	21.0	21.0	24.0	26.0
12-38	26.0	26.0	20.0	20.0	24.0	26.0
12-40	25.0	25.0	21.0	21.0	25.0	25.0
12-42	25.0	25.0	21.0	22.0	25.0	25.0
12-44	25.0	25.0	20.0	21.0	23.0	25.0
12-46	25.0	24.0	20.0	21.0	24.0	26.0
12-48	26.0	26.0	20.0	22.0	24.0	26.0
12-50	25.0	24.0	20.0	21.0	24.0	25.0
12-52	24.0	24.0	19.0	21.0	24.0	24.0
12-54	25.0	25.0	20.0	21.0	24.0	25.0
12-56	26.0	26.0	19.0	19.0	24.0	26.0
12-58	26.0	26.0	20.0	21.0	24.0	26.0
13-00	27.0	27.0	23.0	21.0	25.0	27.0
13-02	25.0	25.0	19.0	20.0	24.0	25.0
13-04	26.0	26.0	20.0	20.0	24.0	26.0
13-06	27.0	27.0	20.0	20.0	25.0	27.0
13-08	26.0	26.0	20.0	21.0	24.0	26.0
13-10	27.0	27.0	20.0	21.0	24.0	26.0
13-12	26.0	25.0	22.0	21.0	24.0	25.0
13-14	26.0	26.0	20.0	21.0	24.0	26.0
13-16	25.0	25.0	20.0	21.0	24.0	25.0
13-18	27.0	27.0	21.0	22.0	24.0	27.0
13-20	27.0	27.0	21.0	21.0	24.0	27.0
13-22	25.0	25.0	21.0	20.0	25.0	25.0
13-24	27.0	27.0	22.0	21.0	24.0	27.0
13-26	26.0	26.0	23.0	21.0	24.0	26.0
13-28	26.0	26.0	20.0	20.0	25.0	26.0
13-30	27.0	27.0	20.0	21.0	24.0	27.0
13-32	25.0	25.0	21.0	20.0	24.0	26.0
13-34	25.0	25.0	19.0	20.0	25.0	25.0
13-36	26.0	26.0	21.0	21.0	26.0	26.0
13-38	25.0	25.0	20.0	20.0	24.0	25.0
13-40	26.0	26.0	20.0	21.0	25.0	26.0
13-42	25.0	25.0	20.0	21.0	25.0	25.0
13-44	25.0	25.0	21.0	21.0	24.0	25.0
13-46	25.0	25.0	20.0	21.0	24.0	25.0
13-48	27.0	27.0	21.0	22.0	24.0	27.0
13-50	27.0	26.0	22.0	21.0	24.0	26.0
13-52	25.0	25.0	20.0	20.0	24.0	26.0
13-54	26.0	26.0	20.0	23.0	25.0	27.0
13-56	25.0	25.0	22.0	21.0	24.0	25.0
13-58	25.0	25.0	21.0	21.0	24.0	25.0
14-00	26.0	26.0	22.0	22.0	26.0	26.0
14-02	26.0	26.0	20.0	21.0	24.0	26.0
14-04	27.0	27.0	21.0	20.0	24.0	27.0
14-06	26.0	26.0	21.0	21.0	25.0	26.0
14-08	26.0	26.0	20.0	21.0	25.0	26.0
14-10	26.0	26.0	20.0	21.0	24.0	26.0
14-12	27.0	27.0	22.0	22.0	26.0	27.0
14-14	25.0	25.0	20.0	21.0	25.0	25.0
14-16	26.0	26.0	21.0	21.0	25.0	26.0
14-18	26.0	26.0	21.0	21.0	25.0	26.0
14-20	26.0	26.0	21.0	23.0	25.0	26.0
14-22	26.0	26.0	21.0	20.0	24.0	26.0
14-24	26.0	26.0	21.0	22.0	25.0	26.0
14-26	26.0	24.0	21.0	20.0	26.0	25.0
14-28	25.0	25.0	20.0	22.0	25.0	25.0
14-30	27.0	27.0	22.0	21.0	26.0	27.0
14-32	25.0	25.0	23.0	20.0	25.0	25.0
14-34	26.0	26.0	22.0	21.0	25.0	25.0
14-36	27.0	27.0	21.0	22.0	26.0	27.0
14-38	27.0	26.0	20.0	20.0	27.0	25.0
14-40	27.0	26.0	23.0	21.0	26.0	26.0
14-42	27.0	27.0	20.0	21.0	26.0	27.0
14-44	26.0	26.0	22.0	20.0	25.0	26.0
14-46	26.0	26.0	20.0	20.0	25.0	26.0
14-48	26.0	26.0	21.0	22.0	26.0	26.0
14-50	26.0	25.0	21.0	20.0	26.0	26.0
14-52	26.0	25.0	21.0	21.0	24.0	26.0
14-54	27.0	27.0	21.0	23.0	25.0	26.0
14-56	25.0	25.0	22.0	21.0	24.0	25.0
14-58	25.0	25.0	22.0	21.0	25.0	26.0
15-00	27.0	27.0	23.0	24.0	26.0	27.0
15-02	27.0	27.0	22.0	23.0	24.0	26.0
15-04	27.0	27.0	22.0	21.0	24.0	27.0
15-06	26.0	26.0	21.0	22.0	25.0	26.0
15-08	26.0	26.0	21.0	22.0	24.0	26.0
15-10	26.0	26.0	21.0	22.0	24.0	26.0
15-12	26.0	26.0	23.0	21.0	25.0	26.0
15-14	26.0	26.0	22.0	21.0	24.0	26.0
15-16	27.0	27.0	21.0	21.0	25.0	26.0
15-18	26.0	26.0	22.0	23.0	25.0	26.0
15-20	27.0	27.0	22.0	22.0	27.0	27.0
15-22	27.0	26.0	21.0	23.0	24.0	26.0
15-24	26.0	26.0	22.0	21.0	24.0	26.0
15-26	26.0	26.0	22.0	21.0	25.0	26.0
15-28	26.0	26.0	23.0	21.0	24.0	26.0
15-30	27.0	27.0	23.0	21.0	24.0	27.0
15-32	27.0	27.0	23.0	22.0	24.0	26.0
15-34	27.0	26.0	21.0	22.0	24.0	26.0
15-36	28.0	28.0	23.0	23.0	25.0	28.0
15-38	26.0	26.0	21.0	22.0	24.0	26.0
15-40	27.0	27.0	21.0	21.0	25.0	28.0
15-42	26.0	26.0	22.0	23.0	26.0	27.0
15-44	25.0	25.0	21.0	21.0	25.0	25.0
15-46	28.0	28.0	20.0	22.0	24.0	26.0
15-48	27.0	27.0	22.0	22.0	25.0	27.0
15-50	26.0	26.0	21.0	21.0	24.0	25.0
15-52	25.0	25.0	22.0	21.0	24.0	25.0
15-54	27.0	27.0	23.0	22.0	24.0	27.0
15-56	26.0	26.0	21.0	21.0	24.0	26.0
15-58	25.0	25.0	21.0	21.0	24.0	25.0
16-00	27.0	27.0	23.0	21.0	25.0	27.0
16-02	25.0	25.0	20.0	22.0	24.0	25.0
16-04	26.0	26.0	20.0	22.0	24.0	27.0
16-06	25.0	25.0	23.0	22.0	25.0	25.0
16-08	25.0	25.0	20.0	23.0	24.0	26.0
16-10	26.0	26.0	20.0	22.0	24.0	26.0
16-12	27.0	27.0	21.0	22.0	25.0	27.0
16-14	26.0	26.0	21.0	22.0	24.0	26.0
16-16	25.0	25.0	21.0	22.0	24.0	26.0
16-18	26.0	26.0	22.0	23.0	25.0	26.0
16-20	27.0	27.0	22.0	22.0	25.0	27.0
16-22	26.0	26.0	21.0	22.0	24.0	25.0
16-24	27.0	27.0	22.0	22.0	24.0	27.0
16-26	26.0	26.0	21.0	20.0	25.0	26.0
16-28	26.0	26.0	21.0	21.0	24.0	26.0
16-30	26.0	26.0	22.0	21.0	24.0	26.0
16-32	26.0	26.0	21.0	22.0	24.0	26.0
16-34	25.0	25.0	21.0	21.0	24.0	26.0
16-36	26.0	26.0	23.0	22.0	24.0	25.0
16-38	25.0	25.0	21.0	21.0	24.0	25.0
16-40	26.0	26.0	21.0	21.0	24.0	26.0
16-42	25.0	25.0	21.0	22.0	24.0	25.0
16-44	25.0	25.0	21.0	19.0	25.0	24.0
16-46	25.0	24.0	20.0	20.0	25.0	25.0
16-48	25.0	24.0	22.0	20.0	24.0	24.0
16-50	24.0	24.0	21.0	19.0	24.0	24.0
16-52	24.0	23.0	21.0	20.0	24.0	24.0
16-54	25.0	25.0	21.0	20.0	24.0	26.0
16-56	25.0	25.0	21.0	20.0	24.0	25.0
16-58	24.0	24.0	21.0	19.0	24.0	24.0
17-00	26.0	26.0	21.0	21.0	24.0	26.0
17-02	25.0	25.0	20.0	19.0	24.0	25.0
17-04	24.0	24.0	20.0	18.0	24.0	24.0
17-06	25.0	25.0	20.0	20.0	25.0	25.0
17-08	24.0	23.0	19.0	19.0	24.0	24.0
17-10	24.0	24.0	19.0	19.0	24.0	24.0
17-12	24.0	25.0	21.0	19.0	25.0	25.0
17-14	24.0	24.0	19.0	19.0	24.0	24.0
17-16	24.0	23.0	21.0	19.0	25.0	25.0
17-18	24.0	24.0	20.0	20.0	24.0	24.0
17-20	24.0	24.0	21.0	19.0	24.0	24.0
17-22	24.0	24.0	18.0	20.0	24.0	24.0
17-24	24.0	24.0	19.0	20.0	24.0	24.0
17-26	24.0	23.0	18.0	19.0	24.0	24.0
17-28	25.0	25.0	19.0	20.0	24.0	25.0
17-30	25.0	25.0	19.0	20.0	24.0	24.0
17-32	23.0	23.0	18.0	18.0	23.0	24.0
17-34	24.0	23.0	17.0	20.0	24.0	24.0
17-36	24.0	24.0	19.0	20.0	24.0	24.0
17-38	25.0	25.0	18.0	20.0	23.0	25.0
17-40	25.0	25.0	20.0	18.0	24.0	25.0
17-42	24.0	24.0	19.0	19.0	24.0	25.0
17-44	25.0	25.0	18.0	18.0	22.0	23.0
17-46	24.0	23.0	18.0	19.0	23.0	24.0
17-48	24.0	23.0	18.0	21.0	24.0	24.0
17-50	23.0	22.0	18.0	20.0	23.0	23.0
17-52	23.0	23.0	18.0	20.0	22.0	23.0
17-54	24.0	24.0	18.0	20.0	24.0	24.0
17-56	24.0	23.0	18.0	19.0	24.0	24.0
17-58	24.0	24.0	17.0	19.0	23.0	24.0
18-00	24.0	24.0	19.0	19.0	24.0	24.0
18-02	23.0	21.0	19.0	18.0	23.0	23.0
18-04	23.0	22.0	18.0	19.0	23.0	24.0
18-06	24.0	23.0	19.0	19.0	24.0	24.0
18-08	23.0	23.0	17.0	19.0	23.0	23.0
18-10	23.0	23.0	17.0	19.0	23.0	24.0
18-12	24.0	23.0	19.0	20.0	24.0	24.0
18-14	23.0	23.0	16.0	18.0	23.0	23.0
18-16	24.0	23.0	18.0	19.0	23.0	23.0
18-18	24.0	23.0	20.0	19.0	23.0	23.0
18-20	25.0	25.0	19.0	19.0	23.0	24.0
18-22	24.0	24.0	18.0	19.0	23.0	23.0
18-24	23.0	23.0	19.0	18.0	23.0	23.0
18-26	24.0	24.0	18.0	19.0	22.0	23.0
18-28	24.0	24.0	17.0	20.0	22.0	23.0
18-30	25.0	25.0	19.0	18.0	23.0	24.0
18-32	23.0	23.0	19.0	18.0	22.0	23.0
18-34	24.0	24.0	17.0	18.0	22.0	24.0
18-36	24.0	24.0	18.0	18.0	22.0	24.0
18-38	24.0	24.0	19.0	17.0	22.0	24.0
18-40	24.0	24.0	20.0	19.0	23.0	24.0
18-42	24.0	24.0	18.0	19.0	23.0	24.0
18-44	23.0	22.0	18.0	18.0	24.0	24.0
18-46	23.0	23.0	17.0	18.0	22.0	23.0
18-48	24.0	23.0	18.0	19.0	24.0	24.0
18-50	22.0	22.0	17.0	17.0	23.0	23.0
18-52	23.0	22.0	18.0	17.0	23.0	23.0
18-54	23.0	22.0	18.0	19.0	24.0	24.0
18-56	23.0	22.0	19.0	17.0	24.0	24.0
18-58	22.0	21.0	20.0	18.0	23.0	23.0
19-00	24.0	23.0	20.0	20.0	24.0	24.0
19-02	24.0	24.0	16.0	18.0	22.0	23.0
19-04	23.0	23.0	17.0	18.0	23.0	23.0
19-06	24.0	24.0	19.0	19.0	23.0	24.0
19-08	23.0	22.0	17.0	17.0	22.0	23.0
19-10	23.0	21.0	18.0	17.0	23.0	23.0
19-12	23.0	22.0	19.0	18.0	22.0	24.0
19-14	23.0	22.0	17.0	16.0	23.0	23.0
19-16	23.0	22.0	17.0	16.0	22.0	22.0
19-18	23.0	23.0	19.0	18.0	23.0	23.0
19-20	24.0	23.0	18.0	17.0	24.0	24.0
19-22	23.0	21.0	19.0	17.0	23.0	23.0
19-24	23.0	22.0	19.0	18.0	22.0	23.0
19-26	23.0	21.0	17.0	18.0	23.0	23.0
19-28	23.0	22.0	18.0	17.0	23.0	23.0
19-30	23.0	22.0	19.0	17.0	23.0	23.0
19-32	22.0	22.0	20.0	17.0	22.0	22.0
19-34	23.0	21.0	18.0	17.0	23.0	23.0
19-36	23.0	23.0	18.0	18.0	21.0	23.0
19-38	22.0	22.0	17.0	17.0	22.0	22.0
19-40	22.0	22.0	19.0	17.0	22.0	22.0
19-42	23.0	23.0	19.0	18.0	22.0	23.0
19-44	22.0	22.0	17.0	17.0	22.0	22.0
19-46	22.0	22.0	19.0	16.0	23.0	23.0
19-48	23.0	23.0	20.0	17.0	22.0	23.0
19-50	23.0	22.0	19.0	17.0	24.0	24.0
19-52	23.0	21.0	18.0	16.0	23.0	23.0
19-54	22.0	22.0	19.0	17.0	22.0	22.0
19-56	23.0	22.0	20.0	16.0	23.0	23.0
19-58	23.0	22.0	17.0	16.0	23.0	23.0
20-00	23.0	21.0	20.0	18.0	23.0	23.0
20-02	22.0	22.0	17.0	15.0	22.0	22.0
20-04	22.0	22.0	17.0	16.0	22.0	22.0
20-06	24.0	23.0	17.0	17.0	24.0	24.0
20-08	23.0	22.0	17.0	15.0	23.0	23.0
20-10	22.0	20.0	16.0	15.0	22.0	22.0
20-12	22.0	22.0	18.0	17.0	22.0	22.0
20-14	23.0	22.0	17.0	16.0	23.0	23.0
20-16	22.0	21.0	19.0	16.0	22.0	22.0
20-18	23.0	23.0	18.0	17.0	23.0	23.0
20-20	24.0	23.0	18.0	17.0	24.0	24.0
20-22	22.0	21.0	18.0	16.0	23.0	23.0
20-24	23.0	22.0	16.0	17.0	23.0	23.0
20-26	23.0	21.0	18.0	16.0	23.0	23.0
20-28	22.0	21.0	17.0	16.0	23.0	23.0
20-30	22.0	22.0	19.0	17.0	22.0	22.0
20-32	23.0	23.0	16.0	17.0	21.0	22.0
20-34	22.0	22.0	16.0	18.0	21.0	22.0
20-36	23.0	23.0	18.0	17.0	22.0	23.0
20-38	23.0	23.0	16.0	16.0	21.0	23.0
20-40	23.0	23.0	18.0	15.0	22.0	23.0
20-42	23.0	21.0	18.0	16.0	23.0	23.0
20-44	21.0	21.0	16.0	15.0	21.0	22.0
20-46	22.0	22.0	16.0	16.0	21.0	22.0
20-48	22.0	22.0	18.0	17.0	22.0	23.0
20-50	21.0	21.0	16.0	17.0	21.0	21.0
20-52	21.0	21.0	16.0	16.0	21.0	21.0
20-54	21.0	21.0	17.0	17.0	21.0	21.0
20-56	22.0	21.0	16.0	17.0	22.0	22.0
20-58	21.0	20.0	16.0	15.0	20.0	21.0
21-00	24.0	22.0	18.0	18.0	22.0	22.0
21-02	22.0	23.0	16.0	16.0	22.0	23.0
21-04	22.0	20.0	16.0	16.0	21.0	21.0
21-06	23.0	22.0	18.0	19.0	22.0	22.0
21-08	22.0	22.0	16.0	17.0	21.0	22.0
21-10	22.0	22.0	16.0	17.0	20.0	22.0
21-12	23.0	23.0	19.0	16.0	22.0	23.0
21-14	22.0	22.0	17.0	16.0	21.0	22.0
21-16	21.0	21.0	19.0	17.0	20.0	21.0
21-18	22.0	22.0	18.0	17.0	21.0	22.0
21-20	23.0	21.0	19.0	18.0	23.0	23.0
21-22	21.0	20.0	18.0	15.0	21.0	21.0
21-24	22.0	22.0	19.0	16.0	21.0	22.0
21-26	21.0	21.0	16.0	15.0	22.0	22.0
21-28	21.0	21.0	17.0	15.0	22.0	22.0
21-30	21.0	21.0	19.0	17.0	21.0	21.0
21-32	21.0	21.0	16.0	17.0	21.0	21.0
21-34	22.0	22.0	16.0	16.0	21.0	23.0
21-36	22.0	22.0	17.0	16.0	21.0	22.0
21-38	22.0	21.0	15.0	16.0	22.0	22.0
21-40	22.0	21.0	17.0	16.0	22.0	22.0
21-42	22.0	21.0	18.0	17.0	22.0	22.0
21-44	21.0	21.0	16.0	16.0	20.0	21.0
21-46	21.0	21.0	15.0	16.0	21.0	21.0
21-48	22.0	22.0	17.0	17.0	21.0	22.0
21-50	22.0	22.0	17.0	15.0	21.0	22.0
21-52	22.0	22.0	16.0	15.0	20.0	22.0
21-54	24.0	24.0	16.0	16.0	21.0	24.0
21-56	21.0	20.0	17.0	16.0	21.0	22.0
21-58	21.0	21.0	18.0	16.0	21.0	22.0
22-00	22.0	22.0	20.0	18.0	22.0	22.0
22-02	22.0	21.0	16.0	15.0	21.0	21.0
22-04	22.0	21.0	16.0	16.0	22.0	22.0
22-06	22.0	22.0	17.0	16.0	21.0	23.0
22-08	21.0	21.0	16.0	16.0	20.0	22.0
22-10	21.0	21.0	17.0	15.0	21.0	22.0
22-12	22.0	22.0	15.0	17.0	22.0	22.0
22-14	21.0	19.0	15.0	17.0	21.0	22.0
22-16	22.0	20.0	16.0	15.0	22.0	22.0
22-18	22.0	22.0	16.0	15.0	22.0	22.0
22-20	23.0	23.0	16.0	16.0	22.0	23.0
22-22	22.0	21.0	16.0	14.0	21.0	21.0
22-24	22.0	22.0	17.0	15.0	22.0	22.0
22-26	20.0	21.0	15.0	16.0	20.0	21.0
22-28	22.0	22.0	15.0	17.0	20.0	22.0
22-30	22.0	22.0	17.0	17.0	21.0	22.0
22-32	21.0	21.0	15.0	16.0	20.0	21.0
22-34	21.0	21.0	15.0	17.0	20.0	21.0
22-36	21.0	20.0	17.0	17.0	22.0	22.0
22-38	22.0	22.0	17.0	15.0	22.0	22.0
22-40	21.0	21.0	17.0	16.0	21.0	21.0
22-42	22.0	22.0	16.0	17.0	21.0	22.0
22-44	21.0	22.0	15.0	15.0	21.0	22.0
22-46	21.0	21.0	16.0	14.0	21.0	21.0
22-48	23.0	21.0	16.0	16.0	23.0	23.0
22-50	22.0	21.0	16.0	15.0	21.0	21.0
22-52	21.0	20.0	16.0	14.0	21.0	21.0
22-54	22.0	21.0	16.0	15.0	22.0	22.0
22-56	22.0	21.0	16.0	14.0	21.0	21.0
22-58	20.0	20.0	16.0	15.0	20.0	20.0
23-00	23.0	22.0	17.0	16.0	23.0	23.0
23-02	21.0	21.0	16.0	16.0	20.0	21.0
23-04	21.0	21.0	16.0	16.0	21.0	21.0
23-06	21.0	21.0	17.0	16.0	20.0	21.0
23-08	21.0	21.0	16.0	16.0	20.0	21.0
23-10	22.0	22.0	16.0	14.0	20.0	22.0
23-12	21.0	21.0	16.0	17.0	20.0	21.0
23-14	21.0	20.0	16.0	14.0	21.0	21.0
23-16	21.0	21.0	17.0	15.0	21.0	21.0
23-18	22.0	22.0	16.0	16.0	21.0	22.0
23-20	22.0	21.0	19.0	15.0	22.0	22.0
23-22	22.0	20.0	18.0	15.0	22.0	22.0
23-24	21.0	21.0	17.0	16.0	21.0	22.0
23-26	21.0	20.0	16.0	14.0	21.0	21.0
23-28	21.0	20.0	16.0	14.0	21.0	21.0
23-30	22.0	22.0	17.0	15.0	23.0	23.0
23-32	22.0	20.0	16.0	14.0	22.0	22.0
23-34	22.0	21.0	16.0	15.0	22.0	22.0
23-36	22.0	20.0	17.0	15.0	22.0	22.0
23-38	21.0	20.0	16.0	15.0	21.0	21.0
23-40	22.0	22.0	15.0	16.0	21.0	21.0
23-42	22.0	22.0	15.0	16.0	22.0	22.0
23-44	21.0	19.0	16.0	16.0	21.0	21.0
23-46	21.0	21.0	16.0	14.0	22.0	22.0
23-48	21.0	21.0	18.0	14.0	22.0	22.0
23-50	21.0	20.0	16.0	15.0	21.0	21.0
23-52	22.0	20.0	16.0	14.0	22.0	22.0
23-54	21.0	20.0	16.0	15.0	21.0	21.0
23-56	22.0	21.0	15.0	15.0	22.0	21.0
23-58	22.0	21.0	15.0	15.0	22.0	22.0
