08-38	21.0	20.0	16.0	12.0	21.0	21.0
08-40	20.0	19.0	14.0	12.0	20.0	20.0
08-42	21.0	20.0	15.0	13.0	21.0	21.0
08-44	21.0	19.0	15.0	13.0	21.0	21.0
08-46	20.0	20.0	16.0	14.0	20.0	20.0
08-48	22.0	21.0	19.0	16.0	22.0	22.0
08-50	21.0	20.0	16.0	14.0	23.0	23.0
08-52	22.0	20.0	18.0	14.0	23.0	23.0
08-54	22.0	21.0	17.0	16.0	22.0	24.0
08-56	23.0	21.0	16.0	16.0	23.0	23.0
08-58	29.0	23.0	20.0	21.0	29.0	29.0
09-00	24.0	23.0	19.0	19.0	24.0	24.0
09-02	23.0	22.0	18.0	16.0	23.0	23.0
09-04	24.0	21.0	20.0	18.0	24.0	24.0
09-06	23.0	22.0	19.0	18.0	23.0	23.0
09-08	24.0	23.0	16.0	17.0	24.0	24.0
09-10	24.0	22.0	19.0	17.0	24.0	24.0
09-12	24.0	24.0	18.0	19.0	24.0	24.0
09-14	24.0	22.0	19.0	18.0	24.0	24.0
09-16	24.0	22.0	17.0	18.0	24.0	24.0
09-18	24.0	24.0	19.0	19.0	24.0	24.0
09-20	24.0	24.0	19.0	20.0	24.0	24.0
09-22	24.0	23.0	18.0	18.0	24.0	25.0
09-24	24.0	24.0	20.0	20.0	24.0	25.0
09-26	24.0	24.0	18.0	20.0	24.0	24.0
09-28	24.0	23.0	20.0	19.0	24.0	24.0
09-30	24.0	24.0	20.0	20.0	24.0	24.0
09-32	25.0	25.0	20.0	20.0	24.0	24.0
09-34	24.0	24.0	19.0	19.0	24.0	24.0
09-36	26.0	26.0	20.0	20.0	24.0	26.0
09-38	25.0	25.0	19.0	19.0	24.0	25.0
09-40	25.0	25.0	21.0	19.0	25.0	26.0
09-42	26.0	26.0	20.0	20.0	24.0	26.0
09-44	26.0	26.0	19.0	19.0	24.0	26.0
09-46	25.0	25.0	20.0	18.0	24.0	25.0
09-48	27.0	27.0	20.0	20.0	25.0	27.0
09-50	26.0	26.0	20.0	19.0	24.0	26.0
09-52	25.0	25.0	19.0	19.0	25.0	25.0
09-54	26.0	26.0	20.0	20.0	24.0	27.0
09-56	26.0	26.0	20.0	20.0	24.0	26.0
09-58	27.0	27.0	21.0	19.0	24.0	25.0
10-00	27.0	27.0	22.0	21.0	26.0	26.0
10-02	24.0	25.0	20.0	21.0	24.0	25.0
10-04	25.0	25.0	20.0	20.0	24.0	25.0
10-06	26.0	26.0	20.0	19.0	24.0	27.0
10-08	26.0	26.0	19.0	20.0	23.0	26.0
10-10	25.0	25.0	20.0	20.0	24.0	25.0
10-12	26.0	26.0	20.0	21.0	25.0	26.0
10-14	25.0	25.0	19.0	20.0	24.0	25.0
10-16	25.0	25.0	21.0	19.0	25.0	25.0
10-18	26.0	26.0	22.0	20.0	25.0	26.0
10-20	27.0	27.0	22.0	21.0	26.0	27.0
10-22	26.0	26.0	20.0	21.0	24.0	26.0
10-24	27.0	27.0	20.0	20.0	26.0	26.0
10-26	26.0	26.0	20.0	20.0	24.0	26.0
10-28	25.0	25.0	20.0	20.0	24.0	25.0
10-30	25.0	25.0	22.0	21.0	25.0	26.0
10-32	27.0	27.0	21.0	20.0	24.0	27.0
10-34	27.0	27.0	21.0	20.0	25.0	26.0
10-36	26.0	26.0	22.0	22.0	26.0	26.0
10-38	27.0	27.0	20.0	22.0	24.0	27.0
10-40	26.0	26.0	20.0	21.0	24.0	26.0
10-42	26.0	26.0	21.0	21.0	24.0	26.0
10-44	26.0	26.0	20.0	20.0	24.0	26.0
10-46	27.0	26.0	21.0	21.0	24.0	26.0
10-48	27.0	27.0	21.0	22.0	25.0	27.0
10-50	26.0	24.0	20.0	21.0	24.0	26.0
10-52	25.0	25.0	20.0	21.0	25.0	25.0
10-54	27.0	27.0	21.0	21.0	25.0	27.0
10-56	27.0	27.0	21.0	21.0	24.0	26.0
10-58	27.0	27.0	20.0	20.0	24.0	27.0
11-00	27.0	27.0	22.0	23.0	26.0	26.0
11-02	25.0	25.0	21.0	21.0	24.0	26.0
11-04	25.0	25.0	20.0	22.0	24.0	27.0
11-06	26.0	26.0	21.0	23.0	25.0	26.0
11-08	26.0	26.0	20.0	21.0	25.0	27.0
11-10	26.0	26.0	20.0	22.0	24.0	26.0
11-12	27.0	27.0	22.0	22.0	25.0	28.0
11-14	27.0	27.0	20.0	21.0	25.0	27.0
11-16	26.0	26.0	21.0	20.0	26.0	26.0
11-18	27.0	27.0	22.0	21.0	26.0	27.0
11-20	27.0	27.0	22.0	22.0	26.0	27.0
11-22	26.0	26.0	21.0	22.0	25.0	27.0
11-24	27.0	27.0	21.0	22.0	25.0	27.0
11-26	26.0	26.0	21.0	21.0	24.0	26.0
11-28	26.0	26.0	21.0	21.0	24.0	27.0
11-30	26.0	26.0	21.0	22.0	24.0	26.0
11-32	25.0	25.0	19.0	20.0	24.0	25.0
11-34	25.0	25.0	20.0	21.0	24.0	26.0
11-36	26.0	26.0	21.0	21.0	24.0	26.0
11-38	25.0	25.0	18.0	20.0	24.0	25.0
11-40	26.0	26.0	19.0	19.0	24.0	26.0
11-42	25.0	25.0	20.0	19.0	24.0	25.0
11-44	25.0	25.0	18.0	16.0	23.0	25.0
11-46	24.0	24.0	19.0	18.0	24.0	24.0
11-48	24.0	24.0	20.0	19.0	24.0	24.0
11-50	24.0	24.0	19.0	17.0	23.0	24.0
11-52	23.0	23.0	20.0	17.0	24.0	24.0
11-54	25.0	25.0	20.0	19.0	24.0	25.0
11-56	24.0	23.0	20.0	18.0	24.0	24.0
11-58	24.0	24.0	19.0	17.0	24.0	24.0
12-00	24.0	24.0	21.0	19.0	24.0	24.0
12-02	25.0	25.0	18.0	18.0	24.0	24.0
12-04	25.0	24.0	18.0	18.0	24.0	24.0
12-06	24.0	24.0	21.0	18.0	24.0	24.0
12-08	23.0	23.0	18.0	17.0	22.0	23.0
12-10	25.0	25.0	19.0	17.0	23.0	24.0
12-12	24.0	24.0	19.0	17.0	24.0	24.0
12-14	24.0	24.0	17.0	16.0	24.0	24.0
12-16	25.0	23.0	18.0	17.0	23.0	23.0
12-18	24.0	24.0	19.0	18.0	24.0	24.0
12-20	24.0	23.0	20.0	18.0	24.0	24.0
12-22	25.0	25.0	17.0	17.0	23.0	25.0
12-24	25.0	25.0	20.0	17.0	24.0	25.0
12-26	23.0	23.0	16.0	17.0	23.0	23.0
12-28	23.0	23.0	16.0	16.0	22.0	23.0
12-30	24.0	22.0	19.0	17.0	24.0	24.0
12-32	24.0	24.0	19.0	18.0	23.0	24.0
12-34	22.0	22.0	18.0	16.0	23.0	24.0
12-36	24.0	23.0	20.0	17.0	24.0	24.0
12-38	23.0	23.0	18.0	17.0	22.0	23.0
12-40	24.0	24.0	20.0	16.0	23.0	24.0
12-42	24.0	24.0	18.0	16.0	23.0	24.0
12-44	24.0	24.0	17.0	15.0	22.0	24.0
12-46	24.0	22.0	18.0	18.0	22.0	23.0
12-48	25.0	25.0	19.0	18.0	24.0	24.0
12-50	25.0	25.0	18.0	19.0	24.0	24.0
12-52	25.0	25.0	19.0	19.0	23.0	24.0
12-54	25.0	25.0	20.0	19.0	24.0	25.0
12-56	25.0	25.0	21.0	18.0	24.0	25.0
12-58	25.0	24.0	21.0	18.0	25.0	25.0
13-00	27.0	27.0	21.0	20.0	26.0	26.0
13-02	24.0	24.0	20.0	19.0	24.0	24.0
13-04	25.0	25.0	20.0	19.0	24.0	24.0
13-06	26.0	26.0	21.0	20.0	26.0	26.0
13-08	25.0	25.0	21.0	20.0	24.0	25.0
13-10	26.0	26.0	21.0	20.0	24.0	25.0
13-12	27.0	27.0	21.0	21.0	25.0	26.0
13-14	25.0	25.0	20.0	20.0	24.0	26.0
13-16	26.0	26.0	20.0	21.0	24.0	26.0
13-18	27.0	27.0	22.0	21.0	25.0	26.0
13-20	26.0	26.0	21.0	21.0	25.0	26.0
13-22	26.0	25.0	21.0	20.0	26.0	25.0
13-24	26.0	26.0	22.0	21.0	26.0	26.0
13-26	25.0	25.0	22.0	20.0	25.0	25.0
13-28	26.0	26.0	22.0	19.0	25.0	26.0
13-30	26.0	26.0	23.0	20.0	25.0	26.0
13-32	25.0	24.0	21.0	21.0	25.0	25.0
13-34	26.0	25.0	21.0	21.0	25.0	26.0
13-36	26.0	25.0	22.0	22.0	26.0	26.0
13-38	26.0	26.0	21.0	21.0	25.0	26.0
13-40	26.0	25.0	23.0	21.0	26.0	26.0
13-42	27.0	26.0	23.0	21.0	28.0	28.0
13-44	26.0	25.0	22.0	21.0	26.0	26.0
13-46	26.0	26.0	22.0	21.0	25.0	26.0
13-48	26.0	26.0	22.0	22.0	26.0	27.0
13-50	27.0	27.0	21.0	20.0	25.0	27.0
13-52	26.0	26.0	22.0	21.0	26.0	26.0
13-54	26.0	26.0	24.0	21.0	26.0	27.0
13-56	26.0	26.0	24.0	20.0	26.0	26.0
13-58	27.0	25.0	22.0	20.0	27.0	27.0
14-00	28.0	26.0	23.0	21.0	28.0	28.0
14-02	27.0	26.0	22.0	21.0	27.0	27.0
14-04	27.0	26.0	23.0	20.0	27.0	27.0
14-06	27.0	27.0	23.0	23.0	27.0	27.0
14-08	27.0	27.0	22.0	21.0	26.0	26.0
14-10	28.0	28.0	24.0	21.0	27.0	28.0
14-12	26.0	26.0	21.0	22.0	26.0	28.0
14-14	27.0	27.0	23.0	21.0	26.0	26.0
14-16	27.0	27.0	21.0	21.0	27.0	27.0
14-18	27.0	27.0	23.0	21.0	27.0	27.0
14-20	29.0	29.0	21.0	22.0	27.0	28.0
14-22	27.0	27.0	21.0	22.0	26.0	27.0
14-24	28.0	28.0	22.0	23.0	26.0	28.0
14-26	27.0	27.0	22.0	22.0	26.0	28.0
14-28	27.0	27.0	21.0	23.0	25.0	28.0
14-30	28.0	28.0	22.0	23.0	25.0	28.0
14-32	27.0	27.0	21.0	20.0	26.0	27.0
14-34	26.0	26.0	22.0	22.0	25.0	28.0
14-36	28.0	28.0	22.0	23.0	26.0	29.0
14-38	26.0	27.0	22.0	22.0	24.0	27.0
14-40	27.0	27.0	22.0	22.0	26.0	27.0
14-42	28.0	27.0	24.0	22.0	28.0	28.0
14-44	27.0	26.0	22.0	21.0	27.0	27.0
14-46	28.0	28.0	22.0	22.0	25.0	27.0
14-48	28.0	28.0	23.0	22.0	27.0	28.0
14-50	27.0	27.0	21.0	22.0	26.0	27.0
14-52	27.0	27.0	22.0	23.0	25.0	27.0
14-54	28.0	28.0	23.0	22.0	26.0	28.0
14-56	27.0	27.0	23.0	21.0	26.0	27.0
14-58	27.0	27.0	22.0	21.0	25.0	26.0
15-00	28.0	28.0	23.0	23.0	26.0	28.0
15-02	28.0	28.0	21.0	22.0	25.0	28.0
15-04	27.0	27.0	21.0	22.0	25.0	27.0
15-06	28.0	28.0	23.0	24.0	26.0	28.0
15-08	27.0	27.0	21.0	21.0	25.0	27.0
15-10	27.0	27.0	21.0	21.0	26.0	27.0
15-12	28.0	28.0	24.0	22.0	26.0	27.0
15-14	28.0	28.0	22.0	22.0	26.0	28.0
15-16	28.0	28.0	22.0	22.0	25.0	28.0
15-18	28.0	28.0	23.0	23.0	27.0	28.0
15-20	29.0	29.0	24.0	22.0	26.0	29.0
15-22	28.0	28.0	21.0	22.0	27.0	28.0
15-24	29.0	28.0	24.0	25.0	26.0	28.0
15-26	29.0	28.0	23.0	23.0	24.0	28.0
15-28	28.0	28.0	24.0	22.0	25.0	28.0
15-30	29.0	29.0	22.0	22.0	26.0	29.0
15-32	29.0	29.0	21.0	23.0	25.0	29.0
15-34	29.0	29.0	21.0	21.0	25.0	28.0
15-36	29.0	29.0	23.0	22.0	27.0	29.0
15-38	28.0	28.0	22.0	22.0	26.0	28.0
15-40	28.0	28.0	23.0	22.0	26.0	28.0
15-42	29.0	28.0	23.0	23.0	27.0	28.0
15-44	28.0	28.0	23.0	23.0	25.0	28.0
15-46	29.0	29.0	23.0	22.0	25.0	29.0
15-48	28.0	28.0	24.0	22.0	27.0	28.0
15-50	29.0	29.0	22.0	23.0	25.0	27.0
15-52	28.0	28.0	22.0	22.0	25.0	28.0
15-54	28.0	28.0	22.0	23.0	26.0	28.0
15-56	27.0	27.0	22.0	23.0	25.0	27.0
15-58	28.0	28.0	21.0	23.0	25.0	28.0
16-00	28.0	28.0	24.0	25.0	27.0	28.0
16-02	28.0	28.0	22.0	22.0	27.0	27.0
16-04	27.0	27.0	23.0	22.0	26.0	27.0
16-06	29.0	28.0	24.0	23.0	27.0	28.0
16-08	28.0	28.0	22.0	23.0	27.0	28.0
16-10	27.0	27.0	22.0	23.0	26.0	28.0
16-12	28.0	28.0	22.0	24.0	26.0	28.0
16-14	28.0	28.0	22.0	23.0	26.0	28.0
16-16	27.0	27.0	24.0	22.0	27.0	27.0
16-18	27.0	27.0	24.0	23.0	27.0	28.0
16-20	28.0	28.0	24.0	21.0	27.0	28.0
16-22	28.0	28.0	24.0	21.0	27.0	28.0
16-24	29.0	29.0	23.0	22.0	26.0	28.0
16-26	27.0	27.0	23.0	22.0	26.0	27.0
16-28	27.0	27.0	23.0	22.0	26.0	27.0
16-30	28.0	28.0	23.0	25.0	27.0	28.0
16-32	27.0	27.0	22.0	21.0	26.0	27.0
16-34	27.0	27.0	23.0	22.0	27.0	27.0
16-36	27.0	27.0	23.0	24.0	27.0	27.0
16-38	27.0	26.0	23.0	23.0	26.0	26.0
16-40	28.0	28.0	24.0	22.0	27.0	28.0
16-42	28.0	28.0	24.0	24.0	26.0	28.0
16-44	28.0	28.0	22.0	22.0	25.0	28.0
16-46	29.0	29.0	21.0	23.0	26.0	29.0
16-48	29.0	29.0	23.0	22.0	26.0	29.0
16-50	28.0	28.0	22.0	23.0	27.0	28.0
16-52	27.0	27.0	23.0	22.0	25.0	28.0
16-54	28.0	28.0	23.0	23.0	27.0	28.0
16-56	27.0	27.0	23.0	23.0	27.0	27.0
16-58	27.0	27.0	23.0	23.0	27.0	27.0
17-00	28.0	28.0	24.0	23.0	27.0	29.0
17-02	28.0	28.0	22.0	23.0	26.0	28.0
17-04	27.0	28.0	22.0	23.0	26.0	28.0
17-06	28.0	28.0	23.0	24.0	26.0	28.0
17-08	28.0	28.0	23.0	23.0	26.0	28.0
17-10	27.0	27.0	22.0	22.0	25.0	27.0
17-12	29.0	29.0	23.0	22.0	27.0	29.0
17-14	28.0	28.0	22.0	23.0	26.0	28.0
17-16	28.0	28.0	23.0	23.0	26.0	28.0
17-18	29.0	29.0	23.0	23.0	27.0	29.0
17-20	30.0	30.0	22.0	22.0	27.0	29.0
17-22	28.0	28.0	23.0	22.0	26.0	27.0
17-24	27.0	27.0	24.0	22.0	26.0	27.0
17-26	27.0	27.0	22.0	22.0	26.0	27.0
17-28	27.0	27.0	21.0	22.0	27.0	27.0
