00-00	21.0	21.0	17.0	17.0	21.0	21.0
00-02	17.0	17.0	11.0	12.0	17.0	18.0
00-04	18.0	18.0	11.0	13.0	17.0	18.0
00-06	18.0	18.0	10.0	12.0	20.0	20.0
00-08	17.0	17.0	11.0	12.0	17.0	19.0
00-10	18.0	17.0	10.0	13.0	18.0	18.0
00-12	18.0	17.0	12.0	14.0	19.0	19.0
00-14	19.0	19.0	11.0	12.0	17.0	19.0
00-16	17.0	17.0	11.0	12.0	18.0	18.0
00-18	19.0	19.0	12.0	12.0	18.0	19.0
00-20	20.0	20.0	11.0	12.0	19.0	20.0
00-22	19.0	17.0	11.0	12.0	18.0	18.0
00-24	20.0	18.0	11.0	13.0	20.0	20.0
00-26	18.0	16.0	12.0	10.0	19.0	19.0
00-28	17.0	17.0	11.0	12.0	17.0	17.0
00-30	21.0	21.0	15.0	14.0	20.0	21.0
00-32	18.0	17.0	11.0	12.0	19.0	19.0
00-34	18.0	18.0	11.0	11.0	17.0	18.0
00-36	19.0	18.0	12.0	12.0	18.0	18.0
00-38	18.0	17.0	12.0	12.0	18.0	18.0
00-40	18.0	18.0	13.0	14.0	17.0	18.0
00-42	18.0	18.0	13.0	13.0	19.0	19.0
00-44	18.0	18.0	12.0	12.0	18.0	19.0
00-46	18.0	18.0	11.0	12.0	18.0	18.0
00-48	18.0	18.0	10.0	13.0	18.0	18.0
00-50	19.0	19.0	10.0	11.0	17.0	19.0
00-52	18.0	18.0	11.0	12.0	17.0	18.0
00-54	19.0	19.0	12.0	13.0	18.0	18.0
00-56	19.0	18.0	11.0	12.0	18.0	18.0
00-58	18.0	18.0	11.0	13.0	18.0	18.0
01-00	21.0	21.0	14.0	14.0	20.0	21.0
01-02	17.0	17.0	12.0	11.0	17.0	19.0
01-04	18.0	17.0	11.0	11.0	19.0	19.0
01-06	19.0	19.0	11.0	12.0	17.0	19.0
01-08	18.0	18.0	12.0	11.0	19.0	19.0
01-10	18.0	18.0	12.0	11.0	18.0	18.0
01-12	19.0	18.0	12.0	11.0	19.0	19.0
01-14	17.0	16.0	12.0	12.0	19.0	19.0
01-16	18.0	18.0	11.0	12.0	19.0	19.0
01-18	18.0	18.0	12.0	12.0	17.0	19.0
01-20	20.0	18.0	11.0	13.0	20.0	20.0
01-22	19.0	18.0	10.0	11.0	18.0	18.0
01-24	18.0	18.0	11.0	11.0	18.0	18.0
01-26	18.0	18.0	11.0	11.0	17.0	18.0
01-28	19.0	17.0	11.0	10.0	19.0	19.0
01-30	22.0	22.0	13.0	15.0	21.0	22.0
01-32	18.0	17.0	12.0	11.0	18.0	18.0
01-34	18.0	18.0	12.0	11.0	17.0	18.0
01-36	18.0	18.0	13.0	12.0	18.0	18.0
01-38	17.0	17.0	11.0	11.0	19.0	19.0
01-40	19.0	18.0	12.0	12.0	19.0	19.0
01-42	18.0	18.0	12.0	10.0	18.0	18.0
01-44	19.0	17.0	12.0	10.0	19.0	19.0
01-46	18.0	18.0	11.0	11.0	18.0	18.0
01-48	18.0	19.0	12.0	12.0	18.0	19.0
01-50	17.0	17.0	11.0	10.0	17.0	17.0
01-52	19.0	18.0	12.0	11.0	19.0	19.0
01-54	18.0	18.0	13.0	12.0	17.0	18.0
01-56	19.0	19.0	10.0	11.0	17.0	19.0
01-58	19.0	19.0	11.0	11.0	17.0	19.0
02-00	22.0	22.0	15.0	15.0	20.0	22.0
02-02	18.0	18.0	12.0	10.0	18.0	18.0
02-04	19.0	18.0	12.0	11.0	17.0	18.0
02-06	19.0	18.0	12.0	11.0	18.0	19.0
02-08	18.0	17.0	11.0	10.0	18.0	18.0
02-10	19.0	19.0	10.0	12.0	17.0	19.0
02-12	19.0	19.0	11.0	12.0	18.0	19.0
02-14	18.0	18.0	10.0	10.0	18.0	18.0
02-16	18.0	18.0	12.0	10.0	18.0	18.0
02-18	18.0	18.0	12.0	13.0	18.0	18.0
02-20	19.0	19.0	12.0	12.0	17.0	19.0
02-22	19.0	18.0	11.0	12.0	18.0	18.0
02-24	19.0	19.0	12.0	12.0	18.0	19.0
02-26	18.0	17.0	12.0	11.0	17.0	17.0
02-28	18.0	18.0	12.0	10.0	18.0	18.0
02-30	20.0	20.0	14.0	14.0	20.0	20.0
02-32	20.0	17.0	12.0	10.0	19.0	19.0
02-34	18.0	18.0	12.0	10.0	18.0	18.0
02-36	19.0	20.0	12.0	10.0	18.0	20.0
02-38	18.0	18.0	11.0	10.0	17.0	18.0
02-40	19.0	18.0	12.0	11.0	19.0	19.0
02-42	19.0	19.0	10.0	11.0	18.0	19.0
02-44	18.0	18.0	11.0	10.0	17.0	18.0
02-46	19.0	19.0	10.0	11.0	17.0	19.0
02-48	19.0	19.0	12.0	12.0	18.0	18.0
02-50	19.0	19.0	11.0	11.0	17.0	18.0
02-52	19.0	19.0	10.0	11.0	17.0	19.0
02-54	18.0	19.0	12.0	11.0	18.0	19.0
02-56	18.0	18.0	9.0	11.0	16.0	19.0
02-58	17.0	17.0	10.0	11.0	16.0	19.0
03-00	21.0	21.0	15.0	15.0	20.0	21.0
03-02	18.0	18.0	11.0	11.0	16.0	18.0
03-04	19.0	18.0	11.0	12.0	15.0	18.0
03-06	19.0	19.0	11.0	11.0	18.0	19.0
03-08	18.0	18.0	11.0	11.0	17.0	18.0
03-10	18.0	18.0	11.0	11.0	17.0	18.0
03-12	18.0	18.0	12.0	12.0	18.0	19.0
03-14	20.0	20.0	11.0	11.0	15.0	20.0
03-16	18.0	18.0	12.0	10.0	17.0	18.0
03-18	18.0	18.0	12.0	12.0	18.0	18.0
03-20	19.0	17.0	13.0	12.0	19.0	19.0
03-22	19.0	19.0	11.0	12.0	16.0	19.0
03-24	19.0	19.0	11.0	11.0	17.0	19.0
03-26	18.0	18.0	10.0	11.0	16.0	18.0
03-28	19.0	19.0	10.0	11.0	16.0	18.0
03-30	21.0	21.0	14.0	14.0	19.0	21.0
03-32	18.0	18.0	10.0	11.0	16.0	18.0
03-34	18.0	18.0	11.0	10.0	17.0	18.0
03-36	19.0	19.0	9.0	11.0	16.0	19.0
03-38	17.0	17.0	11.0	11.0	17.0	17.0
03-40	18.0	18.0	12.0	13.0	17.0	18.0
03-42	18.0	18.0	11.0	11.0	17.0	18.0
03-44	18.0	17.0	10.0	12.0	18.0	17.0
03-46	17.0	17.0	10.0	11.0	16.0	18.0
03-48	18.0	18.0	11.0	12.0	17.0	18.0
03-50	17.0	19.0	10.0	11.0	18.0	19.0
03-52	17.0	17.0	12.0	12.0	16.0	17.0
03-54	18.0	18.0	12.0	12.0	18.0	18.0
03-56	19.0	18.0	10.0	12.0	17.0	18.0
03-58	18.0	18.0	11.0	11.0	15.0	18.0
04-00	21.0	21.0	13.0	13.0	19.0	21.0
04-02	18.0	18.0	12.0	9.0	17.0	17.0
04-04	18.0	18.0	11.0	10.0	18.0	18.0
04-06	18.0	18.0	11.0	10.0	18.0	18.0
04-08	18.0	18.0	12.0	10.0	18.0	18.0
04-10	17.0	17.0	10.0	10.0	17.0	17.0
04-12	18.0	18.0	11.0	12.0	18.0	18.0
04-14	18.0	18.0	10.0	11.0	16.0	18.0
04-16	19.0	19.0	11.0	11.0	16.0	18.0
04-18	18.0	18.0	12.0	11.0	18.0	18.0
04-20	19.0	19.0	11.0	10.0	16.0	19.0
04-22	18.0	18.0	10.0	10.0	16.0	18.0
04-24	19.0	19.0	11.0	11.0	17.0	19.0
04-26	19.0	19.0	10.0	11.0	17.0	19.0
04-28	19.0	19.0	10.0	11.0	17.0	19.0
04-30	21.0	21.0	14.0	14.0	19.0	21.0
04-32	17.0	17.0	10.0	11.0	16.0	17.0
04-34	18.0	18.0	10.0	11.0	17.0	18.0
04-36	19.0	19.0	11.0	10.0	17.0	19.0
04-38	17.0	17.0	10.0	10.0	16.0	18.0
04-40	18.0	18.0	12.0	9.0	18.0	18.0
04-42	19.0	19.0	10.0	11.0	17.0	18.0
04-44	17.0	17.0	11.0	9.0	18.0	18.0
04-46	17.0	17.0	9.0	12.0	17.0	18.0
04-48	18.0	17.0	11.0	12.0	18.0	18.0
04-50	17.0	17.0	9.0	11.0	17.0	19.0
04-52	18.0	18.0	9.0	10.0	16.0	18.0
04-54	19.0	19.0	12.0	10.0	18.0	18.0
04-56	17.0	17.0	11.0	11.0	16.0	19.0
04-58	19.0	19.0	10.0	11.0	16.0	19.0
05-00	21.0	21.0	15.0	13.0	19.0	21.0
05-02	18.0	18.0	11.0	10.0	17.0	18.0
05-04	17.0	17.0	10.0	10.0	15.0	17.0
05-06	18.0	18.0	10.0	11.0	17.0	19.0
05-08	18.0	18.0	10.0	10.0	15.0	17.0
05-10	18.0	18.0	9.0	10.0	16.0	17.0
05-12	18.0	18.0	10.0	10.0	17.0	18.0
05-14	18.0	18.0	8.0	10.0	16.0	18.0
05-16	18.0	18.0	9.0	11.0	16.0	18.0
05-18	19.0	19.0	11.0	11.0	16.0	18.0
05-20	19.0	19.0	11.0	10.0	17.0	19.0
05-22	18.0	18.0	10.0	10.0	17.0	17.0
05-24	18.0	18.0	11.0	9.0	17.0	17.0
05-26	17.0	16.0	10.0	9.0	17.0	17.0
05-28	17.0	17.0	10.0	10.0	16.0	17.0
05-30	20.0	20.0	14.0	12.0	19.0	20.0
05-32	17.0	17.0	10.0	10.0	16.0	17.0
05-34	17.0	16.0	9.0	10.0	16.0	17.0
05-36	18.0	18.0	12.0	11.0	16.0	18.0
05-38	17.0	17.0	10.0	10.0	16.0	18.0
05-40	17.0	17.0	11.0	11.0	17.0	18.0
05-42	18.0	17.0	10.0	10.0	18.0	18.0
05-44	17.0	16.0	10.0	10.0	17.0	17.0
05-46	17.0	16.0	10.0	11.0	17.0	17.0
05-48	17.0	17.0	11.0	11.0	18.0	18.0
05-50	19.0	19.0	10.0	10.0	16.0	19.0
05-52	17.0	16.0	11.0	11.0	17.0	17.0
05-54	17.0	17.0	11.0	12.0	17.0	17.0
05-56	17.0	17.0	9.0	11.0	15.0	17.0
05-58	17.0	16.0	9.0	10.0	16.0	17.0
06-00	19.0	19.0	12.0	14.0	19.0	19.0
06-02	19.0	19.0	10.0	11.0	17.0	18.0
06-04	17.0	17.0	10.0	10.0	17.0	17.0
06-06	19.0	19.0	11.0	11.0	17.0	19.0
06-08	18.0	18.0	10.0	10.0	16.0	17.0
06-10	17.0	17.0	10.0	11.0	15.0	17.0
06-12	17.0	17.0	12.0	11.0	18.0	18.0
06-14	18.0	18.0	9.0	10.0	16.0	18.0
06-16	18.0	18.0	9.0	11.0	15.0	18.0
06-18	17.0	17.0	9.0	10.0	17.0	18.0
06-20	17.0	17.0	11.0	10.0	16.0	17.0
06-22	17.0	16.0	11.0	10.0	18.0	18.0
06-24	16.0	16.0	11.0	10.0	15.0	17.0
06-26	18.0	16.0	11.0	9.0	18.0	18.0
06-28	16.0	16.0	10.0	9.0	17.0	17.0
06-30	18.0	18.0	14.0	11.0	18.0	18.0
06-32	16.0	16.0	10.0	10.0	17.0	17.0
06-34	16.0	16.0	10.0	9.0	17.0	17.0
06-36	16.0	16.0	10.0	10.0	16.0	17.0
06-38	17.0	16.0	11.0	9.0	17.0	17.0
06-40	17.0	16.0	10.0	11.0	17.0	17.0
06-42	17.0	18.0	12.0	10.0	18.0	18.0
06-44	16.0	15.0	10.0	10.0	16.0	17.0
06-46	17.0	16.0	9.0	9.0	17.0	17.0
06-48	17.0	17.0	10.0	11.0	18.0	18.0
06-50	17.0	17.0	11.0	9.0	16.0	17.0
06-52	17.0	17.0	11.0	11.0	15.0	17.0
06-54	17.0	17.0	9.0	11.0	16.0	17.0
06-56	16.0	16.0	12.0	9.0	16.0	16.0
06-58	16.0	16.0	11.0	11.0	17.0	17.0
07-00	21.0	21.0	15.0	13.0	19.0	21.0
07-02	19.0	19.0	10.0	10.0	15.0	18.0
07-04	17.0	17.0	11.0	9.0	15.0	17.0
07-06	18.0	18.0	11.0	12.0	17.0	18.0
07-08	17.0	17.0	11.0	11.0	15.0	17.0
07-10	18.0	18.0	10.0	10.0	14.0	18.0
07-12	17.0	17.0	11.0	11.0	16.0	17.0
07-14	17.0	17.0	9.0	11.0	15.0	17.0
07-16	17.0	17.0	9.0	10.0	15.0	17.0
07-18	17.0	17.0	12.0	12.0	17.0	17.0
07-20	18.0	18.0	10.0	12.0	17.0	18.0
07-22	16.0	15.0	10.0	10.0	17.0	17.0
07-24	18.0	18.0	12.0	11.0	18.0	18.0
07-26	16.0	16.0	9.0	10.0	16.0	16.0
07-28	17.0	17.0	11.0	10.0	16.0	17.0
07-30	21.0	21.0	15.0	15.0	20.0	22.0
07-32	17.0	18.0	11.0	11.0	17.0	18.0
07-34	19.0	19.0	10.0	11.0	16.0	19.0
07-36	18.0	18.0	11.0	12.0	17.0	18.0
07-38	18.0	18.0	10.0	12.0	17.0	18.0
07-40	18.0	18.0	10.0	11.0	17.0	18.0
07-42	18.0	18.0	11.0	13.0	17.0	18.0
07-44	18.0	17.0	10.0	12.0	16.0	17.0
07-46	18.0	18.0	12.0	11.0	17.0	17.0
07-48	18.0	18.0	11.0	12.0	18.0	18.0
07-50	17.0	17.0	12.0	10.0	17.0	17.0
07-52	18.0	18.0	11.0	10.0	17.0	18.0
07-54	19.0	19.0	12.0	12.0	18.0	19.0
07-56	19.0	19.0	12.0	11.0	16.0	18.0
07-58	19.0	19.0	9.0	10.0	17.0	19.0
08-00	22.0	22.0	15.0	15.0	21.0	22.0
08-02	19.0	19.0	12.0	11.0	16.0	19.0
08-04	19.0	19.0	9.0	13.0	17.0	19.0
08-06	19.0	19.0	12.0	12.0	17.0	19.0
08-08	20.0	20.0	11.0	12.0	18.0	18.0
08-10	19.0	19.0	11.0	11.0	18.0	19.0
08-12	20.0	20.0	13.0	12.0	18.0	20.0
08-14	21.0	21.0	13.0	13.0	17.0	21.0
08-16	19.0	19.0	12.0	11.0	18.0	19.0
08-18	19.0	19.0	14.0	12.0	19.0	19.0
08-20	19.0	19.0	12.0	13.0	18.0	19.0
08-22	19.0	19.0	12.0	13.0	18.0	19.0
08-24	20.0	20.0	13.0	13.0	18.0	20.0
08-26	20.0	20.0	12.0	13.0	17.0	19.0
08-28	20.0	20.0	12.0	13.0	18.0	20.0
08-30	23.0	23.0	16.0	15.0	21.0	23.0
08-32	19.0	19.0	11.0	13.0	18.0	19.0
08-34	19.0	19.0	12.0	13.0	18.0	19.0
08-36	31.0	31.0	25.0	22.0	24.0	31.0
08-38	20.0	20.0	12.0	15.0	18.0	20.0
08-40	21.0	21.0	14.0	14.0	20.0	20.0
08-42	21.0	21.0	12.0	15.0	19.0	21.0
08-44	21.0	21.0	11.0	14.0	17.0	20.0
08-46	21.0	20.0	14.0	14.0	20.0	20.0
08-48	21.0	21.0	14.0	15.0	19.0	21.0
08-50	20.0	20.0	14.0	13.0	19.0	20.0
08-52	20.0	20.0	14.0	14.0	20.0	20.0
08-54	22.0	22.0	15.0	16.0	19.0	21.0
08-56	20.0	20.0	14.0	14.0	20.0	20.0
08-58	20.0	20.0	14.0	14.0	20.0	20.0
09-00	24.0	24.0	17.0	19.0	21.0	24.0
09-02	20.0	20.0	15.0	14.0	20.0	20.0
09-04	20.0	20.0	14.0	15.0	20.0	21.0
09-06	22.0	22.0	16.0	14.0	20.0	22.0
09-08	20.0	20.0	15.0	15.0	19.0	20.0
09-10	20.0	20.0	15.0	15.0	21.0	21.0
09-12	22.0	22.0	16.0	15.0	21.0	22.0
09-14	21.0	21.0	14.0	15.0	20.0	21.0
09-16	20.0	20.0	16.0	14.0	20.0	20.0
09-18	21.0	21.0	16.0	15.0	18.0	22.0
09-20	21.0	21.0	17.0	16.0	22.0	22.0
09-22	21.0	21.0	14.0	16.0	21.0	21.0
09-24	23.0	23.0	15.0	16.0	20.0	23.0
09-26	22.0	21.0	16.0	15.0	22.0	22.0
09-28	21.0	21.0	16.0	15.0	21.0	21.0
09-30	24.0	23.0	20.0	19.0	23.0	23.0
09-32	21.0	21.0	16.0	16.0	21.0	21.0
09-34	22.0	21.0	15.0	15.0	21.0	21.0
09-36	22.0	22.0	16.0	18.0	21.0	21.0
09-38	22.0	21.0	14.0	16.0	22.0	21.0
09-40	24.0	23.0	16.0	16.0	23.0	23.0
09-42	22.0	22.0	16.0	18.0	21.0	22.0
09-44	22.0	20.0	16.0	16.0	22.0	22.0
09-46	23.0	23.0	15.0	17.0	21.0	22.0
09-48	23.0	23.0	16.0	17.0	20.0	23.0
09-50	22.0	22.0	15.0	17.0	20.0	22.0
09-52	22.0	22.0	15.0	18.0	21.0	22.0
09-54	23.0	22.0	17.0	17.0	23.0	23.0
09-56	22.0	22.0	15.0	18.0	19.0	22.0
09-58	22.0	22.0	16.0	18.0	21.0	22.0
10-00	26.0	26.0	20.0	20.0	24.0	26.0
10-02	22.0	22.0	14.0	17.0	21.0	22.0
10-04	23.0	23.0	15.0	18.0	21.0	23.0
10-06	24.0	24.0	16.0	17.0	23.0	24.0
10-08	23.0	23.0	15.0	17.0	22.0	23.0
10-10	22.0	22.0	15.0	16.0	21.0	22.0
10-12	22.0	22.0	17.0	16.0	22.0	22.0
10-14	23.0	22.0	16.0	18.0	22.0	22.0
10-16	23.0	23.0	16.0	17.0	22.0	22.0
10-18	24.0	24.0	16.0	18.0	22.0	24.0
10-20	24.0	24.0	17.0	20.0	23.0	24.0
10-22	24.0	24.0	15.0	18.0	23.0	24.0
10-24	24.0	22.0	17.0	16.0	22.0	23.0
10-26	24.0	24.0	17.0	17.0	22.0	23.0
10-28	23.0	23.0	16.0	17.0	23.0	23.0
10-30	26.0	26.0	20.0	20.0	24.0	25.0
10-32	23.0	23.0	16.0	18.0	22.0	23.0
10-34	23.0	22.0	16.0	17.0	22.0	23.0
10-36	23.0	23.0	16.0	18.0	22.0	23.0
10-38	23.0	23.0	15.0	18.0	22.0	23.0
10-40	22.0	22.0	17.0	18.0	22.0	22.0
10-42	24.0	23.0	19.0	17.0	24.0	24.0
10-44	23.0	23.0	17.0	19.0	23.0	23.0
10-46	23.0	22.0	18.0	18.0	22.0	22.0
10-48	23.0	23.0	16.0	18.0	23.0	23.0
10-50	23.0	23.0	16.0	19.0	22.0	22.0
10-52	23.0	23.0	17.0	18.0	22.0	23.0
10-54	25.0	26.0	17.0	18.0	24.0	26.0
10-56	24.0	23.0	16.0	18.0	24.0	24.0
10-58	23.0	23.0	16.0	19.0	22.0	23.0
11-00	27.0	27.0	20.0	21.0	25.0	27.0
11-02	23.0	22.0	17.0	18.0	23.0	23.0
11-04	23.0	23.0	16.0	19.0	23.0	23.0
11-06	24.0	24.0	18.0	18.0	23.0	24.0
11-08	24.0	24.0	17.0	17.0	22.0	24.0
11-10	23.0	23.0	17.0	19.0	23.0	23.0
11-12	23.0	23.0	18.0	18.0	23.0	24.0
11-14	24.0	24.0	16.0	19.0	22.0	23.0
11-16	24.0	24.0	17.0	17.0	23.0	23.0
11-18	24.0	24.0	16.0	19.0	24.0	24.0
11-20	24.0	24.0	17.0	19.0	24.0	24.0
11-22	23.0	23.0	17.0	18.0	23.0	23.0
11-24	24.0	24.0	18.0	19.0	24.0	24.0
11-26	24.0	23.0	16.0	19.0	23.0	23.0
11-28	24.0	22.0	16.0	19.0	24.0	24.0
11-30	25.0	26.0	19.0	21.0	24.0	26.0
11-32	24.0	24.0	16.0	18.0	24.0	24.0
11-34	23.0	23.0	17.0	19.0	24.0	24.0
11-36	24.0	24.0	18.0	20.0	23.0	24.0
11-38	23.0	23.0	15.0	19.0	22.0	23.0
11-40	24.0	24.0	17.0	20.0	23.0	24.0
11-42	24.0	24.0	18.0	19.0	23.0	24.0
11-44	24.0	24.0	17.0	19.0	23.0	24.0
11-46	24.0	23.0	17.0	19.0	23.0	23.0
11-48	23.0	23.0	17.0	20.0	22.0	23.0
11-50	24.0	23.0	17.0	18.0	24.0	24.0
11-52	24.0	22.0	18.0	18.0	24.0	24.0
11-54	25.0	24.0	17.0	18.0	24.0	24.0
11-56	23.0	23.0	17.0	18.0	23.0	23.0
11-58	24.0	22.0	16.0	18.0	24.0	24.0
12-00	28.0	28.0	20.0	21.0	27.0	28.0
12-02	23.0	23.0	18.0	19.0	23.0	23.0
12-04	24.0	24.0	18.0	19.0	24.0	24.0
12-06	25.0	24.0	17.0	19.0	24.0	24.0
12-08	23.0	23.0	18.0	19.0	23.0	24.0
12-10	24.0	24.0	17.0	19.0	24.0	24.0
12-12	25.0	25.0	18.0	19.0	24.0	25.0
12-14	24.0	24.0	16.0	19.0	22.0	24.0
12-16	24.0	24.0	16.0	20.0	23.0	24.0
12-18	24.0	23.0	17.0	20.0	23.0	23.0
12-20	25.0	25.0	19.0	20.0	24.0	26.0
12-22	23.0	23.0	16.0	18.0	23.0	24.0
12-24	25.0	25.0	19.0	22.0	24.0	25.0
12-26	24.0	24.0	16.0	19.0	24.0	24.0
12-28	24.0	24.0	18.0	18.0	23.0	24.0
12-30	27.0	27.0	20.0	23.0	25.0	27.0
12-32	23.0	23.0	17.0	19.0	23.0	23.0
12-34	24.0	23.0	17.0	19.0	24.0	23.0
12-36	24.0	24.0	19.0	20.0	24.0	24.0
12-38	25.0	25.0	18.0	19.0	23.0	25.0
12-40	25.0	25.0	20.0	19.0	24.0	25.0
12-42	25.0	25.0	17.0	20.0	24.0	25.0
12-44	25.0	25.0	17.0	18.0	24.0	25.0
12-46	24.0	24.0	17.0	19.0	24.0	24.0
12-48	24.0	24.0	16.0	20.0	24.0	24.0
12-50	24.0	24.0	17.0	19.0	23.0	25.0
12-52	24.0	24.0	17.0	20.0	24.0	24.0
12-54	26.0	26.0	18.0	20.0	24.0	25.0
12-56	25.0	25.0	17.0	18.0	23.0	24.0
12-58	25.0	25.0	19.0	19.0	24.0	24.0
13-00	28.0	28.0	22.0	24.0	26.0	28.0
13-02	24.0	24.0	19.0	20.0	24.0	24.0
13-04	24.0	23.0	19.0	20.0	24.0	24.0
13-06	25.0	25.0	21.0	19.0	24.0	25.0
13-08	24.0	24.0	18.0	19.0	24.0	24.0
13-10	24.0	24.0	19.0	19.0	24.0	24.0
13-12	24.0	24.0	20.0	20.0	24.0	24.0
13-14	24.0	24.0	20.0	19.0	24.0	24.0
13-16	25.0	25.0	19.0	19.0	24.0	24.0
13-18	26.0	26.0	21.0	20.0	24.0	26.0
13-20	25.0	25.0	20.0	19.0	25.0	25.0
13-22	25.0	25.0	18.0	19.0	24.0	25.0
13-24	26.0	26.0	19.0	20.0	25.0	26.0
13-26	26.0	26.0	19.0	21.0	24.0	26.0
13-28	25.0	25.0	17.0	20.0	24.0	25.0
13-30	29.0	29.0	21.0	24.0	26.0	29.0
13-32	24.0	24.0	18.0	20.0	24.0	24.0
13-34	25.0	25.0	19.0	20.0	24.0	25.0
13-36	26.0	26.0	19.0	20.0	24.0	26.0
13-38	25.0	25.0	19.0	20.0	23.0	25.0
13-40	25.0	25.0	21.0	20.0	24.0	25.0
13-42	26.0	26.0	20.0	20.0	24.0	26.0
13-44	24.0	24.0	19.0	20.0	24.0	24.0
13-46	24.0	24.0	19.0	20.0	24.0	25.0
13-48	25.0	25.0	20.0	20.0	24.0	25.0
13-50	25.0	25.0	19.0	21.0	24.0	25.0
13-52	25.0	25.0	19.0	20.0	24.0	25.0
13-54	26.0	26.0	19.0	22.0	25.0	26.0
13-56	24.0	24.0	19.0	19.0	24.0	25.0
13-58	26.0	26.0	19.0	20.0	24.0	26.0
14-00	27.0	27.0	24.0	22.0	27.0	27.0
14-02	25.0	25.0	21.0	19.0	24.0	25.0
14-04	25.0	25.0	19.0	20.0	24.0	25.0
14-06	26.0	26.0	20.0	21.0	24.0	25.0
14-08	25.0	25.0	20.0	19.0	25.0	25.0
14-10	25.0	24.0	19.0	20.0	25.0	25.0
14-12	26.0	26.0	20.0	21.0	24.0	26.0
14-14	25.0	25.0	19.0	20.0	24.0	25.0
14-16	26.0	26.0	19.0	21.0	24.0	26.0
14-18	25.0	25.0	20.0	21.0	24.0	25.0
14-20	34.0	34.0	27.0	29.0	30.0	34.0
14-22	32.0	32.0	26.0	28.0	30.0	32.0
14-24	27.0	27.0	26.0	26.0	26.0	27.0
14-26	25.0	25.0	20.0	22.0	24.0	26.0
14-28	25.0	25.0	19.0	22.0	24.0	25.0
14-30	28.0	28.0	22.0	24.0	25.0	28.0
14-32	26.0	26.0	19.0	20.0	24.0	26.0
14-34	25.0	25.0	18.0	20.0	24.0	24.0
14-36	25.0	25.0	23.0	22.0	24.0	26.0
14-38	25.0	25.0	20.0	20.0	24.0	25.0
14-40	25.0	25.0	20.0	21.0	24.0	25.0
14-42	25.0	25.0	19.0	21.0	24.0	25.0
14-44	24.0	24.0	20.0	21.0	24.0	25.0
14-46	26.0	26.0	19.0	21.0	24.0	26.0
14-48	27.0	27.0	20.0	21.0	25.0	27.0
14-50	25.0	25.0	20.0	20.0	24.0	25.0
14-52	25.0	25.0	16.0	21.0	24.0	25.0
14-54	26.0	26.0	19.0	21.0	24.0	26.0
14-56	25.0	25.0	19.0	21.0	24.0	25.0
14-58	25.0	25.0	19.0	20.0	24.0	25.0
15-00	30.0	30.0	24.0	25.0	28.0	28.0
15-02	26.0	26.0	20.0	20.0	24.0	26.0
15-04	26.0	26.0	20.0	22.0	24.0	26.0
15-06	27.0	27.0	19.0	22.0	24.0	27.0
15-08	25.0	25.0	20.0	20.0	24.0	25.0
15-10	25.0	25.0	20.0	20.0	24.0	25.0
15-12	25.0	25.0	19.0	20.0	25.0	25.0
15-14	26.0	26.0	20.0	20.0	24.0	25.0
15-16	25.0	25.0	18.0	20.0	23.0	25.0
15-18	26.0	26.0	25.0	25.0	25.0	26.0
15-20	25.0	25.0	20.0	20.0	24.0	25.0
15-22	24.0	24.0	20.0	21.0	24.0	25.0
15-24	25.0	25.0	20.0	22.0	24.0	25.0
15-26	25.0	25.0	20.0	20.0	24.0	25.0
15-28	25.0	25.0	20.0	20.0	24.0	25.0
15-30	26.0	26.0	22.0	23.0	26.0	27.0
15-32	26.0	26.0	20.0	21.0	24.0	26.0
15-34	24.0	24.0	20.0	20.0	24.0	24.0
15-36	26.0	26.0	20.0	21.0	24.0	26.0
15-38	24.0	25.0	20.0	21.0	25.0	25.0
15-40	24.0	24.0	20.0	20.0	26.0	26.0
15-42	28.0	28.0	23.0	22.0	26.0	28.0
15-44	28.0	28.0	24.0	25.0	27.0	28.0
15-46	41.0	35.0	31.0	36.0	41.0	41.0
15-48	42.0	39.0	35.0	42.0	40.0	42.0
15-50	30.0	30.0	23.0	26.0	28.0	31.0
15-52	26.0	26.0	20.0	21.0	24.0	28.0
15-54	26.0	26.0	20.0	22.0	24.0	25.0
15-56	25.0	25.0	18.0	21.0	24.0	27.0
15-58	25.0	25.0	19.0	21.0	24.0	26.0
16-00	27.0	27.0	23.0	24.0	27.0	27.0
16-02	26.0	26.0	18.0	20.0	23.0	26.0
16-04	25.0	25.0	18.0	20.0	24.0	25.0
16-06	27.0	27.0	21.0	23.0	27.0	28.0
16-08	56.0	56.0	54.0	56.0	53.0	56.0
16-10	32.0	32.0	27.0	26.0	30.0	32.0
16-12	27.0	27.0	21.0	21.0	26.0	28.0
16-14	25.0	25.0	20.0	20.0	24.0	25.0
16-16	25.0	25.0	18.0	20.0	24.0	26.0
16-18	42.0	42.0	32.0	32.0	34.0	42.0
16-20	68.0	68.0	67.0	67.0	67.0	68.0
16-22	74.0	74.0	72.0	74.0	73.0	74.0
16-24	78.0	78.0	77.0	78.0	75.0	78.0
16-26	78.0	79.0	77.0	78.0	76.0	79.0
16-28	46.0	46.0	43.0	45.0	44.0	46.0
16-30	77.0	76.0	77.0	76.0	73.0	78.0
16-32	80.0	78.0	77.0	80.0	76.0	79.0
16-34	79.0	79.0	79.0	78.0	78.0	79.0
16-36	80.0	80.0	79.0	79.0	79.0	80.0
16-38	65.0	60.0	63.0	61.0	65.0	65.0
16-40	77.0	75.0	77.0	77.0	75.0	77.0
16-42	76.0	76.0	76.0	76.0	76.0	76.0
16-44	80.0	80.0	77.0	79.0	75.0	80.0
16-46	78.0	77.0	78.0	78.0	77.0	78.0
16-48	56.0	55.0	54.0	56.0	56.0	56.0
16-50	43.0	41.0	37.0	40.0	43.0	43.0
16-52	34.0	34.0	28.0	29.0	30.0	34.0
16-54	32.0	32.0	27.0	26.0	29.0	32.0
16-56	39.0	39.0	33.0	31.0	35.0	39.0
16-58	31.0	31.0	27.0	28.0	31.0	31.0
17-00	28.0	28.0	26.0	24.0	26.0	28.0
17-02	25.0	25.0	19.0	20.0	24.0	25.0
17-04	24.0	24.0	19.0	19.0	23.0	24.0
17-06	25.0	25.0	20.0	21.0	24.0	24.0
17-08	25.0	25.0	19.0	20.0	24.0	25.0
17-10	25.0	25.0	21.0	21.0	24.0	25.0
17-12	28.0	28.0	24.0	23.0	26.0	28.0
17-14	44.0	43.0	38.0	44.0	41.0	44.0
17-16	67.0	66.0	64.0	67.0	66.0	67.0
17-18	73.0	72.0	72.0	72.0	72.0	73.0
17-20	77.0	75.0	77.0	76.0	74.0	77.0
17-22	77.0	75.0	76.0	77.0	74.0	77.0
17-24	73.0	73.0	73.0	73.0	73.0	74.0
17-26	60.0	60.0	60.0	60.0	60.0	61.0
17-28	72.0	72.0	71.0	71.0	72.0	72.0
17-30	73.0	72.0	73.0	72.0	71.0	73.0
17-32	77.0	75.0	77.0	75.0	72.0	77.0
17-34	73.0	72.0	71.0	73.0	71.0	73.0
17-36	70.0	70.0	69.0	63.0	65.0	70.0
17-38	76.0	73.0	76.0	75.0	74.0	76.0
17-40	73.0	73.0	72.0	73.0	72.0	73.0
17-42	77.0	75.0	77.0	76.0	75.0	77.0
17-44	73.0	72.0	72.0	73.0	71.0	73.0
17-46	47.0	47.0	46.0	43.0	43.0	47.0
17-48	32.0	32.0	28.0	29.0	32.0	32.0
17-50	30.0	29.0	24.0	25.0	28.0	29.0
17-52	38.0	38.0	30.0	29.0	31.0	37.0
17-54	37.0	37.0	32.0	31.0	34.0	37.0
17-56	29.0	29.0	25.0	26.0	28.0	29.0
17-58	27.0	27.0	23.0	24.0	26.0	27.0
18-00	29.0	29.0	24.0	24.0	27.0	29.0
18-02	72.0	71.0	71.0	72.0	70.0	72.0
18-04	48.0	43.0	40.0	48.0	43.0	48.0
18-06	34.0	33.0	28.0	29.0	29.0	33.0
18-08	52.0	51.0	48.0	52.0	48.0	52.0
18-10	47.0	47.0	38.0	40.0	39.0	47.0
18-12	67.0	68.0	66.0	66.0	65.0	68.0
18-14	75.0	74.0	75.0	74.0	73.0	75.0
18-16	76.0	75.0	76.0	74.0	73.0	76.0
18-18	76.0	76.0	75.0	75.0	73.0	76.0
18-20	72.0	71.0	70.0	72.0	69.0	72.0
18-22	71.0	71.0	69.0	69.0	67.0	72.0
18-24	75.0	73.0	75.0	75.0	74.0	75.0
18-26	75.0	73.0	75.0	74.0	73.0	75.0
18-28	76.0	75.0	76.0	76.0	74.0	76.0
18-30	72.0	71.0	70.0	72.0	71.0	72.0
18-32	76.0	74.0	74.0	76.0	74.0	76.0
18-34	75.0	75.0	74.0	73.0	72.0	76.0
18-36	76.0	73.0	76.0	75.0	74.0	75.0
18-38	77.0	77.0	74.0	74.0	73.0	77.0
18-40	72.0	70.0	72.0	70.0	68.0	72.0
18-42	42.0	42.0	36.0	36.0	36.0	42.0
18-44	31.0	31.0	27.0	27.0	28.0	32.0
18-46	34.0	34.0	28.0	27.0	29.0	34.0
18-48	37.0	37.0	32.0	29.0	30.0	37.0
18-50	39.0	35.0	32.0	33.0	39.0	40.0
18-52	29.0	29.0	25.0	24.0	27.0	28.0
18-54	27.0	27.0	22.0	21.0	24.0	27.0
18-56	49.0	49.0	47.0	48.0	46.0	49.0
18-58	73.0	72.0	73.0	73.0	71.0	73.0
19-00	52.0	52.0	45.0	44.0	45.0	53.0
19-02	33.0	33.0	28.0	29.0	31.0	33.0
19-04	27.0	27.0	21.0	23.0	27.0	27.0
19-06	44.0	38.0	35.0	38.0	44.0	44.0
19-08	66.0	65.0	64.0	66.0	64.0	66.0
19-10	73.0	71.0	73.0	72.0	69.0	73.0
19-12	75.0	73.0	74.0	75.0	72.0	75.0
19-14	76.0	76.0	76.0	74.0	72.0	76.0
19-16	42.0	42.0	42.0	42.0	42.0	42.0
19-18	57.0	56.0	55.0	57.0	55.0	57.0
19-20	69.0	69.0	68.0	68.0	66.0	68.0
19-22	72.0	70.0	69.0	72.0	68.0	72.0
19-24	73.0	73.0	72.0	73.0	70.0	73.0
19-26	71.0	71.0	71.0	71.0	70.0	71.0
19-28	68.0	68.0	65.0	66.0	66.0	68.0
19-30	73.0	72.0	71.0	72.0	73.0	73.0
19-32	73.0	71.0	71.0	73.0	71.0	74.0
19-34	73.0	73.0	73.0	73.0	71.0	73.0
19-36	72.0	72.0	71.0	71.0	69.0	72.0
19-38	45.0	45.0	44.0	42.0	42.0	45.0
19-40	29.0	29.0	25.0	25.0	29.0	30.0
19-42	33.0	33.0	26.0	26.0	28.0	33.0
19-44	35.0	30.0	28.0	29.0	35.0	35.0
19-46	35.0	33.0	28.0	28.0	35.0	35.0
19-48	29.0	29.0	23.0	24.0	26.0	29.0
19-50	28.0	28.0	21.0	22.0	24.0	28.0
19-52	25.0	25.0	20.0	20.0	24.0	25.0
19-54	68.0	67.0	68.0	67.0	66.0	68.0
19-56	42.0	40.0	36.0	43.0	38.0	43.0
19-58	28.0	28.0	22.0	23.0	27.0	28.0
20-00	64.0	64.0	62.0	63.0	62.0	64.0
20-02	61.0	61.0	57.0	60.0	58.0	61.0
20-04	70.0	70.0	69.0	69.0	66.0	70.0
20-06	72.0	72.0	70.0	71.0	69.0	72.0
20-08	75.0	75.0	72.0	73.0	72.0	75.0
20-10	70.0	70.0	70.0	71.0	69.0	71.0
20-12	54.0	54.0	47.0	53.0	53.0	53.0
20-14	68.0	68.0	67.0	67.0	67.0	68.0
20-16	70.0	70.0	69.0	70.0	68.0	70.0
20-18	73.0	73.0	73.0	72.0	72.0	73.0
20-20	71.0	71.0	71.0	71.0	68.0	71.0
20-22	63.0	63.0	62.0	56.0	52.0	63.0
20-24	73.0	73.0	71.0	71.0	70.0	73.0
20-26	72.0	71.0	72.0	71.0	69.0	72.0
20-28	74.0	74.0	72.0	73.0	72.0	74.0
20-30	71.0	71.0	70.0	71.0	69.0	71.0
20-32	49.0	47.0	48.0	47.0	49.0	49.0
20-34	30.0	30.0	27.0	26.0	30.0	30.0
20-36	28.0	28.0	23.0	24.0	27.0	27.0
20-38	33.0	30.0	26.0	29.0	33.0	33.0
20-40	34.0	30.0	28.0	28.0	33.0	34.0
20-42	29.0	29.0	24.0	26.0	28.0	31.0
20-44	26.0	26.0	20.0	25.0	24.0	26.0
20-46	25.0	25.0	19.0	20.0	24.0	25.0
20-48	65.0	64.0	63.0	65.0	61.0	65.0
20-50	44.0	39.0	36.0	44.0	41.0	44.0
20-52	27.0	27.0	23.0	24.0	27.0	27.0
20-54	61.0	61.0	58.0	61.0	59.0	61.0
20-56	52.0	51.0	47.0	52.0	48.0	52.0
20-58	66.0	66.0	64.0	65.0	64.0	66.0
21-00	70.0	70.0	69.0	69.0	68.0	70.0
21-02	72.0	72.0	71.0	71.0	69.0	72.0
21-04	70.0	70.0	69.0	70.0	68.0	71.0
21-06	37.0	37.0	34.0	37.0	38.0	38.0
21-08	70.0	69.0	70.0	68.0	66.0	70.0
21-10	73.0	71.0	72.0	73.0	69.0	73.0
21-12	75.0	74.0	73.0	75.0	72.0	75.0
21-14	74.0	72.0	73.0	75.0	71.0	75.0
21-16	68.0	61.0	64.0	67.0	68.0	68.0
21-18	71.0	69.0	69.0	70.0	70.0	71.0
21-20	73.0	72.0	73.0	71.0	70.0	73.0
21-22	73.0	72.0	72.0	73.0	71.0	73.0
21-24	72.0	71.0	72.0	71.0	71.0	72.0
21-26	58.0	56.0	58.0	57.0	57.0	58.0
21-28	31.0	30.0	27.0	27.0	31.0	31.0
21-30	28.0	28.0	24.0	25.0	28.0	29.0
21-32	34.0	29.0	26.0	26.0	33.0	33.0
21-34	34.0	31.0	26.0	28.0	33.0	33.0
21-36	36.0	36.0	36.0	33.0	33.0	36.0
21-38	26.0	26.0	20.0	21.0	24.0	27.0
21-40	26.0	26.0	19.0	20.0	23.0	26.0
21-42	57.0	57.0	55.0	57.0	55.0	57.0
21-44	56.0	56.0	47.0	47.0	47.0	56.0
21-46	39.0	39.0	39.0	35.0	36.0	39.0
21-48	25.0	25.0	19.0	20.0	23.0	25.0
21-50	21.0	21.0	15.0	17.0	20.0	22.0
21-52	20.0	20.0	14.0	15.0	19.0	21.0
21-54	21.0	21.0	15.0	16.0	20.0	21.0
21-56	21.0	21.0	12.0	14.0	19.0	21.0
21-58	20.0	20.0	13.0	15.0	19.0	20.0
22-00	24.0	24.0	15.0	17.0	22.0	24.0
22-02	20.0	20.0	12.0	16.0	19.0	20.0
22-04	20.0	20.0	12.0	15.0	19.0	20.0
22-06	29.0	29.0	28.0	25.0	26.0	29.0
22-08	38.0	33.0	28.0	29.0	38.0	38.0
22-10	46.0	43.0	38.0	47.0	41.0	47.0
22-12	44.0	40.0	37.0	41.0	44.0	44.0
22-14	46.0	42.0	39.0	46.0	41.0	46.0
22-16	26.0	26.0	18.0	20.0	23.0	25.0
22-18	24.0	24.0	16.0	19.0	21.0	24.0
22-20	22.0	22.0	17.0	16.0	21.0	22.0
22-22	66.0	66.0	64.0	67.0	65.0	67.0
22-24	44.0	42.0	38.0	44.0	41.0	44.0
22-26	44.0	38.0	33.0	38.0	44.0	44.0
22-28	42.0	38.0	33.0	38.0	42.0	42.0
22-30	44.0	44.0	41.0	43.0	41.0	45.0
22-32	42.0	38.0	33.0	42.0	37.0	42.0
22-34	42.0	37.0	34.0	37.0	42.0	42.0
22-36	42.0	37.0	35.0	42.0	39.0	42.0
22-38	40.0	39.0	40.0	37.0	36.0	40.0
22-40	42.0	38.0	34.0	36.0	42.0	42.0
22-42	45.0	45.0	36.0	36.0	36.0	45.0
22-44	43.0	39.0	34.0	37.0	43.0	43.0
22-46	41.0	35.0	32.0	41.0	36.0	41.0
22-48	39.0	36.0	33.0	40.0	36.0	40.0
22-50	39.0	35.0	31.0	39.0	35.0	39.0
22-52	40.0	35.0	30.0	34.0	40.0	40.0
22-54	39.0	36.0	32.0	39.0	34.0	39.0
22-56	38.0	37.0	38.0	34.0	34.0	38.0
22-58	42.0	42.0	32.0	30.0	31.0	42.0
23-00	43.0	43.0	35.0	35.0	36.0	43.0
23-02	43.0	43.0	33.0	32.0	34.0	42.0
23-04	40.0	36.0	32.0	36.0	40.0	41.0
23-06	42.0	38.0	35.0	42.0	37.0	42.0
23-08	45.0	45.0	36.0	35.0	36.0	45.0
23-10	42.0	38.0	33.0	42.0	37.0	42.0
23-12	43.0	39.0	36.0	43.0	40.0	43.0
23-14	41.0	37.0	34.0	41.0	37.0	41.0
23-16	41.0	38.0	34.0	41.0	37.0	41.0
23-18	41.0	37.0	33.0	37.0	41.0	41.0
23-20	41.0	38.0	34.0	41.0	37.0	41.0
23-22	36.0	34.0	31.0	33.0	36.0	36.0
23-24	55.0	53.0	51.0	53.0	55.0	55.0
23-26	47.0	43.0	40.0	47.0	42.0	47.0
23-28	45.0	42.0	39.0	45.0	42.0	45.0
23-30	67.0	67.0	66.0	67.0	65.0	67.0
23-32	49.0	46.0	49.0	46.0	45.0	49.0
23-34	43.0	38.0	37.0	43.0	40.0	43.0
23-36	42.0	40.0	36.0	42.0	38.0	42.0
23-38	42.0	37.0	33.0	36.0	41.0	41.0
23-40	42.0	38.0	35.0	36.0	42.0	41.0
23-42	42.0	38.0	34.0	36.0	42.0	42.0
23-44	39.0	37.0	34.0	39.0	38.0	39.0
23-46	43.0	43.0	36.0	34.0	35.0	44.0
23-48	43.0	37.0	33.0	35.0	42.0	42.0
23-50	38.0	37.0	38.0	35.0	35.0	38.0
23-52	43.0	43.0	35.0	35.0	35.0	43.0
23-54	45.0	45.0	41.0	38.0	40.0	45.0
23-56	39.0	36.0	31.0	39.0	36.0	39.0
23-58	40.0	34.0	32.0	40.0	35.0	40.0
