00-00	22.0	22.0	18.0	15.0	21.0	23.0
00-02	21.0	21.0	14.0	14.0	19.0	20.0
00-04	20.0	20.0	13.0	13.0	18.0	20.0
00-06	21.0	21.0	15.0	15.0	19.0	21.0
00-08	21.0	21.0	13.0	14.0	18.0	21.0
00-10	20.0	18.0	14.0	13.0	20.0	20.0
00-12	20.0	20.0	15.0	13.0	20.0	20.0
00-14	20.0	19.0	13.0	12.0	20.0	20.0
00-16	20.0	20.0	14.0	13.0	18.0	20.0
00-18	20.0	20.0	14.0	13.0	19.0	20.0
00-20	20.0	19.0	15.0	14.0	20.0	21.0
00-22	19.0	19.0	13.0	13.0	18.0	19.0
00-24	19.0	19.0	13.0	13.0	19.0	20.0
00-26	20.0	17.0	13.0	13.0	20.0	20.0
00-28	20.0	18.0	14.0	13.0	20.0	20.0
00-30	21.0	21.0	17.0	17.0	21.0	21.0
00-32	19.0	19.0	14.0	13.0	18.0	19.0
00-34	19.0	19.0	13.0	14.0	19.0	19.0
00-36	19.0	19.0	15.0	13.0	19.0	19.0
00-38	19.0	19.0	13.0	12.0	19.0	19.0
00-40	20.0	20.0	14.0	12.0	20.0	20.0
00-42	20.0	20.0	14.0	12.0	20.0	20.0
00-44	19.0	19.0	14.0	11.0	19.0	19.0
00-46	19.0	19.0	14.0	13.0	17.0	19.0
00-48	20.0	20.0	14.0	14.0	18.0	20.0
00-50	19.0	19.0	12.0	13.0	18.0	19.0
00-52	20.0	20.0	12.0	13.0	18.0	20.0
00-54	20.0	20.0	12.0	13.0	19.0	21.0
00-56	20.0	18.0	13.0	11.0	20.0	20.0
00-58	20.0	19.0	12.0	12.0	20.0	20.0
01-00	22.0	21.0	16.0	15.0	22.0	22.0
01-02	20.0	19.0	14.0	12.0	20.0	20.0
01-04	20.0	19.0	12.0	12.0	19.0	19.0
01-06	20.0	20.0	13.0	14.0	19.0	19.0
01-08	20.0	19.0	13.0	13.0	20.0	20.0
01-10	20.0	20.0	14.0	12.0	18.0	19.0
01-12	19.0	19.0	14.0	13.0	19.0	20.0
01-14	20.0	20.0	13.0	12.0	19.0	20.0
01-16	20.0	19.0	13.0	11.0	18.0	20.0
01-18	20.0	19.0	12.0	13.0	20.0	20.0
01-20	20.0	20.0	13.0	14.0	18.0	20.0
01-22	19.0	19.0	13.0	13.0	18.0	21.0
01-24	19.0	19.0	13.0	14.0	18.0	19.0
01-26	20.0	20.0	14.0	12.0	19.0	19.0
01-28	19.0	18.0	14.0	12.0	19.0	19.0
01-30	22.0	22.0	16.0	15.0	21.0	22.0
01-32	19.0	19.0	14.0	12.0	19.0	19.0
01-34	19.0	19.0	14.0	12.0	19.0	19.0
01-36	19.0	19.0	15.0	12.0	19.0	19.0
01-38	20.0	19.0	12.0	11.0	20.0	20.0
01-40	20.0	19.0	13.0	13.0	20.0	20.0
01-42	19.0	20.0	12.0	14.0	19.0	20.0
01-44	20.0	20.0	12.0	13.0	18.0	20.0
01-46	20.0	20.0	11.0	12.0	18.0	20.0
01-48	20.0	20.0	13.0	13.0	18.0	20.0
01-50	19.0	19.0	13.0	13.0	17.0	19.0
01-52	20.0	20.0	12.0	14.0	18.0	20.0
01-54	21.0	21.0	14.0	13.0	18.0	21.0
01-56	18.0	19.0	13.0	12.0	18.0	19.0
01-58	20.0	20.0	11.0	12.0	18.0	20.0
02-00	23.0	23.0	15.0	16.0	21.0	23.0
02-02	19.0	19.0	11.0	13.0	19.0	20.0
02-04	19.0	19.0	12.0	13.0	18.0	19.0
02-06	19.0	19.0	12.0	13.0	18.0	19.0
02-08	19.0	19.0	13.0	11.0	18.0	19.0
02-10	21.0	21.0	13.0	12.0	18.0	21.0
02-12	20.0	20.0	14.0	13.0	19.0	20.0
02-14	20.0	20.0	12.0	13.0	19.0	20.0
02-16	19.0	18.0	13.0	11.0	19.0	19.0
02-18	19.0	19.0	14.0	13.0	19.0	19.0
02-20	20.0	20.0	13.0	13.0	20.0	20.0
02-22	20.0	18.0	14.0	13.0	18.0	19.0
02-24	20.0	20.0	13.0	11.0	20.0	20.0
02-26	19.0	19.0	12.0	12.0	19.0	19.0
02-28	19.0	19.0	13.0	12.0	19.0	19.0
02-30	22.0	21.0	16.0	14.0	22.0	22.0
02-32	19.0	19.0	14.0	12.0	19.0	19.0
02-34	20.0	19.0	13.0	11.0	19.0	19.0
02-36	21.0	19.0	14.0	12.0	20.0	20.0
02-38	20.0	20.0	12.0	12.0	19.0	20.0
02-40	21.0	21.0	13.0	13.0	18.0	20.0
02-42	20.0	20.0	12.0	12.0	19.0	20.0
02-44	20.0	20.0	12.0	13.0	18.0	20.0
02-46	19.0	19.0	13.0	13.0	19.0	19.0
02-48	19.0	18.0	14.0	14.0	20.0	20.0
02-50	20.0	20.0	13.0	13.0	19.0	20.0
02-52	19.0	19.0	14.0	13.0	20.0	20.0
02-54	20.0	20.0	13.0	14.0	18.0	20.0
02-56	20.0	19.0	13.0	14.0	20.0	20.0
02-58	19.0	19.0	14.0	12.0	19.0	19.0
03-00	21.0	21.0	16.0	17.0	20.0	22.0
03-02	19.0	19.0	14.0	12.0	18.0	19.0
03-04	19.0	19.0	13.0	12.0	19.0	19.0
03-06	19.0	19.0	14.0	13.0	19.0	19.0
03-08	20.0	20.0	13.0	13.0	18.0	20.0
03-10	19.0	19.0	12.0	13.0	18.0	19.0
03-12	20.0	20.0	14.0	14.0	18.0	20.0
03-14	20.0	20.0	13.0	13.0	18.0	20.0
03-16	20.0	20.0	13.0	13.0	18.0	19.0
03-18	20.0	20.0	14.0	13.0	19.0	20.0
03-20	21.0	21.0	15.0	13.0	19.0	21.0
03-22	19.0	19.0	13.0	13.0	19.0	19.0
03-24	20.0	20.0	14.0	13.0	18.0	20.0
03-26	19.0	19.0	11.0	13.0	18.0	21.0
03-28	19.0	19.0	12.0	14.0	19.0	19.0
03-30	22.0	22.0	15.0	17.0	23.0	23.0
03-32	19.0	19.0	13.0	14.0	17.0	19.0
03-34	19.0	19.0	12.0	14.0	19.0	20.0
03-36	21.0	20.0	11.0	14.0	18.0	20.0
03-38	19.0	20.0	12.0	14.0	18.0	20.0
03-40	20.0	20.0	13.0	13.0	19.0	20.0
03-42	20.0	20.0	13.0	15.0	18.0	20.0
03-44	20.0	20.0	11.0	13.0	17.0	20.0
03-46	20.0	20.0	11.0	14.0	18.0	20.0
03-48	20.0	20.0	13.0	14.0	18.0	20.0
03-50	20.0	20.0	12.0	12.0	18.0	18.0
03-52	20.0	20.0	14.0	13.0	18.0	20.0
03-54	20.0	20.0	13.0	14.0	19.0	20.0
03-56	21.0	21.0	12.0	15.0	17.0	20.0
03-58	19.0	19.0	12.0	13.0	17.0	20.0
04-00	23.0	23.0	15.0	16.0	20.0	24.0
04-02	20.0	20.0	13.0	14.0	18.0	20.0
04-04	20.0	20.0	12.0	14.0	18.0	20.0
04-06	21.0	21.0	12.0	14.0	18.0	21.0
04-08	19.0	19.0	12.0	13.0	19.0	19.0
04-10	19.0	19.0	13.0	13.0	17.0	18.0
04-12	20.0	20.0	13.0	13.0	20.0	20.0
04-14	19.0	19.0	12.0	12.0	18.0	19.0
04-16	19.0	19.0	11.0	13.0	19.0	19.0
04-18	19.0	19.0	12.0	14.0	18.0	19.0
04-20	20.0	20.0	13.0	12.0	20.0	20.0
04-22	20.0	20.0	12.0	13.0	19.0	20.0
04-24	21.0	21.0	12.0	13.0	19.0	20.0
04-26	20.0	20.0	12.0	13.0	18.0	20.0
04-28	19.0	19.0	11.0	13.0	17.0	19.0
04-30	22.0	22.0	16.0	14.0	20.0	22.0
04-32	19.0	19.0	11.0	13.0	17.0	19.0
04-34	19.0	19.0	12.0	13.0	17.0	19.0
04-36	20.0	20.0	13.0	14.0	19.0	19.0
04-38	20.0	20.0	12.0	14.0	17.0	20.0
04-40	21.0	21.0	13.0	13.0	19.0	19.0
04-42	20.0	21.0	13.0	13.0	19.0	21.0
04-44	19.0	19.0	12.0	14.0	18.0	19.0
04-46	19.0	19.0	12.0	12.0	18.0	19.0
04-48	20.0	20.0	12.0	14.0	18.0	19.0
04-50	19.0	19.0	12.0	13.0	17.0	19.0
04-52	19.0	19.0	12.0	14.0	19.0	19.0
04-54	21.0	21.0	14.0	15.0	18.0	21.0
04-56	18.0	18.0	14.0	12.0	20.0	20.0
04-58	19.0	19.0	13.0	13.0	17.0	19.0
05-00	22.0	22.0	17.0	18.0	21.0	22.0
05-02	19.0	19.0	14.0	13.0	19.0	19.0
05-04	19.0	18.0	14.0	13.0	19.0	19.0
05-06	19.0	19.0	15.0	12.0	20.0	20.0
05-08	18.0	17.0	13.0	13.0	18.0	18.0
05-10	19.0	19.0	13.0	12.0	20.0	20.0
05-12	19.0	19.0	14.0	12.0	18.0	19.0
05-14	19.0	18.0	14.0	13.0	19.0	19.0
05-16	19.0	19.0	12.0	13.0	17.0	19.0
05-18	20.0	20.0	13.0	15.0	19.0	20.0
05-20	19.0	19.0	15.0	14.0	17.0	19.0
05-22	20.0	20.0	12.0	13.0	18.0	20.0
05-24	19.0	19.0	14.0	14.0	19.0	20.0
05-26	20.0	20.0	13.0	13.0	17.0	20.0
05-28	19.0	19.0	13.0	13.0	17.0	20.0
05-30	21.0	21.0	16.0	16.0	22.0	22.0
05-32	19.0	19.0	11.0	13.0	19.0	19.0
05-34	19.0	19.0	14.0	13.0	19.0	19.0
05-36	19.0	19.0	13.0	14.0	18.0	19.0
05-38	18.0	18.0	12.0	12.0	19.0	19.0
05-40	19.0	19.0	14.0	14.0	18.0	19.0
05-42	19.0	19.0	12.0	13.0	17.0	19.0
05-44	18.0	18.0	13.0	12.0	18.0	18.0
05-46	19.0	19.0	13.0	13.0	17.0	19.0
05-48	19.0	19.0	13.0	14.0	18.0	19.0
05-50	19.0	19.0	12.0	13.0	17.0	19.0
05-52	19.0	18.0	12.0	13.0	18.0	19.0
05-54	18.0	18.0	13.0	14.0	18.0	19.0
05-56	19.0	19.0	13.0	12.0	17.0	19.0
05-58	20.0	21.0	14.0	13.0	18.0	21.0
06-00	22.0	22.0	16.0	15.0	22.0	22.0
06-02	20.0	19.0	12.0	12.0	17.0	20.0
06-04	19.0	19.0	12.0	13.0	19.0	19.0
06-06	20.0	20.0	13.0	13.0	18.0	20.0
06-08	19.0	19.0	11.0	13.0	18.0	19.0
06-10	19.0	19.0	12.0	14.0	18.0	19.0
06-12	19.0	19.0	13.0	14.0	19.0	19.0
06-14	18.0	18.0	11.0	12.0	18.0	20.0
06-16	18.0	18.0	12.0	14.0	16.0	19.0
06-18	19.0	19.0	12.0	13.0	19.0	19.0
06-20	19.0	19.0	14.0	13.0	19.0	19.0
06-22	19.0	19.0	11.0	14.0	18.0	20.0
06-24	20.0	20.0	13.0	14.0	19.0	20.0
06-26	19.0	19.0	12.0	13.0	18.0	19.0
06-28	19.0	19.0	12.0	13.0	17.0	20.0
06-30	21.0	20.0	14.0	15.0	21.0	21.0
06-32	19.0	19.0	13.0	11.0	19.0	19.0
06-34	18.0	17.0	13.0	12.0	18.0	18.0
06-36	19.0	19.0	14.0	13.0	18.0	19.0
06-38	19.0	19.0	12.0	12.0	16.0	19.0
06-40	20.0	19.0	14.0	12.0	19.0	20.0
06-42	21.0	21.0	12.0	12.0	19.0	21.0
06-44	19.0	19.0	12.0	13.0	18.0	19.0
06-46	19.0	19.0	14.0	13.0	18.0	19.0
06-48	20.0	20.0	14.0	12.0	17.0	20.0
06-50	18.0	18.0	13.0	11.0	18.0	18.0
06-52	18.0	17.0	13.0	12.0	18.0	18.0
06-54	19.0	19.0	14.0	11.0	17.0	19.0
06-56	19.0	19.0	12.0	12.0	18.0	19.0
06-58	20.0	18.0	12.0	12.0	20.0	19.0
07-00	23.0	23.0	16.0	14.0	22.0	23.0
07-02	19.0	19.0	12.0	10.0	18.0	19.0
07-04	19.0	19.0	12.0	11.0	18.0	19.0
07-06	20.0	20.0	13.0	12.0	17.0	20.0
07-08	19.0	19.0	13.0	12.0	19.0	19.0
07-10	18.0	18.0	13.0	11.0	20.0	20.0
07-12	20.0	20.0	12.0	12.0	18.0	21.0
07-14	19.0	19.0	12.0	12.0	19.0	19.0
07-16	20.0	20.0	12.0	12.0	18.0	20.0
07-18	19.0	19.0	12.0	12.0	18.0	20.0
07-20	19.0	19.0	13.0	13.0	19.0	19.0
07-22	18.0	18.0	13.0	12.0	18.0	18.0
07-24	20.0	20.0	12.0	13.0	18.0	20.0
07-26	18.0	18.0	12.0	12.0	18.0	19.0
07-28	18.0	18.0	12.0	12.0	18.0	18.0
07-30	21.0	21.0	14.0	16.0	21.0	21.0
07-32	18.0	17.0	12.0	12.0	18.0	18.0
07-34	18.0	18.0	12.0	13.0	18.0	18.0
07-36	19.0	19.0	13.0	13.0	18.0	19.0
07-38	18.0	18.0	11.0	12.0	18.0	18.0
07-40	18.0	18.0	14.0	12.0	17.0	18.0
07-42	18.0	18.0	13.0	13.0	17.0	18.0
07-44	18.0	18.0	10.0	13.0	18.0	19.0
07-46	18.0	18.0	12.0	13.0	17.0	19.0
07-48	19.0	19.0	13.0	13.0	18.0	19.0
07-50	17.0	17.0	12.0	12.0	17.0	19.0
07-52	18.0	18.0	12.0	13.0	17.0	19.0
07-54	17.0	17.0	13.0	13.0	17.0	17.0
07-56	18.0	17.0	12.0	12.0	18.0	18.0
07-58	17.0	18.0	11.0	13.0	16.0	18.0
08-00	20.0	20.0	17.0	17.0	19.0	20.0
08-02	18.0	18.0	12.0	13.0	17.0	18.0
08-04	19.0	19.0	12.0	13.0	17.0	18.0
08-06	20.0	20.0	14.0	14.0	17.0	20.0
08-08	19.0	19.0	12.0	13.0	17.0	19.0
08-10	19.0	19.0	11.0	13.0	18.0	19.0
08-12	18.0	18.0	12.0	13.0	17.0	18.0
08-14	18.0	18.0	12.0	12.0	18.0	19.0
08-16	19.0	19.0	11.0	12.0	18.0	19.0
08-18	20.0	20.0	12.0	13.0	17.0	20.0
08-20	18.0	18.0	13.0	14.0	18.0	19.0
08-22	19.0	19.0	12.0	11.0	18.0	19.0
08-24	19.0	19.0	12.0	12.0	18.0	19.0
08-26	19.0	19.0	12.0	12.0	17.0	19.0
08-28	17.0	17.0	11.0	13.0	17.0	17.0
08-30	21.0	21.0	15.0	15.0	19.0	21.0
08-32	18.0	18.0	11.0	12.0	17.0	18.0
08-34	19.0	19.0	12.0	13.0	18.0	20.0
08-36	19.0	19.0	13.0	13.0	19.0	19.0
08-38	18.0	18.0	11.0	12.0	17.0	18.0
08-40	19.0	19.0	12.0	14.0	18.0	19.0
08-42	18.0	18.0	11.0	13.0	18.0	18.0
08-44	18.0	17.0	11.0	13.0	18.0	18.0
08-46	18.0	18.0	10.0	12.0	16.0	18.0
08-48	19.0	18.0	13.0	13.0	19.0	19.0
08-50	18.0	18.0	12.0	11.0	17.0	18.0
08-52	19.0	19.0	12.0	11.0	18.0	19.0
08-54	19.0	19.0	13.0	12.0	18.0	19.0
08-56	19.0	19.0	12.0	12.0	17.0	18.0
08-58	18.0	18.0	12.0	12.0	18.0	18.0
09-00	22.0	22.0	15.0	16.0	21.0	22.0
09-02	19.0	19.0	12.0	12.0	18.0	19.0
09-04	18.0	18.0	11.0	12.0	17.0	19.0
09-06	19.0	19.0	12.0	12.0	18.0	19.0
09-08	19.0	19.0	11.0	12.0	17.0	19.0
09-10	18.0	18.0	12.0	11.0	18.0	18.0
09-12	19.0	19.0	13.0	12.0	17.0	18.0
09-14	19.0	19.0	12.0	13.0	17.0	19.0
09-16	19.0	19.0	11.0	12.0	16.0	18.0
09-18	18.0	18.0	12.0	12.0	17.0	18.0
09-20	19.0	18.0	13.0	13.0	19.0	19.0
09-22	19.0	19.0	11.0	11.0	17.0	18.0
09-24	19.0	19.0	12.0	12.0	17.0	20.0
09-26	18.0	18.0	11.0	12.0	16.0	18.0
09-28	18.0	18.0	11.0	12.0	17.0	19.0
09-30	20.0	20.0	15.0	16.0	19.0	20.0
09-32	20.0	20.0	12.0	12.0	17.0	20.0
09-34	19.0	19.0	12.0	12.0	16.0	19.0
09-36	19.0	19.0	12.0	12.0	18.0	19.0
09-38	17.0	17.0	14.0	11.0	17.0	17.0
09-40	19.0	18.0	13.0	12.0	19.0	19.0
09-42	17.0	18.0	13.0	13.0	17.0	18.0
09-44	17.0	17.0	13.0	11.0	18.0	18.0
09-46	19.0	19.0	14.0	11.0	17.0	19.0
09-48	19.0	19.0	12.0	12.0	18.0	18.0
09-50	18.0	17.0	13.0	11.0	18.0	18.0
09-52	19.0	19.0	12.0	11.0	18.0	19.0
09-54	20.0	20.0	13.0	12.0	19.0	20.0
09-56	18.0	17.0	12.0	11.0	18.0	18.0
09-58	19.0	19.0	13.0	11.0	18.0	18.0
10-00	21.0	21.0	15.0	14.0	21.0	21.0
10-02	18.0	17.0	13.0	11.0	18.0	18.0
10-04	18.0	18.0	13.0	11.0	18.0	18.0
10-06	18.0	18.0	13.0	12.0	18.0	18.0
10-08	17.0	17.0	12.0	12.0	17.0	18.0
10-10	18.0	18.0	13.0	12.0	18.0	18.0
10-12	19.0	19.0	14.0	13.0	19.0	19.0
10-14	18.0	18.0	12.0	11.0	18.0	18.0
10-16	17.0	17.0	12.0	10.0	17.0	17.0
10-18	18.0	18.0	12.0	12.0	18.0	18.0
10-20	18.0	17.0	13.0	11.0	18.0	18.0
10-22	19.0	19.0	10.0	13.0	17.0	18.0
10-24	19.0	19.0	12.0	12.0	18.0	19.0
10-26	17.0	18.0	11.0	12.0	17.0	18.0
10-28	18.0	18.0	11.0	13.0	18.0	18.0
10-30	21.0	20.0	15.0	16.0	21.0	21.0
10-32	18.0	18.0	11.0	13.0	18.0	18.0
10-34	19.0	19.0	12.0	12.0	20.0	20.0
10-36	19.0	19.0	11.0	14.0	19.0	19.0
10-38	20.0	17.0	12.0	11.0	18.0	18.0
10-40	18.0	18.0	12.0	13.0	19.0	19.0
10-42	19.0	19.0	11.0	12.0	19.0	19.0
10-44	18.0	17.0	11.0	10.0	18.0	18.0
10-46	19.0	19.0	11.0	12.0	17.0	19.0
10-48	20.0	19.0	11.0	12.0	20.0	20.0
10-50	17.0	17.0	13.0	12.0	18.0	18.0
10-52	18.0	18.0	12.0	11.0	17.0	18.0
10-54	18.0	18.0	13.0	12.0	18.0	18.0
10-56	18.0	18.0	11.0	12.0	17.0	18.0
10-58	18.0	18.0	11.0	12.0	18.0	18.0
11-00	20.0	21.0	15.0	16.0	20.0	21.0
11-02	18.0	16.0	11.0	12.0	18.0	18.0
11-04	18.0	18.0	11.0	12.0	17.0	18.0
11-06	19.0	18.0	12.0	12.0	19.0	19.0
11-08	18.0	18.0	11.0	12.0	18.0	18.0
11-10	19.0	19.0	10.0	11.0	17.0	19.0
11-12	18.0	18.0	13.0	12.0	17.0	18.0
11-14	18.0	18.0	11.0	13.0	17.0	18.0
11-16	18.0	18.0	12.0	12.0	18.0	18.0
11-18	19.0	19.0	11.0	14.0	17.0	19.0
11-20	19.0	19.0	12.0	13.0	19.0	19.0
11-22	19.0	19.0	12.0	10.0	19.0	19.0
11-24	20.0	18.0	12.0	12.0	20.0	20.0
11-26	19.0	18.0	11.0	11.0	19.0	19.0
11-28	19.0	18.0	11.0	10.0	19.0	19.0
11-30	21.0	21.0	13.0	14.0	20.0	21.0
11-32	19.0	18.0	12.0	10.0	19.0	19.0
11-34	18.0	18.0	11.0	11.0	18.0	18.0
11-36	20.0	20.0	13.0	11.0	20.0	20.0
11-38	18.0	18.0	12.0	12.0	18.0	18.0
11-40	19.0	19.0	12.0	12.0	18.0	19.0
11-42	19.0	19.0	12.0	12.0	20.0	20.0
11-44	18.0	18.0	11.0	11.0	17.0	18.0
11-46	17.0	17.0	13.0	10.0	17.0	17.0
11-48	18.0	18.0	14.0	13.0	17.0	19.0
11-50	17.0	17.0	11.0	11.0	17.0	17.0
11-52	18.0	16.0	12.0	11.0	18.0	18.0
11-54	19.0	19.0	12.0	12.0	19.0	19.0
11-56	18.0	18.0	13.0	11.0	18.0	18.0
11-58	18.0	17.0	12.0	10.0	18.0	18.0
12-00	21.0	21.0	16.0	14.0	21.0	21.0
12-02	19.0	19.0	10.0	11.0	18.0	18.0
12-04	19.0	19.0	12.0	12.0	18.0	19.0
12-06	19.0	17.0	12.0	12.0	18.0	18.0
12-08	19.0	17.0	12.0	11.0	19.0	19.0
12-10	18.0	18.0	12.0	12.0	17.0	18.0
12-12	19.0	18.0	12.0	13.0	19.0	19.0
12-14	18.0	18.0	11.0	12.0	17.0	18.0
12-16	17.0	17.0	12.0	10.0	17.0	17.0
12-18	19.0	18.0	12.0	13.0	19.0	19.0
12-20	19.0	18.0	13.0	12.0	19.0	19.0
12-22	19.0	19.0	11.0	11.0	18.0	19.0
12-24	19.0	19.0	12.0	11.0	18.0	19.0
12-26	18.0	18.0	12.0	10.0	18.0	18.0
12-28	18.0	17.0	12.0	11.0	18.0	18.0
12-30	20.0	20.0	14.0	14.0	21.0	21.0
12-32	19.0	17.0	12.0	10.0	19.0	19.0
12-34	19.0	18.0	12.0	11.0	19.0	19.0
12-36	18.0	18.0	12.0	12.0	18.0	18.0
12-38	19.0	19.0	12.0	11.0	20.0	20.0
12-40	19.0	19.0	14.0	11.0	19.0	19.0
12-42	19.0	19.0	13.0	11.0	18.0	19.0
12-44	18.0	18.0	11.0	12.0	17.0	19.0
12-46	18.0	19.0	12.0	11.0	18.0	19.0
12-48	19.0	19.0	12.0	14.0	19.0	19.0
12-50	18.0	18.0	12.0	12.0	18.0	19.0
12-52	19.0	19.0	12.0	12.0	17.0	19.0
12-54	19.0	19.0	14.0	12.0	18.0	19.0
12-56	18.0	18.0	11.0	12.0	18.0	18.0
12-58	19.0	19.0	12.0	12.0	18.0	19.0
13-00	22.0	22.0	16.0	16.0	21.0	22.0
13-02	18.0	18.0	12.0	13.0	17.0	19.0
13-04	18.0	18.0	12.0	12.0	18.0	19.0
13-06	19.0	19.0	14.0	13.0	19.0	19.0
13-08	19.0	19.0	12.0	12.0	18.0	20.0
13-10	19.0	19.0	12.0	14.0	19.0	19.0
13-12	19.0	19.0	13.0	12.0	19.0	19.0
13-14	19.0	19.0	12.0	13.0	17.0	19.0
13-16	18.0	18.0	12.0	11.0	18.0	19.0
13-18	19.0	19.0	12.0	13.0	18.0	19.0
13-20	19.0	19.0	13.0	14.0	19.0	19.0
13-22	19.0	19.0	13.0	13.0	19.0	19.0
13-24	20.0	20.0	13.0	13.0	19.0	20.0
13-26	20.0	20.0	13.0	13.0	18.0	20.0
13-28	20.0	19.0	13.0	13.0	17.0	19.0
13-30	23.0	23.0	15.0	16.0	21.0	22.0
13-32	20.0	20.0	13.0	13.0	16.0	19.0
13-34	20.0	20.0	13.0	12.0	18.0	20.0
13-36	21.0	21.0	12.0	14.0	19.0	21.0
13-38	20.0	20.0	12.0	12.0	18.0	20.0
13-40	20.0	20.0	12.0	14.0	18.0	20.0
13-42	21.0	21.0	13.0	13.0	19.0	20.0
13-44	19.0	18.0	14.0	12.0	19.0	19.0
13-46	19.0	19.0	13.0	12.0	20.0	20.0
13-48	19.0	19.0	12.0	14.0	20.0	20.0
13-50	20.0	19.0	12.0	12.0	20.0	20.0
13-52	19.0	19.0	13.0	12.0	18.0	19.0
13-54	20.0	20.0	13.0	13.0	19.0	20.0
13-56	19.0	19.0	11.0	13.0	18.0	19.0
13-58	19.0	19.0	11.0	13.0	17.0	20.0
14-00	22.0	21.0	16.0	15.0	22.0	22.0
14-02	19.0	18.0	11.0	13.0	19.0	19.0
14-04	18.0	19.0	12.0	13.0	18.0	19.0
14-06	20.0	19.0	12.0	14.0	20.0	20.0
14-08	19.0	19.0	13.0	13.0	19.0	19.0
14-10	19.0	19.0	13.0	13.0	17.0	19.0
14-12	19.0	19.0	13.0	13.0	19.0	19.0
14-14	20.0	20.0	13.0	12.0	19.0	20.0
14-16	20.0	19.0	11.0	14.0	19.0	19.0
14-18	20.0	19.0	12.0	13.0	20.0	20.0
14-20	20.0	19.0	14.0	13.0	20.0	20.0
14-22	19.0	19.0	12.0	13.0	18.0	19.0
14-24	20.0	20.0	13.0	13.0	19.0	20.0
14-26	19.0	19.0	13.0	13.0	18.0	20.0
14-28	20.0	20.0	13.0	13.0	17.0	20.0
14-30	21.0	21.0	17.0	16.0	20.0	21.0
14-32	19.0	19.0	12.0	13.0	19.0	19.0
14-34	19.0	19.0	14.0	14.0	18.0	19.0
14-36	19.0	19.0	14.0	13.0	19.0	19.0
14-38	19.0	19.0	13.0	13.0	18.0	20.0
14-40	20.0	20.0	13.0	14.0	20.0	20.0
14-42	19.0	19.0	13.0	14.0	20.0	20.0
14-44	19.0	19.0	13.0	13.0	18.0	19.0
14-46	19.0	18.0	12.0	14.0	19.0	19.0
14-48	21.0	19.0	13.0	14.0	20.0	20.0
14-50	19.0	19.0	12.0	13.0	19.0	19.0
14-52	19.0	19.0	13.0	14.0	18.0	19.0
14-54	19.0	19.0	13.0	14.0	19.0	19.0
14-56	19.0	19.0	12.0	13.0	19.0	19.0
14-58	20.0	20.0	12.0	13.0	18.0	20.0
15-00	22.0	22.0	16.0	18.0	22.0	22.0
15-02	19.0	19.0	13.0	14.0	18.0	19.0
15-04	19.0	19.0	12.0	13.0	18.0	19.0
15-06	20.0	19.0	15.0	13.0	20.0	20.0
15-08	19.0	19.0	12.0	13.0	18.0	19.0
15-10	19.0	19.0	12.0	13.0	19.0	19.0
15-12	21.0	19.0	14.0	14.0	21.0	21.0
15-14	20.0	20.0	11.0	13.0	17.0	20.0
15-16	20.0	20.0	11.0	14.0	19.0	20.0
15-18	21.0	20.0	14.0	14.0	21.0	21.0
15-20	20.0	20.0	14.0	14.0	20.0	20.0
15-22	20.0	19.0	14.0	13.0	20.0	20.0
15-24	19.0	19.0	13.0	13.0	20.0	20.0
15-26	19.0	19.0	12.0	14.0	18.0	19.0
15-28	18.0	18.0	12.0	13.0	17.0	18.0
15-30	22.0	22.0	15.0	16.0	21.0	22.0
15-32	19.0	20.0	12.0	12.0	18.0	20.0
15-34	19.0	19.0	12.0	13.0	18.0	19.0
15-36	19.0	19.0	14.0	13.0	19.0	19.0
15-38	18.0	18.0	12.0	12.0	18.0	19.0
15-40	20.0	20.0	13.0	13.0	19.0	20.0
15-42	19.0	19.0	12.0	13.0	19.0	19.0
15-44	19.0	19.0	12.0	14.0	18.0	19.0
15-46	19.0	19.0	12.0	12.0	18.0	18.0
15-48	19.0	19.0	13.0	13.0	19.0	19.0
15-50	19.0	18.0	13.0	12.0	19.0	19.0
15-52	19.0	19.0	14.0	12.0	18.0	19.0
15-54	19.0	19.0	13.0	12.0	19.0	19.0
15-56	18.0	18.0	13.0	11.0	19.0	19.0
15-58	20.0	20.0	14.0	12.0	19.0	20.0
16-00	21.0	21.0	18.0	16.0	20.0	22.0
16-02	19.0	18.0	12.0	11.0	19.0	18.0
16-04	19.0	19.0	13.0	12.0	18.0	19.0
16-06	19.0	19.0	13.0	13.0	19.0	19.0
16-08	19.0	18.0	13.0	12.0	19.0	19.0
16-10	18.0	17.0	12.0	11.0	18.0	19.0
16-12	19.0	19.0	12.0	13.0	20.0	20.0
16-14	19.0	18.0	14.0	12.0	19.0	19.0
16-16	19.0	19.0	12.0	12.0	19.0	19.0
16-18	19.0	19.0	14.0	13.0	18.0	19.0
16-20	20.0	20.0	13.0	13.0	19.0	20.0
16-22	20.0	20.0	14.0	12.0	19.0	19.0
16-24	21.0	21.0	13.0	13.0	18.0	21.0
16-26	20.0	20.0	12.0	13.0	18.0	20.0
16-28	19.0	19.0	12.0	13.0	19.0	19.0
16-30	21.0	21.0	16.0	15.0	19.0	21.0
16-32	19.0	19.0	12.0	13.0	19.0	19.0
16-34	20.0	20.0	12.0	13.0	18.0	19.0
16-36	20.0	20.0	12.0	13.0	18.0	20.0
16-38	19.0	18.0	14.0	12.0	19.0	20.0
16-40	19.0	19.0	14.0	13.0	19.0	19.0
16-42	20.0	20.0	12.0	12.0	18.0	20.0
16-44	19.0	19.0	11.0	12.0	19.0	19.0
16-46	18.0	19.0	13.0	12.0	19.0	19.0
16-48	19.0	18.0	13.0	13.0	19.0	19.0
16-50	18.0	18.0	13.0	11.0	18.0	18.0
16-52	18.0	18.0	13.0	11.0	19.0	19.0
16-54	18.0	18.0	14.0	12.0	18.0	19.0
16-56	18.0	18.0	12.0	11.0	19.0	19.0
16-58	18.0	18.0	11.0	11.0	18.0	19.0
17-00	21.0	21.0	17.0	15.0	21.0	21.0
17-02	20.0	17.0	12.0	10.0	20.0	19.0
17-04	19.0	18.0	10.0	11.0	18.0	18.0
17-06	19.0	19.0	12.0	13.0	19.0	19.0
17-08	19.0	17.0	11.0	12.0	19.0	19.0
17-10	19.0	18.0	12.0	11.0	19.0	19.0
17-12	19.0	18.0	11.0	12.0	19.0	19.0
17-14	19.0	19.0	11.0	13.0	18.0	19.0
17-16	18.0	18.0	11.0	12.0	16.0	18.0
17-18	19.0	19.0	13.0	12.0	18.0	19.0
17-20	19.0	19.0	12.0	13.0	17.0	18.0
17-22	18.0	18.0	11.0	11.0	17.0	18.0
17-24	19.0	19.0	12.0	12.0	19.0	19.0
17-26	19.0	18.0	12.0	12.0	18.0	18.0
17-28	18.0	18.0	11.0	11.0	17.0	18.0
17-30	21.0	22.0	14.0	15.0	22.0	22.0
17-32	19.0	19.0	11.0	12.0	18.0	18.0
17-34	19.0	19.0	10.0	11.0	18.0	19.0
17-36	19.0	19.0	11.0	13.0	18.0	19.0
17-38	18.0	17.0	12.0	10.0	18.0	19.0
17-40	19.0	19.0	11.0	12.0	18.0	19.0
17-42	18.0	18.0	11.0	12.0	18.0	19.0
17-44	18.0	17.0	11.0	11.0	18.0	18.0
17-46	18.0	18.0	11.0	10.0	18.0	18.0
17-48	18.0	18.0	11.0	12.0	18.0	18.0
17-50	18.0	17.0	11.0	11.0	18.0	18.0
17-52	18.0	17.0	11.0	11.0	19.0	19.0
17-54	19.0	19.0	12.0	11.0	16.0	19.0
17-56	18.0	18.0	10.0	12.0	17.0	18.0
17-58	17.0	17.0	10.0	13.0	17.0	18.0
18-00	22.0	22.0	16.0	16.0	20.0	22.0
18-02	17.0	16.0	11.0	11.0	17.0	17.0
18-04	18.0	18.0	10.0	10.0	17.0	19.0
18-06	19.0	19.0	12.0	11.0	18.0	19.0
18-08	17.0	17.0	11.0	11.0	16.0	18.0
18-10	17.0	17.0	11.0	10.0	17.0	17.0
18-12	18.0	17.0	12.0	12.0	17.0	17.0
18-14	18.0	17.0	11.0	9.0	18.0	18.0
18-16	17.0	17.0	10.0	10.0	17.0	17.0
18-18	18.0	18.0	11.0	12.0	17.0	18.0
18-20	19.0	18.0	12.0	11.0	18.0	18.0
18-22	17.0	17.0	12.0	10.0	16.0	17.0
18-24	18.0	18.0	12.0	10.0	17.0	18.0
18-26	17.0	17.0	11.0	11.0	17.0	17.0
18-28	18.0	16.0	10.0	10.0	18.0	18.0
18-30	19.0	19.0	12.0	13.0	20.0	20.0
18-32	18.0	18.0	12.0	10.0	17.0	18.0
18-34	17.0	16.0	13.0	9.0	17.0	17.0
18-36	19.0	19.0	12.0	11.0	16.0	19.0
18-38	17.0	16.0	12.0	10.0	17.0	18.0
18-40	18.0	16.0	12.0	11.0	18.0	18.0
18-42	18.0	18.0	11.0	10.0	17.0	18.0
18-44	18.0	18.0	11.0	10.0	17.0	18.0
18-46	18.0	18.0	11.0	11.0	17.0	18.0
18-48	19.0	19.0	10.0	10.0	16.0	18.0
18-50	16.0	16.0	10.0	11.0	15.0	17.0
18-52	18.0	18.0	9.0	11.0	18.0	18.0
18-54	18.0	18.0	10.0	13.0	16.0	18.0
18-56	17.0	18.0	10.0	11.0	15.0	18.0
18-58	17.0	17.0	9.0	11.0	14.0	17.0
19-00	21.0	21.0	14.0	14.0	19.0	21.0
19-02	17.0	17.0	10.0	11.0	16.0	17.0
19-04	17.0	16.0	9.0	10.0	16.0	17.0
19-06	18.0	18.0	11.0	12.0	17.0	18.0
19-08	18.0	18.0	9.0	10.0	15.0	18.0
19-10	17.0	17.0	9.0	10.0	16.0	18.0
19-12	18.0	18.0	11.0	12.0	16.0	18.0
19-14	18.0	18.0	10.0	10.0	15.0	18.0
19-16	17.0	17.0	12.0	9.0	17.0	17.0
19-18	17.0	17.0	12.0	10.0	17.0	17.0
19-20	18.0	18.0	12.0	11.0	18.0	18.0
19-22	17.0	17.0	11.0	9.0	18.0	18.0
19-24	18.0	18.0	11.0	12.0	17.0	18.0
19-26	17.0	17.0	12.0	9.0	17.0	17.0
19-28	17.0	17.0	11.0	10.0	17.0	17.0
19-30	20.0	20.0	15.0	13.0	19.0	20.0
19-32	16.0	16.0	11.0	10.0	16.0	17.0
19-34	17.0	17.0	12.0	11.0	17.0	17.0
19-36	17.0	17.0	12.0	11.0	17.0	19.0
19-38	18.0	18.0	10.0	11.0	17.0	18.0
19-40	18.0	18.0	11.0	10.0	18.0	18.0
19-42	18.0	18.0	12.0	12.0	17.0	18.0
19-44	18.0	18.0	10.0	11.0	15.0	18.0
19-46	19.0	19.0	10.0	9.0	16.0	18.0
19-48	18.0	19.0	13.0	10.0	17.0	19.0
19-50	19.0	18.0	12.0	10.0	16.0	18.0
19-52	18.0	18.0	11.0	10.0	15.0	18.0
19-54	18.0	18.0	11.0	10.0	16.0	18.0
19-56	17.0	17.0	12.0	10.0	16.0	17.0
19-58	17.0	17.0	11.0	9.0	16.0	17.0
20-00	19.0	19.0	14.0	12.0	19.0	19.0
20-02	17.0	17.0	9.0	10.0	16.0	17.0
20-04	18.0	18.0	10.0	11.0	17.0	18.0
20-06	17.0	17.0	12.0	10.0	16.0	17.0
20-08	17.0	17.0	11.0	9.0	16.0	17.0
20-10	18.0	17.0	10.0	10.0	17.0	17.0
20-12	18.0	19.0	11.0	10.0	18.0	19.0
20-14	16.0	16.0	11.0	11.0	16.0	16.0
20-16	18.0	18.0	9.0	11.0	15.0	18.0
20-18	18.0	18.0	11.0	10.0	17.0	18.0
20-20	17.0	17.0	13.0	10.0	16.0	18.0
20-22	18.0	18.0	10.0	10.0	15.0	18.0
20-24	18.0	18.0	12.0	11.0	16.0	17.0
20-26	17.0	17.0	9.0	10.0	15.0	18.0
20-28	18.0	18.0	11.0	10.0	17.0	17.0
20-30	21.0	21.0	14.0	13.0	19.0	21.0
20-32	16.0	16.0	9.0	10.0	15.0	17.0
20-34	17.0	18.0	10.0	10.0	17.0	18.0
20-36	17.0	17.0	11.0	11.0	16.0	18.0
20-38	17.0	16.0	10.0	11.0	15.0	18.0
20-40	17.0	17.0	12.0	11.0	16.0	17.0
20-42	18.0	18.0	11.0	10.0	18.0	18.0
20-44	17.0	17.0	9.0	11.0	15.0	17.0
20-46	17.0	17.0	8.0	10.0	15.0	17.0
20-48	17.0	17.0	11.0	11.0	16.0	17.0
20-50	17.0	17.0	9.0	10.0	15.0	17.0
20-52	16.0	16.0	10.0	11.0	15.0	16.0
20-54	18.0	18.0	11.0	11.0	15.0	18.0
20-56	17.0	17.0	10.0	10.0	15.0	17.0
20-58	18.0	18.0	10.0	10.0	16.0	17.0
21-00	20.0	19.0	15.0	14.0	20.0	20.0
21-02	16.0	16.0	10.0	10.0	16.0	16.0
21-04	17.0	17.0	11.0	9.0	16.0	17.0
21-06	17.0	17.0	10.0	10.0	17.0	19.0
21-08	17.0	17.0	10.0	9.0	17.0	17.0
21-10	17.0	17.0	10.0	9.0	17.0	17.0
21-12	17.0	17.0	11.0	10.0	17.0	17.0
21-14	16.0	15.0	9.0	10.0	16.0	16.0
21-16	16.0	16.0	10.0	10.0	15.0	16.0
21-18	18.0	17.0	11.0	12.0	18.0	18.0
21-20	18.0	18.0	11.0	12.0	15.0	18.0
21-22	17.0	17.0	9.0	11.0	16.0	17.0
21-24	18.0	16.0	11.0	10.0	16.0	17.0
21-26	16.0	16.0	10.0	10.0	15.0	16.0
21-28	17.0	17.0	10.0	10.0	15.0	18.0
21-30	20.0	20.0	12.0	14.0	18.0	20.0
21-32	17.0	17.0	9.0	10.0	15.0	17.0
21-34	16.0	16.0	11.0	10.0	16.0	17.0
21-36	18.0	18.0	11.0	11.0	17.0	19.0
21-38	16.0	16.0	11.0	9.0	15.0	16.0
21-40	18.0	18.0	10.0	10.0	17.0	18.0
21-42	17.0	17.0	11.0	11.0	17.0	18.0
21-44	17.0	17.0	10.0	11.0	16.0	17.0
21-46	16.0	16.0	9.0	11.0	16.0	16.0
21-48	17.0	17.0	10.0	10.0	16.0	18.0
21-50	17.0	17.0	11.0	10.0	15.0	17.0
21-52	18.0	18.0	11.0	10.0	15.0	18.0
21-54	19.0	19.0	11.0	11.0	16.0	18.0
21-56	16.0	16.0	12.0	9.0	16.0	16.0
21-58	16.0	16.0	12.0	10.0	16.0	16.0
22-00	19.0	19.0	14.0	14.0	18.0	19.0
22-02	16.0	16.0	10.0	9.0	15.0	17.0
22-04	17.0	17.0	9.0	8.0	16.0	17.0
22-06	17.0	17.0	10.0	11.0	16.0	17.0
22-08	17.0	17.0	8.0	9.0	15.0	17.0
22-10	17.0	17.0	11.0	10.0	16.0	17.0
22-12	18.0	18.0	10.0	11.0	15.0	18.0
22-14	17.0	17.0	10.0	9.0	15.0	16.0
22-16	16.0	16.0	9.0	10.0	14.0	16.0
22-18	17.0	17.0	10.0	10.0	17.0	17.0
22-20	16.0	16.0	12.0	11.0	16.0	16.0
22-22	17.0	17.0	9.0	10.0	14.0	17.0
22-24	17.0	17.0	10.0	9.0	16.0	17.0
22-26	16.0	16.0	8.0	9.0	14.0	16.0
22-28	16.0	16.0	8.0	9.0	14.0	16.0
22-30	21.0	21.0	12.0	12.0	18.0	20.0
22-32	16.0	16.0	9.0	10.0	14.0	16.0
22-34	16.0	16.0	9.0	10.0	15.0	16.0
22-36	18.0	18.0	11.0	11.0	14.0	17.0
22-38	17.0	17.0	10.0	10.0	14.0	17.0
22-40	17.0	17.0	11.0	9.0	17.0	17.0
22-42	18.0	18.0	11.0	10.0	15.0	18.0
22-44	16.0	16.0	11.0	9.0	16.0	16.0
22-46	16.0	16.0	10.0	10.0	16.0	17.0
22-48	17.0	17.0	11.0	10.0	14.0	17.0
22-50	16.0	16.0	10.0	10.0	16.0	16.0
22-52	17.0	17.0	11.0	10.0	17.0	17.0
22-54	16.0	17.0	12.0	10.0	15.0	17.0
22-56	17.0	17.0	9.0	10.0	15.0	18.0
22-58	17.0	17.0	8.0	10.0	15.0	17.0
23-00	20.0	20.0	13.0	13.0	19.0	20.0
23-02	17.0	17.0	9.0	10.0	15.0	16.0
23-04	17.0	17.0	9.0	9.0	14.0	17.0
23-06	19.0	19.0	10.0	10.0	16.0	19.0
23-08	17.0	17.0	9.0	12.0	13.0	17.0
23-10	17.0	17.0	10.0	10.0	16.0	18.0
23-12	17.0	17.0	10.0	12.0	16.0	17.0
23-14	18.0	18.0	8.0	9.0	14.0	19.0
23-16	18.0	18.0	8.0	9.0	16.0	18.0
23-18	18.0	18.0	9.0	11.0	14.0	18.0
23-20	18.0	18.0	9.0	11.0	17.0	18.0
23-22	17.0	17.0	9.0	10.0	14.0	17.0
23-24	17.0	16.0	11.0	10.0	17.0	17.0
23-26	16.0	16.0	8.0	10.0	14.0	18.0
23-28	15.0	15.0	9.0	10.0	14.0	15.0
23-30	19.0	20.0	14.0	12.0	18.0	20.0
23-32	16.0	17.0	8.0	9.0	14.0	17.0
23-34	17.0	17.0	10.0	9.0	15.0	16.0
23-36	17.0	16.0	10.0	10.0	16.0	16.0
23-38	16.0	16.0	10.0	10.0	14.0	17.0
23-40	17.0	17.0	10.0	11.0	15.0	17.0
23-42	17.0	17.0	9.0	9.0	17.0	17.0
23-44	16.0	16.0	8.0	10.0	14.0	16.0
23-46	17.0	17.0	9.0	9.0	15.0	17.0
23-48	18.0	18.0	10.0	10.0	17.0	18.0
23-50	17.0	17.0	8.0	9.0	15.0	17.0
23-52	17.0	17.0	8.0	10.0	13.0	17.0
23-54	17.0	17.0	9.0	10.0	15.0	17.0
23-56	17.0	17.0	9.0	10.0	13.0	17.0
23-58	16.0	16.0	9.0	10.0	14.0	16.0
