00-00	21.0	21.0	16.0	16.0	21.0	22.0
00-02	21.0	20.0	15.0	14.0	21.0	21.0
00-04	20.0	20.0	15.0	14.0	21.0	21.0
00-06	22.0	22.0	16.0	16.0	22.0	22.0
00-08	22.0	20.0	15.0	15.0	22.0	22.0
00-10	21.0	20.0	14.0	14.0	21.0	21.0
00-12	22.0	22.0	16.0	17.0	22.0	22.0
00-14	20.0	20.0	15.0	15.0	20.0	22.0
00-16	21.0	20.0	15.0	14.0	21.0	21.0
00-18	21.0	20.0	16.0	16.0	21.0	21.0
00-20	22.0	21.0	16.0	17.0	22.0	22.0
00-22	22.0	22.0	16.0	16.0	20.0	21.0
00-24	21.0	21.0	15.0	15.0	20.0	22.0
00-26	20.0	19.0	15.0	15.0	20.0	20.0
00-28	21.0	21.0	16.0	14.0	21.0	21.0
00-30	21.0	20.0	16.0	15.0	21.0	21.0
00-32	21.0	21.0	14.0	15.0	21.0	21.0
00-34	21.0	21.0	13.0	15.0	19.0	21.0
00-36	21.0	21.0	15.0	15.0	21.0	21.0
00-38	22.0	22.0	14.0	17.0	20.0	22.0
00-40	20.0	21.0	15.0	17.0	21.0	21.0
00-42	21.0	21.0	15.0	16.0	20.0	21.0
00-44	20.0	20.0	13.0	16.0	20.0	20.0
00-46	21.0	21.0	13.0	15.0	21.0	21.0
00-48	21.0	20.0	14.0	14.0	21.0	21.0
00-50	21.0	21.0	15.0	14.0	21.0	21.0
00-52	21.0	20.0	13.0	14.0	20.0	20.0
00-54	21.0	21.0	14.0	16.0	21.0	21.0
00-56	21.0	21.0	16.0	13.0	21.0	21.0
00-58	21.0	21.0	16.0	15.0	22.0	22.0
01-00	23.0	23.0	16.0	16.0	21.0	23.0
01-02	20.0	20.0	16.0	14.0	20.0	20.0
01-04	22.0	20.0	14.0	14.0	21.0	21.0
01-06	22.0	21.0	15.0	16.0	22.0	22.0
01-08	22.0	20.0	15.0	14.0	21.0	21.0
01-10	21.0	20.0	16.0	14.0	21.0	21.0
01-12	21.0	20.0	16.0	14.0	21.0	21.0
01-14	22.0	20.0	16.0	14.0	22.0	22.0
01-16	21.0	21.0	14.0	13.0	19.0	20.0
01-18	22.0	21.0	15.0	15.0	22.0	22.0
01-20	22.0	22.0	15.0	15.0	21.0	22.0
01-22	20.0	20.0	13.0	15.0	19.0	20.0
01-24	21.0	20.0	15.0	15.0	21.0	21.0
01-26	20.0	20.0	13.0	15.0	20.0	20.0
01-28	21.0	21.0	13.0	15.0	20.0	22.0
01-30	21.0	21.0	14.0	15.0	21.0	21.0
01-32	20.0	20.0	14.0	15.0	20.0	21.0
01-34	20.0	20.0	13.0	15.0	20.0	20.0
01-36	22.0	22.0	15.0	16.0	21.0	22.0
01-38	21.0	19.0	14.0	14.0	21.0	21.0
01-40	21.0	21.0	15.0	14.0	21.0	21.0
01-42	22.0	22.0	14.0	16.0	19.0	22.0
01-44	21.0	20.0	13.0	14.0	20.0	20.0
01-46	20.0	19.0	15.0	14.0	20.0	20.0
01-48	21.0	21.0	15.0	13.0	20.0	21.0
01-50	20.0	20.0	14.0	14.0	20.0	20.0
01-52	20.0	19.0	14.0	14.0	21.0	21.0
01-54	22.0	22.0	15.0	14.0	20.0	22.0
01-56	20.0	20.0	14.0	14.0	20.0	20.0
01-58	21.0	20.0	15.0	14.0	21.0	21.0
02-00	22.0	22.0	16.0	15.0	21.0	22.0
02-02	21.0	21.0	13.0	15.0	19.0	21.0
02-04	20.0	20.0	15.0	14.0	20.0	21.0
02-06	22.0	22.0	14.0	14.0	20.0	22.0
02-08	21.0	21.0	13.0	14.0	19.0	21.0
02-10	21.0	21.0	14.0	15.0	20.0	21.0
02-12	22.0	22.0	14.0	15.0	18.0	22.0
02-14	21.0	21.0	13.0	15.0	19.0	21.0
02-16	21.0	21.0	15.0	14.0	20.0	20.0
02-18	21.0	20.0	15.0	15.0	21.0	21.0
02-20	22.0	22.0	14.0	15.0	20.0	21.0
02-22	21.0	20.0	14.0	13.0	21.0	19.0
02-24	21.0	21.0	14.0	14.0	21.0	21.0
02-26	20.0	19.0	13.0	14.0	20.0	20.0
02-28	21.0	20.0	13.0	14.0	20.0	20.0
02-30	21.0	21.0	15.0	15.0	20.0	21.0
02-32	20.0	20.0	13.0	14.0	20.0	20.0
02-34	20.0	20.0	14.0	13.0	19.0	20.0
02-36	22.0	20.0	15.0	14.0	21.0	21.0
02-38	20.0	20.0	14.0	13.0	20.0	20.0
02-40	20.0	19.0	14.0	13.0	20.0	20.0
02-42	21.0	20.0	14.0	14.0	21.0	22.0
02-44	21.0	21.0	14.0	13.0	20.0	21.0
02-46	20.0	19.0	13.0	14.0	20.0	20.0
02-48	20.0	20.0	14.0	14.0	21.0	21.0
02-50	20.0	20.0	14.0	14.0	19.0	20.0
02-52	20.0	19.0	15.0	14.0	20.0	20.0
02-54	22.0	22.0	14.0	14.0	20.0	22.0
02-56	21.0	21.0	12.0	15.0	19.0	20.0
02-58	21.0	21.0	13.0	15.0	18.0	20.0
03-00	22.0	22.0	14.0	15.0	20.0	22.0
03-02	19.0	19.0	11.0	14.0	18.0	19.0
03-04	20.0	20.0	12.0	15.0	20.0	21.0
03-06	21.0	21.0	14.0	16.0	20.0	21.0
03-08	19.0	19.0	12.0	15.0	18.0	20.0
03-10	20.0	20.0	13.0	14.0	20.0	20.0
03-12	21.0	21.0	14.0	16.0	20.0	21.0
03-14	20.0	20.0	13.0	15.0	19.0	20.0
03-16	21.0	20.0	15.0	13.0	21.0	21.0
03-18	21.0	21.0	14.0	14.0	20.0	22.0
03-20	21.0	20.0	15.0	15.0	21.0	21.0
03-22	20.0	19.0	14.0	13.0	20.0	20.0
03-24	21.0	21.0	14.0	14.0	21.0	21.0
03-26	20.0	19.0	13.0	14.0	20.0	20.0
03-28	20.0	19.0	14.0	15.0	20.0	20.0
03-30	20.0	21.0	14.0	14.0	21.0	21.0
03-32	20.0	19.0	14.0	14.0	20.0	20.0
03-34	20.0	20.0	14.0	13.0	19.0	20.0
03-36	20.0	20.0	15.0	16.0	20.0	20.0
03-38	19.0	19.0	14.0	14.0	20.0	20.0
03-40	21.0	20.0	15.0	13.0	21.0	21.0
03-42	21.0	21.0	15.0	15.0	20.0	21.0
03-44	19.0	19.0	15.0	14.0	20.0	20.0
03-46	19.0	19.0	13.0	14.0	19.0	20.0
03-48	21.0	21.0	14.0	16.0	21.0	21.0
03-50	19.0	19.0	13.0	14.0	18.0	20.0
03-52	20.0	20.0	12.0	15.0	19.0	20.0
03-54	21.0	21.0	13.0	14.0	20.0	21.0
03-56	21.0	21.0	13.0	14.0	19.0	21.0
03-58	20.0	20.0	13.0	13.0	19.0	19.0
04-00	20.0	20.0	14.0	15.0	19.0	21.0
04-02	21.0	19.0	14.0	13.0	19.0	19.0
04-04	20.0	19.0	13.0	13.0	20.0	20.0
04-06	21.0	21.0	15.0	13.0	20.0	21.0
04-08	20.0	19.0	14.0	13.0	19.0	19.0
04-10	20.0	19.0	15.0	13.0	20.0	20.0
04-12	21.0	21.0	14.0	14.0	21.0	21.0
04-14	21.0	18.0	15.0	13.0	20.0	20.0
04-16	20.0	20.0	13.0	13.0	19.0	20.0
04-18	20.0	20.0	13.0	13.0	20.0	20.0
04-20	21.0	21.0	14.0	14.0	19.0	21.0
04-22	21.0	21.0	14.0	14.0	19.0	20.0
04-24	21.0	21.0	14.0	15.0	19.0	21.0
04-26	20.0	20.0	13.0	14.0	18.0	20.0
04-28	20.0	20.0	13.0	14.0	19.0	20.0
04-30	21.0	21.0	14.0	14.0	20.0	22.0
04-32	21.0	21.0	13.0	13.0	19.0	20.0
04-34	20.0	20.0	13.0	13.0	18.0	20.0
04-36	20.0	19.0	13.0	14.0	20.0	20.0
04-38	21.0	21.0	13.0	14.0	19.0	21.0
04-40	22.0	22.0	13.0	14.0	19.0	22.0
04-42	21.0	20.0	15.0	14.0	21.0	21.0
04-44	20.0	19.0	13.0	14.0	20.0	20.0
04-46	20.0	19.0	12.0	14.0	19.0	19.0
04-48	21.0	21.0	15.0	14.0	21.0	21.0
04-50	20.0	20.0	14.0	14.0	20.0	20.0
04-52	21.0	20.0	14.0	14.0	19.0	20.0
04-54	21.0	21.0	14.0	13.0	21.0	22.0
04-56	20.0	20.0	13.0	13.0	19.0	20.0
04-58	19.0	19.0	14.0	14.0	19.0	20.0
05-00	22.0	22.0	14.0	15.0	22.0	22.0
05-02	20.0	20.0	13.0	15.0	20.0	20.0
05-04	21.0	21.0	13.0	14.0	19.0	21.0
05-06	20.0	20.0	14.0	14.0	20.0	21.0
05-08	19.0	19.0	12.0	13.0	19.0	19.0
05-10	21.0	21.0	13.0	14.0	20.0	21.0
05-12	20.0	20.0	15.0	14.0	20.0	20.0
05-14	21.0	21.0	12.0	14.0	19.0	21.0
05-16	20.0	19.0	14.0	13.0	20.0	20.0
05-18	20.0	19.0	14.0	13.0	21.0	21.0
05-20	21.0	21.0	14.0	14.0	20.0	20.0
05-22	20.0	20.0	12.0	14.0	18.0	21.0
05-24	21.0	21.0	13.0	15.0	20.0	21.0
05-26	20.0	19.0	13.0	14.0	19.0	21.0
05-28	21.0	21.0	13.0	14.0	19.0	21.0
05-30	20.0	20.0	14.0	15.0	20.0	20.0
05-32	20.0	20.0	11.0	13.0	20.0	20.0
05-34	20.0	20.0	13.0	13.0	19.0	20.0
05-36	21.0	19.0	13.0	14.0	20.0	20.0
05-38	19.0	19.0	12.0	14.0	19.0	21.0
05-40	21.0	19.0	13.0	13.0	20.0	20.0
05-42	20.0	20.0	14.0	14.0	19.0	19.0
05-44	20.0	19.0	12.0	14.0	20.0	20.0
05-46	20.0	19.0	14.0	14.0	20.0	20.0
05-48	20.0	19.0	14.0	13.0	21.0	21.0
05-50	19.0	19.0	14.0	13.0	20.0	20.0
05-52	19.0	19.0	13.0	11.0	19.0	19.0
05-54	19.0	20.0	14.0	14.0	19.0	20.0
05-56	20.0	18.0	14.0	13.0	20.0	20.0
05-58	20.0	18.0	13.0	13.0	20.0	20.0
06-00	21.0	21.0	14.0	14.0	20.0	21.0
06-02	19.0	18.0	13.0	12.0	20.0	20.0
06-04	20.0	18.0	13.0	13.0	20.0	20.0
06-06	20.0	19.0	14.0	13.0	20.0	20.0
06-08	20.0	19.0	13.0	12.0	20.0	20.0
06-10	20.0	19.0	12.0	11.0	20.0	20.0
06-12	20.0	20.0	14.0	12.0	21.0	21.0
06-14	19.0	19.0	14.0	13.0	19.0	19.0
06-16	19.0	18.0	12.0	12.0	19.0	19.0
06-18	20.0	20.0	12.0	13.0	18.0	20.0
06-20	21.0	20.0	14.0	12.0	21.0	21.0
06-22	19.0	19.0	12.0	11.0	19.0	19.0
06-24	20.0	19.0	12.0	12.0	20.0	20.0
06-26	19.0	19.0	13.0	12.0	19.0	19.0
06-28	18.0	18.0	12.0	13.0	19.0	19.0
06-30	20.0	19.0	13.0	13.0	19.0	19.0
06-32	19.0	18.0	13.0	12.0	19.0	19.0
06-34	20.0	18.0	13.0	13.0	20.0	20.0
06-36	20.0	19.0	13.0	13.0	19.0	19.0
06-38	20.0	19.0	13.0	13.0	20.0	20.0
06-40	20.0	19.0	13.0	14.0	20.0	19.0
06-42	20.0	20.0	13.0	13.0	19.0	20.0
06-44	19.0	19.0	14.0	12.0	18.0	19.0
06-46	19.0	19.0	13.0	12.0	19.0	19.0
06-48	19.0	19.0	14.0	13.0	19.0	19.0
06-50	20.0	19.0	12.0	13.0	20.0	20.0
06-52	19.0	19.0	12.0	13.0	19.0	20.0
06-54	20.0	19.0	15.0	13.0	20.0	20.0
06-56	20.0	19.0	13.0	13.0	20.0	20.0
06-58	19.0	19.0	13.0	12.0	20.0	20.0
07-00	21.0	19.0	14.0	13.0	21.0	21.0
07-02	19.0	19.0	13.0	12.0	19.0	19.0
07-04	19.0	18.0	13.0	13.0	19.0	19.0
07-06	20.0	20.0	14.0	13.0	19.0	20.0
07-08	19.0	19.0	13.0	13.0	19.0	19.0
07-10	19.0	19.0	13.0	12.0	20.0	20.0
07-12	20.0	20.0	13.0	14.0	19.0	20.0
07-14	20.0	19.0	14.0	14.0	20.0	20.0
07-16	19.0	19.0	10.0	14.0	19.0	19.0
07-18	20.0	20.0	12.0	14.0	20.0	20.0
07-20	21.0	20.0	13.0	13.0	21.0	21.0
07-22	20.0	20.0	12.0	14.0	18.0	20.0
07-24	20.0	19.0	12.0	15.0	19.0	19.0
07-26	19.0	19.0	12.0	14.0	18.0	19.0
07-28	20.0	20.0	12.0	15.0	20.0	20.0
07-30	22.0	20.0	14.0	14.0	22.0	22.0
07-32	20.0	19.0	14.0	13.0	20.0	20.0
07-34	19.0	19.0	13.0	13.0	19.0	19.0
07-36	20.0	19.0	13.0	14.0	20.0	20.0
07-38	21.0	19.0	13.0	13.0	20.0	20.0
07-40	20.0	19.0	14.0	15.0	21.0	21.0
07-42	21.0	20.0	13.0	15.0	21.0	21.0
07-44	21.0	19.0	13.0	14.0	21.0	21.0
07-46	20.0	19.0	13.0	13.0	20.0	20.0
07-48	21.0	20.0	14.0	15.0	21.0	21.0
07-50	21.0	20.0	13.0	14.0	20.0	20.0
07-52	20.0	19.0	13.0	13.0	20.0	20.0
07-54	21.0	20.0	14.0	14.0	21.0	21.0
07-56	21.0	19.0	13.0	14.0	21.0	21.0
07-58	22.0	21.0	15.0	15.0	21.0	21.0
08-00	21.0	21.0	16.0	15.0	20.0	21.0
08-02	22.0	20.0	15.0	15.0	20.0	20.0
08-04	21.0	20.0	15.0	15.0	20.0	20.0
08-06	22.0	22.0	14.0	16.0	20.0	21.0
08-08	21.0	20.0	15.0	15.0	21.0	21.0
08-10	20.0	20.0	14.0	16.0	20.0	20.0
08-12	21.0	20.0	14.0	16.0	21.0	21.0
08-14	20.0	20.0	13.0	16.0	20.0	20.0
08-16	21.0	21.0	14.0	16.0	21.0	22.0
08-18	23.0	21.0	16.0	16.0	21.0	21.0
08-20	23.0	22.0	15.0	17.0	23.0	23.0
08-22	21.0	21.0	14.0	17.0	21.0	21.0
08-24	22.0	22.0	15.0	16.0	22.0	22.0
08-26	21.0	21.0	14.0	16.0	21.0	22.0
08-28	22.0	21.0	14.0	17.0	22.0	22.0
08-30	22.0	21.0	15.0	18.0	22.0	22.0
08-32	21.0	21.0	14.0	17.0	20.0	21.0
08-34	22.0	22.0	15.0	17.0	22.0	22.0
08-36	23.0	22.0	16.0	17.0	23.0	22.0
08-38	21.0	20.0	15.0	17.0	21.0	21.0
08-40	21.0	21.0	14.0	19.0	22.0	23.0
08-42	23.0	23.0	16.0	19.0	22.0	22.0
08-44	23.0	23.0	16.0	17.0	22.0	23.0
08-46	23.0	21.0	16.0	17.0	23.0	23.0
08-48	36.0	36.0	29.0	28.0	30.0	36.0
08-50	42.0	42.0	33.0	33.0	34.0	42.0
08-52	26.0	25.0	20.0	20.0	26.0	26.0
08-54	28.0	28.0	23.0	24.0	28.0	29.0
08-56	25.0	25.0	19.0	19.0	24.0	25.0
08-58	24.0	23.0	18.0	18.0	24.0	23.0
09-00	24.0	23.0	19.0	19.0	24.0	24.0
09-02	23.0	22.0	16.0	18.0	23.0	23.0
09-04	25.0	25.0	20.0	20.0	24.0	25.0
09-06	27.0	27.0	20.0	22.0	26.0	27.0
09-08	38.0	38.0	27.0	27.0	30.0	38.0
09-10	24.0	23.0	19.0	18.0	24.0	24.0
09-12	24.0	24.0	19.0	18.0	24.0	24.0
09-14	24.0	23.0	17.0	16.0	24.0	23.0
09-16	24.0	23.0	17.0	17.0	24.0	24.0
09-18	24.0	24.0	17.0	19.0	24.0	24.0
09-20	27.0	27.0	20.0	20.0	25.0	27.0
09-22	25.0	25.0	19.0	19.0	24.0	25.0
09-24	30.0	30.0	26.0	30.0	29.0	30.0
09-26	31.0	31.0	27.0	26.0	30.0	32.0
09-28	26.0	26.0	20.0	21.0	24.0	26.0
09-30	25.0	25.0	20.0	19.0	24.0	25.0
09-32	30.0	29.0	23.0	25.0	29.0	30.0
09-34	39.0	39.0	29.0	27.0	30.0	38.0
09-36	36.0	34.0	30.0	36.0	33.0	36.0
09-38	28.0	28.0	27.0	27.0	27.0	28.0
09-40	25.0	25.0	19.0	20.0	23.0	25.0
09-42	39.0	37.0	39.0	35.0	37.0	38.0
09-44	38.0	38.0	29.0	28.0	31.0	38.0
09-46	25.0	25.0	21.0	20.0	24.0	25.0
09-48	30.0	30.0	28.0	27.0	29.0	30.0
09-50	39.0	37.0	39.0	37.0	35.0	39.0
09-52	30.0	28.0	23.0	24.0	27.0	28.0
09-54	28.0	28.0	24.0	23.0	26.0	28.0
09-56	38.0	38.0	31.0	28.0	33.0	38.0
09-58	40.0	40.0	31.0	32.0	34.0	40.0
10-00	25.0	24.0	24.0	24.0	24.0	25.0
10-02	39.0	39.0	39.0	35.0	38.0	39.0
10-04	42.0	38.0	36.0	42.0	39.0	42.0
10-06	45.0	45.0	38.0	37.0	39.0	45.0
10-08	29.0	29.0	25.0	26.0	29.0	29.0
10-10	36.0	36.0	28.0	27.0	29.0	36.0
10-12	42.0	42.0	33.0	31.0	34.0	41.0
10-14	41.0	39.0	41.0	37.0	38.0	41.0
10-16	42.0	40.0	42.0	36.0	38.0	42.0
10-18	45.0	45.0	38.0	37.0	39.0	45.0
10-20	43.0	42.0	43.0	40.0	39.0	43.0
10-22	45.0	41.0	36.0	39.0	45.0	45.0
10-24	42.0	42.0	42.0	40.0	40.0	42.0
10-26	57.0	56.0	56.0	57.0	55.0	57.0
10-28	45.0	42.0	39.0	45.0	43.0	45.0
10-30	46.0	43.0	37.0	40.0	46.0	46.0
10-32	45.0	43.0	38.0	45.0	41.0	45.0
10-34	51.0	45.0	44.0	51.0	45.0	51.0
10-36	70.0	69.0	68.0	70.0	69.0	70.0
10-38	48.0	46.0	48.0	44.0	44.0	49.0
10-40	50.0	50.0	44.0	42.0	43.0	50.0
10-42	49.0	49.0	42.0	41.0	41.0	50.0
10-44	48.0	42.0	38.0	41.0	47.0	48.0
10-46	43.0	42.0	40.0	41.0	43.0	44.0
10-48	47.0	44.0	40.0	47.0	43.0	47.0
10-50	48.0	40.0	38.0	41.0	48.0	48.0
10-52	47.0	45.0	42.0	45.0	47.0	47.0
10-54	48.0	48.0	40.0	40.0	41.0	48.0
10-56	46.0	42.0	40.0	46.0	44.0	45.0
10-58	46.0	43.0	46.0	41.0	41.0	46.0
11-00	49.0	49.0	42.0	42.0	42.0	49.0
11-02	47.0	41.0	39.0	40.0	47.0	47.0
11-04	46.0	41.0	37.0	41.0	46.0	46.0
11-06	49.0	49.0	42.0	41.0	41.0	49.0
11-08	46.0	43.0	40.0	46.0	41.0	46.0
11-10	46.0	43.0	46.0	41.0	40.0	46.0
11-12	45.0	45.0	45.0	42.0	42.0	45.0
11-14	48.0	48.0	44.0	45.0	45.0	48.0
11-16	47.0	41.0	38.0	41.0	47.0	47.0
11-18	48.0	48.0	40.0	39.0	40.0	48.0
11-20	48.0	48.0	41.0	40.0	42.0	48.0
11-22	44.0	39.0	36.0	40.0	45.0	45.0
11-24	44.0	42.0	44.0	41.0	41.0	45.0
11-26	43.0	39.0	36.0	43.0	42.0	43.0
11-28	47.0	47.0	39.0	38.0	41.0	47.0
11-30	46.0	43.0	46.0	43.0	41.0	46.0
11-32	31.0	31.0	27.0	27.0	31.0	31.0
11-34	42.0	38.0	35.0	42.0	39.0	42.0
11-36	75.0	75.0	73.0	72.0	71.0	75.0
11-38	86.0	85.0	85.0	85.0	82.0	86.0
11-40	85.0	82.0	85.0	85.0	79.0	85.0
11-42	96.0	96.0	95.0	95.0	92.0	96.0
11-44	95.0	93.0	93.0	95.0	90.0	95.0
11-46	93.0	92.0	91.0	93.0	88.0	93.0
11-48	96.0	96.0	96.0	94.0	92.0	96.0
11-50	98.0	97.0	98.0	97.0	91.0	98.0
11-52	89.0	89.0	89.0	88.0	89.0	89.0
11-54	77.0	77.0	76.0	77.0	73.0	78.0
11-56	88.0	87.0	87.0	86.0	85.0	88.0
11-58	89.0	87.0	89.0	87.0	86.0	89.0
12-00	97.0	96.0	96.0	96.0	91.0	96.0
12-02	96.0	95.0	94.0	96.0	91.0	96.0
12-04	91.0	90.0	91.0	91.0	89.0	91.0
12-06	96.0	96.0	96.0	93.0	92.0	96.0
12-08	98.0	96.0	98.0	95.0	93.0	98.0
12-10	84.0	75.0	79.0	84.0	79.0	84.0
12-12	77.0	77.0	74.0	74.0	67.0	77.0
12-14	80.0	80.0	78.0	77.0	76.0	80.0
12-16	85.0	85.0	84.0	84.0	79.0	85.0
12-18	91.0	90.0	91.0	91.0	87.0	91.0
12-20	90.0	88.0	89.0	90.0	86.0	90.0
12-22	95.0	95.0	95.0	94.0	90.0	95.0
12-24	95.0	94.0	95.0	93.0	90.0	95.0
12-26	93.0	93.0	93.0	92.0	89.0	92.0
12-28	95.0	92.0	95.0	95.0	92.0	95.0
12-30	96.0	97.0	95.0	97.0	92.0	97.0
12-32	84.0	84.0	81.0	82.0	76.0	83.0
12-34	59.0	54.0	59.0	59.0	56.0	59.0
12-36	48.0	46.0	48.0	44.0	43.0	48.0
12-38	43.0	43.0	43.0	40.0	40.0	43.0
12-40	44.0	43.0	44.0	42.0	40.0	44.0
12-42	44.0	43.0	45.0	40.0	40.0	45.0
12-44	36.0	36.0	33.0	32.0	34.0	36.0
12-46	33.0	34.0	28.0	29.0	31.0	34.0
12-48	34.0	31.0	30.0	34.0	31.0	34.0
12-50	41.0	41.0	33.0	34.0	34.0	41.0
12-52	42.0	42.0	35.0	36.0	36.0	42.0
12-56	29.0	29.0	24.0	24.0	26.0	29.0
12-56	29.0	29.0	24.0	24.0	26.0	29.0
12-58	25.0	25.0	25.0	25.0	25.0	25.0
13-00	30.0	30.0	26.0	27.0	27.0	30.0
13-02	28.0	28.0	24.0	29.0	25.0	29.0
13-05	27.0	27.0	21.0	22.0	24.0	27.0
13-06	26.0	26.0	25.0	25.0	25.0	26.0
13-08	27.0	27.0	27.0	27.0	27.0	27.0
13-10	25.0	25.0	25.0	25.0	25.0	25.0
13-12	28.0	28.0	22.0	23.0	26.0	29.0
13-14	29.0	29.0	25.0	25.0	26.0	29.0
13-16	50.0	50.0	41.0	43.0	42.0	49.0
13-18	47.0	47.0	41.0	41.0	40.0	47.0
13-20	44.0	43.0	44.0	41.0	41.0	44.0
13-22	43.0	42.0	43.0	40.0	38.0	43.0
13-24	47.0	47.0	40.0	42.0	40.0	48.0
13-26	47.0	47.0	39.0	40.0	39.0	47.0
13-28	50.0	46.0	43.0	50.0	44.0	50.0
13-30	46.0	44.0	46.0	43.0	42.0	46.0
13-32	48.0	48.0	40.0	41.0	40.0	50.0
13-34	45.0	43.0	45.0	42.0	40.0	45.0
13-36	50.0	47.0	45.0	50.0	45.0	50.0
13-38	70.0	70.0	69.0	70.0	68.0	70.0
13-40	52.0	47.0	44.0	52.0	48.0	52.0
13-42	50.0	45.0	43.0	50.0	45.0	50.0
13-44	48.0	44.0	39.0	43.0	48.0	48.0
13-46	45.0	45.0	40.0	41.0	40.0	44.0
13-48	50.0	50.0	43.0	42.0	43.0	51.0
13-50	51.0	51.0	41.0	41.0	42.0	51.0
13-52	47.0	44.0	47.0	42.0	42.0	47.0
13-54	50.0	50.0	41.0	42.0	42.0	50.0
13-56	46.0	45.0	46.0	42.0	42.0	46.0
13-58	47.0	46.0	47.0	43.0	42.0	47.0
14-00	47.0	47.0	46.0	44.0	45.0	47.0
14-02	49.0	44.0	39.0	44.0	50.0	50.0
14-04	48.0	45.0	48.0	43.0	42.0	48.0
14-06	47.0	46.0	47.0	44.0	42.0	47.0
14-08	47.0	43.0	40.0	47.0	43.0	46.0
14-10	49.0	44.0	41.0	50.0	43.0	50.0
14-12	49.0	46.0	41.0	44.0	49.0	49.0
14-14	49.0	45.0	42.0	49.0	42.0	49.0
14-16	49.0	44.0	41.0	49.0	43.0	49.0
14-18	50.0	50.0	44.0	43.0	42.0	50.0
14-20	50.0	50.0	43.0	43.0	42.0	50.0
14-22	52.0	52.0	42.0	41.0	41.0	52.0
14-24	47.0	42.0	40.0	42.0	47.0	47.0
14-26	48.0	42.0	38.0	42.0	48.0	48.0
14-28	48.0	40.0	37.0	41.0	48.0	48.0
14-30	49.0	43.0	40.0	49.0	43.0	49.0
14-32	47.0	43.0	40.0	47.0	42.0	47.0
14-34	46.0	42.0	41.0	46.0	42.0	46.0
14-36	40.0	40.0	35.0	36.0	38.0	40.0
14-38	33.0	33.0	28.0	28.0	31.0	33.0
14-40	43.0	42.0	43.0	40.0	38.0	43.0
14-42	77.0	74.0	75.0	77.0	73.0	77.0
14-44	90.0	89.0	90.0	88.0	87.0	91.0
14-46	93.0	92.0	93.0	91.0	88.0	93.0
14-48	98.0	97.0	98.0	96.0	91.0	98.0
14-50	97.0	96.0	95.0	97.0	90.0	97.0
14-52	96.0	96.0	95.0	96.0	93.0	96.0
14-54	97.0	97.0	96.0	94.0	93.0	96.0
14-56	97.0	97.0	97.0	96.0	93.0	97.0
14-58	90.0	90.0	84.0	88.0	86.0	90.0
15-00	80.0	78.0	79.0	80.0	77.0	80.0
15-02	92.0	91.0	92.0	91.0	89.0	91.0
15-04	95.0	93.0	95.0	92.0	89.0	94.0
15-06	97.0	95.0	97.0	96.0	92.0	97.0
15-08	97.0	97.0	95.0	94.0	91.0	97.0
15-10	95.0	93.0	95.0	95.0	92.0	95.0
15-12	97.0	94.0	97.0	97.0	93.0	97.0
15-14	96.0	96.0	95.0	96.0	92.0	96.0
15-16	85.0	85.0	83.0	82.0	75.0	85.0
15-18	79.0	79.0	72.0	76.0	77.0	79.0
15-20	84.0	81.0	82.0	83.0	78.0	83.0
15-22	89.0	85.0	89.0	89.0	87.0	89.0
15-24	96.0	96.0	95.0	95.0	89.0	96.0
15-26	95.0	95.0	94.0	92.0	89.0	95.0
15-28	97.0	97.0	95.0	94.0	93.0	97.0
15-30	97.0	97.0	96.0	97.0	94.0	97.0
15-32	96.0	95.0	94.0	96.0	93.0	96.0
15-34	97.0	97.0	97.0	94.0	91.0	97.0
15-36	98.0	95.0	95.0	98.0	93.0	98.0
15-38	84.0	84.0	80.0	83.0	81.0	84.0
15-40	62.0	60.0	57.0	62.0	56.0	62.0
15-42	51.0	46.0	42.0	51.0	46.0	51.0
15-44	44.0	41.0	39.0	44.0	42.0	44.0
15-46	49.0	41.0	41.0	49.0	42.0	49.0
15-48	47.0	42.0	42.0	47.0	42.0	47.0
15-50	42.0	42.0	35.0	34.0	36.0	41.0
15-52	33.0	32.0	29.0	30.0	33.0	33.0
15-54	35.0	35.0	29.0	31.0	33.0	35.0
15-56	42.0	41.0	34.0	35.0	36.0	42.0
15-58	42.0	42.0	36.0	37.0	36.0	42.0
16-00	30.0	30.0	28.0	28.0	30.0	30.0
16-03	27.0	27.0	23.0	24.0	27.0	27.0
16-04	31.0	31.0	25.0	26.0	28.0	31.0
16-06	29.0	29.0	25.0	27.0	28.0	29.0
16-08	30.0	30.0	24.0	25.0	28.0	29.0
16-10	31.0	32.0	24.0	25.0	27.0	31.0
16-13	28.0	28.0	27.0	27.0	27.0	28.0
16-14	27.0	27.0	26.0	26.0	26.0	27.0
16-16	27.0	27.0	23.0	25.0	26.0	28.0
16-18	30.0	30.0	25.0	27.0	28.0	30.0
16-20	47.0	47.0	47.0	45.0	44.0	47.0
16-22	48.0	48.0	41.0	41.0	41.0	48.0
16-24	49.0	49.0	45.0	44.0	43.0	49.0
16-26	48.0	48.0	41.0	40.0	40.0	48.0
16-28	46.0	46.0	39.0	40.0	40.0	46.0
16-30	46.0	46.0	40.0	41.0	40.0	46.0
16-32	58.0	56.0	55.0	58.0	57.0	58.0
16-34	51.0	45.0	44.0	51.0	45.0	51.0
16-36	47.0	45.0	47.0	44.0	44.0	47.0
16-38	49.0	43.0	41.0	49.0	43.0	49.0
16-40	49.0	49.0	42.0	42.0	41.0	49.0
16-42	51.0	47.0	45.0	52.0	47.0	52.0
16-44	62.0	55.0	55.0	56.0	62.0	62.0
16-46	50.0	47.0	50.0	45.0	45.0	50.0
16-48	49.0	44.0	42.0	44.0	49.0	49.0
16-50	51.0	51.0	43.0	42.0	42.0	51.0
16-52	47.0	45.0	47.0	41.0	41.0	47.0
16-54	47.0	46.0	47.0	44.0	43.0	47.0
16-56	50.0	50.0	42.0	42.0	41.0	50.0
16-58	47.0	44.0	47.0	44.0	42.0	47.0
17-00	49.0	43.0	43.0	48.0	45.0	48.0
17-02	51.0	51.0	47.0	46.0	46.0	51.0
17-04	49.0	49.0	48.0	49.0	47.0	49.0
17-06	49.0	44.0	42.0	49.0	45.0	49.0
17-08	48.0	45.0	44.0	48.0	42.0	48.0
17-10	48.0	48.0	42.0	42.0	42.0	48.0
17-12	50.0	44.0	43.0	44.0	49.0	49.0
17-14	46.0	44.0	46.0	42.0	42.0	46.0
17-16	49.0	49.0	42.0	41.0	41.0	49.0
17-18	48.0	43.0	41.0	48.0	44.0	48.0
17-20	48.0	43.0	41.0	48.0	44.0	48.0
17-22	48.0	45.0	48.0	43.0	43.0	48.0
17-24	46.0	45.0	46.0	44.0	43.0	47.0
17-26	48.0	42.0	41.0	48.0	42.0	48.0
17-28	50.0	50.0	41.0	40.0	39.0	50.0
17-30	46.0	43.0	40.0	46.0	43.0	46.0
17-32	49.0	49.0	40.0	40.0	38.0	49.0
17-34	47.0	46.0	39.0	39.0	38.0	46.0
17-36	47.0	40.0	37.0	40.0	46.0	46.0
17-38	47.0	39.0	37.0	39.0	47.0	47.0
17-40	49.0	49.0	40.0	40.0	40.0	49.0
17-42	46.0	43.0	40.0	47.0	43.0	47.0
17-44	31.0	29.0	27.0	29.0	31.0	31.0
17-46	43.0	37.0	36.0	43.0	39.0	43.0
17-48	74.0	74.0	74.0	72.0	74.0	75.0
17-50	84.0	80.0	84.0	84.0	81.0	84.0
17-52	82.0	81.0	79.0	82.0	77.0	82.0
17-54	91.0	88.0	91.0	90.0	89.0	91.0
17-56	91.0	92.0	91.0	89.0	86.0	92.0
17-58	91.0	88.0	91.0	88.0	87.0	91.0
18-00	93.0	93.0	93.0	91.0	89.0	93.0
18-02	96.0	96.0	96.0	96.0	91.0	96.0
18-04	79.0	73.0	72.0	75.0	79.0	79.0
18-06	76.0	75.0	76.0	75.0	75.0	76.0
18-08	84.0	84.0	84.0	83.0	82.0	84.0
18-10	83.0	82.0	83.0	83.0	82.0	83.0
18-12	90.0	90.0	88.0	90.0	88.0	90.0
18-14	87.0	86.0	86.0	86.0	86.0	86.0
18-16	88.0	86.0	86.0	88.0	86.0	88.0
18-18	90.0	87.0	90.0	90.0	88.0	90.0
18-20	93.0	93.0	93.0	93.0	90.0	93.0
18-22	71.0	70.0	65.0	65.0	71.0	71.0
18-24	71.0	62.0	67.0	69.0	71.0	71.0
18-26	76.0	74.0	74.0	76.0	73.0	76.0
18-28	81.0	78.0	80.0	81.0	76.0	81.0
18-30	85.0	83.0	85.0	84.0	81.0	85.0
18-32	83.0	83.0	80.0	81.0	81.0	83.0
18-34	86.0	83.0	86.0	84.0	85.0	86.0
18-36	88.0	85.0	87.0	88.0	85.0	88.0
18-38	87.0	86.0	84.0	87.0	82.0	87.0
18-40	85.0	84.0	85.0	85.0	81.0	85.0
18-42	88.0	87.0	88.0	85.0	86.0	88.0
18-44	67.0	60.0	63.0	62.0	67.0	67.0
18-46	54.0	52.0	54.0	50.0	53.0	54.0
18-48	43.0	43.0	42.0	41.0	41.0	44.0
18-50	42.0	40.0	42.0	40.0	39.0	42.0
18-52	42.0	40.0	42.0	38.0	40.0	42.0
18-54	42.0	39.0	42.0	39.0	39.0	42.0
18-56	34.0	33.0	28.0	34.0	31.0	34.0
18-58	30.0	30.0	24.0	26.0	29.0	31.0
19-00	30.0	30.0	24.0	26.0	28.0	31.0
19-02	36.0	34.0	30.0	36.0	34.0	36.0
19-04	40.0	35.0	32.0	40.0	36.0	40.0
19-12	30.0	30.0	19.0	21.0	24.0	30.0
19-12	30.0	30.0	19.0	21.0	24.0	30.0
19-12	30.0	30.0	19.0	21.0	24.0	30.0
19-12	25.0	25.0	19.0	21.0	24.0	26.0
19-15	24.0	24.0	18.0	20.0	24.0	24.0
19-16	25.0	25.0	21.0	23.0	24.0	25.0
19-18	28.0	28.0	21.0	24.0	26.0	28.0
19-20	26.0	26.0	21.0	23.0	26.0	27.0
19-22	41.0	36.0	32.0	41.0	36.0	41.0
19-24	42.0	39.0	34.0	42.0	39.0	42.0
19-26	41.0	39.0	34.0	41.0	38.0	41.0
19-28	40.0	38.0	33.0	41.0	38.0	41.0
19-30	43.0	43.0	40.0	41.0	42.0	43.0
19-32	40.0	38.0	33.0	40.0	38.0	40.0
19-34	46.0	41.0	38.0	46.0	41.0	46.0
19-36	42.0	42.0	42.0	40.0	40.0	42.0
19-38	45.0	45.0	37.0	37.0	39.0	44.0
19-40	43.0	39.0	36.0	44.0	40.0	44.0
19-42	60.0	59.0	59.0	60.0	60.0	60.0
19-44	47.0	45.0	47.0	43.0	43.0	47.0
19-46	44.0	44.0	44.0	41.0	41.0	44.0
19-48	45.0	45.0	43.0	42.0	42.0	45.0
19-50	44.0	40.0	38.0	45.0	41.0	45.0
19-52	47.0	47.0	38.0	38.0	40.0	47.0
19-54	46.0	41.0	38.0	40.0	46.0	46.0
19-56	43.0	42.0	43.0	38.0	40.0	43.0
19-58	45.0	40.0	35.0	39.0	45.0	45.0
20-00	46.0	46.0	39.0	39.0	41.0	46.0
20-02	43.0	40.0	36.0	43.0	41.0	43.0
20-04	45.0	43.0	40.0	43.0	45.0	45.0
20-06	45.0	40.0	37.0	45.0	42.0	45.0
20-08	46.0	46.0	37.0	38.0	39.0	46.0
20-10	44.0	39.0	37.0	44.0	41.0	44.0
20-12	45.0	41.0	36.0	39.0	46.0	46.0
20-14	43.0	40.0	37.0	44.0	41.0	44.0
20-16	44.0	38.0	35.0	38.0	45.0	45.0
20-18	44.0	40.0	37.0	40.0	44.0	44.0
20-20	47.0	47.0	39.0	39.0	40.0	47.0
20-22	43.0	42.0	43.0	40.0	40.0	43.0
20-24	45.0	41.0	36.0	40.0	45.0	45.0
20-26	40.0	39.0	40.0	36.0	37.0	41.0
20-28	42.0	38.0	34.0	42.0	40.0	42.0
20-30	43.0	37.0	34.0	37.0	43.0	43.0
20-32	41.0	39.0	41.0	38.0	37.0	40.0
20-34	43.0	41.0	35.0	41.0	38.0	43.0
20-36	28.0	28.0	23.0	25.0	27.0	28.0
20-38	40.0	34.0	30.0	40.0	35.0	40.0
20-40	71.0	69.0	71.0	70.0	67.0	71.0
20-42	79.0	79.0	79.0	79.0	77.0	79.0
20-44	76.0	76.0	72.0	76.0	72.0	77.0
20-46	83.0	83.0	83.0	83.0	81.0	83.0
20-48	83.0	79.0	81.0	83.0	78.0	83.0
20-50	81.0	78.0	78.0	81.0	77.0	81.0
20-52	82.0	80.0	82.0	82.0	81.0	83.0
20-54	87.0	87.0	87.0	87.0	85.0	87.0
20-56	72.0	64.0	65.0	72.0	73.0	73.0
20-58	70.0	69.0	70.0	70.0	70.0	70.0
21-00	80.0	78.0	79.0	80.0	77.0	80.0
21-02	78.0	78.0	77.0	77.0	74.0	78.0
21-04	84.0	82.0	84.0	82.0	81.0	83.0
21-06	80.0	79.0	80.0	78.0	77.0	80.0
21-08	81.0	78.0	81.0	82.0	77.0	82.0
21-10	83.0	81.0	83.0	80.0	80.0	83.0
21-12	86.0	84.0	85.0	86.0	82.0	86.0
21-14	68.0	66.0	68.0	64.0	62.0	68.0
21-16	68.0	59.0	66.0	68.0	65.0	68.0
21-18	74.0	73.0	73.0	73.0	72.0	73.0
21-20	77.0	75.0	74.0	77.0	73.0	77.0
21-22	80.0	76.0	79.0	80.0	77.0	80.0
21-24	78.0	78.0	76.0	77.0	77.0	78.0
21-26	79.0	78.0	79.0	78.0	75.0	79.0
21-28	83.0	78.0	80.0	83.0	76.0	82.0
21-30	81.0	76.0	77.0	80.0	77.0	80.0
21-32	79.0	76.0	79.0	74.0	76.0	79.0
21-34	81.0	81.0	81.0	79.0	76.0	81.0
21-36	64.0	64.0	63.0	59.0	56.0	64.0
21-38	53.0	53.0	52.0	48.0	44.0	53.0
21-40	40.0	40.0	39.0	38.0	39.0	40.0
21-42	40.0	39.0	40.0	37.0	37.0	40.0
21-44	40.0	37.0	40.0	37.0	36.0	40.0
21-46	40.0	36.0	40.0	37.0	36.0	40.0
21-48	30.0	30.0	26.0	28.0	29.0	30.0
21-50	28.0	28.0	24.0	25.0	26.0	28.0
21-52	27.0	27.0	23.0	24.0	27.0	27.0
21-54	34.0	31.0	28.0	33.0	32.0	33.0
21-56	38.0	33.0	29.0	38.0	34.0	38.0
21-58	25.0	23.0	20.0	22.0	26.0	26.0
22-00	24.0	24.0	19.0	21.0	24.0	25.0
22-02	27.0	27.0	19.0	20.0	24.0	27.0
22-04	26.0	26.0	21.0	22.0	24.0	26.0
22-06	40.0	36.0	33.0	40.0	36.0	40.0
22-08	41.0	35.0	32.0	36.0	41.0	41.0
22-10	38.0	35.0	34.0	38.0	36.0	38.0
22-12	38.0	36.0	34.0	38.0	36.0	39.0
22-14	38.0	34.0	33.0	38.0	36.0	38.0
22-16	38.0	35.0	32.0	38.0	36.0	38.0
22-18	49.0	49.0	46.0	49.0	47.0	49.0
22-20	42.0	38.0	35.0	42.0	39.0	42.0
22-22	44.0	44.0	39.0	39.0	40.0	44.0
22-24	39.0	39.0	39.0	37.0	37.0	39.0
22-26	47.0	47.0	47.0	47.0	46.0	47.0
22-28	66.0	65.0	64.0	66.0	64.0	66.0
22-30	46.0	42.0	40.0	46.0	41.0	46.0
22-32	44.0	40.0	37.0	40.0	44.0	44.0
22-34	43.0	38.0	36.0	43.0	38.0	43.0
22-36	45.0	45.0	37.0	39.0	36.0	45.0
22-38	43.0	39.0	34.0	43.0	39.0	43.0
22-40	45.0	45.0	37.0	37.0	38.0	45.0
22-42	42.0	38.0	36.0	42.0	39.0	42.0
22-44	43.0	38.0	37.0	43.0	39.0	43.0
22-46	43.0	37.0	36.0	43.0	40.0	43.0
22-48	43.0	39.0	36.0	39.0	43.0	43.0
22-50	41.0	38.0	41.0	38.0	37.0	42.0
22-52	41.0	38.0	41.0	39.0	38.0	41.0
22-54	44.0	38.0	36.0	38.0	44.0	44.0
22-56	42.0	37.0	33.0	36.0	42.0	42.0
22-58	37.0	37.0	36.0	37.0	38.0	38.0
23-00	45.0	45.0	38.0	37.0	38.0	46.0
23-02	45.0	41.0	39.0	45.0	39.0	45.0
23-04	42.0	40.0	42.0	37.0	37.0	42.0
23-06	42.0	41.0	42.0	38.0	37.0	41.0
23-08	42.0	40.0	41.0	38.0	38.0	41.0
23-10	44.0	36.0	34.0	37.0	44.0	44.0
23-12	42.0	37.0	34.0	38.0	42.0	42.0
23-14	42.0	36.0	33.0	36.0	42.0	42.0
23-16	44.0	44.0	35.0	34.0	37.0	43.0
23-18	43.0	38.0	36.0	38.0	44.0	44.0
23-20	28.0	27.0	23.0	24.0	26.0	28.0
23-22	38.0	33.0	31.0	38.0	33.0	38.0
23-24	70.0	66.0	70.0	68.0	67.0	70.0
23-26	80.0	76.0	78.0	79.0	76.0	79.0
23-28	76.0	74.0	72.0	75.0	72.0	76.0
23-30	82.0	81.0	82.0	82.0	80.0	82.0
23-32	81.0	81.0	79.0	79.0	77.0	80.0
23-34	79.0	79.0	78.0	77.0	74.0	79.0
23-36	82.0	81.0	82.0	81.0	78.0	82.0
23-38	84.0	84.0	82.0	84.0	79.0	84.0
23-40	75.0	75.0	73.0	69.0	69.0	75.0
23-42	68.0	67.0	66.0	68.0	66.0	68.0
23-44	78.0	76.0	74.0	78.0	75.0	78.0
23-46	77.0	74.0	75.0	77.0	73.0	77.0
23-48	81.0	78.0	79.0	81.0	77.0	81.0
23-50	78.0	77.0	77.0	78.0	77.0	78.0
23-52	78.0	78.0	76.0	78.0	75.0	78.0
23-54	79.0	79.0	79.0	77.0	75.0	79.0
23-56	83.0	82.0	82.0	83.0	80.0	83.0
23-58	65.0	65.0	63.0	62.0	65.0	65.0
