00-00	29.0	29.0	24.0	25.0	27.0	29.0
00-02	25.0	25.0	19.0	21.0	25.0	26.0
00-04	25.0	25.0	20.0	21.0	24.0	27.0
00-06	25.0	25.0	22.0	22.0	24.0	26.0
00-08	25.0	25.0	20.0	21.0	24.0	25.0
00-10	25.0	25.0	21.0	20.0	23.0	25.0
00-12	26.0	26.0	21.0	21.0	25.0	26.0
00-14	26.0	26.0	20.0	21.0	24.0	26.0
00-16	25.0	25.0	20.0	21.0	25.0	25.0
00-18	26.0	25.0	21.0	21.0	26.0	26.0
00-20	26.0	26.0	20.0	22.0	25.0	27.0
00-22	25.0	25.0	20.0	20.0	24.0	25.0
00-24	26.0	26.0	21.0	20.0	25.0	26.0
00-26	26.0	26.0	20.0	21.0	24.0	26.0
00-28	25.0	25.0	20.0	21.0	24.0	25.0
00-30	27.0	27.0	23.0	24.0	26.0	27.0
00-32	25.0	25.0	21.0	20.0	25.0	25.0
00-34	25.0	25.0	21.0	20.0	25.0	24.0
00-36	25.0	25.0	20.0	23.0	24.0	25.0
00-38	26.0	26.0	20.0	21.0	24.0	25.0
00-40	26.0	26.0	20.0	22.0	24.0	26.0
00-42	26.0	26.0	22.0	21.0	24.0	26.0
00-44	25.0	25.0	21.0	23.0	24.0	25.0
00-46	25.0	25.0	21.0	20.0	24.0	25.0
00-48	25.0	26.0	20.0	22.0	25.0	26.0
00-50	24.0	24.0	20.0	21.0	24.0	24.0
00-52	25.0	25.0	20.0	21.0	24.0	24.0
00-54	25.0	25.0	20.0	21.0	24.0	26.0
00-56	24.0	23.0	20.0	20.0	23.0	24.0
00-58	25.0	24.0	20.0	20.0	25.0	25.0
01-00	29.0	29.0	24.0	25.0	27.0	29.0
01-02	25.0	25.0	20.0	21.0	24.0	25.0
01-04	25.0	25.0	19.0	22.0	24.0	26.0
01-06	26.0	26.0	19.0	21.0	24.0	26.0
01-08	25.0	25.0	21.0	21.0	24.0	25.0
01-10	24.0	24.0	20.0	21.0	25.0	25.0
01-12	25.0	25.0	22.0	22.0	24.0	25.0
01-14	24.0	24.0	21.0	21.0	24.0	24.0
01-16	24.0	24.0	20.0	20.0	24.0	24.0
01-18	25.0	25.0	21.0	21.0	24.0	25.0
01-20	25.0	24.0	21.0	23.0	26.0	26.0
01-22	25.0	25.0	20.0	21.0	24.0	25.0
01-24	24.0	24.0	21.0	22.0	24.0	24.0
01-26	24.0	24.0	22.0	20.0	24.0	24.0
01-28	25.0	24.0	22.0	20.0	24.0	25.0
01-30	27.0	27.0	23.0	24.0	26.0	28.0
01-32	25.0	25.0	19.0	21.0	24.0	24.0
01-34	25.0	24.0	21.0	21.0	24.0	24.0
01-36	26.0	26.0	20.0	21.0	25.0	26.0
01-38	25.0	25.0	20.0	21.0	24.0	25.0
01-40	26.0	26.0	20.0	20.0	24.0	26.0
01-42	26.0	26.0	20.0	21.0	24.0	25.0
01-44	26.0	25.0	19.0	21.0	24.0	25.0
01-46	26.0	26.0	19.0	21.0	24.0	26.0
01-48	26.0	26.0	20.0	22.0	24.0	26.0
01-50	25.0	25.0	19.0	21.0	24.0	24.0
01-52	25.0	25.0	20.0	22.0	24.0	25.0
01-54	26.0	26.0	20.0	21.0	24.0	26.0
01-56	25.0	25.0	19.0	22.0	24.0	25.0
01-58	26.0	26.0	19.0	21.0	24.0	26.0
02-00	29.0	29.0	23.0	24.0	26.0	29.0
02-02	27.0	27.0	19.0	21.0	24.0	26.0
02-04	26.0	26.0	19.0	20.0	24.0	26.0
02-06	26.0	26.0	21.0	21.0	24.0	26.0
02-08	26.0	26.0	19.0	22.0	24.0	26.0
02-10	25.0	25.0	19.0	21.0	24.0	25.0
02-12	26.0	26.0	20.0	20.0	24.0	26.0
02-14	25.0	25.0	20.0	21.0	24.0	25.0
02-16	25.0	25.0	20.0	21.0	24.0	25.0
02-18	26.0	26.0	20.0	21.0	24.0	26.0
02-20	24.0	24.0	21.0	20.0	24.0	24.0
02-22	25.0	25.0	20.0	22.0	24.0	25.0
02-24	26.0	26.0	21.0	20.0	24.0	26.0
02-26	24.0	24.0	20.0	22.0	24.0	24.0
02-28	24.0	24.0	19.0	21.0	24.0	24.0
02-30	27.0	27.0	22.0	23.0	26.0	27.0
02-32	25.0	25.0	19.0	20.0	24.0	25.0
02-34	24.0	24.0	19.0	20.0	24.0	24.0
02-36	24.0	24.0	20.0	20.0	24.0	24.0
02-38	24.0	22.0	19.0	20.0	24.0	24.0
02-40	24.0	24.0	20.0	20.0	24.0	24.0
02-42	24.0	24.0	20.0	21.0	24.0	24.0
02-44	24.0	24.0	17.0	21.0	24.0	25.0
02-46	24.0	24.0	19.0	20.0	24.0	25.0
02-48	25.0	25.0	18.0	21.0	24.0	25.0
02-50	25.0	25.0	18.0	20.0	24.0	24.0
02-52	25.0	25.0	17.0	21.0	24.0	25.0
02-54	24.0	24.0	20.0	22.0	24.0	24.0
02-56	24.0	24.0	19.0	20.0	23.0	25.0
02-58	24.0	23.0	19.0	20.0	24.0	24.0
03-00	28.0	28.0	23.0	24.0	27.0	28.0
03-02	24.0	24.0	18.0	20.0	24.0	26.0
03-04	24.0	24.0	19.0	20.0	24.0	24.0
03-06	26.0	26.0	20.0	21.0	24.0	27.0
03-08	26.0	26.0	20.0	21.0	24.0	26.0
03-10	25.0	26.0	18.0	20.0	24.0	26.0
03-12	26.0	26.0	20.0	20.0	24.0	26.0
03-14	25.0	25.0	18.0	20.0	24.0	26.0
03-16	24.0	23.0	20.0	20.0	24.0	24.0
03-18	25.0	25.0	19.0	20.0	24.0	25.0
03-20	26.0	26.0	22.0	20.0	24.0	26.0
03-22	26.0	26.0	19.0	21.0	23.0	25.0
03-24	25.0	24.0	20.0	20.0	24.0	26.0
03-26	26.0	26.0	18.0	19.0	24.0	26.0
03-28	26.0	26.0	19.0	20.0	24.0	25.0
03-30	28.0	28.0	22.0	23.0	25.0	28.0
03-32	25.0	25.0	18.0	20.0	23.0	25.0
03-34	24.0	24.0	19.0	21.0	24.0	24.0
03-36	26.0	26.0	18.0	20.0	24.0	25.0
03-38	25.0	25.0	19.0	20.0	23.0	25.0
03-40	24.0	24.0	20.0	21.0	24.0	24.0
03-42	25.0	25.0	20.0	21.0	24.0	25.0
03-44	24.0	24.0	18.0	20.0	24.0	24.0
03-46	24.0	23.0	19.0	19.0	24.0	24.0
03-48	25.0	25.0	19.0	20.0	24.0	25.0
03-50	24.0	22.0	20.0	20.0	24.0	24.0
03-52	24.0	23.0	19.0	21.0	24.0	24.0
03-54	24.0	24.0	20.0	20.0	24.0	24.0
03-56	25.0	25.0	19.0	20.0	23.0	25.0
03-58	25.0	25.0	19.0	19.0	24.0	24.0
04-00	27.0	27.0	23.0	24.0	26.0	27.0
04-02	23.0	23.0	19.0	20.0	23.0	23.0
04-04	23.0	22.0	20.0	19.0	24.0	24.0
04-06	24.0	24.0	21.0	20.0	24.0	24.0
04-08	24.0	23.0	21.0	20.0	24.0	24.0
04-10	24.0	23.0	19.0	19.0	24.0	24.0
04-12	24.0	24.0	20.0	20.0	24.0	24.0
04-14	24.0	24.0	20.0	19.0	24.0	24.0
04-16	24.0	24.0	20.0	19.0	24.0	24.0
04-18	25.0	25.0	21.0	22.0	24.0	24.0
04-20	25.0	25.0	20.0	21.0	24.0	25.0
04-22	24.0	24.0	19.0	19.0	24.0	25.0
04-24	25.0	25.0	19.0	21.0	24.0	25.0
04-26	26.0	26.0	19.0	20.0	23.0	26.0
04-28	25.0	25.0	18.0	19.0	24.0	25.0
04-30	28.0	28.0	23.0	23.0	25.0	27.0
04-32	26.0	26.0	19.0	20.0	24.0	26.0
04-34	26.0	26.0	19.0	20.0	24.0	26.0
04-36	26.0	26.0	20.0	20.0	24.0	26.0
04-38	24.0	23.0	20.0	20.0	24.0	24.0
04-40	24.0	24.0	20.0	20.0	24.0	24.0
04-42	25.0	24.0	21.0	20.0	24.0	24.0
04-44	25.0	24.0	19.0	19.0	24.0	24.0
04-46	24.0	23.0	18.0	19.0	24.0	24.0
04-48	24.0	24.0	19.0	19.0	24.0	24.0
04-50	23.0	23.0	19.0	19.0	23.0	24.0
04-52	24.0	22.0	20.0	18.0	24.0	24.0
04-54	24.0	24.0	20.0	18.0	24.0	24.0
04-56	24.0	24.0	20.0	18.0	24.0	24.0
04-58	24.0	24.0	19.0	19.0	24.0	24.0
05-00	26.0	26.0	22.0	22.0	25.0	26.0
05-02	24.0	24.0	18.0	19.0	23.0	24.0
05-04	25.0	25.0	19.0	19.0	23.0	25.0
05-06	24.0	24.0	19.0	20.0	23.0	24.0
05-08	23.0	23.0	19.0	21.0	22.0	23.0
05-10	25.0	25.0	19.0	19.0	23.0	25.0
05-12	24.0	25.0	19.0	19.0	24.0	25.0
05-14	24.0	24.0	18.0	20.0	23.0	24.0
05-16	24.0	24.0	19.0	20.0	24.0	24.0
05-18	24.0	24.0	18.0	20.0	24.0	24.0
05-20	24.0	24.0	19.0	20.0	24.0	24.0
05-22	24.0	23.0	18.0	19.0	24.0	24.0
05-24	24.0	23.0	20.0	20.0	24.0	24.0
05-26	24.0	22.0	17.0	20.0	24.0	24.0
05-28	24.0	22.0	18.0	19.0	24.0	24.0
05-30	26.0	26.0	23.0	22.0	27.0	27.0
05-32	24.0	23.0	17.0	19.0	24.0	24.0
05-34	24.0	24.0	17.0	19.0	23.0	24.0
05-36	25.0	25.0	16.0	19.0	24.0	25.0
05-38	23.0	22.0	17.0	20.0	23.0	23.0
05-40	24.0	23.0	19.0	18.0	24.0	24.0
05-42	23.0	23.0	18.0	20.0	24.0	24.0
05-44	23.0	22.0	17.0	20.0	23.0	23.0
05-46	24.0	23.0	18.0	20.0	23.0	23.0
05-48	24.0	24.0	19.0	20.0	24.0	24.0
05-50	23.0	22.0	19.0	19.0	24.0	24.0
05-52	24.0	21.0	19.0	18.0	24.0	24.0
05-54	24.0	23.0	20.0	19.0	24.0	24.0
05-56	23.0	22.0	20.0	18.0	23.0	23.0
05-58	24.0	22.0	19.0	17.0	24.0	24.0
06-00	25.0	25.0	21.0	21.0	25.0	26.0
06-02	24.0	24.0	19.0	19.0	23.0	23.0
06-04	24.0	24.0	18.0	20.0	23.0	24.0
06-06	24.0	24.0	18.0	19.0	24.0	24.0
06-08	24.0	23.0	16.0	18.0	23.0	23.0
06-10	24.0	24.0	16.0	18.0	23.0	24.0
06-12	24.0	24.0	18.0	18.0	24.0	24.0
06-14	24.0	24.0	18.0	18.0	22.0	24.0
06-16	24.0	24.0	19.0	19.0	24.0	24.0
06-18	24.0	24.0	19.0	19.0	23.0	24.0
06-20	24.0	24.0	17.0	19.0	24.0	24.0
06-22	24.0	22.0	19.0	18.0	24.0	24.0
06-24	24.0	24.0	19.0	19.0	24.0	24.0
06-26	23.0	23.0	19.0	19.0	23.0	24.0
06-28	22.0	22.0	17.0	19.0	23.0	24.0
06-30	26.0	26.0	21.0	21.0	24.0	26.0
06-32	23.0	23.0	17.0	19.0	22.0	23.0
06-34	23.0	23.0	18.0	19.0	22.0	24.0
06-36	23.0	23.0	18.0	20.0	23.0	23.0
06-38	22.0	22.0	18.0	18.0	22.0	23.0
06-40	24.0	22.0	18.0	20.0	24.0	24.0
06-42	23.0	24.0	19.0	20.0	23.0	24.0
06-44	24.0	24.0	17.0	19.0	23.0	24.0
06-46	24.0	24.0	16.0	18.0	22.0	24.0
06-48	24.0	24.0	20.0	19.0	24.0	24.0
06-50	23.0	22.0	18.0	18.0	24.0	24.0
06-52	24.0	22.0	19.0	19.0	24.0	24.0
06-54	23.0	22.0	19.0	20.0	23.0	23.0
06-56	23.0	22.0	18.0	18.0	23.0	23.0
06-58	24.0	22.0	19.0	18.0	24.0	24.0
07-00	26.0	26.0	21.0	21.0	24.0	26.0
07-02	23.0	23.0	19.0	18.0	23.0	23.0
07-04	23.0	22.0	18.0	18.0	23.0	24.0
07-06	23.0	23.0	20.0	19.0	24.0	24.0
07-08	23.0	22.0	19.0	17.0	24.0	24.0
07-10	23.0	22.0	18.0	18.0	23.0	23.0
07-12	23.0	23.0	19.0	18.0	24.0	24.0
07-14	24.0	24.0	18.0	19.0	23.0	24.0
07-16	24.0	23.0	17.0	19.0	24.0	24.0
07-18	24.0	24.0	19.0	19.0	24.0	24.0
07-20	24.0	24.0	19.0	19.0	24.0	24.0
07-22	23.0	23.0	17.0	20.0	24.0	24.0
07-24	23.0	21.0	19.0	19.0	23.0	23.0
07-26	24.0	22.0	17.0	18.0	24.0	24.0
07-28	24.0	24.0	16.0	18.0	22.0	24.0
07-30	26.0	26.0	22.0	21.0	25.0	27.0
07-32	24.0	22.0	17.0	18.0	23.0	23.0
07-34	23.0	23.0	17.0	17.0	23.0	23.0
07-36	25.0	25.0	17.0	19.0	23.0	25.0
07-38	23.0	22.0	18.0	16.0	23.0	23.0
07-40	23.0	23.0	17.0	19.0	23.0	23.0
07-42	23.0	23.0	19.0	19.0	23.0	23.0
07-44	24.0	22.0	18.0	17.0	24.0	24.0
07-46	23.0	23.0	16.0	18.0	23.0	23.0
07-48	24.0	24.0	18.0	19.0	23.0	24.0
07-50	24.0	24.0	17.0	18.0	22.0	24.0
07-52	24.0	24.0	17.0	18.0	22.0	24.0
07-54	24.0	24.0	17.0	20.0	23.0	23.0
07-56	23.0	23.0	17.0	19.0	23.0	23.0
07-58	24.0	23.0	17.0	18.0	24.0	24.0
08-00	26.0	26.0	20.0	22.0	25.0	26.0
08-02	24.0	23.0	17.0	17.0	24.0	24.0
08-04	24.0	23.0	16.0	18.0	23.0	23.0
08-06	24.0	24.0	18.0	18.0	22.0	24.0
08-08	24.0	22.0	18.0	18.0	23.0	23.0
08-10	23.0	23.0	20.0	18.0	22.0	23.0
08-12	24.0	23.0	18.0	19.0	24.0	24.0
08-14	23.0	23.0	18.0	18.0	22.0	23.0
08-16	23.0	22.0	17.0	18.0	24.0	24.0
08-18	23.0	23.0	19.0	17.0	23.0	23.0
08-20	24.0	23.0	19.0	18.0	24.0	24.0
08-22	24.0	21.0	18.0	17.0	24.0	24.0
08-24	24.0	21.0	18.0	18.0	24.0	24.0
08-26	23.0	22.0	18.0	18.0	23.0	23.0
08-28	23.0	22.0	18.0	17.0	23.0	23.0
08-30	25.0	25.0	22.0	20.0	24.0	26.0
08-32	23.0	20.0	18.0	17.0	23.0	23.0
08-34	23.0	22.0	19.0	17.0	23.0	23.0
08-36	23.0	22.0	19.0	18.0	24.0	24.0
08-38	22.0	21.0	19.0	17.0	24.0	24.0
08-40	24.0	23.0	20.0	17.0	24.0	24.0
08-42	24.0	22.0	19.0	19.0	24.0	24.0
08-44	24.0	21.0	19.0	17.0	24.0	24.0
08-46	23.0	23.0	17.0	19.0	23.0	24.0
08-48	24.0	24.0	18.0	19.0	24.0	24.0
08-50	24.0	23.0	18.0	19.0	24.0	24.0
08-52	23.0	22.0	19.0	19.0	23.0	23.0
08-54	25.0	25.0	19.0	20.0	24.0	25.0
08-56	23.0	22.0	17.0	18.0	23.0	24.0
08-58	24.0	24.0	18.0	19.0	24.0	24.0
09-00	28.0	28.0	22.0	22.0	25.0	28.0
09-02	24.0	23.0	18.0	18.0	24.0	24.0
09-04	23.0	23.0	19.0	18.0	22.0	23.0
09-06	24.0	24.0	19.0	19.0	24.0	24.0
09-08	24.0	22.0	17.0	19.0	24.0	24.0
09-10	23.0	23.0	18.0	18.0	23.0	23.0
09-12	24.0	23.0	18.0	19.0	24.0	24.0
09-14	24.0	24.0	16.0	18.0	24.0	25.0
09-16	23.0	23.0	17.0	19.0	24.0	24.0
09-18	24.0	24.0	18.0	18.0	24.0	24.0
09-20	24.0	24.0	19.0	19.0	24.0	25.0
09-22	23.0	23.0	17.0	19.0	23.0	23.0
09-24	24.0	22.0	20.0	19.0	24.0	24.0
09-26	25.0	25.0	18.0	19.0	24.0	25.0
09-28	25.0	25.0	20.0	17.0	24.0	24.0
09-30	25.0	25.0	21.0	21.0	24.0	26.0
09-32	23.0	23.0	17.0	18.0	23.0	25.0
09-34	23.0	23.0	17.0	19.0	23.0	23.0
09-36	24.0	24.0	20.0	20.0	24.0	24.0
09-38	23.0	23.0	17.0	18.0	23.0	24.0
09-40	24.0	23.0	20.0	20.0	24.0	24.0
09-42	24.0	24.0	19.0	17.0	24.0	24.0
09-44	24.0	23.0	19.0	20.0	24.0	24.0
09-46	24.0	24.0	19.0	19.0	24.0	24.0
09-48	24.0	24.0	20.0	19.0	24.0	24.0
09-50	24.0	23.0	19.0	17.0	24.0	24.0
09-52	24.0	23.0	19.0	18.0	24.0	24.0
09-54	24.0	24.0	19.0	18.0	24.0	24.0
09-56	24.0	23.0	19.0	18.0	24.0	24.0
09-58	24.0	22.0	19.0	18.0	24.0	24.0
10-00	27.0	26.0	22.0	21.0	27.0	27.0
10-02	24.0	22.0	18.0	18.0	24.0	24.0
10-04	24.0	22.0	19.0	17.0	24.0	24.0
10-06	24.0	23.0	20.0	20.0	24.0	24.0
10-08	24.0	22.0	18.0	17.0	24.0	24.0
10-10	24.0	22.0	19.0	18.0	24.0	24.0
10-12	24.0	22.0	19.0	19.0	24.0	24.0
10-14	24.0	22.0	19.0	17.0	24.0	24.0
10-16	24.0	23.0	19.0	18.0	24.0	24.0
10-18	24.0	24.0	20.0	18.0	24.0	24.0
10-20	24.0	24.0	20.0	18.0	24.0	24.0
10-22	24.0	21.0	19.0	18.0	24.0	24.0
10-24	24.0	22.0	18.0	18.0	24.0	24.0
10-26	24.0	23.0	18.0	18.0	24.0	24.0
10-28	23.0	23.0	19.0	18.0	23.0	23.0
10-30	25.0	25.0	21.0	20.0	26.0	26.0
10-32	24.0	22.0	19.0	17.0	24.0	24.0
10-34	24.0	22.0	20.0	16.0	24.0	24.0
10-36	24.0	23.0	19.0	18.0	24.0	24.0
10-38	24.0	22.0	18.0	16.0	24.0	24.0
10-40	24.0	24.0	18.0	19.0	24.0	24.0
10-42	25.0	25.0	18.0	18.0	23.0	24.0
10-44	23.0	23.0	19.0	18.0	23.0	23.0
10-46	24.0	22.0	19.0	18.0	24.0	24.0
10-48	24.0	23.0	19.0	19.0	24.0	24.0
10-50	24.0	23.0	19.0	16.0	24.0	24.0
10-52	24.0	22.0	19.0	18.0	24.0	24.0
10-54	24.0	24.0	19.0	18.0	24.0	24.0
10-56	24.0	23.0	19.0	19.0	24.0	24.0
10-58	23.0	23.0	18.0	19.0	23.0	23.0
11-00	26.0	26.0	20.0	21.0	25.0	28.0
11-02	24.0	24.0	18.0	19.0	23.0	23.0
11-04	24.0	22.0	17.0	20.0	23.0	23.0
11-06	24.0	24.0	20.0	19.0	24.0	24.0
11-08	24.0	23.0	19.0	18.0	24.0	24.0
11-10	24.0	23.0	19.0	20.0	24.0	24.0
11-12	25.0	25.0	18.0	19.0	24.0	25.0
11-14	23.0	22.0	18.0	19.0	24.0	24.0
11-16	23.0	22.0	19.0	19.0	24.0	24.0
11-18	24.0	23.0	20.0	20.0	24.0	24.0
11-20	24.0	24.0	19.0	18.0	24.0	24.0
11-22	24.0	24.0	19.0	19.0	24.0	25.0
11-24	24.0	24.0	17.0	20.0	24.0	24.0
11-26	24.0	23.0	18.0	18.0	24.0	24.0
11-28	24.0	22.0	18.0	18.0	24.0	24.0
11-30	26.0	26.0	20.0	21.0	25.0	27.0
11-32	24.0	22.0	20.0	18.0	24.0	24.0
11-34	24.0	23.0	17.0	17.0	23.0	23.0
11-36	24.0	24.0	17.0	19.0	24.0	24.0
11-38	24.0	23.0	17.0	17.0	24.0	23.0
11-40	24.0	23.0	18.0	19.0	24.0	24.0
11-42	24.0	24.0	19.0	18.0	22.0	23.0
11-44	24.0	24.0	18.0	18.0	24.0	24.0
11-46	23.0	22.0	17.0	19.0	23.0	23.0
11-48	25.0	25.0	19.0	18.0	24.0	25.0
11-50	24.0	24.0	17.0	18.0	24.0	24.0
11-52	23.0	23.0	18.0	19.0	23.0	24.0
11-54	25.0	25.0	19.0	19.0	24.0	25.0
11-56	23.0	23.0	17.0	18.0	23.0	23.0
11-58	24.0	24.0	18.0	19.0	23.0	24.0
12-00	27.0	27.0	20.0	22.0	26.0	27.0
12-02	25.0	25.0	17.0	19.0	23.0	25.0
12-04	24.0	24.0	17.0	17.0	24.0	24.0
12-06	25.0	25.0	18.0	17.0	24.0	25.0
12-08	24.0	24.0	18.0	17.0	24.0	24.0
12-10	24.0	23.0	19.0	17.0	24.0	24.0
12-12	25.0	25.0	19.0	18.0	23.0	24.0
12-14	24.0	24.0	16.0	19.0	23.0	24.0
12-16	24.0	22.0	18.0	17.0	24.0	24.0
12-18	24.0	24.0	18.0	18.0	24.0	24.0
12-20	24.0	24.0	18.0	19.0	24.0	24.0
12-22	24.0	22.0	19.0	16.0	24.0	24.0
12-24	24.0	24.0	18.0	20.0	23.0	24.0
12-26	24.0	23.0	18.0	18.0	24.0	24.0
12-28	24.0	23.0	16.0	18.0	24.0	24.0
12-30	26.0	26.0	20.0	21.0	24.0	26.0
12-32	23.0	23.0	17.0	18.0	23.0	23.0
12-34	23.0	23.0	18.0	18.0	23.0	23.0
12-36	23.0	23.0	19.0	18.0	23.0	23.0
12-38	24.0	22.0	17.0	18.0	24.0	24.0
12-40	24.0	24.0	18.0	18.0	24.0	24.0
12-42	24.0	24.0	18.0	18.0	24.0	24.0
12-44	23.0	22.0	18.0	17.0	23.0	23.0
12-46	25.0	25.0	17.0	19.0	22.0	25.0
12-48	24.0	24.0	17.0	19.0	23.0	24.0
12-50	24.0	24.0	17.0	19.0	22.0	24.0
12-52	24.0	24.0	17.0	19.0	23.0	24.0
12-54	24.0	24.0	19.0	18.0	23.0	24.0
12-56	23.0	23.0	18.0	18.0	23.0	23.0
12-58	23.0	23.0	17.0	19.0	23.0	23.0
13-00	26.0	25.0	22.0	20.0	26.0	26.0
13-02	23.0	23.0	17.0	18.0	23.0	23.0
13-04	24.0	24.0	18.0	18.0	24.0	24.0
13-06	24.0	24.0	19.0	17.0	24.0	24.0
13-08	24.0	23.0	19.0	16.0	24.0	24.0
13-10	24.0	23.0	17.0	17.0	24.0	24.0
13-12	24.0	24.0	19.0	18.0	24.0	24.0
13-14	24.0	23.0	18.0	19.0	24.0	24.0
13-16	24.0	23.0	16.0	17.0	24.0	24.0
13-18	24.0	22.0	19.0	19.0	24.0	24.0
13-20	25.0	25.0	19.0	19.0	24.0	25.0
13-22	24.0	23.0	17.0	18.0	24.0	24.0
13-24	24.0	24.0	20.0	19.0	24.0	24.0
13-26	24.0	24.0	18.0	18.0	24.0	24.0
13-28	24.0	22.0	20.0	18.0	24.0	24.0
13-30	27.0	27.0	20.0	21.0	24.0	27.0
13-32	24.0	23.0	18.0	17.0	24.0	24.0
13-34	24.0	24.0	17.0	16.0	23.0	24.0
13-36	26.0	26.0	19.0	18.0	24.0	25.0
13-38	24.0	23.0	17.0	17.0	24.0	24.0
13-40	24.0	24.0	18.0	18.0	24.0	24.0
13-42	24.0	24.0	19.0	18.0	24.0	24.0
13-44	24.0	23.0	18.0	16.0	24.0	24.0
13-46	23.0	22.0	18.0	18.0	23.0	23.0
13-48	25.0	25.0	17.0	19.0	24.0	25.0
13-50	24.0	24.0	19.0	17.0	24.0	24.0
13-52	23.0	23.0	19.0	18.0	24.0	24.0
13-54	25.0	25.0	19.0	19.0	22.0	25.0
13-56	24.0	23.0	20.0	17.0	24.0	24.0
13-58	24.0	22.0	18.0	18.0	24.0	24.0
14-00	25.0	25.0	21.0	21.0	24.0	26.0
14-02	23.0	23.0	19.0	17.0	24.0	24.0
14-04	23.0	23.0	19.0	17.0	23.0	23.0
14-06	24.0	23.0	17.0	20.0	24.0	24.0
14-08	24.0	24.0	17.0	17.0	23.0	24.0
14-10	24.0	22.0	19.0	18.0	24.0	24.0
14-12	24.0	23.0	19.0	18.0	24.0	24.0
14-14	23.0	23.0	17.0	18.0	23.0	23.0
14-16	24.0	23.0	18.0	17.0	24.0	24.0
14-18	25.0	25.0	16.0	18.0	24.0	25.0
14-20	24.0	24.0	19.0	19.0	24.0	25.0
14-22	24.0	24.0	16.0	18.0	23.0	24.0
14-24	24.0	23.0	19.0	20.0	24.0	24.0
14-26	24.0	22.0	16.0	18.0	24.0	24.0
14-28	24.0	23.0	18.0	17.0	24.0	24.0
14-30	26.0	26.0	20.0	21.0	24.0	26.0
14-32	23.0	22.0	17.0	19.0	22.0	23.0
14-34	24.0	22.0	18.0	19.0	24.0	24.0
14-36	24.0	24.0	20.0	23.0	24.0	24.0
14-38	23.0	23.0	17.0	18.0	23.0	23.0
14-40	24.0	24.0	17.0	21.0	22.0	24.0
14-42	24.0	22.0	19.0	20.0	24.0	24.0
14-44	24.0	24.0	17.0	18.0	23.0	24.0
14-46	22.0	22.0	20.0	18.0	23.0	23.0
14-48	23.0	23.0	20.0	19.0	23.0	23.0
14-50	24.0	24.0	18.0	19.0	23.0	24.0
14-52	24.0	23.0	18.0	19.0	23.0	24.0
14-54	24.0	23.0	18.0	20.0	24.0	24.0
14-56	23.0	23.0	16.0	19.0	22.0	24.0
14-58	22.0	22.0	17.0	18.0	23.0	24.0
15-00	27.0	27.0	22.0	21.0	24.0	27.0
15-02	24.0	24.0	18.0	17.0	22.0	24.0
15-04	23.0	23.0	17.0	18.0	23.0	23.0
15-06	24.0	24.0	19.0	19.0	23.0	24.0
15-08	25.0	25.0	18.0	18.0	22.0	24.0
15-10	24.0	24.0	17.0	19.0	22.0	24.0
15-12	25.0	25.0	18.0	19.0	23.0	25.0
15-14	24.0	24.0	18.0	17.0	22.0	23.0
15-16	23.0	23.0	17.0	18.0	23.0	23.0
15-18	24.0	24.0	18.0	18.0	23.0	24.0
15-20	24.0	24.0	19.0	20.0	24.0	24.0
15-22	24.0	24.0	18.0	18.0	22.0	23.0
15-24	25.0	25.0	19.0	18.0	23.0	25.0
15-26	24.0	24.0	18.0	17.0	23.0	24.0
15-28	24.0	24.0	19.0	18.0	23.0	24.0
15-30	26.0	26.0	20.0	21.0	24.0	26.0
15-32	24.0	24.0	19.0	19.0	23.0	24.0
15-34	23.0	23.0	18.0	18.0	23.0	23.0
15-36	24.0	24.0	19.0	19.0	24.0	24.0
15-38	24.0	24.0	17.0	19.0	23.0	24.0
15-40	25.0	25.0	19.0	19.0	24.0	25.0
15-42	24.0	24.0	20.0	19.0	24.0	24.0
15-44	24.0	22.0	17.0	17.0	24.0	24.0
15-46	24.0	23.0	19.0	19.0	24.0	24.0
15-48	25.0	25.0	20.0	18.0	24.0	24.0
15-50	24.0	23.0	18.0	17.0	24.0	24.0
15-52	24.0	23.0	15.0	18.0	23.0	23.0
15-54	24.0	24.0	18.0	18.0	24.0	24.0
15-56	24.0	22.0	20.0	18.0	23.0	23.0
15-58	24.0	23.0	18.0	17.0	24.0	24.0
16-00	28.0	28.0	22.0	25.0	26.0	28.0
16-02	24.0	23.0	19.0	17.0	24.0	24.0
16-04	23.0	23.0	18.0	17.0	23.0	23.0
16-06	24.0	23.0	17.0	19.0	24.0	24.0
16-08	24.0	22.0	18.0	17.0	24.0	24.0
16-10	24.0	22.0	20.0	18.0	24.0	24.0
16-12	24.0	24.0	19.0	19.0	24.0	24.0
16-14	24.0	22.0	18.0	17.0	23.0	23.0
16-16	24.0	24.0	17.0	18.0	23.0	24.0
16-18	23.0	23.0	19.0	19.0	24.0	24.0
16-20	24.0	22.0	20.0	19.0	24.0	24.0
16-22	23.0	22.0	17.0	18.0	23.0	23.0
16-24	25.0	24.0	18.0	18.0	23.0	24.0
16-26	23.0	23.0	17.0	19.0	22.0	23.0
16-28	24.0	24.0	18.0	18.0	22.0	24.0
16-30	26.0	26.0	21.0	21.0	24.0	26.0
16-32	23.0	23.0	17.0	17.0	22.0	23.0
16-34	24.0	23.0	17.0	17.0	22.0	23.0
16-36	22.0	22.0	18.0	18.0	22.0	23.0
16-38	24.0	23.0	17.0	16.0	24.0	23.0
16-40	24.0	23.0	17.0	18.0	23.0	23.0
16-42	24.0	23.0	18.0	18.0	23.0	23.0
16-44	23.0	22.0	18.0	18.0	23.0	22.0
16-46	24.0	22.0	18.0	17.0	24.0	22.0
16-48	23.0	24.0	17.0	20.0	23.0	24.0
16-50	22.0	22.0	17.0	18.0	23.0	23.0
16-52	23.0	21.0	19.0	17.0	23.0	23.0
16-54	22.0	22.0	18.0	18.0	22.0	22.0
16-56	24.0	21.0	18.0	17.0	24.0	24.0
16-58	22.0	22.0	18.0	17.0	22.0	22.0
17-00	26.0	26.0	22.0	21.0	25.0	26.0
17-02	24.0	21.0	17.0	16.0	24.0	24.0
17-04	22.0	22.0	19.0	17.0	22.0	22.0
17-06	23.0	22.0	17.0	18.0	23.0	23.0
17-08	41.0	37.0	34.0	41.0	39.0	41.0
17-10	40.0	37.0	34.0	40.0	37.0	41.0
17-12	40.0	38.0	35.0	40.0	38.0	41.0
17-14	48.0	47.0	46.0	47.0	47.0	48.0
17-16	34.0	34.0	32.0	31.0	34.0	35.0
17-18	25.0	25.0	20.0	21.0	24.0	25.0
17-20	24.0	23.0	20.0	19.0	23.0	23.0
17-22	22.0	22.0	18.0	17.0	22.0	22.0
17-24	23.0	22.0	18.0	16.0	23.0	23.0
17-26	23.0	23.0	17.0	17.0	23.0	23.0
17-28	23.0	21.0	16.0	16.0	23.0	23.0
17-30	25.0	25.0	21.0	20.0	24.0	25.0
17-32	40.0	40.0	32.0	30.0	32.0	40.0
17-34	40.0	37.0	40.0	35.0	36.0	40.0
17-36	40.0	37.0	40.0	36.0	38.0	40.0
17-38	40.0	36.0	35.0	40.0	36.0	40.0
17-40	41.0	37.0	36.0	42.0	38.0	42.0
17-42	42.0	38.0	36.0	42.0	39.0	42.0
17-44	41.0	37.0	35.0	41.0	37.0	41.0
17-46	43.0	40.0	36.0	43.0	39.0	43.0
17-48	41.0	38.0	35.0	41.0	40.0	41.0
17-50	42.0	36.0	33.0	35.0	42.0	41.0
17-52	40.0	34.0	32.0	36.0	40.0	40.0
17-54	56.0	55.0	54.0	56.0	54.0	56.0
17-56	41.0	36.0	34.0	35.0	41.0	41.0
17-58	68.0	68.0	68.0	68.0	66.0	68.0
18-00	46.0	42.0	39.0	41.0	46.0	46.0
18-02	62.0	61.0	61.0	62.0	62.0	62.0
18-04	43.0	38.0	33.0	36.0	43.0	43.0
18-06	42.0	39.0	32.0	36.0	42.0	42.0
18-08	41.0	36.0	31.0	34.0	41.0	41.0
18-10	41.0	37.0	32.0	34.0	41.0	41.0
18-12	41.0	36.0	33.0	36.0	42.0	42.0
18-14	41.0	36.0	32.0	34.0	41.0	41.0
18-16	40.0	36.0	32.0	35.0	40.0	40.0
18-18	41.0	37.0	33.0	35.0	41.0	41.0
18-20	41.0	37.0	33.0	34.0	41.0	41.0
18-22	41.0	34.0	32.0	34.0	41.0	41.0
18-24	41.0	37.0	33.0	35.0	41.0	41.0
18-26	43.0	43.0	34.0	33.0	34.0	43.0
18-28	43.0	43.0	35.0	34.0	34.0	43.0
18-30	45.0	45.0	37.0	37.0	36.0	45.0
18-32	40.0	37.0	40.0	35.0	36.0	40.0
18-34	56.0	56.0	56.0	56.0	56.0	56.0
18-36	45.0	45.0	38.0	37.0	39.0	45.0
18-38	42.0	42.0	34.0	34.0	36.0	42.0
18-40	43.0	43.0	35.0	35.0	36.0	43.0
18-42	43.0	43.0	35.0	35.0	36.0	42.0
18-44	43.0	43.0	34.0	31.0	35.0	43.0
18-46	42.0	42.0	34.0	33.0	34.0	42.0
18-48	44.0	44.0	37.0	36.0	38.0	44.0
18-50	42.0	42.0	33.0	34.0	34.0	41.0
18-52	41.0	41.0	32.0	32.0	34.0	41.0
18-54	48.0	48.0	41.0	40.0	41.0	48.0
18-56	42.0	42.0	34.0	33.0	35.0	42.0
18-58	44.0	44.0	35.0	34.0	34.0	44.0
19-00	44.0	44.0	37.0	36.0	37.0	44.0
19-02	41.0	41.0	34.0	31.0	35.0	41.0
19-04	55.0	55.0	53.0	54.0	52.0	55.0
19-06	56.0	56.0	53.0	51.0	47.0	56.0
19-08	39.0	37.0	39.0	36.0	35.0	39.0
19-10	47.0	47.0	39.0	38.0	39.0	47.0
19-12	43.0	43.0	35.0	36.0	35.0	43.0
19-14	43.0	43.0	34.0	35.0	33.0	44.0
19-16	43.0	43.0	34.0	33.0	33.0	43.0
19-18	42.0	42.0	35.0	33.0	35.0	42.0
19-20	43.0	42.0	35.0	36.0	34.0	42.0
19-22	42.0	42.0	34.0	34.0	33.0	41.0
19-24	42.0	42.0	35.0	33.0	34.0	41.0
19-26	42.0	42.0	33.0	33.0	34.0	42.0
19-28	42.0	42.0	34.0	34.0	33.0	42.0
19-30	40.0	37.0	34.0	40.0	37.0	40.0
19-32	39.0	37.0	32.0	39.0	37.0	39.0
19-34	40.0	36.0	33.0	40.0	37.0	40.0
19-36	41.0	36.0	32.0	36.0	41.0	41.0
19-38	43.0	43.0	35.0	35.0	34.0	43.0
19-40	53.0	52.0	51.0	53.0	50.0	53.0
19-42	39.0	37.0	39.0	36.0	35.0	39.0
19-44	41.0	36.0	32.0	34.0	41.0	40.0
19-46	43.0	43.0	35.0	34.0	34.0	43.0
19-48	43.0	43.0	35.0	34.0	35.0	43.0
19-50	44.0	44.0	36.0	35.0	35.0	44.0
19-52	27.0	27.0	20.0	21.0	24.0	27.0
19-54	24.0	24.0	17.0	18.0	21.0	24.0
19-56	23.0	23.0	15.0	16.0	20.0	22.0
19-58	23.0	23.0	15.0	15.0	19.0	22.0
20-00	24.0	24.0	18.0	19.0	24.0	24.0
20-02	21.0	21.0	15.0	15.0	19.0	21.0
20-04	22.0	22.0	14.0	15.0	19.0	22.0
20-06	22.0	22.0	15.0	17.0	20.0	22.0
20-08	20.0	20.0	15.0	14.0	19.0	20.0
20-10	22.0	22.0	15.0	14.0	20.0	22.0
20-12	24.0	24.0	16.0	15.0	20.0	24.0
20-14	21.0	21.0	15.0	15.0	20.0	21.0
20-16	21.0	21.0	14.0	15.0	19.0	21.0
20-18	22.0	22.0	15.0	16.0	20.0	22.0
20-20	22.0	22.0	15.0	14.0	21.0	22.0
20-22	21.0	21.0	16.0	15.0	21.0	21.0
20-24	22.0	22.0	15.0	15.0	20.0	23.0
20-26	21.0	21.0	15.0	14.0	20.0	21.0
20-28	22.0	22.0	15.0	14.0	21.0	22.0
20-30	24.0	24.0	19.0	17.0	22.0	23.0
20-32	21.0	20.0	15.0	13.0	21.0	21.0
20-34	21.0	21.0	15.0	14.0	20.0	21.0
20-36	22.0	22.0	16.0	14.0	19.0	22.0
20-38	21.0	21.0	15.0	13.0	20.0	21.0
20-40	21.0	21.0	15.0	16.0	20.0	21.0
20-42	21.0	20.0	16.0	14.0	20.0	21.0
20-44	20.0	20.0	16.0	14.0	20.0	20.0
20-46	21.0	21.0	14.0	15.0	20.0	21.0
20-48	23.0	23.0	15.0	16.0	20.0	23.0
20-50	20.0	20.0	13.0	14.0	19.0	22.0
20-52	21.0	21.0	14.0	14.0	20.0	21.0
20-54	20.0	20.0	15.0	15.0	20.0	20.0
20-56	20.0	20.0	15.0	15.0	18.0	20.0
20-58	21.0	21.0	14.0	15.0	20.0	21.0
21-00	25.0	25.0	18.0	19.0	23.0	25.0
21-02	21.0	20.0	16.0	13.0	21.0	21.0
21-04	22.0	21.0	15.0	14.0	21.0	21.0
21-06	21.0	22.0	15.0	15.0	21.0	22.0
21-08	21.0	21.0	15.0	15.0	20.0	21.0
21-10	21.0	21.0	15.0	15.0	19.0	21.0
21-12	22.0	22.0	15.0	15.0	21.0	22.0
21-14	21.0	22.0	14.0	14.0	19.0	22.0
21-16	21.0	20.0	15.0	14.0	20.0	20.0
21-18	21.0	20.0	16.0	16.0	21.0	22.0
21-20	22.0	21.0	15.0	15.0	22.0	22.0
21-22	22.0	20.0	14.0	15.0	20.0	20.0
21-24	22.0	21.0	16.0	14.0	20.0	21.0
21-26	19.0	19.0	16.0	15.0	19.0	21.0
21-28	20.0	20.0	14.0	15.0	20.0	20.0
21-30	23.0	22.0	19.0	18.0	22.0	22.0
21-32	20.0	20.0	16.0	14.0	20.0	20.0
21-34	21.0	19.0	14.0	14.0	20.0	20.0
21-36	21.0	21.0	15.0	13.0	20.0	21.0
21-38	21.0	20.0	14.0	13.0	21.0	21.0
21-40	21.0	21.0	15.0	14.0	21.0	21.0
21-42	21.0	21.0	15.0	15.0	20.0	21.0
21-44	20.0	20.0	16.0	14.0	20.0	20.0
21-46	20.0	20.0	15.0	14.0	21.0	21.0
21-48	23.0	23.0	15.0	15.0	21.0	22.0
21-50	20.0	20.0	16.0	14.0	20.0	20.0
21-52	19.0	19.0	15.0	15.0	19.0	19.0
21-54	21.0	21.0	15.0	15.0	19.0	21.0
21-56	20.0	19.0	15.0	14.0	20.0	20.0
21-58	21.0	19.0	15.0	13.0	21.0	21.0
22-00	23.0	24.0	18.0	17.0	24.0	24.0
22-02	21.0	20.0	15.0	13.0	21.0	21.0
22-04	21.0	19.0	14.0	13.0	20.0	20.0
22-06	22.0	20.0	14.0	14.0	22.0	22.0
22-08	21.0	20.0	14.0	13.0	20.0	20.0
22-10	20.0	20.0	13.0	14.0	19.0	20.0
22-12	22.0	21.0	15.0	13.0	22.0	22.0
22-14	20.0	20.0	14.0	14.0	20.0	20.0
22-16	21.0	21.0	14.0	13.0	20.0	20.0
22-18	21.0	20.0	15.0	13.0	21.0	21.0
22-20	20.0	20.0	16.0	14.0	21.0	21.0
22-22	20.0	19.0	15.0	14.0	20.0	20.0
22-24	23.0	23.0	16.0	14.0	20.0	23.0
22-26	20.0	20.0	14.0	15.0	18.0	20.0
22-28	21.0	20.0	14.0	15.0	19.0	20.0
22-30	24.0	24.0	19.0	18.0	22.0	24.0
22-32	21.0	21.0	15.0	14.0	19.0	21.0
22-34	21.0	20.0	15.0	15.0	19.0	20.0
22-36	22.0	22.0	16.0	16.0	20.0	22.0
22-38	21.0	21.0	14.0	15.0	19.0	21.0
22-40	22.0	22.0	15.0	15.0	20.0	22.0
22-42	22.0	22.0	16.0	14.0	20.0	22.0
22-44	21.0	21.0	14.0	15.0	19.0	21.0
22-46	20.0	20.0	15.0	14.0	19.0	20.0
22-48	21.0	21.0	14.0	15.0	20.0	21.0
22-50	20.0	20.0	15.0	14.0	21.0	21.0
22-52	21.0	21.0	14.0	13.0	21.0	21.0
22-54	21.0	21.0	15.0	14.0	21.0	21.0
22-56	20.0	19.0	15.0	14.0	21.0	21.0
22-58	21.0	19.0	16.0	14.0	21.0	21.0
23-00	23.0	22.0	19.0	18.0	23.0	23.0
23-02	20.0	20.0	15.0	13.0	20.0	20.0
23-04	21.0	20.0	16.0	14.0	21.0	21.0
23-06	20.0	20.0	15.0	14.0	20.0	20.0
23-08	21.0	21.0	13.0	14.0	19.0	21.0
23-10	22.0	22.0	13.0	14.0	19.0	20.0
23-12	21.0	21.0	15.0	13.0	20.0	21.0
23-14	20.0	20.0	13.0	14.0	20.0	20.0
23-16	21.0	21.0	16.0	14.0	21.0	21.0
23-18	22.0	21.0	14.0	15.0	20.0	21.0
23-20	22.0	22.0	15.0	16.0	22.0	22.0
23-22	21.0	20.0	15.0	13.0	21.0	21.0
23-24	22.0	22.0	15.0	14.0	20.0	22.0
23-26	21.0	20.0	15.0	14.0	21.0	21.0
23-28	21.0	21.0	14.0	14.0	21.0	21.0
23-30	22.0	22.0	19.0	17.0	22.0	22.0
23-32	21.0	21.0	15.0	14.0	21.0	21.0
23-34	20.0	20.0	15.0	13.0	20.0	20.0
23-36	21.0	21.0	16.0	15.0	21.0	21.0
23-38	21.0	20.0	15.0	14.0	21.0	21.0
23-40	21.0	21.0	16.0	14.0	20.0	21.0
23-42	20.0	20.0	17.0	14.0	20.0	20.0
23-44	21.0	19.0	16.0	14.0	21.0	21.0
23-46	21.0	20.0	15.0	14.0	21.0	21.0
23-48	21.0	21.0	15.0	15.0	21.0	21.0
23-50	21.0	21.0	15.0	14.0	19.0	21.0
23-52	21.0	21.0	15.0	15.0	20.0	20.0
23-54	22.0	22.0	15.0	15.0	20.0	22.0
23-56	20.0	20.0	14.0	15.0	19.0	20.0
23-58	21.0	21.0	14.0	14.0	20.0	21.0
