00-00	28.0	28.0	23.0	24.0	26.0	29.0
00-02	27.0	27.0	19.0	22.0	24.0	28.0
00-04	26.0	26.0	21.0	22.0	25.0	27.0
00-06	28.0	28.0	21.0	24.0	25.0	28.0
00-08	27.0	27.0	21.0	22.0	24.0	27.0
00-10	27.0	27.0	20.0	22.0	24.0	27.0
00-12	26.0	26.0	22.0	22.0	26.0	26.0
00-14	26.0	26.0	21.0	22.0	24.0	26.0
00-16	27.0	27.0	21.0	21.0	25.0	27.0
00-18	27.0	27.0	21.0	22.0	26.0	27.0
00-20	28.0	28.0	22.0	23.0	24.0	28.0
00-22	27.0	27.0	20.0	21.0	24.0	28.0
00-24	28.0	27.0	22.0	22.0	26.0	28.0
00-26	27.0	27.0	20.0	20.0	25.0	27.0
00-28	28.0	28.0	21.0	21.0	25.0	27.0
00-30	27.0	27.0	21.0	22.0	26.0	27.0
00-32	28.0	28.0	20.0	21.0	24.0	28.0
00-34	27.0	27.0	20.0	21.0	25.0	27.0
00-36	29.0	29.0	21.0	24.0	26.0	28.0
00-38	26.0	26.0	20.0	21.0	25.0	26.0
00-40	27.0	27.0	21.0	24.0	26.0	27.0
00-42	27.0	28.0	22.0	23.0	25.0	28.0
00-44	26.0	26.0	19.0	22.0	24.0	27.0
00-46	27.0	27.0	20.0	22.0	25.0	27.0
00-48	27.0	27.0	21.0	23.0	26.0	27.0
00-50	27.0	27.0	19.0	22.0	24.0	27.0
00-52	27.0	27.0	20.0	22.0	24.0	27.0
00-54	28.0	28.0	22.0	22.0	25.0	27.0
00-56	27.0	27.0	22.0	22.0	24.0	26.0
00-58	26.0	26.0	19.0	22.0	26.0	27.0
01-00	27.0	27.0	21.0	24.0	26.0	28.0
01-02	26.0	25.0	22.0	21.0	25.0	26.0
01-04	27.0	27.0	21.0	22.0	24.0	26.0
01-06	26.0	26.0	23.0	21.0	27.0	27.0
01-08	26.0	26.0	22.0	21.0	25.0	26.0
01-10	26.0	26.0	22.0	21.0	25.0	26.0
01-12	25.0	26.0	22.0	22.0	25.0	26.0
01-14	26.0	26.0	21.0	22.0	25.0	26.0
01-16	26.0	26.0	21.0	22.0	25.0	25.0
01-18	26.0	26.0	22.0	23.0	24.0	26.0
01-20	27.0	27.0	21.0	23.0	25.0	28.0
01-22	27.0	27.0	20.0	22.0	25.0	27.0
01-24	26.0	26.0	20.0	22.0	24.0	26.0
01-26	27.0	27.0	19.0	22.0	24.0	27.0
01-28	26.0	26.0	20.0	23.0	24.0	27.0
01-30	27.0	27.0	19.0	24.0	25.0	27.0
01-32	26.0	26.0	20.0	22.0	24.0	27.0
01-34	26.0	26.0	21.0	22.0	24.0	27.0
01-36	27.0	27.0	20.0	22.0	25.0	27.0
01-38	26.0	26.0	20.0	22.0	24.0	26.0
01-40	27.0	27.0	21.0	24.0	25.0	27.0
01-42	27.0	27.0	20.0	24.0	25.0	27.0
01-44	27.0	27.0	20.0	22.0	24.0	27.0
01-46	26.0	26.0	20.0	22.0	24.0	27.0
01-48	27.0	27.0	22.0	23.0	25.0	27.0
01-50	26.0	26.0	21.0	21.0	24.0	26.0
01-52	26.0	26.0	22.0	20.0	25.0	26.0
01-54	27.0	27.0	21.0	22.0	26.0	27.0
01-56	26.0	26.0	21.0	22.0	24.0	27.0
01-58	26.0	26.0	22.0	21.0	25.0	26.0
02-00	26.0	26.0	22.0	23.0	25.0	27.0
02-02	26.0	26.0	22.0	21.0	25.0	26.0
02-04	27.0	27.0	23.0	21.0	25.0	27.0
02-06	27.0	27.0	22.0	22.0	25.0	27.0
02-08	26.0	26.0	22.0	21.0	24.0	26.0
02-10	26.0	26.0	23.0	21.0	25.0	26.0
02-12	26.0	26.0	22.0	22.0	25.0	26.0
02-14	25.0	25.0	20.0	20.0	25.0	26.0
02-16	26.0	26.0	21.0	21.0	26.0	26.0
02-18	27.0	27.0	21.0	23.0	25.0	27.0
02-20	28.0	28.0	21.0	22.0	25.0	28.0
02-22	26.0	26.0	21.0	23.0	24.0	26.0
02-24	27.0	27.0	23.0	23.0	26.0	27.0
02-26	26.0	26.0	21.0	22.0	24.0	26.0
02-28	26.0	26.0	21.0	22.0	25.0	26.0
02-30	28.0	28.0	21.0	22.0	24.0	28.0
02-32	25.0	25.0	23.0	21.0	25.0	25.0
02-34	27.0	27.0	23.0	22.0	25.0	27.0
02-36	26.0	26.0	23.0	23.0	25.0	26.0
02-38	26.0	26.0	22.0	21.0	26.0	26.0
02-40	27.0	27.0	22.0	23.0	25.0	27.0
02-42	27.0	27.0	21.0	22.0	25.0	27.0
02-44	25.0	25.0	21.0	21.0	25.0	25.0
02-46	26.0	26.0	21.0	21.0	24.0	26.0
02-48	27.0	26.0	21.0	22.0	26.0	26.0
02-50	25.0	25.0	20.0	21.0	25.0	25.0
02-52	26.0	26.0	19.0	21.0	24.0	26.0
02-54	27.0	26.0	20.0	21.0	27.0	26.0
02-56	25.0	25.0	22.0	21.0	24.0	25.0
02-58	26.0	26.0	21.0	21.0	24.0	26.0
03-00	27.0	27.0	23.0	23.0	25.0	27.0
03-02	26.0	26.0	21.0	20.0	24.0	26.0
03-04	26.0	26.0	21.0	21.0	25.0	26.0
03-06	27.0	27.0	21.0	22.0	25.0	27.0
03-08	25.0	25.0	21.0	21.0	24.0	25.0
03-10	25.0	25.0	22.0	21.0	25.0	25.0
03-12	27.0	27.0	23.0	22.0	25.0	27.0
03-14	26.0	26.0	21.0	21.0	24.0	26.0
03-16	27.0	27.0	21.0	21.0	24.0	27.0
03-18	29.0	29.0	22.0	21.0	25.0	29.0
03-20	28.0	28.0	22.0	21.0	25.0	28.0
03-22	27.0	27.0	20.0	21.0	24.0	27.0
03-24	27.0	27.0	21.0	22.0	25.0	27.0
03-26	27.0	27.0	20.0	21.0	24.0	27.0
03-28	26.0	26.0	20.0	21.0	25.0	26.0
03-30	26.0	26.0	20.0	22.0	26.0	26.0
03-32	26.0	26.0	20.0	22.0	24.0	26.0
03-34	26.0	26.0	20.0	21.0	24.0	26.0
03-36	26.0	26.0	21.0	23.0	24.0	27.0
03-38	25.0	25.0	19.0	21.0	24.0	27.0
03-40	27.0	27.0	22.0	21.0	25.0	27.0
03-42	27.0	27.0	19.0	22.0	26.0	27.0
03-44	27.0	26.0	20.0	22.0	24.0	26.0
03-46	25.0	25.0	21.0	20.0	25.0	25.0
03-48	26.0	26.0	21.0	21.0	26.0	26.0
03-50	26.0	26.0	20.0	22.0	24.0	26.0
03-52	25.0	25.0	21.0	21.0	24.0	25.0
03-54	26.0	26.0	22.0	22.0	24.0	26.0
03-56	25.0	25.0	20.0	21.0	25.0	25.0
03-58	25.0	25.0	20.0	20.0	24.0	26.0
04-00	27.0	27.0	22.0	22.0	25.0	27.0
04-02	26.0	26.0	20.0	21.0	24.0	26.0
04-04	27.0	27.0	20.0	21.0	24.0	26.0
04-06	27.0	27.0	19.0	22.0	24.0	27.0
04-08	26.0	26.0	20.0	22.0	24.0	26.0
04-10	26.0	26.0	20.0	21.0	24.0	26.0
04-12	28.0	27.0	21.0	21.0	24.0	27.0
04-14	26.0	26.0	19.0	20.0	24.0	26.0
04-16	26.0	26.0	20.0	21.0	24.0	25.0
04-18	27.0	27.0	21.0	22.0	24.0	27.0
04-20	26.0	26.0	23.0	22.0	25.0	26.0
04-22	26.0	26.0	19.0	21.0	24.0	27.0
04-24	26.0	26.0	21.0	22.0	25.0	26.0
04-26	25.0	24.0	22.0	20.0	24.0	25.0
04-28	25.0	25.0	21.0	21.0	24.0	25.0
04-30	25.0	25.0	23.0	22.0	25.0	25.0
04-32	25.0	25.0	21.0	20.0	24.0	25.0
04-34	25.0	25.0	21.0	21.0	24.0	25.0
04-36	25.0	25.0	21.0	22.0	25.0	26.0
04-38	25.0	25.0	21.0	21.0	25.0	26.0
04-40	26.0	26.0	20.0	21.0	24.0	28.0
04-42	26.0	26.0	22.0	21.0	25.0	26.0
04-44	24.0	24.0	20.0	21.0	24.0	24.0
04-46	25.0	25.0	19.0	22.0	24.0	27.0
04-48	26.0	26.0	20.0	22.0	24.0	26.0
04-50	26.0	26.0	19.0	21.0	24.0	26.0
04-52	26.0	26.0	19.0	21.0	23.0	27.0
04-54	26.0	26.0	20.0	22.0	25.0	26.0
04-56	27.0	27.0	19.0	21.0	24.0	27.0
04-58	25.0	26.0	19.0	21.0	23.0	26.0
05-00	26.0	26.0	22.0	21.0	24.0	26.0
05-02	26.0	26.0	19.0	20.0	24.0	26.0
05-04	26.0	26.0	19.0	20.0	24.0	25.0
05-06	27.0	27.0	20.0	21.0	24.0	26.0
05-08	25.0	25.0	19.0	19.0	24.0	25.0
05-10	26.0	26.0	20.0	20.0	24.0	26.0
05-12	27.0	27.0	20.0	21.0	25.0	27.0
05-14	24.0	25.0	19.0	21.0	24.0	25.0
05-16	25.0	25.0	19.0	21.0	24.0	25.0
05-18	27.0	27.0	20.0	21.0	24.0	27.0
05-20	25.0	25.0	20.0	22.0	24.0	25.0
05-22	27.0	27.0	20.0	20.0	24.0	27.0
05-24	27.0	27.0	21.0	21.0	24.0	26.0
05-26	27.0	27.0	20.0	20.0	24.0	26.0
05-28	26.0	26.0	20.0	20.0	24.0	26.0
05-30	27.0	27.0	20.0	21.0	24.0	27.0
05-32	26.0	25.0	20.0	21.0	24.0	25.0
05-34	26.0	26.0	19.0	20.0	24.0	26.0
05-36	26.0	26.0	22.0	21.0	24.0	26.0
05-38	26.0	26.0	20.0	21.0	24.0	25.0
05-40	27.0	27.0	19.0	20.0	24.0	25.0
05-42	27.0	27.0	21.0	21.0	24.0	27.0
05-44	26.0	26.0	19.0	21.0	24.0	26.0
05-46	27.0	27.0	19.0	20.0	24.0	25.0
05-48	26.0	26.0	20.0	21.0	24.0	26.0
05-50	26.0	26.0	17.0	20.0	24.0	26.0
05-52	27.0	26.0	20.0	20.0	24.0	26.0
05-54	26.0	26.0	19.0	20.0	24.0	27.0
05-56	26.0	26.0	19.0	22.0	24.0	26.0
05-58	26.0	26.0	19.0	21.0	24.0	25.0
06-00	26.0	25.0	21.0	21.0	24.0	26.0
06-02	25.0	25.0	19.0	20.0	24.0	25.0
06-04	25.0	25.0	21.0	20.0	24.0	25.0
06-06	26.0	26.0	20.0	21.0	24.0	26.0
06-08	24.0	24.0	19.0	21.0	24.0	25.0
06-10	24.0	24.0	19.0	21.0	23.0	24.0
06-12	25.0	25.0	21.0	20.0	24.0	25.0
06-14	24.0	24.0	20.0	20.0	24.0	24.0
06-16	25.0	25.0	20.0	20.0	24.0	25.0
06-18	24.0	24.0	20.0	19.0	24.0	24.0
06-20	25.0	25.0	22.0	22.0	24.0	25.0
06-22	24.0	24.0	20.0	21.0	24.0	24.0
06-24	26.0	26.0	21.0	21.0	24.0	25.0
06-26	26.0	26.0	19.0	20.0	24.0	26.0
06-28	26.0	26.0	19.0	20.0	23.0	26.0
06-30	27.0	27.0	20.0	20.0	24.0	26.0
06-32	25.0	25.0	19.0	21.0	24.0	25.0
06-34	26.0	26.0	20.0	21.0	24.0	25.0
06-36	26.0	26.0	20.0	21.0	24.0	25.0
06-38	26.0	26.0	18.0	21.0	24.0	26.0
06-40	26.0	26.0	20.0	21.0	24.0	26.0
06-42	27.0	26.0	22.0	19.0	24.0	26.0
06-44	25.0	25.0	19.0	20.0	24.0	25.0
06-46	25.0	25.0	19.0	19.0	24.0	25.0
06-48	26.0	26.0	20.0	21.0	24.0	26.0
06-50	26.0	26.0	19.0	21.0	24.0	26.0
06-52	26.0	26.0	20.0	21.0	24.0	26.0
06-54	26.0	26.0	20.0	21.0	24.0	26.0
06-56	26.0	26.0	20.0	19.0	23.0	26.0
06-58	26.0	26.0	20.0	20.0	24.0	25.0
07-00	27.0	27.0	20.0	20.0	24.0	27.0
07-02	27.0	27.0	20.0	21.0	24.0	26.0
07-04	27.0	26.0	19.0	21.0	23.0	26.0
07-06	27.0	26.0	21.0	21.0	24.0	27.0
07-08	26.0	26.0	19.0	20.0	24.0	26.0
07-10	26.0	25.0	20.0	22.0	24.0	25.0
07-12	26.0	26.0	20.0	21.0	24.0	26.0
07-14	25.0	25.0	21.0	20.0	24.0	25.0
07-16	26.0	26.0	20.0	21.0	24.0	26.0
07-18	27.0	27.0	20.0	21.0	24.0	27.0
07-20	28.0	28.0	21.0	21.0	24.0	27.0
07-22	26.0	26.0	19.0	21.0	24.0	26.0
07-24	27.0	27.0	21.0	20.0	24.0	27.0
07-26	27.0	27.0	19.0	22.0	24.0	26.0
07-28	27.0	27.0	19.0	20.0	24.0	27.0
07-30	27.0	27.0	20.0	23.0	24.0	27.0
07-32	26.0	27.0	19.0	21.0	24.0	27.0
07-34	26.0	26.0	20.0	21.0	24.0	26.0
07-36	27.0	26.0	21.0	22.0	25.0	26.0
07-38	26.0	26.0	21.0	21.0	25.0	26.0
07-40	26.0	26.0	22.0	22.0	26.0	27.0
07-42	28.0	28.0	21.0	22.0	25.0	27.0
07-44	26.0	26.0	20.0	20.0	25.0	26.0
07-46	26.0	26.0	21.0	21.0	26.0	26.0
07-48	28.0	28.0	20.0	23.0	24.0	28.0
07-50	28.0	28.0	20.0	21.0	24.0	27.0
07-52	27.0	27.0	20.0	21.0	24.0	27.0
07-54	28.0	28.0	22.0	23.0	24.0	28.0
07-56	27.0	27.0	20.0	22.0	24.0	27.0
07-58	28.0	28.0	20.0	22.0	24.0	27.0
08-00	28.0	28.0	22.0	24.0	25.0	28.0
08-02	26.0	26.0	21.0	23.0	24.0	27.0
08-04	27.0	27.0	21.0	23.0	24.0	27.0
08-06	28.0	28.0	20.0	22.0	25.0	28.0
08-08	27.0	27.0	21.0	22.0	24.0	27.0
08-10	28.0	28.0	20.0	23.0	24.0	28.0
08-12	29.0	28.0	21.0	24.0	25.0	28.0
08-14	28.0	28.0	20.0	22.0	25.0	28.0
08-16	27.0	27.0	21.0	22.0	24.0	27.0
08-18	29.0	29.0	21.0	22.0	25.0	29.0
08-20	28.0	28.0	22.0	24.0	24.0	28.0
08-22	28.0	28.0	21.0	22.0	25.0	28.0
08-24	28.0	28.0	22.0	22.0	25.0	28.0
08-26	28.0	28.0	23.0	24.0	27.0	28.0
08-28	28.0	28.0	21.0	21.0	25.0	28.0
08-30	28.0	28.0	22.0	23.0	27.0	27.0
08-32	29.0	29.0	22.0	23.0	25.0	29.0
08-34	27.0	27.0	21.0	22.0	24.0	27.0
08-36	28.0	28.0	23.0	23.0	25.0	28.0
08-38	28.0	28.0	21.0	21.0	24.0	28.0
08-40	28.0	28.0	22.0	22.0	25.0	28.0
08-42	29.0	29.0	20.0	22.0	26.0	29.0
08-44	27.0	27.0	21.0	23.0	25.0	27.0
08-46	28.0	28.0	22.0	22.0	24.0	28.0
08-48	30.0	30.0	21.0	24.0	24.0	30.0
08-50	27.0	27.0	21.0	22.0	24.0	27.0
08-52	27.0	27.0	22.0	21.0	26.0	27.0
08-54	29.0	29.0	21.0	24.0	26.0	28.0
08-56	28.0	28.0	23.0	22.0	26.0	28.0
08-58	28.0	28.0	23.0	22.0	25.0	28.0
09-00	30.0	30.0	24.0	24.0	26.0	30.0
09-02	28.0	28.0	23.0	23.0	25.0	28.0
09-04	28.0	28.0	24.0	22.0	26.0	28.0
09-06	29.0	29.0	24.0	25.0	25.0	29.0
09-08	30.0	30.0	21.0	25.0	24.0	29.0
09-10	30.0	30.0	22.0	24.0	25.0	28.0
09-12	29.0	29.0	23.0	26.0	26.0	29.0
09-14	29.0	29.0	22.0	24.0	26.0	29.0
09-16	31.0	31.0	22.0	24.0	25.0	31.0
09-18	31.0	31.0	24.0	25.0	26.0	30.0
09-20	28.0	28.0	23.0	24.0	28.0	29.0
09-22	29.0	29.0	22.0	23.0	25.0	29.0
09-24	29.0	29.0	23.0	25.0	26.0	29.0
09-26	28.0	28.0	22.0	24.0	26.0	28.0
09-28	28.0	28.0	24.0	25.0	28.0	28.0
09-30	29.0	29.0	23.0	25.0	28.0	29.0
09-32	29.0	29.0	23.0	23.0	27.0	29.0
09-34	29.0	29.0	23.0	24.0	28.0	29.0
09-36	29.0	29.0	23.0	24.0	28.0	30.0
09-38	29.0	29.0	23.0	24.0	27.0	29.0
09-40	29.0	29.0	23.0	25.0	26.0	29.0
09-42	29.0	29.0	24.0	25.0	28.0	29.0
09-44	29.0	29.0	23.0	24.0	26.0	30.0
09-46	29.0	29.0	23.0	25.0	26.0	29.0
09-48	30.0	30.0	24.0	26.0	27.0	30.0
09-50	29.0	29.0	24.0	24.0	27.0	29.0
09-52	28.0	28.0	23.0	25.0	26.0	28.0
09-54	31.0	31.0	24.0	25.0	27.0	30.0
09-56	29.0	29.0	23.0	25.0	26.0	29.0
09-58	29.0	29.0	23.0	25.0	27.0	29.0
10-00	31.0	31.0	24.0	25.0	28.0	31.0
10-02	30.0	30.0	23.0	25.0	26.0	29.0
10-04	31.0	30.0	24.0	26.0	26.0	30.0
10-06	30.0	30.0	24.0	25.0	28.0	30.0
10-08	30.0	30.0	23.0	24.0	26.0	30.0
10-10	29.0	29.0	24.0	24.0	26.0	29.0
10-12	30.0	30.0	23.0	25.0	27.0	30.0
10-14	30.0	30.0	23.0	25.0	27.0	30.0
10-16	30.0	30.0	24.0	25.0	27.0	30.0
10-18	30.0	30.0	25.0	25.0	28.0	30.0
10-20	30.0	30.0	24.0	25.0	28.0	30.0
10-22	30.0	30.0	24.0	25.0	27.0	29.0
10-24	30.0	30.0	24.0	26.0	29.0	30.0
10-26	30.0	30.0	24.0	25.0	27.0	30.0
10-28	31.0	30.0	25.0	26.0	27.0	30.0
10-30	30.0	30.0	27.0	27.0	30.0	30.0
10-32	30.0	30.0	24.0	25.0	27.0	30.0
10-34	30.0	30.0	24.0	26.0	27.0	30.0
10-36	30.0	30.0	25.0	25.0	28.0	32.0
10-38	31.0	31.0	25.0	24.0	27.0	31.0
10-40	29.0	29.0	25.0	27.0	27.0	30.0
10-42	29.0	29.0	26.0	27.0	27.0	29.0
10-44	30.0	30.0	24.0	25.0	27.0	30.0
10-46	29.0	29.0	24.0	26.0	28.0	29.0
10-48	29.0	29.0	26.0	27.0	29.0	29.0
10-50	29.0	29.0	24.0	25.0	28.0	29.0
10-52	29.0	29.0	25.0	26.0	28.0	29.0
10-54	31.0	31.0	25.0	26.0	28.0	31.0
10-56	29.0	29.0	25.0	26.0	27.0	30.0
10-58	30.0	30.0	27.0	26.0	28.0	30.0
11-00	31.0	31.0	27.0	27.0	29.0	31.0
11-02	28.0	28.0	26.0	25.0	28.0	29.0
11-04	29.0	29.0	26.0	25.0	28.0	29.0
11-06	31.0	31.0	26.0	27.0	28.0	31.0
11-08	29.0	29.0	25.0	25.0	29.0	29.0
11-10	30.0	30.0	26.0	25.0	28.0	30.0
11-12	29.0	29.0	26.0	27.0	28.0	29.0
11-14	28.0	28.0	25.0	26.0	29.0	29.0
11-16	30.0	30.0	24.0	26.0	28.0	30.0
11-18	31.0	31.0	26.0	26.0	28.0	31.0
11-20	31.0	31.0	27.0	26.0	29.0	31.0
11-22	30.0	30.0	24.0	26.0	28.0	31.0
11-24	30.0	30.0	26.0	25.0	29.0	31.0
11-26	29.0	29.0	26.0	26.0	28.0	29.0
11-28	30.0	30.0	25.0	26.0	28.0	31.0
11-30	31.0	31.0	25.0	27.0	28.0	31.0
11-32	30.0	30.0	25.0	25.0	27.0	30.0
11-34	30.0	30.0	25.0	27.0	27.0	30.0
11-36	31.0	31.0	26.0	27.0	29.0	31.0
11-38	31.0	31.0	25.0	27.0	28.0	32.0
11-40	31.0	31.0	26.0	27.0	28.0	31.0
11-42	30.0	30.0	26.0	26.0	29.0	31.0
11-44	30.0	30.0	25.0	24.0	28.0	30.0
11-46	30.0	30.0	25.0	25.0	28.0	30.0
11-48	31.0	31.0	27.0	26.0	28.0	31.0
11-50	30.0	30.0	26.0	25.0	29.0	30.0
11-52	30.0	30.0	26.0	25.0	29.0	30.0
11-54	31.0	31.0	28.0	26.0	29.0	31.0
11-56	30.0	30.0	26.0	25.0	29.0	30.0
11-58	30.0	30.0	27.0	25.0	30.0	30.0
12-00	31.0	31.0	27.0	26.0	30.0	31.0
12-02	32.0	32.0	26.0	27.0	28.0	31.0
12-04	31.0	31.0	25.0	27.0	28.0	31.0
12-06	32.0	32.0	27.0	26.0	29.0	32.0
12-08	32.0	32.0	26.0	25.0	28.0	31.0
12-10	31.0	31.0	26.0	25.0	27.0	30.0
12-12	31.0	32.0	27.0	27.0	29.0	32.0
12-14	31.0	31.0	26.0	25.0	28.0	30.0
12-16	31.0	31.0	26.0	25.0	29.0	31.0
12-18	32.0	32.0	26.0	26.0	30.0	32.0
12-20	31.0	31.0	27.0	27.0	29.0	31.0
12-22	32.0	31.0	26.0	26.0	29.0	31.0
12-24	32.0	32.0	27.0	27.0	29.0	32.0
12-26	30.0	30.0	27.0	25.0	29.0	30.0
12-28	30.0	30.0	27.0	26.0	29.0	30.0
12-30	31.0	31.0	28.0	26.0	28.0	31.0
12-32	30.0	30.0	26.0	25.0	29.0	30.0
12-34	30.0	30.0	27.0	26.0	29.0	30.0
12-36	31.0	32.0	27.0	27.0	30.0	32.0
12-38	30.0	30.0	26.0	26.0	29.0	30.0
12-40	30.0	30.0	26.0	27.0	29.0	30.0
12-42	30.0	30.0	26.0	27.0	29.0	31.0
12-44	30.0	30.0	24.0	26.0	29.0	31.0
12-46	30.0	30.0	25.0	25.0	28.0	32.0
12-48	31.0	31.0	26.0	27.0	30.0	31.0
12-50	32.0	30.0	24.0	25.0	28.0	30.0
12-52	31.0	31.0	23.0	25.0	28.0	31.0
12-54	32.0	32.0	25.0	26.0	29.0	32.0
12-56	31.0	30.0	24.0	26.0	28.0	30.0
12-58	30.0	30.0	25.0	26.0	29.0	30.0
13-00	32.0	32.0	27.0	26.0	30.0	32.0
13-02	31.0	31.0	25.0	25.0	28.0	31.0
13-04	30.0	30.0	25.0	26.0	28.0	30.0
13-06	30.0	30.0	26.0	27.0	29.0	30.0
13-08	31.0	31.0	26.0	27.0	28.0	31.0
13-10	30.0	30.0	26.0	26.0	28.0	30.0
13-12	31.0	31.0	26.0	26.0	29.0	31.0
13-14	30.0	30.0	26.0	26.0	29.0	30.0
13-16	31.0	31.0	26.0	26.0	28.0	31.0
13-18	31.0	31.0	27.0	28.0	28.0	31.0
13-20	32.0	32.0	28.0	26.0	28.0	32.0
13-22	30.0	30.0	24.0	26.0	29.0	30.0
13-24	30.0	30.0	26.0	26.0	30.0	30.0
13-26	32.0	32.0	27.0	25.0	29.0	32.0
13-28	30.0	31.0	28.0	25.0	29.0	31.0
13-30	32.0	32.0	27.0	26.0	30.0	31.0
13-32	30.0	29.0	25.0	26.0	29.0	30.0
13-34	31.0	31.0	25.0	27.0	28.0	31.0
13-36	32.0	32.0	27.0	27.0	30.0	32.0
13-38	31.0	31.0	26.0	26.0	29.0	31.0
13-40	31.0	31.0	26.0	27.0	29.0	30.0
13-42	30.0	30.0	28.0	27.0	30.0	30.0
13-44	30.0	30.0	27.0	25.0	28.0	30.0
13-46	31.0	31.0	25.0	27.0	28.0	31.0
13-48	32.0	32.0	26.0	27.0	29.0	31.0
13-50	31.0	31.0	25.0	25.0	28.0	31.0
13-52	30.0	31.0	25.0	25.0	27.0	31.0
13-54	31.0	31.0	25.0	28.0	28.0	31.0
13-56	32.0	32.0	28.0	28.0	31.0	32.0
13-58	30.0	30.0	27.0	25.0	30.0	30.0
14-00	31.0	31.0	26.0	27.0	30.0	31.0
14-02	30.0	30.0	25.0	25.0	30.0	30.0
14-04	30.0	30.0	26.0	25.0	29.0	30.0
14-06	32.0	32.0	27.0	26.0	30.0	32.0
14-08	30.0	30.0	26.0	25.0	29.0	30.0
14-10	32.0	31.0	26.0	25.0	28.0	31.0
14-12	31.0	31.0	25.0	26.0	28.0	32.0
14-14	31.0	31.0	26.0	27.0	29.0	31.0
14-16	31.0	31.0	25.0	28.0	29.0	31.0
14-18	32.0	32.0	25.0	27.0	29.0	32.0
14-20	31.0	31.0	26.0	27.0	31.0	31.0
14-22	30.0	29.0	26.0	25.0	28.0	29.0
14-24	30.0	30.0	26.0	25.0	30.0	30.0
14-26	32.0	32.0	27.0	28.0	31.0	32.0
14-28	31.0	31.0	26.0	26.0	29.0	31.0
14-30	32.0	32.0	26.0	26.0	29.0	32.0
14-32	30.0	30.0	26.0	26.0	29.0	29.0
14-34	30.0	30.0	27.0	25.0	29.0	30.0
14-36	30.0	31.0	26.0	26.0	29.0	31.0
14-38	41.0	35.0	33.0	35.0	41.0	41.0
14-40	31.0	31.0	26.0	28.0	30.0	31.0
14-42	31.0	31.0	29.0	27.0	30.0	31.0
14-44	30.0	30.0	26.0	26.0	28.0	30.0
14-46	30.0	30.0	26.0	25.0	29.0	30.0
14-48	31.0	31.0	27.0	26.0	29.0	31.0
14-50	29.0	29.0	25.0	26.0	28.0	31.0
14-52	30.0	30.0	25.0	26.0	27.0	30.0
14-54	30.0	30.0	25.0	28.0	28.0	30.0
14-56	29.0	29.0	25.0	27.0	28.0	30.0
14-58	30.0	30.0	24.0	27.0	28.0	30.0
15-00	30.0	29.0	26.0	26.0	30.0	30.0
15-02	29.0	29.0	26.0	26.0	28.0	29.0
15-04	29.0	29.0	27.0	25.0	29.0	29.0
15-06	31.0	31.0	26.0	26.0	29.0	31.0
15-08	30.0	30.0	25.0	26.0	27.0	30.0
15-10	30.0	30.0	25.0	25.0	28.0	30.0
15-12	30.0	30.0	27.0	26.0	29.0	30.0
15-14	31.0	30.0	25.0	26.0	27.0	30.0
15-16	29.0	29.0	24.0	26.0	27.0	29.0
15-18	30.0	30.0	24.0	27.0	29.0	30.0
15-20	30.0	30.0	26.0	26.0	29.0	30.0
15-22	29.0	29.0	25.0	24.0	28.0	29.0
15-24	30.0	30.0	27.0	26.0	30.0	31.0
15-26	29.0	29.0	24.0	25.0	28.0	30.0
15-28	29.0	29.0	25.0	25.0	28.0	30.0
15-30	30.0	29.0	24.0	27.0	30.0	30.0
15-32	29.0	29.0	25.0	24.0	28.0	29.0
15-34	29.0	29.0	25.0	26.0	29.0	29.0
15-36	30.0	30.0	24.0	26.0	30.0	30.0
15-38	29.0	29.0	25.0	26.0	28.0	29.0
15-40	30.0	30.0	24.0	27.0	28.0	30.0
15-42	29.0	29.0	24.0	28.0	28.0	29.0
15-44	30.0	29.0	25.0	25.0	30.0	30.0
15-46	31.0	31.0	27.0	27.0	30.0	31.0
15-48	30.0	29.0	25.0	26.0	30.0	30.0
15-50	28.0	28.0	25.0	25.0	28.0	28.0
15-52	29.0	29.0	24.0	25.0	29.0	29.0
15-54	30.0	30.0	26.0	27.0	29.0	31.0
15-56	29.0	29.0	25.0	26.0	30.0	30.0
15-58	30.0	29.0	29.0	29.0	30.0	30.0
16-00	40.0	36.0	32.0	35.0	40.0	39.0
16-02	45.0	41.0	36.0	44.0	41.0	44.0
16-04	32.0	32.0	26.0	30.0	30.0	32.0
16-06	31.0	31.0	26.0	27.0	28.0	31.0
16-08	31.0	31.0	24.0	26.0	28.0	31.0
16-10	31.0	31.0	25.0	26.0	27.0	30.0
16-12	39.0	38.0	32.0	32.0	33.0	38.0
16-14	48.0	48.0	38.0	39.0	39.0	48.0
16-16	50.0	50.0	38.0	40.0	40.0	50.0
16-18	49.0	49.0	40.0	41.0	41.0	49.0
16-20	46.0	43.0	40.0	46.0	42.0	46.0
16-22	49.0	49.0	41.0	41.0	40.0	49.0
16-24	46.0	46.0	45.0	45.0	43.0	46.0
16-26	50.0	50.0	39.0	42.0	40.0	50.0
16-28	36.0	36.0	30.0	30.0	34.0	36.0
16-30	32.0	32.0	25.0	27.0	29.0	33.0
16-32	29.0	29.0	25.0	26.0	28.0	29.0
16-34	33.0	33.0	26.0	29.0	29.0	32.0
16-36	32.0	32.0	24.0	26.0	29.0	32.0
16-38	30.0	29.0	25.0	26.0	28.0	29.0
16-40	29.0	29.0	24.0	25.0	28.0	29.0
16-42	44.0	44.0	36.0	37.0	37.0	44.0
16-44	30.0	29.0	27.0	26.0	30.0	30.0
16-48	39.0	39.0	39.0	39.0	39.0	39.0
16-48	39.0	39.0	39.0	39.0	39.0	39.0
16-50	32.0	32.0	28.0	30.0	30.0	32.0
16-52	29.0	29.0	25.0	28.0	28.0	29.0
16-54	48.0	48.0	42.0	43.0	41.0	48.0
16-56	50.0	50.0	40.0	41.0	40.0	50.0
16-58	33.0	33.0	29.0	30.0	32.0	33.0
17-00	31.0	31.0	25.0	26.0	29.0	32.0
17-02	34.0	34.0	32.0	34.0	34.0	34.0
17-04	31.0	31.0	28.0	29.0	30.0	32.0
17-06	34.0	33.0	28.0	31.0	34.0	34.0
17-08	34.0	34.0	30.0	32.0	33.0	34.0
17-10	33.0	33.0	28.0	29.0	31.0	33.0
17-12	32.0	32.0	29.0	29.0	32.0	32.0
17-14	36.0	36.0	31.0	31.0	34.0	36.0
17-16	32.0	32.0	28.0	29.0	31.0	32.0
17-18	32.0	32.0	26.0	27.0	30.0	32.0
17-20	36.0	36.0	29.0	31.0	34.0	36.0
17-22	32.0	32.0	31.0	31.0	31.0	32.0
17-24	32.0	32.0	29.0	29.0	31.0	32.0
17-26	29.0	29.0	29.0	29.0	29.0	29.0
17-28	31.0	30.0	27.0	28.0	31.0	31.0
17-30	36.0	36.0	29.0	31.0	35.0	36.0
17-32	31.0	31.0	31.0	31.0	31.0	31.0
17-34	30.0	30.0	26.0	27.0	30.0	30.0
17-36	31.0	31.0	28.0	30.0	30.0	31.0
17-38	29.0	29.0	26.0	28.0	29.0	29.0
17-40	28.0	28.0	28.0	28.0	28.0	30.0
17-42	33.0	33.0	29.0	31.0	32.0	33.0
17-44	31.0	31.0	30.0	28.0	29.0	31.0
17-46	30.0	30.0	27.0	27.0	30.0	30.0
17-48	35.0	35.0	30.0	31.0	33.0	34.0
17-50	31.0	31.0	27.0	28.0	31.0	33.0
17-52	33.0	33.0	29.0	29.0	31.0	33.0
17-54	31.0	31.0	27.0	28.0	30.0	31.0
17-56	29.0	28.0	28.0	28.0	28.0	28.0
17-58	32.0	32.0	29.0	29.0	31.0	32.0
18-00	32.0	32.0	28.0	28.0	30.0	32.0
18-02	31.0	31.0	27.0	27.0	29.0	31.0
18-04	29.0	29.0	25.0	26.0	29.0	30.0
18-06	31.0	31.0	31.0	31.0	31.0	31.0
18-08	32.0	32.0	31.0	31.0	31.0	32.0
18-10	31.0	31.0	28.0	28.0	30.0	31.0
18-12	32.0	32.0	27.0	27.0	29.0	32.0
18-14	30.0	30.0	30.0	30.0	30.0	30.0
18-16	29.0	29.0	29.0	29.0	29.0	29.0
18-18	30.0	30.0	24.0	25.0	28.0	30.0
18-20	31.0	31.0	27.0	27.0	30.0	31.0
18-22	30.0	30.0	27.0	27.0	30.0	30.0
18-24	32.0	32.0	27.0	28.0	30.0	32.0
18-26	29.0	29.0	29.0	29.0	29.0	29.0
18-28	30.0	29.0	25.0	27.0	27.0	29.0
18-30	32.0	32.0	31.0	31.0	31.0	32.0
18-32	28.0	27.0	27.0	27.0	27.0	28.0
18-34	29.0	29.0	29.0	29.0	29.0	29.0
18-36	31.0	31.0	25.0	27.0	28.0	31.0
18-38	29.0	29.0	29.0	29.0	29.0	29.0
18-40	31.0	31.0	31.0	31.0	31.0	31.0
18-42	29.0	29.0	29.0	29.0	29.0	29.0
18-44	30.0	30.0	25.0	25.0	28.0	30.0
18-46	27.0	27.0	27.0	27.0	27.0	27.0
18-48	30.0	30.0	30.0	30.0	30.0	30.0
18-50	29.0	28.0	28.0	28.0	28.0	29.0
18-52	28.0	28.0	28.0	28.0	28.0	28.0
18-54	29.0	29.0	28.0	28.0	29.0	29.0
18-56	28.0	27.0	27.0	27.0	27.0	28.0
18-58	28.0	28.0	28.0	28.0	28.0	28.0
19-00	28.0	28.0	28.0	28.0	28.0	28.0
19-02	29.0	29.0	26.0	25.0	28.0	30.0
19-04	30.0	30.0	26.0	27.0	29.0	30.0
19-06	29.0	29.0	24.0	25.0	28.0	29.0
19-08	29.0	29.0	29.0	29.0	29.0	29.0
19-10	28.0	28.0	28.0	28.0	28.0	28.0
19-12	28.0	28.0	28.0	28.0	28.0	28.0
19-14	30.0	29.0	29.0	29.0	30.0	30.0
19-16	28.0	28.0	28.0	28.0	28.0	28.0
19-18	28.0	27.0	27.0	27.0	27.0	28.0
19-20	29.0	30.0	24.0	24.0	28.0	30.0
19-22	28.0	27.0	27.0	27.0	27.0	28.0
19-24	28.0	28.0	28.0	28.0	28.0	28.0
19-26	30.0	30.0	26.0	28.0	29.0	30.0
19-28	26.0	26.0	26.0	26.0	26.0	26.0
19-30	27.0	26.0	26.0	26.0	26.0	27.0
19-32	27.0	27.0	27.0	27.0	27.0	27.0
19-34	33.0	33.0	27.0	28.0	31.0	33.0
19-36	30.0	30.0	25.0	26.0	28.0	30.0
19-38	29.0	29.0	28.0	28.0	28.0	29.0
19-40	27.0	27.0	27.0	27.0	27.0	27.0
19-42	28.0	28.0	28.0	28.0	28.0	28.0
19-44	27.0	27.0	27.0	27.0	27.0	27.0
19-46	27.0	27.0	27.0	27.0	27.0	27.0
19-48	30.0	30.0	30.0	30.0	30.0	30.0
19-50	27.0	27.0	27.0	27.0	27.0	27.0
19-52	30.0	30.0	29.0	29.0	29.0	30.0
19-54	29.0	29.0	29.0	29.0	29.0	29.0
19-56	28.0	28.0	28.0	28.0	28.0	28.0
19-58	27.0	27.0	27.0	27.0	27.0	27.0
20-00	28.0	28.0	28.0	28.0	28.0	28.0
20-02	27.0	27.0	27.0	27.0	27.0	27.0
20-04	31.0	28.0	25.0	25.0	31.0	31.0
20-06	28.0	28.0	28.0	28.0	28.0	28.0
20-08	28.0	28.0	27.0	27.0	27.0	28.0
20-10	30.0	30.0	29.0	29.0	29.0	30.0
20-12	29.0	29.0	25.0	26.0	29.0	29.0
20-14	27.0	26.0	26.0	26.0	26.0	26.0
20-16	27.0	26.0	26.0	26.0	26.0	26.0
20-18	29.0	29.0	29.0	29.0	29.0	29.0
20-20	29.0	29.0	25.0	26.0	28.0	29.0
20-22	28.0	28.0	28.0	28.0	28.0	28.0
20-24	29.0	29.0	28.0	28.0	29.0	29.0
20-26	26.0	25.0	25.0	25.0	25.0	26.0
20-28	28.0	28.0	27.0	27.0	28.0	28.0
20-30	27.0	27.0	27.0	27.0	27.0	27.0
20-32	26.0	26.0	26.0	26.0	26.0	26.0
20-34	26.0	25.0	25.0	25.0	25.0	26.0
20-36	28.0	28.0	27.0	27.0	28.0	28.0
20-38	26.0	25.0	25.0	25.0	25.0	26.0
20-40	29.0	29.0	29.0	29.0	29.0	29.0
20-42	28.0	28.0	28.0	28.0	28.0	28.0
20-44	30.0	29.0	25.0	26.0	29.0	29.0
20-46	28.0	28.0	28.0	28.0	28.0	28.0
20-48	28.0	28.0	28.0	27.0	27.0	27.0
20-50	26.0	26.0	26.0	26.0	26.0	27.0
20-52	25.0	25.0	25.0	25.0	25.0	25.0
20-54	30.0	30.0	25.0	26.0	29.0	30.0
20-56	26.0	25.0	25.0	25.0	25.0	26.0
20-58	25.0	25.0	25.0	25.0	25.0	25.0
21-00	25.0	25.0	25.0	25.0	25.0	25.0
21-02	26.0	25.0	25.0	25.0	25.0	27.0
21-04	26.0	25.0	25.0	25.0	25.0	26.0
21-06	28.0	28.0	28.0	28.0	28.0	28.0
21-08	27.0	27.0	27.0	27.0	27.0	27.0
21-10	26.0	26.0	26.0	26.0	26.0	26.0
21-12	27.0	27.0	27.0	27.0	27.0	27.0
21-14	30.0	30.0	29.0	29.0	29.0	30.0
21-16	27.0	27.0	27.0	27.0	27.0	27.0
21-18	27.0	27.0	26.0	26.0	26.0	27.0
21-20	27.0	27.0	27.0	27.0	27.0	27.0
21-22	28.0	28.0	28.0	28.0	28.0	28.0
21-24	28.0	28.0	28.0	28.0	28.0	28.0
21-26	28.0	28.0	27.0	27.0	27.0	28.0
21-28	25.0	25.0	25.0	25.0	25.0	25.0
21-30	27.0	27.0	27.0	27.0	27.0	27.0
21-32	29.0	29.0	22.0	24.0	27.0	29.0
21-34	26.0	25.0	25.0	25.0	25.0	26.0
21-36	26.0	25.0	25.0	25.0	25.0	26.0
21-38	26.0	26.0	26.0	26.0	26.0	26.0
21-40	30.0	30.0	25.0	27.0	29.0	30.0
21-42	29.0	29.0	28.0	28.0	28.0	29.0
21-44	29.0	29.0	29.0	29.0	29.0	29.0
21-46	29.0	29.0	29.0	29.0	29.0	29.0
21-48	29.0	29.0	28.0	28.0	28.0	29.0
21-50	29.0	29.0	23.0	25.0	28.0	29.0
21-52	28.0	28.0	23.0	25.0	27.0	28.0
21-54	28.0	28.0	23.0	25.0	28.0	28.0
21-56	27.0	27.0	26.0	26.0	26.0	27.0
21-58	25.0	25.0	25.0	25.0	25.0	25.0
22-00	27.0	27.0	26.0	26.0	27.0	27.0
22-02	32.0	32.0	27.0	29.0	32.0	32.0
22-04	29.0	29.0	25.0	25.0	28.0	29.0
22-06	33.0	34.0	27.0	31.0	33.0	34.0
22-08	28.0	27.0	27.0	27.0	27.0	28.0
22-10	27.0	27.0	27.0	27.0	27.0	27.0
22-12	28.0	28.0	28.0	28.0	28.0	28.0
22-14	27.0	27.0	20.0	25.0	25.0	27.0
22-16	27.0	26.0	22.0	22.0	27.0	28.0
22-18	28.0	28.0	22.0	24.0	27.0	28.0
22-20	28.0	27.0	23.0	23.0	28.0	28.0
22-22	28.0	28.0	19.0	24.0	26.0	28.0
22-24	28.0	28.0	21.0	24.0	26.0	29.0
22-26	27.0	27.0	22.0	23.0	27.0	27.0
22-28	26.0	25.0	21.0	24.0	26.0	26.0
22-30	28.0	28.0	22.0	26.0	26.0	28.0
22-32	26.0	26.0	22.0	23.0	25.0	26.0
22-34	28.0	28.0	20.0	24.0	26.0	28.0
22-36	28.0	28.0	22.0	23.0	27.0	28.0
22-38	27.0	27.0	20.0	23.0	25.0	27.0
22-40	28.0	28.0	22.0	24.0	26.0	28.0
22-42	27.0	27.0	22.0	25.0	26.0	27.0
22-44	27.0	27.0	21.0	23.0	25.0	27.0
22-46	28.0	28.0	20.0	23.0	25.0	28.0
22-48	27.0	27.0	22.0	24.0	27.0	27.0
22-50	27.0	27.0	19.0	23.0	25.0	27.0
22-52	27.0	27.0	20.0	22.0	26.0	27.0
22-54	27.0	27.0	22.0	24.0	27.0	28.0
22-56	28.0	28.0	21.0	22.0	26.0	28.0
22-58	27.0	28.0	21.0	22.0	26.0	28.0
23-00	27.0	26.0	22.0	24.0	27.0	27.0
23-02	26.0	26.0	22.0	21.0	26.0	27.0
23-04	27.0	27.0	23.0	21.0	26.0	26.0
23-06	27.0	27.0	23.0	23.0	26.0	27.0
23-08	26.0	26.0	22.0	22.0	25.0	26.0
23-10	25.0	25.0	23.0	21.0	26.0	27.0
23-12	28.0	28.0	23.0	23.0	26.0	28.0
23-14	28.0	27.0	21.0	23.0	24.0	27.0
23-16	26.0	26.0	21.0	22.0	26.0	26.0
23-18	28.0	28.0	22.0	23.0	25.0	28.0
23-20	28.0	28.0	22.0	23.0	27.0	28.0
23-22	25.0	25.0	22.0	22.0	25.0	25.0
23-24	26.0	26.0	23.0	22.0	26.0	26.0
23-26	26.0	26.0	23.0	21.0	26.0	26.0
23-28	26.0	26.0	23.0	21.0	26.0	26.0
23-30	26.0	26.0	24.0	22.0	26.0	26.0
23-32	27.0	27.0	21.0	21.0	26.0	27.0
23-34	27.0	27.0	22.0	21.0	26.0	27.0
23-36	27.0	27.0	21.0	24.0	26.0	27.0
23-38	27.0	27.0	21.0	22.0	25.0	27.0
23-40	29.0	29.0	22.0	23.0	26.0	28.0
23-42	27.0	27.0	23.0	22.0	26.0	27.0
23-44	26.0	26.0	21.0	21.0	26.0	26.0
23-46	26.0	26.0	20.0	22.0	26.0	26.0
23-48	28.0	28.0	22.0	23.0	26.0	28.0
23-50	26.0	26.0	21.0	22.0	26.0	27.0
23-52	27.0	27.0	22.0	21.0	27.0	27.0
23-54	28.0	28.0	20.0	22.0	25.0	28.0
23-56	26.0	26.0	21.0	22.0	26.0	26.0
23-58	26.0	26.0	22.0	22.0	26.0	26.0
