08-19	43.0	43.0	39.0	41.0	42.0
08-20	44.0	44.0	40.0	42.0	43.0
08-22	44.0	44.0	39.0	41.0	42.0
08-24	86.0	85.0	85.0	86.0	84.0
08-26	85.0	85.0	84.0	85.0	83.0
08-28	74.0	74.0	71.0	71.0	71.0
08-30	81.0	80.0	80.0	81.0	79.0
08-32	78.0	78.0	78.0	77.0	76.0
08-34	71.0	71.0	71.0	71.0	70.0
08-36	94.0	94.0	94.0	94.0	91.0
08-38	79.0	79.0	77.0	78.0	76.0
08-40	71.0	71.0	71.0	70.0	71.0
08-42	73.0	72.0	72.0	72.0	71.0
08-43	71.0	71.0	70.0	70.0	70.0
08-44	71.0	71.0	68.0	68.0	67.0
08-45	74.0	74.0	73.0	73.0	72.0
08-46	70.0	70.0	69.0	70.0	70.0
08-47	84.0	84.0	84.0	84.0	82.0
08-48	50.0	50.0	45.0	48.0	48.0
08-50	46.0	46.0	43.0	45.0	44.0
08-50	46.0	46.0	42.0	44.0	45.0
08-52	45.0	45.0	41.0	43.0	43.0
08-53	45.0	45.0	41.0	43.0	43.0
08-54	44.0	44.0	41.0	42.0	42.0
08-55	45.0	45.0	41.0	43.0	42.0
08-56	45.0	45.0	41.0	43.0	43.0
08-57	46.0	44.0	41.0	43.0	45.0
08-58	48.0	48.0	42.0	44.0	43.0
08-59	45.0	45.0	40.0	43.0	43.0
09-00	45.0	45.0	41.0	43.0	42.0
09-01	46.0	45.0	40.0	42.0	42.0
09-03	44.0	45.0	40.0	41.0	41.0
09-04	43.0	42.0	39.0	42.0	42.0
09-04	43.0	42.0	39.0	42.0	42.0
09-05	44.0	44.0	40.0	43.0	42.0
09-05	43.0	43.0	40.0	42.0	42.0
09-06	45.0	45.0	40.0	43.0	42.0
09-07	44.0	44.0	40.0	42.0	42.0
09-08	68.0	68.0	67.0	60.0	60.0
09-11	50.0	49.0	46.0	46.0	50.0
09-12	44.0	44.0	40.0	42.0	43.0
09-13	41.0	41.0	37.0	39.0	40.0
09-14	41.0	41.0	36.0	40.0	40.0
09-15	63.0	63.0	61.0	59.0	57.0
09-16	68.0	63.0	64.0	68.0	64.0
09-17	68.0	68.0	63.0	67.0	63.0
09-18	72.0	72.0	70.0	69.0	66.0
09-19	72.0	72.0	70.0	66.0	63.0
09-20	73.0	73.0	71.0	67.0	64.0
09-21	72.0	72.0	70.0	68.0	66.0
09-22	72.0	72.0	71.0	68.0	64.0
09-23	71.0	71.0	68.0	67.0	65.0
09-24	72.0	72.0	71.0	67.0	65.0
09-25	73.0	73.0	71.0	67.0	64.0
09-26	72.0	72.0	71.0	66.0	63.0
09-27	72.0	72.0	70.0	66.0	64.0
09-28	72.0	72.0	71.0	66.0	64.0
09-29	72.0	71.0	70.0	66.0	63.0
09-30	72.0	72.0	71.0	68.0	66.0
09-31	72.0	72.0	71.0	68.0	64.0
09-32	71.0	71.0	68.0	63.0	61.0
09-33	63.0	63.0	60.0	61.0	61.0
09-34	71.0	71.0	67.0	69.0	64.0
09-35	68.0	67.0	64.0	68.0	64.0
09-36	71.0	71.0	69.0	65.0	64.0
09-37	58.0	58.0	56.0	58.0	57.0
09-38	68.0	68.0	62.0	62.0	65.0
09-39	71.0	71.0	69.0	67.0	65.0
09-40	71.0	67.0	69.0	71.0	66.0
09-41	69.0	69.0	66.0	66.0	68.0
09-42	70.0	70.0	67.0	67.0	69.0
09-43	70.0	70.0	67.0	67.0	69.0
09-44	71.0	71.0	66.0	67.0	69.0
09-45	70.0	70.0	66.0	66.0	69.0
09-46	69.0	69.0	65.0	66.0	68.0
09-47	69.0	69.0	63.0	66.0	68.0
09-48	71.0	71.0	69.0	67.0	64.0
09-49	70.0	70.0	67.0	68.0	65.0
09-50	70.0	70.0	65.0	68.0	64.0
09-51	71.0	71.0	66.0	68.0	65.0
09-52	71.0	71.0	66.0	68.0	66.0
09-53	70.0	70.0	65.0	65.0	64.0
09-54	67.0	67.0	64.0	66.0	63.0
09-55	66.0	66.0	62.0	64.0	61.0
09-56	67.0	67.0	64.0	64.0	67.0
09-57	70.0	70.0	66.0	68.0	64.0
09-58	70.0	66.0	70.0	70.0	66.0
09-59	70.0	69.0	64.0	67.0	61.0
10-00	70.0	70.0	67.0	67.0	66.0
10-01	70.0	70.0	67.0	67.0	64.0
10-02	71.0	71.0	65.0	67.0	66.0
10-03	70.0	70.0	67.0	68.0	64.0
10-04	71.0	67.0	69.0	71.0	65.0
10-05	70.0	70.0	66.0	68.0	66.0
10-06	71.0	71.0	68.0	68.0	67.0
10-07	72.0	72.0	69.0	65.0	64.0
10-08	71.0	71.0	69.0	67.0	63.0
10-09	72.0	72.0	70.0	67.0	66.0
10-10	70.0	70.0	68.0	69.0	67.0
10-12	45.0	44.0	40.0	45.0	44.0
10-14	64.0	64.0	61.0	60.0	61.0
10-16	83.0	83.0	82.0	80.0	74.0
10-18	74.0	73.0	73.0	73.0	74.0
10-20	79.0	79.0	79.0	78.0	75.0
10-22	73.0	73.0	69.0	72.0	70.0
10-24	79.0	77.0	78.0	79.0	78.0
10-26	82.0	82.0	82.0	81.0	73.0
10-28	75.0	75.0	72.0	74.0	73.0
10-30	81.0	80.0	81.0	79.0	73.0
10-32	80.0	80.0	76.0	79.0	78.0
10-34	80.0	80.0	80.0	79.0	74.0
10-36	81.0	81.0	80.0	81.0	80.0
10-38	83.0	83.0	82.0	79.0	78.0
10-40	79.0	79.0	78.0	76.0	75.0
10-42	81.0	81.0	75.0	77.0	72.0
10-44	81.0	81.0	79.0	77.0	77.0
10-46	84.0	84.0	83.0	81.0	80.0
10-48	73.0	73.0	71.0	73.0	72.0
10-50	82.0	82.0	81.0	79.0	78.0
10-52	78.0	75.0	77.0	77.0	78.0
10-54	75.0	75.0	73.0	73.0	71.0
10-56	79.0	79.0	77.0	79.0	78.0
10-58	82.0	82.0	80.0	82.0	81.0
11-00	75.0	75.0	73.0	74.0	69.0
11-02	81.0	81.0	78.0	81.0	80.0
11-04	84.0	84.0	82.0	81.0	77.0
11-06	83.0	83.0	83.0	81.0	78.0
11-08	78.0	74.0	75.0	78.0	77.0
11-10	82.0	82.0	82.0	78.0	80.0
11-12	84.0	83.0	80.0	82.0	82.0
11-14	74.0	74.0	72.0	71.0	72.0
11-16	78.0	78.0	75.0	76.0	76.0
11-18	80.0	81.0	79.0	79.0	77.0
11-20	82.0	81.0	77.0	82.0	82.0
11-22	81.0	81.0	79.0	77.0	75.0
11-24	79.0	79.0	78.0	77.0	76.0
11-26	78.0	78.0	78.0	76.0	73.0
11-28	82.0	82.0	81.0	80.0	77.0
11-30	77.0	77.0	77.0	74.0	73.0
11-32	81.0	81.0	77.0	78.0	79.0
11-34	81.0	81.0	80.0	78.0	78.0
11-36	74.0	72.0	73.0	74.0	73.0
11-38	82.0	77.0	80.0	82.0	80.0
11-40	82.0	78.0	80.0	82.0	81.0
11-42	81.0	81.0	81.0	80.0	76.0
11-44	80.0	80.0	79.0	79.0	78.0
11-46	80.0	77.0	80.0	74.0	76.0
11-48	74.0	74.0	71.0	72.0	70.0
11-50	85.0	85.0	84.0	82.0	78.0
11-52	75.0	75.0	73.0	73.0	72.0
11-54	78.0	78.0	75.0	77.0	76.0
11-56	82.0	82.0	80.0	77.0	77.0
11-58	80.0	80.0	78.0	79.0	79.0
12-00	82.0	82.0	81.0	79.0	78.0
12-02	79.0	79.0	78.0	76.0	74.0
12-04	75.0	75.0	75.0	75.0	71.0
12-06	72.0	72.0	72.0	72.0	70.0
12-08	80.0	80.0	78.0	78.0	73.0
12-10	84.0	80.0	82.0	84.0	83.0
12-12	79.0	79.0	76.0	78.0	77.0
12-14	80.0	80.0	79.0	77.0	74.0
12-16	80.0	80.0	78.0	80.0	80.0
12-18	84.0	79.0	81.0	84.0	83.0
12-20	83.0	83.0	81.0	82.0	83.0
12-22	83.0	83.0	83.0	81.0	77.0
12-24	80.0	80.0	79.0	79.0	75.0
12-26	79.0	80.0	76.0	78.0	78.0
12-28	79.0	76.0	78.0	79.0	79.0
12-30	79.0	79.0	79.0	78.0	73.0
12-32	78.0	78.0	76.0	78.0	77.0
12-34	84.0	84.0	83.0	82.0	77.0
12-36	80.0	80.0	78.0	76.0	76.0
12-38	82.0	82.0	79.0	82.0	81.0
12-40	82.0	82.0	80.0	82.0	80.0
12-42	84.0	85.0	85.0	83.0	78.0
12-44	76.0	76.0	76.0	73.0	74.0
12-46	80.0	80.0	79.0	77.0	74.0
12-48	81.0	79.0	79.0	81.0	79.0
12-50	82.0	82.0	79.0	79.0	77.0
12-52	80.0	80.0	77.0	78.0	80.0
12-54	80.0	80.0	76.0	77.0	76.0
12-56	75.0	75.0	71.0	71.0	72.0
12-58	75.0	75.0	72.0	71.0	70.0
13-00	81.0	81.0	79.0	78.0	75.0
13-02	82.0	82.0	80.0	78.0	79.0
13-04	83.0	83.0	81.0	81.0	77.0
13-06	77.0	77.0	74.0	74.0	72.0
13-08	78.0	78.0	78.0	77.0	78.0
13-10	78.0	78.0	77.0	76.0	73.0
13-12	84.0	84.0	82.0	80.0	79.0
13-14	79.0	79.0	77.0	78.0	79.0
13-16	82.0	82.0	80.0	77.0	78.0
13-18	79.0	79.0	77.0	77.0	78.0
13-20	81.0	79.0	81.0	75.0	78.0
13-22	79.0	79.0	77.0	76.0	73.0
13-24	83.0	83.0	82.0	79.0	79.0
13-26	74.0	74.0	74.0	73.0	71.0
13-28	79.0	79.0	77.0	75.0	72.0
13-30	78.0	78.0	78.0	75.0	73.0
13-32	82.0	82.0	82.0	81.0	78.0
13-34	79.0	79.0	77.0	75.0	75.0
13-36	78.0	76.0	76.0	78.0	78.0
13-38	84.0	84.0	83.0	80.0	79.0
13-40	77.0	77.0	75.0	73.0	74.0
13-42	83.0	83.0	80.0	81.0	81.0
13-44	80.0	80.0	78.0	77.0	76.0
13-46	80.0	81.0	79.0	76.0	76.0
13-48	80.0	80.0	79.0	77.0	75.0
13-50	82.0	82.0	80.0	79.0	76.0
13-52	81.0	81.0	80.0	80.0	77.0
13-54	80.0	80.0	79.0	77.0	74.0
13-56	82.0	82.0	78.0	79.0	80.0
13-58	72.0	72.0	67.0	70.0	67.0
14-00	79.0	79.0	79.0	77.0	77.0
14-02	74.0	74.0	73.0	72.0	71.0
14-04	81.0	80.0	81.0	77.0	77.0
14-06	68.0	68.0	67.0	67.0	67.0
14-08	80.0	80.0	79.0	79.0	78.0
14-10	79.0	76.0	79.0	78.0	79.0
14-12	83.0	83.0	80.0	81.0	81.0
14-14	80.0	80.0	77.0	79.0	79.0
14-16	80.0	80.0	77.0	80.0	80.0
14-18	81.0	81.0	79.0	81.0	80.0
14-20	72.0	72.0	72.0	69.0	70.0
14-22	79.0	79.0	78.0	77.0	75.0
14-24	82.0	82.0	80.0	79.0	80.0
14-26	83.0	83.0	78.0	81.0	80.0
14-28	82.0	82.0	80.0	82.0	81.0
14-30	83.0	81.0	83.0	83.0	82.0
14-32	78.0	78.0	77.0	76.0	73.0
14-34	83.0	82.0	83.0	83.0	81.0
14-36	80.0	77.0	79.0	80.0	80.0
14-38	80.0	80.0	79.0	77.0	76.0
14-40	79.0	79.0	77.0	76.0	75.0
14-42	75.0	75.0	73.0	73.0	73.0
14-44	81.0	81.0	79.0	81.0	80.0
14-46	82.0	82.0	79.0	82.0	82.0
14-48	79.0	79.0	77.0	78.0	77.0
14-50	83.0	83.0	81.0	80.0	77.0
14-52	74.0	74.0	72.0	70.0	72.0
14-54	68.0	68.0	64.0	63.0	65.0
14-56	82.0	82.0	82.0	79.0	78.0
14-58	78.0	78.0	78.0	77.0	74.0
15-00	80.0	80.0	79.0	77.0	76.0
15-02	81.0	81.0	81.0	79.0	75.0
15-04	76.0	76.0	74.0	72.0	72.0
15-06	81.0	81.0	79.0	76.0	77.0
15-08	85.0	85.0	83.0	82.0	77.0
15-10	74.0	74.0	72.0	71.0	70.0
15-12	74.0	74.0	72.0	71.0	70.0
15-14	75.0	75.0	74.0	72.0	71.0
15-16	71.0	71.0	70.0	69.0	69.0
15-18	77.0	77.0	77.0	76.0	73.0
15-20	85.0	85.0	84.0	83.0	82.0
15-22	83.0	83.0	83.0	81.0	81.0
15-24	79.0	78.0	78.0	78.0	77.0
15-26	79.0	79.0	78.0	77.0	74.0
15-28	82.0	81.0	82.0	80.0	75.0
15-30	74.0	74.0	73.0	71.0	72.0
15-32	83.0	83.0	83.0	80.0	76.0
15-34	80.0	80.0	77.0	80.0	79.0
15-36	79.0	79.0	79.0	79.0	78.0
15-38	80.0	80.0	78.0	75.0	75.0
15-40	80.0	80.0	77.0	79.0	78.0
15-42	73.0	71.0	71.0	73.0	73.0
15-44	82.0	83.0	81.0	79.0	74.0
15-46	80.0	80.0	78.0	79.0	77.0
15-48	74.0	74.0	73.0	70.0	71.0
15-50	83.0	83.0	82.0	82.0	78.0
15-52	79.0	79.0	79.0	79.0	78.0
15-54	74.0	74.0	72.0	73.0	72.0
15-56	75.0	75.0	73.0	73.0	73.0
15-58	80.0	79.0	80.0	79.0	78.0
16-00	80.0	80.0	80.0	80.0	78.0
16-02	75.0	75.0	71.0	73.0	73.0
16-04	80.0	80.0	79.0	78.0	78.0
16-06	74.0	74.0	73.0	73.0	73.0
16-08	79.0	79.0	75.0	76.0	70.0
16-10	76.0	76.0	72.0	71.0	70.0
16-12	83.0	81.0	82.0	81.0	81.0
16-14	80.0	80.0	80.0	77.0	77.0
16-16	83.0	83.0	81.0	80.0	75.0
16-18	74.0	74.0	70.0	73.0	73.0
16-20	79.0	79.0	79.0	75.0	76.0
16-22	81.0	80.0	80.0	81.0	80.0
16-24	81.0	81.0	79.0	75.0	78.0
16-26	81.0	81.0	79.0	74.0	77.0
16-28	74.0	74.0	71.0	74.0	67.0
16-30	81.0	81.0	81.0	80.0	79.0
16-32	84.0	79.0	82.0	83.0	83.0
16-34	82.0	81.0	82.0	78.0	78.0
16-36	79.0	79.0	79.0	78.0	79.0
16-38	82.0	77.0	81.0	82.0	81.0
16-40	83.0	83.0	83.0	82.0	79.0
16-42	79.0	79.0	77.0	79.0	78.0
16-44	82.0	82.0	82.0	79.0	79.0
16-46	82.0	82.0	82.0	81.0	76.0
16-48	75.0	75.0	75.0	73.0	74.0
16-50	83.0	83.0	83.0	82.0	79.0
16-52	79.0	79.0	78.0	76.0	77.0
16-54	80.0	80.0	78.0	75.0	76.0
16-56	82.0	80.0	81.0	82.0	81.0
16-58	82.0	81.0	82.0	78.0	76.0
17-00	78.0	78.0	75.0	77.0	74.0
17-02	83.0	83.0	81.0	81.0	77.0
17-04	74.0	74.0	71.0	71.0	71.0
17-06	76.0	76.0	75.0	75.0	73.0
17-08	81.0	81.0	79.0	80.0	76.0
17-10	73.0	73.0	72.0	72.0	72.0
17-12	80.0	80.0	79.0	75.0	75.0
17-14	82.0	82.0	82.0	80.0	76.0
17-16	68.0	68.0	65.0	66.0	65.0
17-18	81.0	81.0	79.0	80.0	80.0
17-20	78.0	78.0	76.0	77.0	77.0
17-22	83.0	82.0	83.0	81.0	76.0
17-24	76.0	76.0	75.0	73.0	73.0
17-26	81.0	79.0	81.0	80.0	79.0
17-28	76.0	76.0	75.0	75.0	74.0
17-30	84.0	84.0	84.0	83.0	80.0
17-32	78.0	78.0	76.0	75.0	76.0
17-34	80.0	80.0	79.0	78.0	76.0
17-36	83.0	83.0	83.0	82.0	81.0
17-38	79.0	78.0	79.0	77.0	75.0
17-40	80.0	79.0	80.0	79.0	78.0
17-42	76.0	76.0	76.0	75.0	74.0
17-44	74.0	74.0	74.0	74.0	73.0
17-46	88.0	88.0	88.0	88.0	86.0
17-48	72.0	72.0	72.0	72.0	71.0
17-50	91.0	89.0	91.0	90.0	88.0
17-52	72.0	72.0	71.0	71.0	70.0
17-54	93.0	91.0	93.0	91.0	90.0
17-56	70.0	70.0	68.0	69.0	68.0
17-58	96.0	95.0	96.0	96.0	93.0
18-00	79.0	79.0	78.0	78.0	78.0
18-02	80.0	80.0	80.0	79.0	78.0
18-04	83.0	81.0	83.0	83.0	82.0
18-06	91.0	91.0	90.0	90.0	88.0
18-08	70.0	71.0	69.0	68.0	69.0
18-10	90.0	90.0	90.0	90.0	89.0
18-12	70.0	70.0	68.0	68.0	68.0
18-14	91.0	91.0	91.0	90.0	88.0
18-16	70.0	70.0	68.0	69.0	69.0
18-18	93.0	93.0	92.0	92.0	89.0
18-20	76.0	76.0	75.0	76.0	75.0
18-22	71.0	71.0	67.0	67.0	67.0
18-24	80.0	79.0	79.0	80.0	79.0
18-26	69.0	69.0	68.0	69.0	68.0
18-28	72.0	72.0	69.0	71.0	72.0
18-30	90.0	88.0	90.0	90.0	86.0
18-32	81.0	81.0	81.0	79.0	78.0
18-34	74.0	74.0	73.0	73.0	71.0
18-36	75.0	74.0	75.0	73.0	72.0
18-38	63.0	63.0	61.0	60.0	61.0
18-40	60.0	60.0	58.0	59.0	59.0
18-42	84.0	83.0	84.0	83.0	82.0
18-44	72.0	72.0	71.0	71.0	71.0
18-46	70.0	70.0	69.0	70.0	69.0
18-48	71.0	70.0	70.0	71.0	70.0
18-50	77.0	75.0	76.0	77.0	72.0
18-52	77.0	77.0	75.0	75.0	72.0
18-54	76.0	76.0	76.0	75.0	75.0
18-56	95.0	94.0	95.0	95.0	92.0
18-58	72.0	72.0	71.0	71.0	72.0
19-00	86.0	86.0	86.0	85.0	84.0
19-02	82.0	82.0	80.0	82.0	80.0
19-04	69.0	69.0	68.0	68.0	68.0
19-06	91.0	90.0	91.0	90.0	87.0
19-08	70.0	70.0	68.0	68.0	68.0
19-10	94.0	94.0	94.0	92.0	90.0
19-12	72.0	72.0	71.0	70.0	71.0
19-14	89.0	88.0	89.0	89.0	87.0
19-16	53.0	53.0	49.0	50.0	50.0
19-18	48.0	48.0	45.0	47.0	46.0
19-21	47.0	47.0	42.0	43.0	42.0
19-24	61.0	60.0	55.0	55.0	55.0
19-26	55.0	55.0	50.0	52.0	51.0
19-27	50.0	50.0	46.0	48.0	47.0
19-29	49.0	49.0	45.0	45.0	46.0
19-31	48.0	48.0	44.0	45.0	45.0
19-32	48.0	48.0	44.0	46.0	45.0
19-35	48.0	48.0	44.0	45.0	44.0
19-37	47.0	47.0	43.0	44.0	43.0
19-40	48.0	48.0	43.0	44.0	44.0
19-41	48.0	48.0	43.0	44.0	45.0
19-42	47.0	47.0	43.0	44.0	45.0
19-45	45.0	45.0	41.0	43.0	43.0
19-46	47.0	47.0	46.0	46.0	46.0
19-50	47.0	47.0	42.0	43.0	43.0
19-50	47.0	47.0	43.0	43.0	44.0
19-54	46.0	46.0	42.0	43.0	44.0
19-56	47.0	47.0	44.0	44.0	45.0
19-57	47.0	47.0	42.0	44.0	45.0
19-59	45.0	45.0	41.0	43.0	44.0
20-03	46.0	46.0	42.0	44.0	43.0
20-08	47.0	47.0	44.0	44.0	45.0
20-08	47.0	47.0	44.0	44.0	45.0
20-09	48.0	48.0	43.0	44.0	45.0
20-13	46.0	46.0	43.0	44.0	45.0
20-14	47.0	47.0	44.0	44.0	44.0
20-20	47.0	47.0	44.0	44.0	45.0
20-19	49.0	49.0	45.0	46.0	46.0
20-30	51.0	50.0	46.0	48.0	46.0
20-29	49.0	48.0	43.0	45.0	44.0
20-34	48.0	47.0	44.0	46.0	46.0
20-34	48.0	48.0	43.0	45.0	44.0
20-36	50.0	50.0	46.0	46.0	47.0
20-39	50.0	50.0	45.0	47.0	47.0
20-39	50.0	50.0	45.0	47.0	47.0
20-39	50.0	50.0	45.0	47.0	47.0
20-38	50.0	50.0	45.0	47.0	47.0
20-42	51.0	49.0	46.0	48.0	47.0
20-42	49.0	49.0	45.0	45.0	46.0
20-41	50.0	50.0	45.0	47.0	47.0
20-57	50.0	50.0	46.0	48.0	47.0
20-57	50.0	50.0	46.0	48.0	47.0
21-08	54.0	54.0	50.0	52.0	52.0
21-08	54.0	54.0	50.0	52.0	52.0
21-08	54.0	54.0	50.0	52.0	52.0
21-08	53.0	53.0	48.0	50.0	49.0
21-08	53.0	53.0	48.0	50.0	49.0
21-13	52.0	52.0	46.0	48.0	49.0
21-11	53.0	53.0	48.0	50.0	49.0
21-17	53.0	53.0	48.0	50.0	49.0
21-17	50.0	50.0	46.0	46.0	47.0
21-20	53.0	53.0	48.0	50.0	49.0
21-23	51.0	51.0	47.0	47.0	48.0
21-41	50.0	50.0	48.0	49.0	50.0
21-42	54.0	54.0	50.0	51.0	52.0
21-48	54.0	54.0	51.0	53.0	52.0
21-48	54.0	54.0	51.0	53.0	52.0
21-48	54.0	54.0	51.0	53.0	52.0
21-48	54.0	54.0	51.0	53.0	52.0
21-48	54.0	54.0	51.0	53.0	52.0
21-48	54.0	54.0	51.0	53.0	52.0
21-48	54.0	54.0	51.0	53.0	52.0
21-48	54.0	54.0	51.0	53.0	52.0
21-48	54.0	54.0	51.0	53.0	52.0
21-48	54.0	54.0	51.0	53.0	52.0
21-48	54.0	54.0	51.0	53.0	52.0
21-48	54.0	54.0	51.0	53.0	52.0
21-48	54.0	54.0	51.0	53.0	52.0
21-48	54.0	54.0	51.0	53.0	52.0
21-48	54.0	54.0	51.0	53.0	52.0
21-48	54.0	54.0	51.0	53.0	52.0
21-50	56.0	56.0	53.0	55.0	51.0
21-52	63.0	63.0	58.0	59.0	57.0
21-54	74.0	75.0	69.0	68.0	67.0
22-00	49.0	49.0	45.0	47.0	47.0
22-00	51.0	51.0	48.0	51.0	51.0
22-00	50.0	50.0	45.0	47.0	48.0
22-04	53.0	53.0	51.0	51.0	51.0
22-04	53.0	53.0	51.0	51.0	51.0
22-07	53.0	53.0	49.0	50.0	50.0
22-18	55.0	55.0	53.0	52.0	53.0
22-18	55.0	55.0	53.0	52.0	53.0
22-18	55.0	55.0	53.0	52.0	53.0
22-18	55.0	55.0	53.0	52.0	53.0
22-18	55.0	55.0	53.0	52.0	53.0
22-18	55.0	55.0	53.0	52.0	53.0
22-20	57.0	57.0	54.0	54.0	54.0
22-22	74.0	74.0	72.0	73.0	70.0
22-24	80.0	80.0	77.0	79.0	76.0
22-26	80.0	74.0	73.0	80.0	71.0
22-28	80.0	73.0	74.0	80.0	80.0
22-30	67.0	67.0	62.0	64.0	64.0
23-02	47.0	47.0	43.0	43.0	44.0
23-04	44.0	44.0	40.0	41.0	42.0
23-06	43.0	43.0	40.0	41.0	42.0
23-08	43.0	43.0	39.0	40.0	42.0
23-10	44.0	44.0	38.0	40.0	41.0
23-12	43.0	43.0	38.0	40.0	41.0
23-14	42.0	42.0	39.0	40.0	41.0
23-16	43.0	43.0	39.0	40.0	41.0
23-18	44.0	44.0	39.0	39.0	41.0
23-20	44.0	44.0	39.0	41.0	41.0
23-22	42.0	42.0	37.0	40.0	41.0
23-24	42.0	42.0	40.0	40.0	41.0
23-26	43.0	43.0	38.0	40.0	41.0
23-28	42.0	43.0	38.0	40.0	41.0
23-30	43.0	43.0	39.0	40.0	41.0
23-32	43.0	43.0	39.0	39.0	41.0
23-34	43.0	43.0	38.0	39.0	41.0
23-36	42.0	42.0	39.0	39.0	41.0
23-38	43.0	43.0	39.0	40.0	42.0
23-40	43.0	43.0	38.0	40.0	41.0
23-42	43.0	43.0	38.0	40.0	41.0
23-44	43.0	43.0	39.0	40.0	41.0
23-46	43.0	43.0	38.0	39.0	41.0
23-48	42.0	42.0	39.0	39.0	41.0
23-50	42.0	42.0	38.0	40.0	41.0
23-52	43.0	43.0	39.0	40.0	40.0
23-54	42.0	42.0	39.0	40.0	41.0
23-56	42.0	42.0	39.0	40.0	41.0
23-58	43.0	43.0	39.0	40.0	41.0
