00-00	17.0	16.0	10.0	11.0	17.0	17.0
00-02	15.0	16.0	8.0	9.0	16.0	16.0
00-04	16.0	16.0	8.0	11.0	14.0	16.0
00-06	17.0	17.0	9.0	12.0	16.0	17.0
00-08	15.0	14.0	8.0	10.0	14.0	16.0
00-10	17.0	17.0	9.0	9.0	16.0	16.0
00-12	18.0	18.0	8.0	11.0	16.0	18.0
00-14	16.0	16.0	9.0	10.0	15.0	16.0
00-16	16.0	16.0	9.0	10.0	16.0	16.0
00-18	17.0	17.0	11.0	10.0	17.0	17.0
00-20	17.0	16.0	12.0	11.0	17.0	17.0
00-22	16.0	16.0	11.0	9.0	17.0	17.0
00-24	16.0	16.0	11.0	11.0	15.0	17.0
00-26	16.0	15.0	11.0	10.0	17.0	17.0
00-28	17.0	15.0	11.0	9.0	17.0	17.0
00-30	17.0	17.0	11.0	11.0	16.0	17.0
00-32	15.0	15.0	9.0	9.0	17.0	17.0
00-34	16.0	16.0	9.0	9.0	16.0	16.0
00-36	16.0	16.0	11.0	10.0	18.0	18.0
00-38	16.0	15.0	10.0	10.0	16.0	16.0
00-40	17.0	16.0	10.0	10.0	17.0	17.0
00-42	18.0	17.0	9.0	11.0	18.0	18.0
00-44	15.0	15.0	9.0	10.0	15.0	16.0
00-46	18.0	18.0	9.0	11.0	16.0	18.0
00-48	17.0	17.0	10.0	10.0	15.0	17.0
00-50	17.0	17.0	8.0	10.0	13.0	16.0
00-52	17.0	17.0	9.0	10.0	15.0	17.0
00-54	17.0	17.0	11.0	11.0	16.0	16.0
00-56	17.0	17.0	8.0	9.0	15.0	16.0
00-58	17.0	17.0	10.0	9.0	15.0	17.0
01-00	18.0	17.0	11.0	11.0	18.0	18.0
01-02	17.0	17.0	10.0	9.0	16.0	17.0
01-04	17.0	17.0	9.0	11.0	14.0	17.0
01-06	16.0	16.0	11.0	11.0	17.0	17.0
01-08	16.0	16.0	9.0	10.0	14.0	16.0
01-10	17.0	17.0	10.0	10.0	14.0	17.0
01-12	17.0	17.0	11.0	9.0	15.0	17.0
01-14	17.0	17.0	11.0	9.0	16.0	16.0
01-16	17.0	17.0	9.0	10.0	15.0	17.0
01-18	17.0	17.0	10.0	9.0	16.0	17.0
01-20	17.0	16.0	10.0	11.0	17.0	17.0
01-22	17.0	17.0	9.0	10.0	16.0	17.0
01-24	16.0	16.0	9.0	9.0	16.0	16.0
01-26	16.0	16.0	9.0	10.0	15.0	16.0
01-28	16.0	16.0	10.0	10.0	14.0	16.0
01-30	18.0	18.0	11.0	10.0	17.0	18.0
01-32	17.0	17.0	10.0	10.0	15.0	17.0
01-34	17.0	16.0	9.0	10.0	15.0	16.0
01-36	18.0	18.0	10.0	10.0	18.0	18.0
01-38	16.0	16.0	8.0	9.0	15.0	16.0
01-40	18.0	18.0	10.0	10.0	15.0	18.0
01-42	16.0	16.0	10.0	10.0	15.0	16.0
01-44	18.0	17.0	10.0	10.0	16.0	17.0
01-46	16.0	16.0	9.0	10.0	16.0	16.0
01-48	17.0	17.0	11.0	10.0	15.0	16.0
01-50	17.0	15.0	11.0	9.0	17.0	17.0
01-52	16.0	16.0	11.0	9.0	16.0	17.0
01-54	16.0	16.0	11.0	9.0	16.0	16.0
01-56	16.0	15.0	10.0	9.0	16.0	16.0
01-58	16.0	16.0	10.0	9.0	16.0	17.0
02-00	18.0	16.0	11.0	11.0	18.0	17.0
02-02	18.0	16.0	11.0	10.0	18.0	18.0
02-04	18.0	15.0	9.0	9.0	18.0	18.0
02-06	17.0	17.0	11.0	9.0	17.0	17.0
02-08	16.0	16.0	11.0	9.0	18.0	18.0
02-10	16.0	16.0	9.0	9.0	16.0	16.0
02-12	16.0	16.0	10.0	10.0	16.0	17.0
02-14	16.0	15.0	8.0	10.0	16.0	16.0
02-16	16.0	16.0	10.0	10.0	15.0	16.0
02-18	17.0	17.0	11.0	9.0	15.0	17.0
02-20	17.0	17.0	10.0	9.0	15.0	17.0
02-22	16.0	16.0	8.0	9.0	14.0	16.0
02-24	17.0	17.0	11.0	9.0	16.0	17.0
02-26	17.0	17.0	8.0	9.0	15.0	18.0
02-28	17.0	17.0	11.0	9.0	17.0	17.0
02-30	17.0	17.0	10.0	9.0	16.0	17.0
02-32	15.0	15.0	8.0	10.0	15.0	16.0
02-34	16.0	17.0	7.0	10.0	16.0	17.0
02-36	17.0	17.0	9.0	10.0	14.0	17.0
02-38	15.0	15.0	9.0	9.0	15.0	17.0
02-40	16.0	16.0	10.0	10.0	16.0	16.0
02-42	16.0	16.0	10.0	10.0	15.0	16.0
02-44	17.0	17.0	9.0	10.0	15.0	17.0
02-46	16.0	16.0	10.0	10.0	13.0	16.0
02-48	16.0	16.0	9.0	9.0	14.0	16.0
02-50	17.0	17.0	10.0	9.0	14.0	17.0
02-52	16.0	16.0	9.0	10.0	14.0	16.0
02-54	17.0	17.0	10.0	10.0	17.0	17.0
02-56	16.0	16.0	10.0	9.0	15.0	16.0
02-58	16.0	16.0	9.0	10.0	15.0	17.0
03-00	18.0	18.0	11.0	10.0	17.0	18.0
03-02	16.0	16.0	8.0	10.0	16.0	17.0
03-04	16.0	16.0	8.0	10.0	16.0	16.0
03-06	17.0	17.0	11.0	10.0	16.0	17.0
03-08	16.0	16.0	8.0	10.0	15.0	16.0
03-10	17.0	16.0	11.0	9.0	17.0	17.0
03-12	17.0	17.0	10.0	10.0	17.0	17.0
03-14	16.0	15.0	8.0	10.0	16.0	16.0
03-16	17.0	15.0	11.0	10.0	17.0	17.0
03-18	16.0	16.0	12.0	10.0	16.0	16.0
03-20	18.0	17.0	11.0	11.0	17.0	17.0
03-22	16.0	16.0	11.0	9.0	15.0	16.0
03-24	16.0	16.0	11.0	10.0	15.0	16.0
03-26	17.0	16.0	9.0	9.0	17.0	17.0
03-28	17.0	17.0	9.0	8.0	16.0	17.0
03-30	17.0	17.0	10.0	10.0	16.0	17.0
03-32	15.0	15.0	10.0	9.0	15.0	15.0
03-34	15.0	15.0	10.0	9.0	15.0	15.0
03-36	17.0	17.0	11.0	10.0	14.0	17.0
03-38	16.0	16.0	10.0	9.0	15.0	16.0
03-40	16.0	16.0	11.0	10.0	15.0	16.0
03-42	16.0	15.0	10.0	11.0	16.0	16.0
03-44	17.0	17.0	9.0	9.0	14.0	16.0
03-46	17.0	17.0	9.0	9.0	15.0	17.0
03-48	16.0	16.0	10.0	9.0	16.0	16.0
03-50	16.0	16.0	9.0	9.0	16.0	16.0
03-52	16.0	16.0	10.0	9.0	15.0	16.0
03-54	17.0	17.0	11.0	11.0	16.0	17.0
03-56	16.0	16.0	10.0	9.0	14.0	15.0
03-58	16.0	16.0	9.0	9.0	16.0	17.0
04-00	18.0	18.0	10.0	11.0	18.0	18.0
04-02	17.0	17.0	9.0	9.0	15.0	17.0
04-04	15.0	15.0	9.0	11.0	15.0	16.0
04-06	17.0	15.0	11.0	9.0	17.0	17.0
04-08	15.0	15.0	9.0	10.0	14.0	15.0
04-10	15.0	16.0	8.0	10.0	15.0	16.0
04-12	17.0	17.0	9.0	10.0	16.0	17.0
04-14	16.0	15.0	10.0	9.0	15.0	15.0
04-16	17.0	16.0	10.0	9.0	17.0	17.0
04-18	18.0	16.0	11.0	9.0	18.0	18.0
04-20	17.0	17.0	10.0	10.0	17.0	17.0
04-22	17.0	17.0	8.0	9.0	16.0	16.0
04-24	18.0	16.0	10.0	9.0	18.0	17.0
04-26	16.0	15.0	9.0	8.0	16.0	16.0
04-28	16.0	15.0	8.0	8.0	16.0	16.0
04-30	16.0	16.0	10.0	11.0	15.0	16.0
04-32	16.0	16.0	10.0	9.0	16.0	16.0
04-34	16.0	16.0	9.0	8.0	16.0	16.0
04-36	17.0	16.0	10.0	10.0	16.0	17.0
04-38	15.0	15.0	9.0	9.0	15.0	15.0
04-40	17.0	16.0	10.0	10.0	17.0	17.0
04-42	16.0	16.0	10.0	9.0	15.0	16.0
04-44	15.0	15.0	11.0	9.0	15.0	15.0
04-46	15.0	15.0	8.0	10.0	15.0	15.0
04-48	16.0	16.0	10.0	11.0	18.0	18.0
04-50	16.0	16.0	9.0	9.0	15.0	16.0
04-52	16.0	16.0	9.0	10.0	14.0	17.0
04-54	16.0	16.0	8.0	10.0	15.0	17.0
04-56	16.0	16.0	8.0	10.0	14.0	16.0
04-58	15.0	15.0	10.0	10.0	14.0	15.0
05-00	18.0	18.0	11.0	11.0	17.0	18.0
05-02	17.0	17.0	9.0	10.0	14.0	17.0
05-04	16.0	16.0	9.0	10.0	13.0	16.0
05-06	16.0	16.0	11.0	10.0	14.0	16.0
05-08	17.0	17.0	9.0	10.0	14.0	17.0
05-10	16.0	16.0	9.0	9.0	14.0	16.0
05-12	17.0	17.0	9.0	9.0	15.0	18.0
05-14	15.0	15.0	10.0	9.0	15.0	15.0
05-16	15.0	15.0	10.0	11.0	16.0	16.0
05-18	15.0	15.0	11.0	12.0	15.0	15.0
05-20	17.0	17.0	9.0	12.0	15.0	16.0
05-22	16.0	16.0	10.0	9.0	16.0	16.0
05-24	18.0	18.0	10.0	10.0	14.0	18.0
05-26	16.0	16.0	10.0	8.0	15.0	16.0
05-28	17.0	17.0	10.0	9.0	15.0	17.0
05-30	17.0	16.0	10.0	10.0	16.0	16.0
05-32	16.0	15.0	10.0	9.0	15.0	15.0
05-34	16.0	15.0	11.0	9.0	16.0	16.0
05-36	16.0	16.0	10.0	12.0	15.0	16.0
05-38	15.0	15.0	9.0	8.0	14.0	15.0
05-40	16.0	15.0	10.0	9.0	16.0	16.0
05-42	17.0	17.0	10.0	9.0	14.0	17.0
05-44	15.0	15.0	9.0	9.0	16.0	16.0
05-46	16.0	16.0	10.0	8.0	14.0	16.0
05-48	16.0	16.0	11.0	10.0	14.0	16.0
05-50	16.0	16.0	10.0	8.0	15.0	15.0
05-52	16.0	16.0	10.0	8.0	15.0	16.0
05-54	16.0	16.0	10.0	10.0	16.0	16.0
05-56	16.0	16.0	9.0	9.0	15.0	16.0
05-58	16.0	16.0	9.0	9.0	14.0	16.0
06-00	17.0	17.0	10.0	10.0	17.0	17.0
06-02	17.0	15.0	8.0	9.0	17.0	17.0
06-04	16.0	15.0	10.0	9.0	15.0	16.0
06-06	16.0	16.0	10.0	10.0	16.0	16.0
06-08	16.0	16.0	9.0	9.0	14.0	16.0
06-10	15.0	15.0	10.0	10.0	16.0	16.0
06-12	16.0	16.0	12.0	10.0	14.0	17.0
06-14	16.0	16.0	10.0	9.0	14.0	16.0
06-16	16.0	15.0	11.0	8.0	16.0	16.0
06-18	16.0	16.0	10.0	10.0	15.0	16.0
06-20	16.0	16.0	10.0	11.0	16.0	16.0
06-22	17.0	15.0	10.0	9.0	16.0	16.0
06-24	16.0	15.0	11.0	12.0	17.0	17.0
06-26	15.0	15.0	9.0	9.0	15.0	15.0
06-28	16.0	15.0	11.0	10.0	14.0	15.0
06-30	16.0	16.0	10.0	10.0	16.0	16.0
06-32	16.0	15.0	9.0	9.0	16.0	16.0
06-34	15.0	15.0	8.0	9.0	15.0	15.0
06-36	16.0	16.0	11.0	10.0	15.0	16.0
06-38	17.0	16.0	9.0	7.0	17.0	16.0
06-40	17.0	16.0	10.0	9.0	17.0	17.0
06-42	17.0	17.0	9.0	9.0	17.0	17.0
06-44	16.0	16.0	9.0	9.0	15.0	16.0
06-46	16.0	15.0	9.0	8.0	16.0	16.0
06-48	17.0	17.0	9.0	9.0	15.0	17.0
06-50	16.0	14.0	9.0	8.0	16.0	16.0
06-52	17.0	16.0	9.0	9.0	15.0	16.0
06-54	15.0	15.0	9.0	11.0	17.0	17.0
06-56	17.0	17.0	9.0	9.0	13.0	17.0
06-58	16.0	16.0	8.0	9.0	14.0	16.0
07-00	17.0	17.0	10.0	11.0	16.0	17.0
07-02	16.0	16.0	9.0	9.0	13.0	16.0
07-04	16.0	16.0	8.0	10.0	14.0	16.0
07-06	16.0	16.0	9.0	9.0	17.0	17.0
07-08	16.0	15.0	8.0	9.0	15.0	15.0
07-10	17.0	17.0	8.0	9.0	14.0	17.0
07-12	16.0	16.0	9.0	10.0	15.0	16.0
07-14	16.0	15.0	8.0	9.0	14.0	15.0
07-16	17.0	17.0	8.0	9.0	14.0	16.0
07-18	18.0	18.0	10.0	9.0	15.0	17.0
07-20	18.0	18.0	9.0	9.0	15.0	18.0
07-22	17.0	17.0	8.0	9.0	14.0	16.0
07-24	17.0	17.0	9.0	9.0	14.0	16.0
07-26	17.0	17.0	9.0	9.0	14.0	17.0
07-28	16.0	16.0	8.0	9.0	15.0	15.0
07-30	16.0	16.0	9.0	9.0	16.0	16.0
07-32	16.0	16.0	9.0	9.0	16.0	16.0
07-34	15.0	15.0	11.0	9.0	17.0	17.0
07-36	19.0	19.0	12.0	13.0	18.0	19.0
07-38	16.0	15.0	9.0	10.0	16.0	16.0
07-40	16.0	16.0	9.0	11.0	15.0	16.0
07-42	16.0	15.0	9.0	10.0	16.0	16.0
07-44	16.0	15.0	9.0	10.0	16.0	16.0
07-46	15.0	15.0	9.0	9.0	14.0	16.0
07-48	16.0	16.0	9.0	10.0	15.0	17.0
07-50	15.0	15.0	9.0	9.0	17.0	17.0
07-52	17.0	17.0	10.0	9.0	17.0	17.0
07-54	17.0	17.0	10.0	11.0	17.0	17.0
07-56	15.0	15.0	9.0	10.0	15.0	15.0
07-58	15.0	15.0	10.0	10.0	15.0	15.0
08-00	16.0	16.0	11.0	10.0	16.0	16.0
08-02	17.0	17.0	8.0	10.0	15.0	17.0
08-04	15.0	16.0	8.0	10.0	15.0	16.0
08-06	17.0	18.0	10.0	10.0	16.0	18.0
08-08	16.0	16.0	8.0	9.0	14.0	16.0
08-10	17.0	17.0	9.0	10.0	15.0	18.0
08-12	16.0	16.0	8.0	11.0	14.0	17.0
08-14	16.0	17.0	8.0	9.0	16.0	17.0
08-16	17.0	17.0	8.0	10.0	16.0	17.0
08-18	16.0	16.0	10.0	10.0	15.0	18.0
08-20	16.0	16.0	9.0	11.0	15.0	16.0
08-22	17.0	17.0	8.0	10.0	16.0	17.0
08-24	17.0	16.0	9.0	9.0	17.0	17.0
08-26	16.0	16.0	10.0	9.0	15.0	16.0
08-28	17.0	17.0	9.0	9.0	16.0	17.0
08-30	17.0	17.0	10.0	10.0	17.0	17.0
08-32	17.0	15.0	10.0	8.0	17.0	16.0
08-34	16.0	16.0	10.0	9.0	15.0	16.0
08-36	17.0	17.0	10.0	9.0	17.0	17.0
08-38	16.0	15.0	10.0	9.0	16.0	16.0
08-40	17.0	15.0	9.0	9.0	17.0	17.0
08-42	17.0	16.0	10.0	9.0	17.0	17.0
08-44	17.0	17.0	9.0	9.0	15.0	16.0
08-46	16.0	16.0	9.0	10.0	14.0	16.0
08-48	18.0	18.0	10.0	10.0	16.0	17.0
08-50	17.0	17.0	8.0	10.0	14.0	17.0
08-52	17.0	17.0	8.0	9.0	15.0	17.0
08-54	17.0	17.0	9.0	11.0	16.0	18.0
08-56	16.0	16.0	10.0	9.0	15.0	16.0
08-58	16.0	16.0	8.0	9.0	15.0	16.0
09-00	17.0	17.0	11.0	11.0	16.0	17.0
09-02	15.0	15.0	9.0	10.0	14.0	15.0
09-04	17.0	17.0	9.0	10.0	14.0	16.0
09-06	17.0	17.0	10.0	9.0	16.0	18.0
09-08	15.0	15.0	9.0	10.0	13.0	15.0
09-10	17.0	17.0	9.0	10.0	14.0	16.0
09-12	17.0	17.0	12.0	9.0	13.0	17.0
09-14	16.0	16.0	9.0	9.0	14.0	15.0
09-16	15.0	15.0	8.0	9.0	15.0	17.0
09-18	16.0	16.0	9.0	10.0	14.0	17.0
09-20	16.0	15.0	10.0	10.0	16.0	16.0
09-22	15.0	15.0	10.0	10.0	17.0	17.0
09-24	17.0	16.0	12.0	8.0	14.0	16.0
09-26	14.0	14.0	11.0	9.0	15.0	15.0
09-28	15.0	15.0	9.0	9.0	15.0	15.0
09-30	16.0	15.0	11.0	10.0	16.0	16.0
09-32	16.0	16.0	11.0	8.0	16.0	16.0
09-34	17.0	15.0	10.0	9.0	17.0	17.0
09-36	17.0	16.0	11.0	9.0	17.0	17.0
09-38	15.0	13.0	11.0	9.0	16.0	16.0
09-40	16.0	15.0	9.0	10.0	16.0	16.0
09-42	16.0	16.0	9.0	9.0	16.0	16.0
09-44	15.0	15.0	11.0	9.0	16.0	16.0
09-46	17.0	17.0	8.0	9.0	15.0	17.0
09-48	17.0	17.0	9.0	9.0	16.0	17.0
09-50	15.0	15.0	9.0	9.0	15.0	16.0
09-52	15.0	15.0	9.0	10.0	14.0	16.0
09-54	16.0	15.0	8.0	11.0	16.0	17.0
09-56	16.0	15.0	9.0	10.0	15.0	15.0
09-58	14.0	14.0	9.0	11.0	14.0	14.0
10-00	17.0	16.0	11.0	9.0	17.0	17.0
10-02	15.0	14.0	9.0	11.0	14.0	16.0
10-04	16.0	16.0	8.0	10.0	15.0	16.0
10-06	16.0	16.0	11.0	10.0	16.0	16.0
10-08	16.0	14.0	8.0	10.0	16.0	16.0
10-10	16.0	15.0	9.0	10.0	16.0	16.0
10-12	16.0	16.0	9.0	10.0	15.0	16.0
10-14	16.0	16.0	9.0	10.0	15.0	16.0
10-16	15.0	15.0	8.0	10.0	15.0	16.0
10-18	16.0	15.0	10.0	12.0	15.0	16.0
10-20	18.0	16.0	11.0	10.0	18.0	18.0
10-22	16.0	14.0	9.0	9.0	16.0	16.0
10-24	16.0	15.0	10.0	10.0	15.0	16.0
10-26	17.0	14.0	9.0	9.0	16.0	16.0
10-28	15.0	15.0	10.0	9.0	15.0	15.0
10-30	17.0	17.0	9.0	9.0	16.0	17.0
10-32	17.0	14.0	10.0	10.0	15.0	15.0
10-34	16.0	15.0	10.0	10.0	14.0	15.0
10-36	16.0	14.0	10.0	10.0	15.0	15.0
10-38	15.0	14.0	11.0	9.0	15.0	15.0
10-40	16.0	16.0	12.0	11.0	15.0	16.0
10-42	16.0	15.0	12.0	9.0	16.0	16.0
10-44	15.0	14.0	10.0	10.0	15.0	15.0
10-46	16.0	14.0	9.0	10.0	16.0	15.0
10-48	16.0	14.0	11.0	11.0	16.0	16.0
10-50	16.0	14.0	9.0	9.0	15.0	15.0
10-52	16.0	15.0	10.0	9.0	15.0	16.0
10-54	17.0	16.0	10.0	10.0	17.0	17.0
10-56	17.0	16.0	11.0	10.0	16.0	16.0
10-58	16.0	15.0	9.0	10.0	15.0	15.0
11-00	18.0	18.0	11.0	12.0	15.0	18.0
11-02	15.0	15.0	10.0	9.0	15.0	15.0
11-04	16.0	15.0	10.0	10.0	16.0	16.0
11-06	16.0	16.0	10.0	10.0	15.0	15.0
11-08	15.0	14.0	10.0	9.0	15.0	15.0
11-10	17.0	15.0	9.0	10.0	17.0	16.0
11-12	17.0	16.0	9.0	10.0	17.0	17.0
11-14	15.0	14.0	11.0	9.0	15.0	15.0
11-16	16.0	16.0	11.0	9.0	16.0	16.0
11-18	16.0	16.0	10.0	10.0	15.0	16.0
11-20	17.0	16.0	11.0	10.0	17.0	17.0
11-22	17.0	17.0	10.0	10.0	15.0	16.0
11-24	18.0	17.0	9.0	10.0	18.0	17.0
11-26	17.0	15.0	11.0	9.0	17.0	17.0
11-28	16.0	16.0	9.0	10.0	16.0	16.0
11-30	16.0	16.0	11.0	11.0	17.0	17.0
11-32	18.0	16.0	11.0	10.0	18.0	17.0
11-34	17.0	16.0	11.0	9.0	17.0	17.0
11-36	18.0	16.0	12.0	10.0	18.0	18.0
11-38	17.0	16.0	10.0	10.0	16.0	16.0
11-40	17.0	17.0	10.0	12.0	17.0	17.0
11-42	18.0	18.0	11.0	10.0	18.0	18.0
11-44	17.0	15.0	11.0	10.0	17.0	17.0
11-46	16.0	16.0	10.0	9.0	17.0	17.0
11-48	17.0	17.0	10.0	9.0	17.0	17.0
11-50	18.0	15.0	10.0	9.0	17.0	17.0
11-52	16.0	15.0	11.0	10.0	15.0	16.0
11-54	17.0	17.0	11.0	10.0	17.0	17.0
11-56	17.0	15.0	11.0	10.0	17.0	17.0
11-58	16.0	15.0	11.0	9.0	16.0	16.0
12-00	18.0	18.0	11.0	11.0	17.0	17.0
12-02	16.0	15.0	10.0	10.0	16.0	17.0
12-04	16.0	16.0	11.0	10.0	17.0	17.0
12-06	17.0	16.0	12.0	11.0	17.0	17.0
12-08	17.0	15.0	11.0	9.0	17.0	17.0
12-10	16.0	16.0	11.0	11.0	14.0	16.0
12-12	17.0	16.0	11.0	12.0	17.0	17.0
12-14	17.0	17.0	9.0	11.0	15.0	17.0
12-16	17.0	17.0	10.0	10.0	15.0	17.0
12-18	17.0	17.0	11.0	13.0	16.0	18.0
12-20	18.0	18.0	11.0	13.0	17.0	19.0
12-22	18.0	16.0	10.0	9.0	18.0	18.0
12-24	18.0	18.0	11.0	10.0	17.0	18.0
12-26	17.0	17.0	10.0	9.0	17.0	17.0
12-28	17.0	17.0	11.0	8.0	16.0	17.0
12-30	18.0	16.0	11.0	9.0	18.0	18.0
12-32	17.0	16.0	9.0	9.0	17.0	16.0
12-34	18.0	17.0	10.0	10.0	17.0	17.0
12-36	19.0	17.0	11.0	10.0	19.0	19.0
12-38	17.0	16.0	9.0	9.0	17.0	16.0
12-40	18.0	18.0	10.0	11.0	17.0	18.0
12-42	18.0	17.0	11.0	10.0	18.0	18.0
12-44	17.0	16.0	10.0	10.0	17.0	17.0
12-46	17.0	16.0	11.0	9.0	18.0	18.0
12-48	18.0	17.0	12.0	12.0	18.0	18.0
12-50	17.0	17.0	12.0	11.0	16.0	17.0
12-52	17.0	17.0	11.0	10.0	17.0	17.0
12-54	18.0	17.0	11.0	10.0	18.0	18.0
12-56	17.0	17.0	9.0	10.0	15.0	17.0
12-58	16.0	16.0	9.0	10.0	15.0	16.0
13-00	17.0	17.0	12.0	12.0	16.0	17.0
13-02	16.0	16.0	8.0	10.0	16.0	16.0
13-04	16.0	15.0	8.0	11.0	15.0	16.0
13-06	16.0	16.0	9.0	12.0	15.0	18.0
13-08	16.0	16.0	10.0	12.0	13.0	16.0
13-10	17.0	17.0	9.0	10.0	15.0	17.0
13-12	18.0	17.0	13.0	12.0	18.0	18.0
13-14	17.0	17.0	11.0	10.0	15.0	17.0
13-16	16.0	15.0	11.0	10.0	17.0	17.0
13-18	18.0	18.0	11.0	12.0	17.0	18.0
13-20	17.0	17.0	12.0	13.0	17.0	17.0
13-22	16.0	16.0	11.0	11.0	17.0	17.0
13-24	18.0	17.0	12.0	11.0	18.0	18.0
13-26	15.0	15.0	11.0	10.0	17.0	17.0
13-28	17.0	17.0	12.0	10.0	17.0	17.0
13-30	18.0	15.0	11.0	12.0	18.0	18.0
13-32	17.0	17.0	10.0	10.0	16.0	17.0
13-34	16.0	16.0	11.0	10.0	16.0	16.0
13-36	17.0	16.0	11.0	11.0	17.0	17.0
13-38	17.0	16.0	11.0	10.0	17.0	17.0
13-40	16.0	16.0	12.0	12.0	17.0	17.0
13-42	18.0	18.0	10.0	11.0	16.0	18.0
13-44	17.0	16.0	11.0	10.0	17.0	17.0
13-46	17.0	16.0	10.0	10.0	17.0	16.0
13-48	18.0	18.0	12.0	12.0	16.0	18.0
13-50	18.0	16.0	10.0	10.0	18.0	18.0
13-52	17.0	16.0	11.0	10.0	17.0	17.0
13-54	17.0	17.0	10.0	11.0	17.0	17.0
13-56	18.0	16.0	12.0	10.0	17.0	17.0
13-58	18.0	16.0	10.0	10.0	17.0	17.0
14-00	19.0	18.0	11.0	11.0	19.0	19.0
14-02	17.0	17.0	10.0	10.0	17.0	17.0
14-04	17.0	16.0	9.0	10.0	17.0	17.0
14-06	18.0	16.0	12.0	10.0	18.0	18.0
14-08	16.0	16.0	10.0	10.0	16.0	16.0
14-10	17.0	17.0	11.0	11.0	16.0	17.0
14-12	18.0	18.0	10.0	10.0	17.0	18.0
14-14	17.0	16.0	9.0	11.0	17.0	17.0
14-16	16.0	16.0	11.0	10.0	16.0	16.0
14-18	18.0	16.0	9.0	10.0	18.0	18.0
14-20	17.0	17.0	12.0	10.0	17.0	17.0
14-22	17.0	17.0	9.0	10.0	16.0	17.0
14-24	18.0	17.0	12.0	10.0	18.0	18.0
14-26	16.0	16.0	11.0	10.0	15.0	16.0
14-28	15.0	15.0	11.0	10.0	15.0	15.0
14-30	16.0	16.0	12.0	10.0	16.0	17.0
14-32	16.0	17.0	10.0	11.0	15.0	17.0
14-34	17.0	17.0	9.0	10.0	15.0	17.0
14-36	17.0	17.0	11.0	11.0	15.0	17.0
14-38	17.0	17.0	9.0	11.0	15.0	17.0
14-40	16.0	16.0	10.0	12.0	16.0	17.0
14-42	17.0	16.0	11.0	11.0	17.0	17.0
14-44	17.0	17.0	11.0	11.0	17.0	17.0
14-46	16.0	16.0	11.0	10.0	16.0	16.0
14-48	17.0	15.0	12.0	12.0	17.0	17.0
14-50	17.0	16.0	11.0	10.0	17.0	17.0
14-52	17.0	17.0	11.0	10.0	17.0	17.0
14-54	17.0	17.0	12.0	12.0	18.0	18.0
14-56	17.0	17.0	10.0	10.0	17.0	17.0
14-58	17.0	15.0	11.0	10.0	17.0	17.0
15-00	17.0	17.0	12.0	11.0	17.0	18.0
15-02	17.0	17.0	9.0	11.0	16.0	17.0
15-04	16.0	16.0	10.0	10.0	16.0	17.0
15-06	17.0	17.0	10.0	12.0	16.0	19.0
15-08	17.0	16.0	10.0	10.0	16.0	16.0
15-10	17.0	15.0	9.0	11.0	17.0	17.0
15-12	17.0	17.0	10.0	11.0	16.0	17.0
15-14	17.0	16.0	9.0	11.0	16.0	16.0
15-16	16.0	16.0	10.0	10.0	15.0	17.0
15-18	17.0	17.0	10.0	11.0	16.0	17.0
15-20	18.0	18.0	11.0	11.0	17.0	18.0
15-22	17.0	17.0	10.0	11.0	14.0	17.0
15-24	17.0	17.0	11.0	10.0	15.0	16.0
15-26	16.0	16.0	9.0	11.0	14.0	16.0
15-28	17.0	15.0	11.0	9.0	17.0	17.0
15-30	17.0	15.0	12.0	12.0	17.0	17.0
15-32	16.0	16.0	10.0	9.0	15.0	16.0
15-34	16.0	15.0	11.0	9.0	15.0	16.0
15-36	17.0	17.0	10.0	10.0	17.0	17.0
15-38	16.0	15.0	10.0	9.0	17.0	17.0
15-40	16.0	17.0	10.0	10.0	16.0	17.0
15-42	17.0	16.0	12.0	11.0	16.0	17.0
15-44	17.0	15.0	10.0	9.0	17.0	17.0
15-46	17.0	15.0	11.0	11.0	18.0	18.0
15-48	18.0	15.0	10.0	11.0	18.0	18.0
15-50	16.0	16.0	10.0	10.0	15.0	16.0
15-52	16.0	15.0	10.0	10.0	18.0	18.0
15-54	17.0	17.0	10.0	10.0	17.0	17.0
15-56	16.0	16.0	11.0	10.0	16.0	17.0
15-58	16.0	16.0	11.0	9.0	16.0	16.0
16-00	18.0	16.0	10.0	9.0	18.0	18.0
16-02	16.0	14.0	11.0	10.0	17.0	17.0
16-04	16.0	16.0	10.0	10.0	16.0	16.0
16-06	17.0	17.0	10.0	10.0	16.0	17.0
16-08	16.0	16.0	10.0	10.0	17.0	17.0
16-10	16.0	16.0	11.0	10.0	15.0	15.0
16-12	16.0	16.0	12.0	11.0	15.0	17.0
16-14	16.0	14.0	12.0	10.0	17.0	17.0
16-16	17.0	15.0	11.0	10.0	17.0	17.0
16-18	17.0	16.0	12.0	11.0	17.0	17.0
16-20	17.0	17.0	11.0	10.0	16.0	17.0
16-22	16.0	16.0	9.0	10.0	16.0	16.0
16-24	18.0	18.0	9.0	11.0	17.0	18.0
16-26	16.0	16.0	9.0	10.0	16.0	17.0
16-28	17.0	15.0	9.0	11.0	17.0	17.0
16-30	16.0	16.0	11.0	11.0	15.0	16.0
16-32	16.0	15.0	9.0	10.0	14.0	17.0
16-34	17.0	17.0	10.0	9.0	14.0	17.0
16-36	16.0	16.0	11.0	12.0	16.0	16.0
16-38	17.0	17.0	10.0	10.0	14.0	17.0
16-40	17.0	17.0	12.0	9.0	18.0	18.0
16-42	17.0	16.0	10.0	10.0	16.0	16.0
16-44	16.0	16.0	9.0	11.0	15.0	16.0
16-46	16.0	16.0	11.0	11.0	16.0	16.0
16-48	18.0	17.0	11.0	12.0	18.0	18.0
16-50	16.0	16.0	10.0	10.0	17.0	17.0
16-52	17.0	17.0	11.0	11.0	16.0	17.0
16-54	18.0	17.0	11.0	10.0	18.0	18.0
16-56	17.0	17.0	10.0	10.0	15.0	16.0
16-58	18.0	18.0	9.0	11.0	15.0	18.0
17-00	18.0	18.0	11.0	11.0	17.0	18.0
17-02	16.0	16.0	9.0	11.0	16.0	16.0
17-04	16.0	15.0	9.0	10.0	15.0	16.0
17-06	17.0	17.0	10.0	12.0	17.0	17.0
17-08	16.0	15.0	8.0	10.0	15.0	15.0
17-10	16.0	16.0	9.0	10.0	14.0	16.0
17-12	16.0	16.0	11.0	12.0	15.0	16.0
17-14	17.0	15.0	10.0	10.0	17.0	17.0
17-16	16.0	15.0	11.0	11.0	17.0	17.0
17-18	16.0	15.0	11.0	13.0	17.0	17.0
17-20	17.0	17.0	12.0	11.0	18.0	18.0
17-22	16.0	16.0	8.0	10.0	16.0	16.0
17-24	17.0	16.0	10.0	11.0	17.0	17.0
17-26	16.0	16.0	9.0	11.0	15.0	16.0
17-28	16.0	16.0	9.0	10.0	15.0	16.0
17-30	17.0	16.0	10.0	12.0	16.0	17.0
17-32	17.0	15.0	10.0	10.0	17.0	17.0
17-34	17.0	17.0	10.0	10.0	17.0	17.0
17-36	17.0	16.0	11.0	10.0	17.0	17.0
17-38	17.0	14.0	9.0	9.0	17.0	17.0
17-40	19.0	16.0	11.0	10.0	18.0	18.0
17-42	18.0	16.0	11.0	9.0	18.0	18.0
17-44	18.0	14.0	10.0	10.0	17.0	17.0
17-46	16.0	15.0	11.0	10.0	17.0	17.0
17-48	16.0	16.0	12.0	12.0	16.0	16.0
17-50	16.0	14.0	11.0	11.0	16.0	17.0
17-52	15.0	15.0	10.0	10.0	18.0	18.0
17-54	18.0	17.0	11.0	11.0	18.0	17.0
17-56	17.0	16.0	10.0	9.0	17.0	17.0
17-58	16.0	16.0	9.0	8.0	16.0	16.0
18-00	18.0	17.0	10.0	11.0	18.0	18.0
18-02	17.0	16.0	11.0	9.0	17.0	16.0
18-04	16.0	15.0	12.0	10.0	16.0	16.0
18-06	17.0	15.0	11.0	10.0	16.0	17.0
18-08	17.0	15.0	9.0	9.0	17.0	17.0
18-10	16.0	15.0	10.0	10.0	16.0	16.0
18-12	18.0	16.0	11.0	10.0	19.0	19.0
18-14	19.0	15.0	8.0	9.0	18.0	18.0
18-16	18.0	15.0	11.0	9.0	18.0	18.0
18-18	18.0	16.0	9.0	10.0	18.0	18.0
18-20	17.0	16.0	10.0	10.0	17.0	16.0
18-22	17.0	16.0	10.0	10.0	16.0	16.0
18-24	18.0	17.0	10.0	11.0	17.0	17.0
18-26	17.0	16.0	12.0	10.0	17.0	17.0
18-28	17.0	14.0	11.0	10.0	17.0	17.0
18-30	18.0	16.0	12.0	11.0	18.0	18.0
18-32	17.0	15.0	10.0	10.0	17.0	16.0
18-34	18.0	15.0	10.0	9.0	17.0	17.0
18-36	17.0	17.0	8.0	11.0	17.0	17.0
18-38	17.0	15.0	8.0	10.0	17.0	17.0
18-40	18.0	15.0	10.0	11.0	17.0	17.0
18-42	17.0	16.0	11.0	11.0	17.0	17.0
18-44	17.0	15.0	9.0	10.0	17.0	17.0
18-46	16.0	16.0	9.0	11.0	15.0	16.0
18-48	19.0	15.0	12.0	11.0	18.0	18.0
18-50	15.0	15.0	9.0	11.0	15.0	15.0
18-52	16.0	16.0	9.0	11.0	16.0	16.0
18-54	16.0	16.0	9.0	13.0	16.0	16.0
18-56	16.0	16.0	9.0	11.0	15.0	16.0
18-58	17.0	17.0	9.0	11.0	16.0	17.0
19-00	18.0	16.0	10.0	12.0	18.0	18.0
19-02	17.0	16.0	8.0	11.0	16.0	18.0
19-04	16.0	15.0	10.0	11.0	15.0	16.0
19-06	16.0	15.0	11.0	12.0	16.0	16.0
19-08	15.0	15.0	9.0	11.0	14.0	16.0
19-10	17.0	16.0	10.0	10.0	16.0	16.0
19-12	17.0	16.0	9.0	12.0	17.0	17.0
19-14	16.0	16.0	8.0	12.0	15.0	16.0
19-16	16.0	16.0	9.0	10.0	14.0	16.0
19-18	18.0	16.0	11.0	11.0	17.0	17.0
19-20	18.0	17.0	11.0	12.0	18.0	18.0
19-22	17.0	15.0	10.0	10.0	17.0	17.0
19-24	18.0	16.0	11.0	13.0	17.0	17.0
19-26	17.0	17.0	10.0	10.0	17.0	17.0
19-28	17.0	16.0	9.0	10.0	16.0	16.0
19-30	18.0	17.0	10.0	10.0	18.0	18.0
19-32	16.0	15.0	11.0	10.0	15.0	15.0
19-34	17.0	15.0	12.0	9.0	17.0	17.0
19-36	16.0	16.0	11.0	10.0	16.0	16.0
19-38	17.0	16.0	9.0	11.0	16.0	16.0
19-40	17.0	15.0	10.0	10.0	17.0	17.0
19-42	18.0	17.0	10.0	12.0	18.0	18.0
19-44	16.0	15.0	9.0	10.0	14.0	16.0
19-46	17.0	16.0	10.0	10.0	15.0	16.0
19-48	18.0	18.0	11.0	10.0	15.0	17.0
19-50	17.0	15.0	11.0	10.0	17.0	17.0
19-52	17.0	15.0	10.0	9.0	17.0	17.0
19-54	18.0	16.0	9.0	10.0	18.0	17.0
19-56	15.0	15.0	9.0	11.0	15.0	15.0
19-58	16.0	16.0	9.0	10.0	15.0	16.0
20-00	17.0	17.0	12.0	12.0	16.0	17.0
20-02	15.0	15.0	8.0	10.0	15.0	15.0
20-04	16.0	16.0	9.0	11.0	15.0	16.0
20-06	17.0	17.0	10.0	11.0	16.0	17.0
20-08	16.0	16.0	9.0	10.0	15.0	16.0
20-10	15.0	15.0	9.0	12.0	15.0	16.0
20-12	16.0	16.0	10.0	11.0	16.0	16.0
20-14	17.0	16.0	9.0	11.0	17.0	17.0
20-16	16.0	15.0	9.0	10.0	16.0	16.0
20-18	17.0	17.0	11.0	13.0	15.0	17.0
20-20	18.0	16.0	11.0	11.0	18.0	18.0
20-22	16.0	16.0	9.0	10.0	15.0	16.0
20-24	18.0	18.0	9.0	11.0	15.0	18.0
20-26	16.0	16.0	9.0	11.0	16.0	16.0
20-28	17.0	17.0	9.0	11.0	16.0	17.0
20-30	18.0	16.0	10.0	9.0	18.0	18.0
20-32	16.0	16.0	9.0	10.0	15.0	16.0
20-34	17.0	17.0	9.0	9.0	15.0	16.0
20-36	16.0	16.0	9.0	11.0	16.0	16.0
20-38	16.0	16.0	8.0	12.0	15.0	16.0
20-40	17.0	17.0	9.0	12.0	17.0	17.0
20-42	17.0	16.0	11.0	13.0	17.0	17.0
20-44	17.0	17.0	10.0	12.0	15.0	17.0
20-46	17.0	17.0	9.0	10.0	14.0	16.0
20-48	17.0	17.0	10.0	11.0	16.0	17.0
20-50	16.0	16.0	10.0	10.0	16.0	16.0
20-52	17.0	17.0	9.0	10.0	16.0	17.0
20-54	18.0	18.0	8.0	11.0	17.0	18.0
20-56	16.0	16.0	10.0	12.0	15.0	16.0
20-58	16.0	16.0	8.0	11.0	15.0	16.0
21-00	17.0	17.0	11.0	11.0	18.0	18.0
21-02	17.0	17.0	10.0	10.0	15.0	17.0
21-04	16.0	16.0	9.0	10.0	16.0	16.0
21-06	17.0	16.0	11.0	11.0	16.0	17.0
21-08	16.0	15.0	10.0	10.0	17.0	17.0
21-10	16.0	17.0	9.0	10.0	16.0	17.0
21-12	17.0	16.0	11.0	12.0	17.0	17.0
21-14	16.0	16.0	8.0	10.0	15.0	16.0
21-16	16.0	16.0	9.0	10.0	16.0	16.0
21-18	16.0	16.0	12.0	11.0	16.0	16.0
21-20	17.0	17.0	11.0	11.0	16.0	17.0
21-22	17.0	15.0	11.0	9.0	17.0	17.0
21-24	17.0	16.0	11.0	10.0	17.0	17.0
21-26	17.0	15.0	10.0	10.0	15.0	15.0
21-28	16.0	16.0	9.0	10.0	16.0	16.0
21-30	17.0	15.0	11.0	11.0	17.0	17.0
21-32	18.0	16.0	10.0	10.0	18.0	17.0
21-34	17.0	16.0	9.0	10.0	16.0	17.0
21-36	17.0	17.0	10.0	12.0	18.0	18.0
21-38	17.0	15.0	10.0	10.0	17.0	17.0
21-40	18.0	16.0	11.0	11.0	18.0	18.0
21-42	18.0	18.0	10.0	11.0	16.0	18.0
21-44	16.0	16.0	9.0	10.0	16.0	16.0
21-46	16.0	15.0	10.0	10.0	16.0	16.0
21-48	17.0	16.0	10.0	10.0	17.0	17.0
21-50	16.0	16.0	8.0	10.0	16.0	16.0
21-52	16.0	15.0	10.0	10.0	15.0	16.0
21-54	16.0	16.0	9.0	11.0	17.0	17.0
21-56	15.0	15.0	9.0	11.0	15.0	16.0
21-58	16.0	16.0	8.0	11.0	15.0	16.0
22-00	17.0	15.0	11.0	12.0	17.0	17.0
22-02	16.0	16.0	9.0	11.0	15.0	16.0
22-04	16.0	15.0	8.0	12.0	16.0	16.0
22-06	16.0	16.0	8.0	12.0	16.0	16.0
22-08	17.0	16.0	9.0	9.0	16.0	17.0
22-10	17.0	16.0	9.0	10.0	17.0	17.0
22-12	17.0	16.0	10.0	10.0	17.0	17.0
22-14	16.0	15.0	10.0	10.0	16.0	16.0
22-16	16.0	15.0	9.0	10.0	16.0	16.0
22-18	16.0	16.0	11.0	10.0	15.0	16.0
22-20	17.0	16.0	9.0	10.0	17.0	17.0
22-22	16.0	16.0	11.0	10.0	15.0	15.0
22-24	16.0	16.0	11.0	11.0	15.0	16.0
22-26	16.0	16.0	9.0	12.0	14.0	16.0
22-28	16.0	16.0	9.0	10.0	15.0	16.0
22-30	18.0	18.0	11.0	11.0	16.0	17.0
22-32	15.0	15.0	10.0	11.0	16.0	16.0
22-34	16.0	16.0	11.0	10.0	17.0	17.0
22-36	17.0	16.0	10.0	10.0	17.0	17.0
22-38	18.0	15.0	9.0	10.0	18.0	18.0
22-40	18.0	18.0	9.0	11.0	17.0	18.0
22-42	18.0	18.0	9.0	10.0	17.0	18.0
22-44	16.0	16.0	8.0	9.0	16.0	16.0
22-46	16.0	16.0	9.0	11.0	15.0	16.0
22-48	17.0	16.0	10.0	9.0	17.0	17.0
22-50	16.0	16.0	9.0	11.0	15.0	17.0
22-52	16.0	16.0	10.0	11.0	16.0	16.0
22-54	17.0	16.0	11.0	10.0	17.0	18.0
22-56	16.0	16.0	9.0	11.0	15.0	16.0
22-58	17.0	16.0	9.0	12.0	15.0	16.0
23-00	18.0	18.0	12.0	13.0	17.0	18.0
23-02	18.0	18.0	9.0	10.0	16.0	16.0
23-04	17.0	16.0	9.0	12.0	16.0	16.0
23-06	17.0	17.0	11.0	10.0	17.0	17.0
23-08	17.0	16.0	11.0	9.0	17.0	17.0
23-10	15.0	15.0	10.0	10.0	16.0	16.0
23-12	18.0	17.0	9.0	11.0	16.0	16.0
23-14	17.0	16.0	11.0	10.0	17.0	17.0
23-16	17.0	17.0	7.0	11.0	17.0	17.0
23-18	17.0	16.0	10.0	12.0	17.0	17.0
23-20	17.0	16.0	10.0	11.0	17.0	17.0
23-22	15.0	15.0	9.0	10.0	16.0	16.0
23-24	18.0	16.0	11.0	11.0	18.0	18.0
23-26	15.0	15.0	10.0	11.0	15.0	16.0
23-28	16.0	16.0	10.0	10.0	15.0	16.0
23-30	17.0	17.0	10.0	11.0	17.0	17.0
23-32	16.0	16.0	9.0	10.0	15.0	16.0
23-34	16.0	15.0	9.0	10.0	16.0	16.0
23-36	17.0	16.0	9.0	11.0	17.0	17.0
23-38	18.0	15.0	9.0	9.0	18.0	18.0
23-40	19.0	16.0	10.0	9.0	19.0	19.0
23-42	18.0	16.0	11.0	10.0	17.0	17.0
23-44	17.0	16.0	8.0	10.0	17.0	16.0
23-46	17.0	16.0	11.0	10.0	15.0	16.0
23-48	17.0	17.0	12.0	10.0	17.0	17.0
23-50	16.0	16.0	9.0	10.0	16.0	16.0
23-52	17.0	17.0	9.0	9.0	16.0	17.0
23-54	17.0	17.0	11.0	9.0	17.0	18.0
23-56	15.0	15.0	10.0	11.0	15.0	15.0
23-58	17.0	17.0	10.0	10.0	15.0	17.0
