00-00	43.0	43.0	39.0	41.0	43.0
00-02	43.0	43.0	37.0	40.0	42.0
00-04	42.0	42.0	39.0	40.0	42.0
00-06	43.0	43.0	39.0	40.0	42.0
00-08	43.0	43.0	38.0	40.0	42.0
00-10	43.0	43.0	39.0	40.0	42.0
00-12	43.0	42.0	39.0	41.0	43.0
00-14	51.0	51.0	44.0	44.0	45.0
00-16	50.0	50.0	44.0	44.0	45.0
00-18	45.0	45.0	41.0	42.0	43.0
00-20	45.0	45.0	40.0	41.0	43.0
00-22	43.0	43.0	40.0	42.0	42.0
00-24	43.0	43.0	39.0	41.0	41.0
00-26	43.0	43.0	39.0	40.0	41.0
00-28	43.0	43.0	40.0	41.0	41.0
00-30	43.0	43.0	39.0	40.0	42.0
00-32	43.0	43.0	39.0	40.0	42.0
00-34	43.0	43.0	38.0	40.0	42.0
00-36	43.0	43.0	38.0	41.0	41.0
00-38	42.0	42.0	38.0	39.0	42.0
00-40	43.0	43.0	39.0	40.0	41.0
00-42	42.0	42.0	38.0	40.0	42.0
00-44	42.0	42.0	38.0	40.0	42.0
00-46	43.0	43.0	39.0	40.0	41.0
00-48	43.0	43.0	38.0	39.0	41.0
00-50	43.0	43.0	39.0	40.0	41.0
00-52	43.0	43.0	38.0	40.0	43.0
00-54	43.0	43.0	39.0	41.0	42.0
00-56	42.0	41.0	38.0	40.0	42.0
00-58	42.0	42.0	38.0	40.0	41.0
01-00	42.0	42.0	38.0	40.0	42.0
01-02	43.0	43.0	38.0	39.0	41.0
01-04	42.0	42.0	38.0	40.0	41.0
01-06	43.0	43.0	38.0	39.0	42.0
01-08	41.0	41.0	39.0	39.0	41.0
01-10	42.0	42.0	37.0	40.0	40.0
01-12	43.0	43.0	39.0	40.0	42.0
01-14	42.0	42.0	38.0	39.0	42.0
01-16	43.0	43.0	38.0	40.0	42.0
01-18	42.0	42.0	39.0	40.0	42.0
01-20	42.0	42.0	40.0	38.0	42.0
01-22	48.0	48.0	44.0	43.0	45.0
01-24	48.0	48.0	45.0	46.0	48.0
01-26	48.0	48.0	44.0	44.0	45.0
01-28	49.0	49.0	45.0	44.0	45.0
01-30	49.0	49.0	45.0	45.0	46.0
01-32	49.0	49.0	44.0	44.0	46.0
01-34	48.0	48.0	48.0	46.0	45.0
01-36	52.0	48.0	44.0	46.0	52.0
01-38	52.0	47.0	43.0	45.0	52.0
01-40	52.0	52.0	43.0	45.0	47.0
01-42	51.0	51.0	45.0	45.0	47.0
01-44	50.0	50.0	43.0	44.0	46.0
01-46	51.0	51.0	45.0	43.0	45.0
01-48	51.0	51.0	45.0	45.0	47.0
01-50	45.0	45.0	42.0	42.0	45.0
01-52	44.0	43.0	41.0	41.0	44.0
01-54	51.0	51.0	46.0	45.0	46.0
01-56	50.0	50.0	43.0	45.0	47.0
01-58	44.0	44.0	39.0	40.0	43.0
02-00	43.0	43.0	40.0	40.0	43.0
02-02	43.0	43.0	38.0	40.0	42.0
02-04	42.0	42.0	39.0	40.0	42.0
02-06	41.0	41.0	39.0	40.0	41.0
02-08	43.0	43.0	39.0	40.0	41.0
02-10	43.0	43.0	38.0	41.0	42.0
02-12	43.0	43.0	40.0	40.0	42.0
02-14	44.0	44.0	40.0	41.0	43.0
02-16	49.0	50.0	43.0	42.0	43.0
02-18	48.0	46.0	43.0	45.0	47.0
02-20	48.0	47.0	43.0	45.0	48.0
02-22	49.0	46.0	42.0	45.0	49.0
02-24	49.0	47.0	45.0	47.0	48.0
02-26	48.0	48.0	45.0	44.0	46.0
02-28	52.0	52.0	44.0	44.0	46.0
02-30	52.0	52.0	46.0	45.0	47.0
02-32	52.0	46.0	43.0	45.0	52.0
02-34	52.0	52.0	43.0	45.0	46.0
02-36	51.0	48.0	45.0	51.0	48.0
02-38	51.0	47.0	45.0	51.0	48.0
02-40	51.0	47.0	44.0	51.0	47.0
02-42	46.0	46.0	42.0	42.0	45.0
02-44	51.0	51.0	44.0	44.0	45.0
02-46	50.0	50.0	45.0	43.0	45.0
02-48	43.0	43.0	40.0	41.0	43.0
02-50	43.0	43.0	39.0	40.0	42.0
02-52	42.0	42.0	38.0	40.0	42.0
02-54	42.0	42.0	39.0	40.0	42.0
02-56	42.0	42.0	38.0	40.0	42.0
02-58	43.0	42.0	38.0	39.0	43.0
03-00	43.0	44.0	39.0	41.0	42.0
03-02	43.0	43.0	39.0	39.0	40.0
03-04	42.0	42.0	38.0	40.0	42.0
03-06	43.0	43.0	39.0	39.0	42.0
03-08	43.0	43.0	39.0	39.0	41.0
03-10	42.0	42.0	39.0	40.0	42.0
03-12	43.0	42.0	39.0	41.0	42.0
03-14	43.0	43.0	39.0	40.0	42.0
03-16	42.0	42.0	38.0	39.0	42.0
03-18	43.0	43.0	39.0	40.0	42.0
03-20	44.0	43.0	39.0	40.0	42.0
03-22	42.0	42.0	39.0	40.0	42.0
03-24	43.0	43.0	39.0	40.0	42.0
03-26	43.0	43.0	37.0	39.0	42.0
03-28	43.0	43.0	37.0	40.0	42.0
03-30	43.0	43.0	40.0	40.0	42.0
03-32	42.0	42.0	39.0	40.0	42.0
03-34	42.0	42.0	39.0	40.0	42.0
03-36	43.0	43.0	38.0	41.0	42.0
03-38	42.0	42.0	37.0	39.0	42.0
03-40	43.0	43.0	38.0	40.0	41.0
03-42	43.0	43.0	39.0	41.0	43.0
03-44	42.0	42.0	39.0	39.0	42.0
03-46	43.0	43.0	38.0	39.0	42.0
03-48	43.0	43.0	40.0	40.0	41.0
03-50	42.0	42.0	37.0	40.0	41.0
03-52	42.0	42.0	37.0	40.0	41.0
03-54	44.0	44.0	39.0	39.0	42.0
03-56	42.0	42.0	39.0	40.0	42.0
03-58	42.0	42.0	39.0	40.0	40.0
04-00	42.0	42.0	39.0	40.0	42.0
04-02	41.0	41.0	39.0	39.0	41.0
04-04	42.0	42.0	38.0	40.0	40.0
04-06	42.0	42.0	38.0	40.0	41.0
04-08	42.0	42.0	38.0	40.0	41.0
04-10	43.0	44.0	39.0	40.0	41.0
04-12	43.0	43.0	39.0	40.0	41.0
04-14	44.0	44.0	40.0	40.0	42.0
04-16	49.0	45.0	45.0	49.0	47.0
04-18	49.0	49.0	43.0	44.0	46.0
04-20	48.0	48.0	46.0	45.0	47.0
04-22	47.0	46.0	43.0	46.0	47.0
04-24	49.0	49.0	44.0	46.0	48.0
04-26	49.0	49.0	45.0	47.0	47.0
04-28	48.0	47.0	42.0	45.0	48.0
04-30	49.0	49.0	48.0	47.0	47.0
04-32	49.0	48.0	49.0	45.0	46.0
04-34	51.0	51.0	45.0	43.0	45.0
04-36	52.0	52.0	44.0	44.0	46.0
04-38	52.0	52.0	46.0	44.0	46.0
04-40	52.0	52.0	45.0	44.0	46.0
04-42	45.0	45.0	41.0	41.0	43.0
04-44	44.0	43.0	40.0	41.0	44.0
04-46	42.0	42.0	39.0	41.0	42.0
04-48	43.0	42.0	38.0	40.0	42.0
04-50	48.0	48.0	48.0	45.0	45.0
04-52	47.0	47.0	44.0	47.0	46.0
04-54	48.0	47.0	42.0	48.0	46.0
04-56	49.0	49.0	44.0	45.0	45.0
04-58	49.0	49.0	43.0	45.0	47.0
05-00	48.0	48.0	44.0	44.0	47.0
05-02	48.0	48.0	47.0	48.0	48.0
05-04	52.0	52.0	44.0	44.0	45.0
05-06	53.0	47.0	43.0	44.0	53.0
05-08	51.0	51.0	45.0	44.0	43.0
05-10	51.0	51.0	43.0	44.0	44.0
05-12	52.0	52.0	44.0	44.0	45.0
05-14	49.0	48.0	49.0	46.0	44.0
05-16	49.0	47.0	49.0	46.0	46.0
05-18	49.0	49.0	49.0	46.0	47.0
05-20	52.0	47.0	43.0	47.0	52.0
05-22	51.0	51.0	43.0	45.0	44.0
05-24	44.0	44.0	38.0	41.0	42.0
05-26	42.0	42.0	39.0	40.0	42.0
05-28	43.0	43.0	38.0	41.0	41.0
05-30	46.0	46.0	41.0	43.0	44.0
05-32	50.0	47.0	44.0	50.0	47.0
05-34	53.0	53.0	44.0	51.0	52.0
05-36	54.0	49.0	46.0	52.0	54.0
05-38	44.0	44.0	40.0	41.0	42.0
05-40	43.0	43.0	38.0	40.0	41.0
05-42	42.0	42.0	38.0	41.0	42.0
05-44	42.0	42.0	39.0	41.0	41.0
05-46	41.0	41.0	37.0	39.0	41.0
05-48	41.0	41.0	38.0	40.0	41.0
05-50	43.0	42.0	39.0	40.0	41.0
05-52	43.0	43.0	37.0	40.0	41.0
05-54	43.0	43.0	39.0	40.0	41.0
05-56	42.0	42.0	38.0	40.0	42.0
05-58	41.0	41.0	37.0	39.0	40.0
06-00	41.0	41.0	38.0	40.0	41.0
06-02	43.0	43.0	38.0	40.0	41.0
06-04	42.0	42.0	38.0	40.0	42.0
06-06	43.0	42.0	39.0	39.0	41.0
06-08	41.0	41.0	37.0	40.0	41.0
06-10	42.0	42.0	38.0	40.0	42.0
06-12	45.0	43.0	43.0	45.0	42.0
06-14	42.0	42.0	37.0	40.0	42.0
06-16	43.0	43.0	39.0	40.0	42.0
06-18	43.0	43.0	38.0	41.0	42.0
06-20	43.0	42.0	38.0	40.0	42.0
06-22	43.0	43.0	39.0	40.0	42.0
06-24	42.0	42.0	38.0	40.0	42.0
06-26	42.0	42.0	38.0	40.0	41.0
06-28	42.0	42.0	40.0	40.0	42.0
06-30	44.0	44.0	39.0	40.0	42.0
06-32	43.0	43.0	38.0	39.0	41.0
06-34	43.0	43.0	39.0	40.0	42.0
06-36	43.0	43.0	39.0	40.0	41.0
06-38	44.0	42.0	39.0	40.0	42.0
06-40	43.0	43.0	40.0	40.0	42.0
06-42	43.0	43.0	39.0	41.0	41.0
06-44	43.0	42.0	39.0	40.0	41.0
06-46	43.0	43.0	40.0	40.0	42.0
06-48	43.0	44.0	40.0	40.0	42.0
06-50	43.0	43.0	40.0	40.0	42.0
06-52	43.0	43.0	39.0	40.0	41.0
06-54	44.0	44.0	39.0	40.0	43.0
06-56	43.0	43.0	39.0	39.0	43.0
06-58	43.0	43.0	39.0	40.0	43.0
07-00	44.0	44.0	39.0	41.0	43.0
07-02	43.0	43.0	40.0	40.0	42.0
07-04	43.0	43.0	39.0	41.0	43.0
07-06	43.0	42.0	40.0	41.0	43.0
07-08	43.0	43.0	39.0	40.0	43.0
07-10	44.0	44.0	39.0	40.0	44.0
07-12	44.0	43.0	39.0	41.0	44.0
07-14	43.0	43.0	39.0	40.0	42.0
07-16	42.0	42.0	40.0	41.0	43.0
07-18	43.0	43.0	39.0	40.0	43.0
07-20	43.0	43.0	40.0	41.0	42.0
07-22	42.0	42.0	39.0	40.0	42.0
07-24	43.0	43.0	39.0	41.0	42.0
07-26	43.0	43.0	38.0	41.0	42.0
07-28	44.0	44.0	39.0	40.0	42.0
07-30	44.0	43.0	40.0	41.0	44.0
07-32	45.0	45.0	42.0	40.0	41.0
07-34	43.0	43.0	39.0	41.0	42.0
07-36	44.0	44.0	39.0	40.0	42.0
07-38	44.0	44.0	40.0	41.0	42.0
07-40	44.0	44.0	39.0	41.0	42.0
07-42	44.0	44.0	40.0	41.0	43.0
07-44	43.0	43.0	40.0	40.0	42.0
07-46	43.0	43.0	39.0	40.0	42.0
07-48	43.0	43.0	39.0	40.0	43.0
07-50	43.0	43.0	40.0	39.0	43.0
07-52	44.0	44.0	39.0	40.0	42.0
07-54	44.0	43.0	39.0	41.0	44.0
07-56	43.0	43.0	39.0	40.0	43.0
07-58	47.0	47.0	42.0	42.0	44.0
08-00	46.0	46.0	40.0	42.0	43.0
08-02	45.0	45.0	39.0	41.0	43.0
08-04	44.0	44.0	40.0	40.0	41.0
08-06	48.0	48.0	45.0	46.0	48.0
08-08	48.0	48.0	45.0	48.0	48.0
08-10	51.0	49.0	46.0	46.0	51.0
08-12	53.0	53.0	48.0	51.0	52.0
08-14	52.0	52.0	49.0	46.0	52.0
08-16	52.0	51.0	50.0	52.0	51.0
08-18	53.0	50.0	48.0	51.0	53.0
08-20	55.0	55.0	48.0	48.0	51.0
08-22	54.0	54.0	48.0	49.0	51.0
08-24	54.0	54.0	48.0	49.0	51.0
08-26	53.0	53.0	47.0	48.0	49.0
08-28	53.0	53.0	49.0	48.0	47.0
08-30	52.0	52.0	48.0	48.0	48.0
08-32	51.0	51.0	46.0	46.0	47.0
08-34	52.0	48.0	50.0	52.0	48.0
08-36	52.0	52.0	47.0	50.0	48.0
08-38	50.0	50.0	45.0	45.0	50.0
08-40	52.0	52.0	49.0	45.0	46.0
08-42	51.0	51.0	48.0	45.0	45.0
08-44	45.0	45.0	45.0	43.0	43.0
08-46	48.0	48.0	42.0	41.0	43.0
08-48	47.0	47.0	41.0	40.0	42.0
08-50	48.0	48.0	40.0	40.0	42.0
08-52	45.0	44.0	45.0	41.0	42.0
08-54	41.0	39.0	36.0	37.0	41.0
08-56	44.0	43.0	40.0	44.0	44.0
08-58	38.0	37.0	34.0	35.0	38.0
09-00	38.0	38.0	33.0	35.0	38.0
09-02	38.0	38.0	34.0	35.0	38.0
09-04	36.0	36.0	32.0	35.0	36.0
09-06	37.0	37.0	34.0	34.0	37.0
09-08	37.0	36.0	33.0	34.0	37.0
09-10	37.0	36.0	33.0	34.0	37.0
09-12	37.0	37.0	34.0	34.0	36.0
09-14	36.0	36.0	33.0	34.0	36.0
09-16	44.0	44.0	37.0	36.0	40.0
09-18	44.0	44.0	39.0	39.0	40.0
09-20	38.0	38.0	34.0	36.0	38.0
09-22	41.0	41.0	41.0	40.0	40.0
09-24	38.0	36.0	33.0	35.0	38.0
09-26	36.0	36.0	33.0	33.0	37.0
09-28	35.0	35.0	30.0	33.0	35.0
09-30	36.0	36.0	33.0	34.0	36.0
09-32	36.0	36.0	31.0	34.0	37.0
09-34	36.0	36.0	32.0	33.0	36.0
09-36	37.0	36.0	33.0	34.0	37.0
09-38	37.0	36.0	32.0	35.0	36.0
09-40	38.0	39.0	33.0	35.0	37.0
09-42	38.0	37.0	33.0	34.0	37.0
09-44	36.0	35.0	32.0	34.0	36.0
09-46	36.0	36.0	31.0	32.0	36.0
09-48	37.0	36.0	32.0	34.0	36.0
09-50	37.0	37.0	32.0	33.0	36.0
09-52	36.0	36.0	33.0	32.0	36.0
09-54	36.0	36.0	32.0	32.0	36.0
09-56	36.0	35.0	32.0	31.0	36.0
09-58	36.0	36.0	31.0	33.0	35.0
10-00	37.0	36.0	32.0	34.0	38.0
10-02	39.0	39.0	35.0	35.0	37.0
10-04	44.0	44.0	37.0	37.0	39.0
10-06	39.0	39.0	36.0	37.0	39.0
10-08	36.0	36.0	33.0	33.0	36.0
10-10	36.0	36.0	31.0	34.0	36.0
10-12	36.0	36.0	32.0	33.0	36.0
10-14	36.0	36.0	31.0	32.0	36.0
10-16	37.0	36.0	31.0	32.0	37.0
10-18	40.0	40.0	39.0	37.0	39.0
10-20	41.0	40.0	36.0	38.0	41.0
10-22	40.0	38.0	35.0	36.0	39.0
10-24	43.0	42.0	39.0	43.0	43.0
10-26	37.0	37.0	33.0	33.0	37.0
10-28	37.0	36.0	33.0	34.0	38.0
10-30	37.0	36.0	32.0	31.0	37.0
10-32	37.0	35.0	31.0	32.0	37.0
10-34	43.0	43.0	41.0	44.0	42.0
10-36	37.0	37.0	33.0	35.0	37.0
10-38	36.0	36.0	31.0	32.0	36.0
10-40	36.0	35.0	32.0	32.0	37.0
10-42	37.0	35.0	30.0	31.0	37.0
10-44	35.0	35.0	29.0	31.0	35.0
10-46	35.0	35.0	31.0	30.0	35.0
10-48	36.0	36.0	30.0	30.0	35.0
10-50	35.0	35.0	30.0	31.0	35.0
10-52	35.0	35.0	30.0	30.0	35.0
10-54	35.0	34.0	31.0	31.0	35.0
10-56	36.0	35.0	30.0	30.0	36.0
10-58	36.0	36.0	31.0	30.0	35.0
11-00	37.0	36.0	32.0	33.0	37.0
11-02	35.0	35.0	30.0	31.0	34.0
11-04	35.0	34.0	31.0	31.0	34.0
11-06	36.0	36.0	31.0	30.0	35.0
11-08	35.0	34.0	31.0	30.0	36.0
11-10	36.0	36.0	31.0	31.0	36.0
11-12	35.0	35.0	31.0	31.0	34.0
11-14	36.0	36.0	30.0	30.0	35.0
11-16	35.0	35.0	30.0	30.0	35.0
11-18	35.0	35.0	30.0	30.0	35.0
11-20	35.0	35.0	30.0	29.0	34.0
11-22	35.0	35.0	31.0	30.0	35.0
11-24	35.0	34.0	31.0	30.0	35.0
11-26	35.0	34.0	30.0	29.0	35.0
11-28	34.0	33.0	30.0	30.0	34.0
11-30	35.0	34.0	30.0	30.0	35.0
11-32	34.0	34.0	30.0	30.0	34.0
11-34	34.0	34.0	29.0	29.0	34.0
11-36	35.0	34.0	30.0	29.0	35.0
11-38	38.0	34.0	34.0	30.0	38.0
11-40	34.0	34.0	30.0	30.0	34.0
11-42	35.0	34.0	30.0	29.0	35.0
11-44	34.0	34.0	30.0	29.0	34.0
11-46	35.0	33.0	30.0	30.0	35.0
11-48	35.0	35.0	31.0	30.0	34.0
11-50	44.0	44.0	34.0	33.0	36.0
11-52	34.0	34.0	30.0	31.0	34.0
11-54	34.0	34.0	34.0	34.0	34.0
11-56	35.0	35.0	31.0	30.0	34.0
11-58	35.0	35.0	31.0	30.0	35.0
12-00	34.0	34.0	30.0	32.0	34.0
12-02	34.0	33.0	29.0	29.0	34.0
12-04	34.0	34.0	31.0	29.0	34.0
12-06	34.0	34.0	29.0	29.0	34.0
12-08	35.0	34.0	31.0	29.0	34.0
12-10	34.0	33.0	30.0	29.0	34.0
12-12	33.0	33.0	28.0	29.0	33.0
12-14	35.0	33.0	29.0	29.0	34.0
12-16	33.0	33.0	29.0	29.0	33.0
12-18	40.0	40.0	32.0	37.0	36.0
12-20	40.0	40.0	32.0	31.0	36.0
12-22	40.0	40.0	34.0	35.0	37.0
12-24	39.0	36.0	33.0	39.0	38.0
12-26	41.0	37.0	38.0	39.0	41.0
12-28	39.0	38.0	35.0	39.0	38.0
12-30	39.0	38.0	35.0	39.0	38.0
12-32	44.0	44.0	39.0	35.0	40.0
12-34	44.0	38.0	36.0	37.0	44.0
12-36	41.0	41.0	40.0	39.0	39.0
12-38	42.0	42.0	41.0	38.0	38.0
12-40	43.0	43.0	36.0	42.0	44.0
12-42	44.0	44.0	36.0	35.0	39.0
12-44	45.0	45.0	38.0	35.0	38.0
12-46	44.0	44.0	34.0	35.0	38.0
12-48	39.0	39.0	38.0	36.0	38.0
12-50	40.0	36.0	36.0	32.0	40.0
12-52	35.0	34.0	30.0	28.0	36.0
12-54	35.0	34.0	30.0	30.0	35.0
12-56	43.0	43.0	36.0	36.0	39.0
12-58	35.0	34.0	31.0	31.0	35.0
13-00	36.0	36.0	31.0	32.0	35.0
13-02	35.0	35.0	30.0	30.0	35.0
13-04	34.0	34.0	30.0	28.0	34.0
13-06	34.0	34.0	28.0	29.0	34.0
13-08	35.0	35.0	30.0	30.0	33.0
13-10	34.0	32.0	27.0	28.0	34.0
13-12	34.0	33.0	29.0	29.0	34.0
13-14	34.0	34.0	29.0	29.0	33.0
13-16	34.0	33.0	29.0	29.0	34.0
13-18	33.0	33.0	29.0	29.0	33.0
13-20	34.0	33.0	27.0	28.0	34.0
13-22	33.0	32.0	28.0	28.0	33.0
13-24	35.0	34.0	30.0	30.0	34.0
13-26	33.0	32.0	28.0	29.0	34.0
13-28	35.0	33.0	30.0	30.0	35.0
13-30	33.0	33.0	28.0	28.0	33.0
13-32	32.0	32.0	28.0	28.0	32.0
13-34	34.0	32.0	28.0	28.0	34.0
13-36	33.0	33.0	29.0	29.0	33.0
13-38	34.0	32.0	28.0	28.0	34.0
13-40	34.0	34.0	29.0	29.0	33.0
13-42	34.0	33.0	33.0	33.0	34.0
13-44	43.0	43.0	33.0	32.0	37.0
13-46	37.0	36.0	32.0	29.0	36.0
13-48	34.0	33.0	29.0	28.0	34.0
13-50	34.0	32.0	29.0	28.0	34.0
13-52	36.0	36.0	33.0	30.0	34.0
13-54	33.0	33.0	30.0	29.0	33.0
13-56	34.0	32.0	29.0	28.0	33.0
13-58	36.0	35.0	31.0	30.0	36.0
14-00	39.0	36.0	33.0	39.0	36.0
14-02	41.0	37.0	40.0	39.0	41.0
14-04	43.0	42.0	35.0	39.0	43.0
14-06	41.0	39.0	37.0	39.0	41.0
14-08	45.0	42.0	35.0	40.0	45.0
14-10	42.0	39.0	35.0	36.0	42.0
14-12	41.0	40.0	35.0	36.0	41.0
14-14	45.0	45.0	36.0	41.0	42.0
14-16	44.0	44.0	38.0	36.0	39.0
14-18	43.0	43.0	37.0	38.0	40.0
14-20	44.0	44.0	37.0	38.0	40.0
14-22	45.0	45.0	36.0	35.0	38.0
14-24	45.0	45.0	35.0	36.0	38.0
14-26	40.0	36.0	38.0	40.0	40.0
14-28	36.0	35.0	31.0	31.0	36.0
14-30	41.0	41.0	36.0	36.0	39.0
14-32	44.0	44.0	34.0	34.0	37.0
14-34	43.0	39.0	41.0	41.0	43.0
14-36	36.0	36.0	32.0	32.0	36.0
14-38	34.0	34.0	31.0	30.0	34.0
14-40	35.0	34.0	31.0	32.0	35.0
14-42	35.0	35.0	29.0	30.0	35.0
14-44	35.0	35.0	30.0	30.0	35.0
14-46	35.0	35.0	30.0	30.0	35.0
14-48	37.0	35.0	32.0	33.0	37.0
14-50	35.0	35.0	31.0	31.0	35.0
14-52	35.0	33.0	30.0	29.0	35.0
14-54	35.0	33.0	29.0	29.0	35.0
14-56	35.0	32.0	29.0	28.0	35.0
14-58	34.0	33.0	29.0	29.0	33.0
15-00	36.0	36.0	30.0	32.0	37.0
15-02	33.0	32.0	29.0	29.0	34.0
15-04	34.0	34.0	29.0	29.0	34.0
15-06	34.0	34.0	29.0	30.0	34.0
15-08	33.0	33.0	28.0	29.0	33.0
15-10	35.0	34.0	30.0	29.0	35.0
15-12	35.0	35.0	30.0	29.0	34.0
15-14	34.0	33.0	29.0	28.0	34.0
15-16	33.0	32.0	29.0	29.0	33.0
15-18	35.0	33.0	28.0	29.0	35.0
15-20	35.0	34.0	29.0	30.0	35.0
15-22	34.0	34.0	29.0	30.0	35.0
15-24	36.0	35.0	31.0	30.0	36.0
15-26	36.0	34.0	29.0	30.0	36.0
15-28	34.0	34.0	28.0	29.0	35.0
15-30	35.0	35.0	30.0	30.0	35.0
15-32	34.0	33.0	29.0	29.0	33.0
15-34	34.0	34.0	31.0	29.0	34.0
15-36	34.0	34.0	30.0	29.0	33.0
15-38	33.0	32.0	29.0	30.0	33.0
15-40	34.0	33.0	29.0	30.0	34.0
15-42	33.0	32.0	28.0	29.0	33.0
15-44	33.0	32.0	29.0	29.0	33.0
15-46	34.0	34.0	29.0	29.0	34.0
15-48	34.0	33.0	29.0	29.0	34.0
15-50	35.0	34.0	30.0	30.0	35.0
15-52	34.0	34.0	29.0	28.0	34.0
15-54	34.0	34.0	29.0	30.0	34.0
15-56	34.0	33.0	29.0	28.0	34.0
15-58	35.0	33.0	29.0	29.0	34.0
16-00	34.0	34.0	29.0	29.0	34.0
16-02	35.0	33.0	28.0	29.0	35.0
16-04	34.0	34.0	30.0	29.0	33.0
16-06	34.0	34.0	30.0	29.0	34.0
16-08	34.0	33.0	29.0	29.0	34.0
16-10	34.0	33.0	29.0	29.0	34.0
16-12	34.0	33.0	30.0	29.0	34.0
16-14	34.0	34.0	30.0	28.0	33.0
16-16	32.0	32.0	29.0	28.0	32.0
16-18	34.0	33.0	29.0	29.0	35.0
16-20	33.0	33.0	30.0	29.0	33.0
16-22	33.0	33.0	28.0	29.0	32.0
16-24	34.0	33.0	29.0	29.0	34.0
16-26	34.0	33.0	29.0	29.0	34.0
16-28	34.0	34.0	30.0	29.0	33.0
16-30	34.0	34.0	29.0	28.0	34.0
16-32	33.0	33.0	29.0	29.0	32.0
16-34	33.0	33.0	28.0	29.0	33.0
16-36	34.0	34.0	29.0	28.0	33.0
16-38	33.0	33.0	29.0	28.0	34.0
16-40	34.0	32.0	30.0	29.0	34.0
16-42	34.0	33.0	29.0	29.0	34.0
16-44	33.0	33.0	29.0	29.0	33.0
16-46	34.0	33.0	29.0	28.0	34.0
16-48	33.0	33.0	28.0	29.0	33.0
16-50	34.0	32.0	28.0	29.0	34.0
16-52	34.0	33.0	28.0	29.0	34.0
16-54	34.0	32.0	28.0	28.0	34.0
16-56	34.0	33.0	29.0	29.0	34.0
16-58	32.0	32.0	28.0	28.0	32.0
17-00	34.0	35.0	30.0	29.0	34.0
17-02	34.0	34.0	29.0	28.0	34.0
17-04	33.0	33.0	28.0	29.0	33.0
17-06	34.0	33.0	29.0	28.0	34.0
17-08	32.0	32.0	28.0	29.0	33.0
17-10	34.0	33.0	29.0	29.0	33.0
17-12	33.0	33.0	28.0	29.0	33.0
17-14	34.0	33.0	28.0	29.0	34.0
17-16	34.0	34.0	27.0	28.0	33.0
17-18	34.0	34.0	29.0	28.0	33.0
17-20	33.0	33.0	28.0	29.0	33.0
17-22	34.0	33.0	28.0	29.0	34.0
17-24	34.0	33.0	29.0	29.0	34.0
17-26	34.0	34.0	28.0	28.0	33.0
17-28	33.0	33.0	29.0	28.0	32.0
17-30	34.0	33.0	28.0	28.0	34.0
17-32	34.0	34.0	29.0	30.0	34.0
17-34	35.0	35.0	30.0	29.0	36.0
17-36	35.0	35.0	30.0	31.0	35.0
17-38	35.0	35.0	31.0	30.0	35.0
17-40	36.0	36.0	32.0	32.0	36.0
17-42	36.0	36.0	32.0	31.0	36.0
17-44	36.0	35.0	31.0	32.0	36.0
17-46	36.0	36.0	31.0	32.0	35.0
17-48	37.0	36.0	32.0	35.0	36.0
17-50	36.0	36.0	32.0	33.0	36.0
17-52	36.0	36.0	32.0	33.0	36.0
17-54	37.0	37.0	32.0	35.0	36.0
17-56	37.0	36.0	32.0	34.0	37.0
17-58	36.0	36.0	33.0	35.0	36.0
18-00	38.0	38.0	32.0	35.0	37.0
18-02	37.0	37.0	32.0	34.0	37.0
18-04	37.0	37.0	32.0	34.0	37.0
18-06	38.0	36.0	33.0	35.0	37.0
18-08	37.0	37.0	33.0	34.0	37.0
18-10	38.0	38.0	33.0	35.0	38.0
18-12	38.0	38.0	33.0	35.0	38.0
18-14	38.0	37.0	34.0	34.0	38.0
18-16	37.0	37.0	34.0	34.0	37.0
18-18	38.0	37.0	34.0	35.0	38.0
18-20	39.0	38.0	34.0	35.0	38.0
18-22	38.0	37.0	33.0	35.0	38.0
18-24	39.0	38.0	34.0	36.0	38.0
18-26	38.0	38.0	33.0	35.0	38.0
18-28	38.0	37.0	34.0	35.0	38.0
18-30	39.0	37.0	34.0	36.0	39.0
18-32	38.0	38.0	34.0	35.0	39.0
18-34	38.0	37.0	33.0	36.0	38.0
18-36	38.0	38.0	34.0	36.0	38.0
18-38	40.0	37.0	33.0	35.0	39.0
18-40	39.0	39.0	34.0	36.0	39.0
18-42	38.0	38.0	33.0	36.0	38.0
18-44	38.0	38.0	33.0	35.0	38.0
18-46	39.0	38.0	34.0	34.0	39.0
18-48	39.0	39.0	35.0	35.0	38.0
18-50	39.0	38.0	34.0	35.0	39.0
18-52	39.0	39.0	35.0	36.0	38.0
18-54	39.0	39.0	35.0	35.0	39.0
18-56	47.0	47.0	40.0	39.0	41.0
18-58	45.0	45.0	44.0	41.0	42.0
19-00	46.0	46.0	41.0	41.0	43.0
19-02	45.0	45.0	40.0	40.0	43.0
19-04	46.0	46.0	41.0	41.0	43.0
19-06	47.0	47.0	43.0	41.0	43.0
19-08	46.0	46.0	41.0	42.0	41.0
19-10	45.0	45.0	43.0	42.0	44.0
19-12	49.0	49.0	42.0	41.0	43.0
19-14	45.0	45.0	45.0	42.0	44.0
19-16	50.0	44.0	40.0	42.0	50.0
19-18	48.0	44.0	41.0	42.0	47.0
19-20	48.0	43.0	40.0	42.0	48.0
19-22	46.0	46.0	44.0	43.0	44.0
19-24	46.0	46.0	41.0	42.0	44.0
19-26	46.0	45.0	41.0	46.0	45.0
19-28	47.0	44.0	43.0	47.0	44.0
19-30	46.0	46.0	46.0	43.0	44.0
19-32	49.0	49.0	43.0	41.0	42.0
19-34	46.0	46.0	43.0	46.0	45.0
19-36	46.0	46.0	43.0	44.0	43.0
19-38	45.0	44.0	40.0	44.0	45.0
19-40	48.0	48.0	43.0	44.0	42.0
19-42	46.0	46.0	44.0	42.0	43.0
19-44	46.0	45.0	41.0	42.0	46.0
19-46	45.0	43.0	40.0	41.0	45.0
19-48	47.0	45.0	41.0	42.0	46.0
19-50	46.0	44.0	42.0	47.0	44.0
19-52	46.0	46.0	45.0	43.0	45.0
19-54	47.0	46.0	46.0	44.0	45.0
19-56	49.0	49.0	42.0	41.0	44.0
19-58	49.0	49.0	41.0	41.0	43.0
20-00	46.0	46.0	46.0	43.0	46.0
20-02	46.0	45.0	46.0	43.0	44.0
20-04	48.0	48.0	43.0	41.0	44.0
20-06	50.0	50.0	43.0	43.0	44.0
20-08	49.0	49.0	42.0	41.0	42.0
20-10	48.0	44.0	39.0	41.0	48.0
20-12	47.0	47.0	42.0	42.0	44.0
20-14	47.0	47.0	41.0	41.0	42.0
20-16	47.0	47.0	40.0	41.0	44.0
20-18	47.0	47.0	43.0	42.0	45.0
20-20	46.0	44.0	40.0	40.0	46.0
20-22	46.0	45.0	46.0	41.0	44.0
20-24	47.0	44.0	42.0	47.0	46.0
20-26	50.0	45.0	42.0	42.0	50.0
20-28	49.0	45.0	41.0	41.0	49.0
20-30	46.0	44.0	43.0	46.0	45.0
20-32	49.0	49.0	47.0	46.0	42.0
20-34	48.0	48.0	41.0	40.0	41.0
20-36	49.0	49.0	43.0	41.0	43.0
20-38	50.0	50.0	40.0	40.0	42.0
20-40	46.0	46.0	44.0	43.0	44.0
20-42	48.0	48.0	42.0	42.0	45.0
20-44	47.0	47.0	42.0	41.0	44.0
20-46	46.0	44.0	43.0	43.0	46.0
20-48	47.0	46.0	43.0	45.0	47.0
20-50	47.0	44.0	41.0	42.0	47.0
20-52	47.0	44.0	41.0	41.0	46.0
20-54	46.0	44.0	43.0	43.0	46.0
20-56	49.0	49.0	44.0	42.0	42.0
20-58	46.0	46.0	46.0	43.0	44.0
21-00	47.0	47.0	46.0	45.0	45.0
21-02	47.0	47.0	47.0	44.0	43.0
21-04	47.0	45.0	42.0	47.0	45.0
21-06	47.0	46.0	43.0	46.0	47.0
21-08	47.0	45.0	47.0	43.0	44.0
21-10	47.0	45.0	47.0	44.0	44.0
21-12	48.0	47.0	48.0	44.0	46.0
21-14	47.0	46.0	47.0	43.0	45.0
21-16	46.0	46.0	46.0	42.0	45.0
21-18	47.0	47.0	43.0	41.0	44.0
21-20	47.0	45.0	42.0	46.0	47.0
21-22	46.0	44.0	43.0	46.0	46.0
21-24	50.0	50.0	43.0	42.0	45.0
21-26	46.0	46.0	42.0	40.0	42.0
21-28	46.0	46.0	46.0	42.0	45.0
21-30	46.0	45.0	44.0	44.0	47.0
21-32	45.0	45.0	41.0	43.0	45.0
21-34	46.0	45.0	44.0	44.0	46.0
21-36	46.0	45.0	41.0	45.0	46.0
21-38	44.0	44.0	42.0	44.0	44.0
21-40	45.0	45.0	44.0	43.0	44.0
21-42	47.0	45.0	44.0	47.0	47.0
21-44	47.0	43.0	42.0	47.0	45.0
21-46	46.0	45.0	42.0	46.0	45.0
21-48	49.0	48.0	47.0	49.0	48.0
21-50	50.0	50.0	42.0	41.0	43.0
21-52	49.0	44.0	41.0	42.0	49.0
21-54	49.0	44.0	42.0	43.0	49.0
21-56	46.0	46.0	41.0	45.0	45.0
21-58	48.0	43.0	42.0	48.0	45.0
22-00	47.0	47.0	45.0	43.0	44.0
22-02	49.0	49.0	42.0	42.0	44.0
22-04	49.0	44.0	39.0	41.0	49.0
22-06	47.0	47.0	45.0	44.0	44.0
22-08	49.0	49.0	43.0	41.0	44.0
22-10	47.0	47.0	42.0	47.0	46.0
22-12	46.0	46.0	44.0	44.0	45.0
22-14	48.0	48.0	44.0	44.0	47.0
22-16	45.0	44.0	41.0	44.0	45.0
22-18	47.0	47.0	42.0	44.0	47.0
22-20	46.0	45.0	43.0	44.0	46.0
22-22	45.0	45.0	42.0	44.0	45.0
22-24	47.0	46.0	47.0	43.0	44.0
22-26	49.0	49.0	44.0	42.0	44.0
22-28	47.0	44.0	42.0	47.0	45.0
22-30	50.0	50.0	43.0	42.0	43.0
22-32	47.0	44.0	47.0	43.0	44.0
22-34	48.0	46.0	48.0	43.0	44.0
22-36	49.0	49.0	47.0	45.0	46.0
22-38	47.0	45.0	43.0	47.0	47.0
22-40	47.0	46.0	46.0	44.0	46.0
22-42	51.0	51.0	44.0	42.0	44.0
22-44	45.0	44.0	45.0	43.0	44.0
22-46	50.0	50.0	43.0	42.0	43.0
22-48	45.0	45.0	45.0	42.0	43.0
22-50	47.0	47.0	44.0	44.0	45.0
22-52	45.0	44.0	43.0	44.0	46.0
22-54	45.0	45.0	44.0	42.0	46.0
22-56	45.0	45.0	42.0	44.0	45.0
22-58	45.0	44.0	42.0	44.0	45.0
23-00	46.0	46.0	44.0	43.0	46.0
23-02	45.0	45.0	44.0	42.0	44.0
23-04	49.0	49.0	42.0	42.0	43.0
23-06	47.0	47.0	47.0	45.0	45.0
23-08	46.0	45.0	47.0	42.0	43.0
23-10	47.0	47.0	46.0	43.0	44.0
23-12	47.0	46.0	47.0	43.0	44.0
23-14	46.0	45.0	46.0	43.0	44.0
23-16	50.0	45.0	41.0	43.0	50.0
23-18	48.0	49.0	43.0	42.0	44.0
23-20	46.0	44.0	41.0	46.0	45.0
23-22	46.0	45.0	42.0	46.0	46.0
23-24	49.0	48.0	43.0	43.0	44.0
23-26	48.0	44.0	41.0	42.0	49.0
23-28	47.0	47.0	43.0	43.0	46.0
23-30	48.0	48.0	44.0	42.0	45.0
23-32	47.0	44.0	41.0	44.0	47.0
23-34	45.0	45.0	41.0	44.0	45.0
23-36	46.0	45.0	41.0	42.0	46.0
23-38	50.0	50.0	42.0	40.0	43.0
23-40	50.0	50.0	42.0	41.0	43.0
23-42	49.0	49.0	42.0	42.0	44.0
23-44	49.0	49.0	42.0	41.0	43.0
23-46	49.0	49.0	42.0	42.0	43.0
23-48	50.0	50.0	42.0	42.0	44.0
23-50	47.0	45.0	41.0	47.0	46.0
23-52	48.0	48.0	41.0	41.0	41.0
23-54	49.0	49.0	43.0	42.0	44.0
23-56	49.0	49.0	42.0	41.0	43.0
23-58	46.0	45.0	42.0	47.0	47.0
