00-00	23.0	23.0	16.0	17.0	22.0	22.0
00-02	21.0	21.0	16.0	15.0	21.0	21.0
00-04	22.0	20.0	16.0	14.0	22.0	22.0
00-06	21.0	21.0	15.0	17.0	20.0	21.0
00-08	22.0	21.0	16.0	17.0	22.0	22.0
00-10	22.0	20.0	16.0	16.0	21.0	21.0
00-12	22.0	22.0	16.0	17.0	22.0	22.0
00-14	21.0	20.0	16.0	15.0	20.0	22.0
00-16	21.0	21.0	15.0	17.0	20.0	21.0
00-18	21.0	21.0	16.0	18.0	21.0	21.0
00-20	22.0	22.0	16.0	17.0	21.0	22.0
00-22	21.0	21.0	15.0	16.0	19.0	22.0
00-24	22.0	22.0	16.0	16.0	20.0	22.0
00-26	21.0	21.0	14.0	16.0	20.0	21.0
00-28	21.0	21.0	15.0	17.0	21.0	21.0
00-30	22.0	22.0	16.0	17.0	21.0	21.0
00-32	22.0	22.0	15.0	16.0	20.0	21.0
00-34	23.0	23.0	15.0	15.0	20.0	23.0
00-36	23.0	22.0	17.0	16.0	20.0	22.0
00-38	23.0	23.0	15.0	16.0	21.0	22.0
00-40	22.0	22.0	15.0	15.0	21.0	22.0
00-42	24.0	24.0	15.0	15.0	20.0	22.0
00-44	22.0	22.0	15.0	15.0	19.0	22.0
00-46	21.0	21.0	16.0	15.0	21.0	21.0
00-48	22.0	22.0	16.0	16.0	22.0	22.0
00-50	21.0	21.0	15.0	17.0	19.0	21.0
00-52	21.0	21.0	16.0	15.0	19.0	21.0
00-54	22.0	22.0	17.0	16.0	21.0	22.0
00-56	21.0	21.0	16.0	15.0	21.0	21.0
00-58	22.0	21.0	16.0	15.0	22.0	22.0
01-00	22.0	22.0	17.0	16.0	22.0	22.0
01-02	20.0	20.0	16.0	14.0	20.0	20.0
01-04	21.0	21.0	15.0	15.0	20.0	21.0
01-06	22.0	22.0	16.0	16.0	22.0	22.0
01-08	22.0	21.0	15.0	15.0	22.0	22.0
01-10	22.0	22.0	15.0	15.0	22.0	21.0
01-12	22.0	21.0	16.0	17.0	21.0	23.0
01-14	21.0	21.0	16.0	14.0	21.0	21.0
01-16	22.0	21.0	16.0	15.0	21.0	22.0
01-18	23.0	23.0	15.0	16.0	22.0	23.0
01-20	22.0	22.0	16.0	16.0	22.0	22.0
01-22	22.0	22.0	15.0	16.0	21.0	21.0
01-24	23.0	23.0	16.0	15.0	22.0	23.0
01-26	23.0	23.0	15.0	14.0	19.0	22.0
01-28	22.0	22.0	15.0	16.0	20.0	21.0
01-30	22.0	21.0	16.0	15.0	22.0	22.0
01-32	22.0	22.0	17.0	15.0	20.0	22.0
01-34	22.0	22.0	15.0	16.0	21.0	22.0
01-36	22.0	23.0	16.0	17.0	21.0	23.0
01-38	21.0	21.0	15.0	15.0	20.0	21.0
01-40	23.0	22.0	16.0	15.0	21.0	22.0
01-42	23.0	23.0	16.0	15.0	21.0	23.0
01-44	21.0	21.0	15.0	15.0	20.0	21.0
01-46	23.0	23.0	16.0	17.0	21.0	23.0
01-48	23.0	23.0	17.0	17.0	21.0	23.0
01-50	21.0	20.0	15.0	16.0	20.0	21.0
01-52	22.0	22.0	15.0	15.0	19.0	22.0
01-54	22.0	22.0	16.0	16.0	22.0	22.0
01-56	22.0	22.0	15.0	15.0	20.0	22.0
01-58	22.0	22.0	16.0	16.0	20.0	21.0
02-00	22.0	22.0	17.0	17.0	21.0	23.0
02-02	22.0	22.0	16.0	16.0	21.0	22.0
02-04	22.0	22.0	16.0	16.0	20.0	22.0
02-06	23.0	23.0	17.0	18.0	22.0	23.0
02-08	22.0	22.0	15.0	15.0	20.0	22.0
02-10	22.0	22.0	17.0	16.0	20.0	21.0
02-12	23.0	23.0	16.0	17.0	22.0	23.0
02-14	22.0	22.0	16.0	16.0	20.0	22.0
02-16	22.0	22.0	15.0	16.0	21.0	22.0
02-18	22.0	22.0	16.0	17.0	21.0	22.0
02-20	21.0	22.0	17.0	16.0	21.0	22.0
02-22	21.0	21.0	16.0	16.0	20.0	21.0
02-24	21.0	21.0	17.0	16.0	21.0	21.0
02-26	21.0	21.0	14.0	16.0	20.0	21.0
02-28	21.0	21.0	15.0	17.0	20.0	21.0
02-30	22.0	21.0	16.0	17.0	21.0	21.0
02-32	22.0	22.0	15.0	16.0	20.0	22.0
02-34	21.0	21.0	15.0	17.0	20.0	21.0
02-36	22.0	21.0	16.0	18.0	22.0	22.0
02-38	22.0	22.0	16.0	15.0	20.0	22.0
02-40	23.0	23.0	18.0	16.0	22.0	23.0
02-42	22.0	22.0	16.0	16.0	21.0	22.0
02-44	21.0	21.0	18.0	14.0	21.0	22.0
02-46	21.0	21.0	16.0	15.0	22.0	22.0
02-48	21.0	21.0	17.0	16.0	21.0	21.0
02-50	21.0	21.0	17.0	14.0	21.0	21.0
02-52	20.0	20.0	16.0	15.0	21.0	21.0
02-54	21.0	22.0	18.0	16.0	21.0	22.0
02-56	21.0	21.0	15.0	16.0	20.0	21.0
02-58	22.0	22.0	14.0	15.0	20.0	22.0
03-00	22.0	22.0	17.0	17.0	21.0	22.0
03-02	21.0	20.0	14.0	15.0	21.0	21.0
03-04	21.0	21.0	15.0	15.0	19.0	21.0
03-06	21.0	21.0	16.0	16.0	21.0	21.0
03-08	21.0	21.0	14.0	15.0	19.0	21.0
03-10	22.0	22.0	16.0	15.0	20.0	22.0
03-12	21.0	21.0	16.0	17.0	21.0	21.0
03-14	21.0	20.0	16.0	15.0	21.0	22.0
03-16	22.0	22.0	15.0	15.0	20.0	22.0
03-18	22.0	21.0	15.0	15.0	22.0	22.0
03-20	23.0	23.0	16.0	15.0	21.0	23.0
03-22	22.0	22.0	15.0	15.0	20.0	21.0
03-24	23.0	23.0	15.0	16.0	20.0	23.0
03-26	22.0	22.0	15.0	16.0	20.0	22.0
03-28	22.0	22.0	15.0	16.0	20.0	21.0
03-30	22.0	22.0	16.0	15.0	21.0	22.0
03-32	20.0	20.0	14.0	16.0	21.0	21.0
03-34	20.0	20.0	15.0	16.0	20.0	20.0
03-36	23.0	23.0	16.0	16.0	22.0	23.0
03-38	21.0	21.0	14.0	16.0	21.0	22.0
03-40	22.0	22.0	16.0	16.0	22.0	22.0
03-42	23.0	23.0	16.0	17.0	22.0	23.0
03-44	21.0	21.0	15.0	14.0	21.0	21.0
03-46	20.0	20.0	16.0	14.0	20.0	20.0
03-48	23.0	23.0	17.0	15.0	21.0	23.0
03-50	21.0	21.0	15.0	15.0	20.0	21.0
03-52	22.0	22.0	15.0	14.0	21.0	21.0
03-54	23.0	23.0	16.0	15.0	22.0	23.0
03-56	21.0	21.0	14.0	15.0	21.0	22.0
03-58	20.0	20.0	15.0	15.0	20.0	21.0
04-00	23.0	23.0	17.0	17.0	21.0	23.0
04-02	21.0	20.0	15.0	13.0	21.0	21.0
04-04	22.0	21.0	15.0	13.0	21.0	21.0
04-06	21.0	21.0	16.0	16.0	21.0	22.0
04-08	22.0	22.0	16.0	15.0	20.0	22.0
04-10	21.0	21.0	16.0	16.0	20.0	21.0
04-12	23.0	23.0	16.0	15.0	20.0	23.0
04-14	24.0	23.0	15.0	16.0	21.0	23.0
04-16	24.0	24.0	16.0	16.0	21.0	23.0
04-18	22.0	22.0	16.0	15.0	21.0	22.0
04-20	22.0	22.0	17.0	16.0	22.0	22.0
04-22	21.0	21.0	16.0	15.0	21.0	22.0
04-24	21.0	21.0	17.0	16.0	20.0	21.0
04-26	22.0	22.0	15.0	14.0	21.0	21.0
04-28	22.0	21.0	15.0	13.0	21.0	22.0
04-30	23.0	23.0	16.0	17.0	21.0	23.0
04-32	22.0	22.0	16.0	15.0	21.0	22.0
04-34	21.0	21.0	16.0	15.0	23.0	23.0
04-36	23.0	23.0	17.0	16.0	22.0	23.0
04-38	21.0	21.0	17.0	15.0	21.0	21.0
04-40	22.0	22.0	16.0	17.0	21.0	22.0
04-42	22.0	22.0	17.0	15.0	22.0	22.0
04-44	21.0	21.0	16.0	15.0	21.0	22.0
04-46	21.0	20.0	16.0	16.0	21.0	21.0
04-48	22.0	22.0	16.0	15.0	20.0	22.0
04-50	21.0	21.0	15.0	16.0	20.0	21.0
04-52	21.0	21.0	15.0	14.0	21.0	22.0
04-54	21.0	21.0	16.0	15.0	22.0	22.0
04-56	21.0	21.0	15.0	15.0	20.0	22.0
04-58	21.0	21.0	15.0	15.0	21.0	21.0
05-00	22.0	20.0	17.0	14.0	22.0	22.0
05-02	21.0	21.0	14.0	15.0	20.0	21.0
05-04	21.0	20.0	15.0	16.0	21.0	22.0
05-06	22.0	21.0	18.0	16.0	22.0	22.0
05-08	22.0	22.0	15.0	16.0	22.0	22.0
05-10	21.0	21.0	15.0	15.0	21.0	21.0
05-12	22.0	22.0	17.0	16.0	22.0	22.0
05-14	22.0	20.0	16.0	16.0	22.0	22.0
05-16	22.0	22.0	14.0	16.0	20.0	21.0
05-18	23.0	22.0	16.0	16.0	23.0	23.0
05-20	22.0	22.0	17.0	16.0	22.0	22.0
05-22	21.0	21.0	15.0	16.0	20.0	22.0
05-24	22.0	21.0	16.0	17.0	21.0	21.0
05-26	21.0	22.0	16.0	15.0	21.0	22.0
05-28	21.0	21.0	14.0	15.0	20.0	21.0
05-30	22.0	21.0	15.0	17.0	22.0	22.0
05-32	21.0	20.0	14.0	16.0	21.0	21.0
05-34	20.0	20.0	13.0	16.0	20.0	21.0
05-36	21.0	21.0	16.0	16.0	21.0	21.0
05-38	21.0	20.0	15.0	15.0	20.0	22.0
05-40	22.0	21.0	16.0	17.0	21.0	21.0
05-42	22.0	21.0	16.0	17.0	21.0	22.0
05-44	20.0	21.0	15.0	16.0	20.0	21.0
05-46	21.0	21.0	15.0	15.0	20.0	21.0
05-48	23.0	23.0	16.0	15.0	22.0	23.0
05-50	24.0	24.0	15.0	16.0	20.0	25.0
05-52	21.0	21.0	15.0	15.0	20.0	21.0
05-54	22.0	21.0	16.0	16.0	22.0	23.0
05-56	21.0	20.0	15.0	16.0	21.0	21.0
05-58	22.0	22.0	16.0	17.0	20.0	22.0
06-00	22.0	22.0	17.0	15.0	22.0	22.0
06-02	22.0	21.0	16.0	14.0	22.0	22.0
06-04	22.0	21.0	15.0	15.0	22.0	22.0
06-06	22.0	21.0	15.0	14.0	22.0	22.0
06-08	22.0	21.0	15.0	14.0	22.0	22.0
06-10	23.0	22.0	16.0	14.0	23.0	23.0
06-12	23.0	20.0	16.0	15.0	23.0	24.0
06-14	22.0	21.0	16.0	13.0	22.0	22.0
06-16	21.0	21.0	15.0	16.0	21.0	21.0
06-18	22.0	22.0	16.0	15.0	22.0	22.0
06-20	22.0	22.0	17.0	16.0	22.0	22.0
06-22	22.0	22.0	14.0	15.0	21.0	22.0
06-24	22.0	22.0	16.0	15.0	22.0	22.0
06-26	21.0	21.0	13.0	15.0	20.0	21.0
06-28	20.0	20.0	15.0	14.0	20.0	20.0
06-30	21.0	20.0	16.0	17.0	20.0	21.0
06-32	21.0	20.0	14.0	16.0	21.0	21.0
06-34	21.0	20.0	14.0	13.0	20.0	20.0
06-36	21.0	21.0	16.0	14.0	22.0	22.0
06-38	21.0	21.0	16.0	15.0	21.0	21.0
06-40	22.0	22.0	16.0	15.0	22.0	22.0
06-42	21.0	21.0	16.0	15.0	21.0	21.0
06-44	21.0	21.0	15.0	15.0	21.0	21.0
06-46	21.0	21.0	14.0	16.0	21.0	21.0
06-48	22.0	20.0	15.0	16.0	23.0	23.0
06-50	22.0	20.0	14.0	13.0	21.0	21.0
06-52	21.0	21.0	15.0	14.0	21.0	21.0
06-54	22.0	21.0	16.0	16.0	22.0	22.0
06-56	21.0	21.0	15.0	15.0	20.0	21.0
06-58	21.0	21.0	16.0	14.0	21.0	21.0
07-00	22.0	22.0	16.0	15.0	22.0	22.0
07-02	21.0	21.0	16.0	15.0	21.0	21.0
07-04	21.0	20.0	16.0	14.0	21.0	21.0
07-06	21.0	21.0	18.0	16.0	22.0	22.0
07-08	22.0	21.0	15.0	14.0	22.0	22.0
07-10	22.0	21.0	15.0	14.0	22.0	22.0
07-12	22.0	22.0	17.0	15.0	22.0	23.0
07-14	22.0	21.0	16.0	14.0	22.0	22.0
07-16	22.0	22.0	16.0	15.0	20.0	22.0
07-18	23.0	23.0	16.0	14.0	21.0	23.0
07-20	23.0	23.0	16.0	17.0	22.0	22.0
07-22	21.0	21.0	16.0	14.0	20.0	21.0
07-24	21.0	21.0	16.0	16.0	22.0	22.0
07-26	21.0	21.0	15.0	14.0	21.0	21.0
07-28	22.0	22.0	15.0	14.0	22.0	22.0
07-30	24.0	22.0	16.0	17.0	24.0	24.0
07-32	21.0	21.0	16.0	15.0	22.0	22.0
07-34	22.0	20.0	16.0	15.0	22.0	23.0
07-36	22.0	21.0	16.0	15.0	22.0	22.0
07-38	25.0	25.0	18.0	19.0	22.0	24.0
07-40	23.0	22.0	16.0	17.0	22.0	22.0
07-42	22.0	22.0	15.0	18.0	22.0	22.0
07-44	22.0	21.0	15.0	14.0	21.0	22.0
07-46	23.0	21.0	16.0	13.0	21.0	21.0
07-48	23.0	22.0	15.0	14.0	22.0	22.0
07-50	22.0	22.0	15.0	14.0	21.0	22.0
07-52	22.0	21.0	16.0	14.0	22.0	22.0
07-54	22.0	22.0	16.0	15.0	22.0	22.0
07-56	23.0	21.0	16.0	14.0	23.0	23.0
07-58	22.0	21.0	17.0	14.0	21.0	22.0
08-00	25.0	25.0	18.0	17.0	22.0	24.0
08-02	24.0	24.0	17.0	17.0	20.0	24.0
08-04	23.0	23.0	16.0	15.0	21.0	22.0
08-06	22.0	22.0	19.0	16.0	22.0	22.0
08-08	22.0	22.0	15.0	15.0	20.0	22.0
08-10	22.0	22.0	16.0	15.0	20.0	22.0
08-12	21.0	21.0	16.0	15.0	21.0	21.0
08-14	23.0	23.0	16.0	16.0	21.0	22.0
08-16	22.0	21.0	15.0	16.0	22.0	22.0
08-18	22.0	22.0	16.0	17.0	22.0	22.0
08-20	22.0	22.0	16.0	18.0	21.0	22.0
08-22	22.0	22.0	16.0	16.0	21.0	22.0
08-24	22.0	22.0	16.0	17.0	22.0	22.0
08-26	22.0	22.0	16.0	17.0	20.0	22.0
08-28	21.0	21.0	15.0	16.0	21.0	22.0
08-30	23.0	23.0	16.0	17.0	22.0	23.0
08-32	22.0	22.0	15.0	16.0	22.0	22.0
08-34	22.0	22.0	16.0	16.0	22.0	23.0
08-36	23.0	23.0	19.0	17.0	21.0	23.0
08-38	22.0	21.0	15.0	16.0	21.0	23.0
08-40	22.0	22.0	15.0	16.0	22.0	22.0
08-42	21.0	21.0	17.0	17.0	21.0	21.0
08-44	23.0	23.0	15.0	16.0	21.0	23.0
08-46	22.0	22.0	16.0	18.0	21.0	22.0
08-48	23.0	23.0	18.0	17.0	21.0	23.0
08-50	22.0	22.0	16.0	17.0	21.0	22.0
08-52	25.0	25.0	18.0	18.0	24.0	25.0
08-54	23.0	23.0	17.0	18.0	23.0	23.0
08-56	23.0	23.0	16.0	17.0	22.0	24.0
08-58	23.0	23.0	16.0	18.0	21.0	24.0
09-00	25.0	25.0	20.0	18.0	23.0	25.0
09-02	24.0	23.0	16.0	17.0	24.0	24.0
09-04	24.0	23.0	17.0	17.0	23.0	23.0
09-06	24.0	24.0	18.0	18.0	24.0	24.0
09-08	24.0	24.0	18.0	17.0	24.0	24.0
09-10	24.0	23.0	17.0	18.0	24.0	24.0
09-12	24.0	24.0	17.0	18.0	24.0	24.0
09-14	23.0	21.0	17.0	17.0	23.0	23.0
09-16	22.0	22.0	16.0	17.0	20.0	22.0
09-18	23.0	23.0	17.0	16.0	21.0	23.0
09-20	23.0	23.0	16.0	16.0	21.0	23.0
09-22	22.0	22.0	14.0	16.0	22.0	22.0
09-24	22.0	21.0	16.0	16.0	23.0	23.0
09-26	23.0	23.0	15.0	17.0	21.0	23.0
09-28	24.0	23.0	15.0	18.0	21.0	23.0
09-30	24.0	23.0	19.0	16.0	24.0	24.0
09-32	23.0	24.0	17.0	18.0	23.0	24.0
09-34	24.0	24.0	16.0	18.0	23.0	24.0
09-36	24.0	23.0	19.0	20.0	24.0	24.0
09-38	24.0	24.0	18.0	18.0	22.0	24.0
09-40	26.0	26.0	17.0	19.0	24.0	26.0
09-42	25.0	25.0	19.0	18.0	24.0	25.0
09-44	24.0	24.0	17.0	19.0	23.0	24.0
09-46	23.0	23.0	18.0	18.0	23.0	23.0
09-48	26.0	25.0	20.0	21.0	24.0	25.0
09-50	24.0	24.0	17.0	20.0	24.0	25.0
09-52	24.0	25.0	18.0	18.0	24.0	25.0
09-54	24.0	24.0	20.0	18.0	24.0	24.0
09-56	23.0	23.0	19.0	19.0	23.0	23.0
09-58	24.0	24.0	16.0	20.0	23.0	24.0
10-00	25.0	25.0	20.0	21.0	24.0	25.0
10-02	25.0	25.0	18.0	19.0	23.0	24.0
10-04	26.0	26.0	17.0	18.0	23.0	26.0
10-06	26.0	26.0	20.0	19.0	24.0	26.0
10-08	24.0	24.0	19.0	20.0	23.0	24.0
10-10	24.0	24.0	19.0	19.0	23.0	24.0
10-12	25.0	25.0	20.0	19.0	24.0	25.0
10-14	25.0	25.0	20.0	20.0	24.0	26.0
10-16	28.0	27.0	21.0	18.0	25.0	28.0
10-18	25.0	25.0	19.0	18.0	24.0	25.0
10-20	26.0	26.0	20.0	20.0	24.0	25.0
10-22	25.0	25.0	19.0	18.0	24.0	25.0
10-24	25.0	25.0	19.0	19.0	24.0	25.0
10-26	25.0	25.0	18.0	20.0	24.0	25.0
10-28	25.0	25.0	20.0	20.0	24.0	25.0
10-30	26.0	26.0	21.0	20.0	24.0	26.0
10-32	26.0	25.0	19.0	21.0	23.0	25.0
10-34	26.0	26.0	19.0	19.0	24.0	26.0
10-36	26.0	26.0	20.0	19.0	24.0	26.0
10-38	26.0	26.0	20.0	19.0	23.0	26.0
10-40	26.0	26.0	20.0	20.0	24.0	26.0
10-42	27.0	27.0	20.0	19.0	24.0	27.0
10-44	25.0	25.0	20.0	21.0	24.0	25.0
10-46	26.0	26.0	19.0	18.0	24.0	25.0
10-48	26.0	26.0	20.0	19.0	24.0	26.0
10-50	25.0	25.0	19.0	19.0	24.0	25.0
10-52	29.0	29.0	28.0	23.0	25.0	29.0
10-54	26.0	26.0	20.0	20.0	24.0	26.0
10-56	25.0	25.0	20.0	18.0	25.0	25.0
10-58	24.0	23.0	20.0	18.0	24.0	24.0
11-00	26.0	26.0	21.0	21.0	24.0	26.0
11-02	24.0	24.0	21.0	18.0	24.0	24.0
11-04	24.0	23.0	19.0	18.0	24.0	24.0
11-06	24.0	24.0	20.0	18.0	24.0	24.0
11-08	24.0	24.0	16.0	18.0	23.0	24.0
11-10	23.0	22.0	17.0	18.0	23.0	23.0
11-12	24.0	23.0	19.0	20.0	24.0	24.0
11-14	22.0	21.0	18.0	17.0	23.0	23.0
11-16	22.0	22.0	16.0	18.0	22.0	22.0
11-18	22.0	22.0	16.0	19.0	23.0	23.0
11-20	23.0	23.0	17.0	17.0	23.0	23.0
11-22	23.0	21.0	16.0	17.0	23.0	23.0
11-24	22.0	22.0	17.0	18.0	22.0	22.0
11-26	22.0	22.0	16.0	17.0	21.0	22.0
11-28	23.0	23.0	16.0	17.0	22.0	23.0
11-30	24.0	24.0	18.0	17.0	23.0	24.0
11-32	23.0	23.0	15.0	18.0	21.0	22.0
11-34	23.0	22.0	16.0	15.0	23.0	23.0
11-36	23.0	22.0	17.0	17.0	23.0	23.0
11-38	24.0	24.0	15.0	17.0	21.0	24.0
11-40	24.0	24.0	16.0	17.0	22.0	24.0
11-42	24.0	24.0	16.0	18.0	21.0	24.0
11-44	23.0	22.0	16.0	17.0	21.0	22.0
11-46	23.0	23.0	16.0	16.0	22.0	22.0
11-48	22.0	22.0	16.0	16.0	21.0	22.0
11-50	22.0	21.0	18.0	16.0	23.0	23.0
11-52	21.0	21.0	18.0	16.0	23.0	23.0
11-54	22.0	22.0	19.0	16.0	22.0	22.0
11-56	21.0	23.0	15.0	16.0	21.0	23.0
11-58	23.0	23.0	15.0	17.0	21.0	23.0
12-00	22.0	22.0	15.0	18.0	22.0	22.0
12-02	21.0	21.0	16.0	16.0	21.0	21.0
12-04	22.0	22.0	15.0	17.0	21.0	22.0
12-06	23.0	22.0	16.0	18.0	23.0	23.0
12-08	22.0	22.0	15.0	15.0	21.0	21.0
12-10	22.0	22.0	16.0	17.0	21.0	22.0
12-12	22.0	22.0	16.0	16.0	22.0	22.0
12-14	22.0	22.0	15.0	16.0	22.0	22.0
12-16	21.0	21.0	15.0	16.0	21.0	21.0
12-18	22.0	21.0	16.0	16.0	22.0	22.0
12-20	23.0	22.0	16.0	16.0	23.0	23.0
12-22	21.0	20.0	16.0	16.0	21.0	21.0
12-24	22.0	21.0	17.0	17.0	22.0	22.0
12-26	21.0	21.0	15.0	16.0	20.0	22.0
12-28	22.0	22.0	15.0	17.0	21.0	22.0
12-30	23.0	22.0	17.0	19.0	23.0	23.0
12-32	21.0	21.0	16.0	18.0	21.0	23.0
12-34	21.0	21.0	16.0	16.0	21.0	22.0
12-36	22.0	20.0	16.0	16.0	22.0	22.0
12-38	22.0	21.0	16.0	16.0	22.0	22.0
12-40	22.0	22.0	16.0	18.0	22.0	22.0
12-42	22.0	22.0	17.0	18.0	22.0	22.0
12-44	21.0	21.0	16.0	16.0	20.0	21.0
12-46	21.0	21.0	15.0	17.0	21.0	22.0
12-48	22.0	22.0	18.0	17.0	21.0	22.0
12-50	22.0	21.0	17.0	15.0	22.0	22.0
12-52	23.0	21.0	16.0	15.0	23.0	23.0
12-54	23.0	22.0	18.0	16.0	22.0	22.0
12-56	21.0	20.0	16.0	16.0	21.0	22.0
12-58	24.0	23.0	18.0	20.0	24.0	24.0
13-00	24.0	24.0	17.0	18.0	22.0	24.0
13-02	21.0	21.0	15.0	17.0	21.0	21.0
13-04	22.0	22.0	16.0	17.0	22.0	23.0
13-06	22.0	22.0	16.0	18.0	22.0	23.0
13-08	21.0	21.0	17.0	16.0	21.0	21.0
13-10	22.0	21.0	16.0	16.0	22.0	22.0
13-12	21.0	21.0	17.0	18.0	22.0	22.0
13-14	22.0	22.0	17.0	17.0	21.0	22.0
13-16	21.0	23.0	16.0	16.0	22.0	23.0
13-18	23.0	23.0	17.0	17.0	21.0	23.0
13-20	23.0	23.0	18.0	17.0	22.0	23.0
13-22	22.0	22.0	17.0	17.0	22.0	22.0
13-24	22.0	22.0	18.0	18.0	22.0	22.0
13-26	21.0	20.0	16.0	17.0	21.0	21.0
13-28	22.0	22.0	16.0	18.0	22.0	22.0
13-30	22.0	22.0	17.0	18.0	22.0	22.0
13-32	21.0	20.0	16.0	15.0	22.0	22.0
13-34	22.0	22.0	16.0	18.0	22.0	22.0
13-36	22.0	22.0	16.0	17.0	23.0	23.0
13-38	22.0	21.0	16.0	16.0	22.0	22.0
13-40	22.0	22.0	17.0	16.0	22.0	22.0
13-42	23.0	22.0	18.0	16.0	23.0	23.0
13-44	24.0	23.0	19.0	18.0	24.0	24.0
13-46	23.0	22.0	17.0	17.0	23.0	23.0
13-48	24.0	24.0	16.0	17.0	24.0	24.0
13-50	21.0	20.0	16.0	16.0	21.0	21.0
13-52	22.0	21.0	18.0	17.0	24.0	24.0
13-54	23.0	22.0	18.0	16.0	23.0	23.0
13-56	22.0	21.0	17.0	17.0	23.0	23.0
13-58	22.0	22.0	17.0	17.0	22.0	22.0
14-00	75.0	74.0	73.0	75.0	72.0	74.0
14-02	28.0	27.0	24.0	24.0	28.0	28.0
14-04	23.0	23.0	19.0	18.0	24.0	24.0
14-06	23.0	23.0	18.0	17.0	22.0	23.0
14-08	22.0	22.0	17.0	17.0	23.0	23.0
14-10	22.0	22.0	15.0	18.0	22.0	22.0
14-12	34.0	34.0	34.0	31.0	31.0	34.0
14-14	29.0	29.0	25.0	25.0	29.0	29.0
14-16	23.0	22.0	18.0	18.0	23.0	23.0
14-18	22.0	22.0	19.0	17.0	21.0	22.0
14-20	22.0	22.0	18.0	19.0	22.0	22.0
14-22	23.0	21.0	16.0	17.0	23.0	23.0
14-24	23.0	22.0	16.0	16.0	23.0	23.0
14-26	24.0	24.0	20.0	18.0	24.0	24.0
14-28	22.0	21.0	17.0	15.0	22.0	22.0
14-30	22.0	23.0	18.0	16.0	22.0	23.0
14-32	24.0	20.0	17.0	15.0	23.0	23.0
14-34	23.0	22.0	17.0	16.0	22.0	22.0
14-36	23.0	21.0	16.0	17.0	24.0	24.0
14-38	23.0	20.0	17.0	17.0	23.0	23.0
14-40	23.0	23.0	18.0	19.0	23.0	23.0
14-42	29.0	29.0	23.0	21.0	25.0	29.0
14-44	24.0	23.0	19.0	18.0	24.0	24.0
14-46	23.0	23.0	18.0	17.0	24.0	24.0
14-48	24.0	24.0	19.0	18.0	24.0	24.0
14-50	24.0	24.0	17.0	18.0	24.0	24.0
14-52	24.0	23.0	18.0	17.0	24.0	24.0
14-54	24.0	24.0	18.0	18.0	24.0	24.0
14-56	24.0	24.0	19.0	18.0	24.0	24.0
14-58	24.0	24.0	20.0	18.0	24.0	24.0
15-00	26.0	26.0	21.0	21.0	25.0	26.0
15-02	24.0	25.0	19.0	18.0	24.0	25.0
15-04	24.0	24.0	19.0	17.0	24.0	24.0
15-06	25.0	25.0	20.0	20.0	24.0	25.0
15-08	24.0	24.0	19.0	19.0	24.0	24.0
15-10	25.0	24.0	20.0	19.0	24.0	24.0
15-12	25.0	25.0	22.0	21.0	24.0	25.0
15-14	24.0	23.0	19.0	18.0	24.0	24.0
15-16	24.0	25.0	20.0	20.0	24.0	25.0
15-18	24.0	24.0	22.0	18.0	24.0	24.0
15-20	25.0	25.0	21.0	19.0	24.0	25.0
15-22	24.0	24.0	19.0	18.0	24.0	24.0
15-24	26.0	26.0	19.0	20.0	24.0	26.0
15-26	24.0	24.0	19.0	18.0	24.0	24.0
15-28	24.0	24.0	17.0	18.0	24.0	25.0
15-30	24.0	23.0	20.0	19.0	24.0	24.0
15-32	24.0	24.0	20.0	17.0	24.0	24.0
15-34	24.0	24.0	20.0	17.0	24.0	24.0
15-36	25.0	25.0	20.0	19.0	24.0	24.0
15-38	24.0	24.0	19.0	19.0	24.0	24.0
15-40	26.0	26.0	20.0	19.0	24.0	27.0
15-42	24.0	24.0	19.0	19.0	23.0	24.0
15-44	24.0	24.0	19.0	19.0	23.0	24.0
15-46	25.0	25.0	19.0	19.0	23.0	25.0
15-48	26.0	26.0	19.0	17.0	24.0	26.0
15-50	24.0	22.0	20.0	18.0	24.0	24.0
15-52	24.0	23.0	18.0	20.0	24.0	24.0
15-54	24.0	24.0	20.0	19.0	24.0	25.0
15-56	24.0	24.0	19.0	19.0	24.0	24.0
15-58	25.0	25.0	20.0	19.0	23.0	25.0
16-00	26.0	26.0	20.0	20.0	25.0	26.0
16-02	24.0	24.0	18.0	19.0	24.0	24.0
16-04	26.0	26.0	18.0	19.0	23.0	26.0
16-06	24.0	24.0	17.0	19.0	24.0	24.0
16-08	23.0	23.0	16.0	17.0	22.0	23.0
16-10	23.0	22.0	18.0	17.0	23.0	23.0
16-12	24.0	22.0	17.0	18.0	24.0	24.0
16-14	22.0	22.0	16.0	16.0	22.0	23.0
16-16	23.0	23.0	16.0	18.0	22.0	23.0
16-18	23.0	22.0	17.0	16.0	23.0	23.0
16-20	24.0	24.0	17.0	17.0	23.0	24.0
16-22	22.0	21.0	17.0	15.0	23.0	23.0
16-24	23.0	22.0	18.0	18.0	23.0	23.0
16-26	22.0	22.0	18.0	16.0	23.0	23.0
16-28	22.0	21.0	17.0	17.0	23.0	23.0
16-30	22.0	22.0	18.0	18.0	23.0	23.0
16-32	22.0	21.0	17.0	16.0	22.0	23.0
16-34	23.0	21.0	16.0	15.0	23.0	23.0
16-36	22.0	22.0	18.0	18.0	22.0	22.0
16-38	22.0	22.0	18.0	16.0	23.0	23.0
16-40	24.0	23.0	20.0	18.0	24.0	24.0
16-42	23.0	23.0	19.0	17.0	23.0	22.0
16-44	22.0	21.0	16.0	17.0	22.0	22.0
16-46	23.0	22.0	18.0	16.0	23.0	23.0
16-48	22.0	22.0	19.0	17.0	22.0	22.0
16-50	24.0	23.0	20.0	18.0	24.0	24.0
16-52	22.0	21.0	18.0	17.0	22.0	23.0
16-54	33.0	33.0	33.0	29.0	32.0	34.0
16-56	24.0	24.0	20.0	17.0	24.0	24.0
16-58	24.0	23.0	17.0	17.0	24.0	23.0
17-00	24.0	23.0	18.0	18.0	24.0	24.0
17-02	28.0	27.0	22.0	28.0	26.0	28.0
17-04	24.0	24.0	19.0	19.0	23.0	23.0
17-06	23.0	23.0	19.0	17.0	23.0	23.0
17-08	35.0	35.0	25.0	25.0	27.0	35.0
17-10	25.0	25.0	20.0	19.0	24.0	25.0
17-12	24.0	23.0	19.0	18.0	24.0	24.0
17-14	24.0	22.0	19.0	17.0	23.0	23.0
17-16	24.0	21.0	18.0	17.0	24.0	24.0
17-18	23.0	23.0	17.0	17.0	23.0	23.0
17-20	24.0	23.0	18.0	17.0	24.0	24.0
17-22	22.0	22.0	17.0	18.0	22.0	22.0
17-24	23.0	23.0	19.0	17.0	23.0	23.0
17-26	22.0	21.0	18.0	17.0	21.0	22.0
17-28	23.0	21.0	18.0	17.0	23.0	23.0
17-30	22.0	22.0	18.0	17.0	22.0	23.0
17-32	22.0	20.0	16.0	16.0	23.0	23.0
17-34	23.0	21.0	18.0	15.0	23.0	23.0
17-36	24.0	21.0	17.0	16.0	24.0	24.0
17-38	22.0	21.0	16.0	16.0	22.0	22.0
17-40	22.0	21.0	17.0	16.0	22.0	22.0
17-42	22.0	22.0	15.0	16.0	23.0	23.0
17-44	22.0	21.0	16.0	15.0	22.0	22.0
17-46	22.0	20.0	16.0	15.0	22.0	22.0
17-48	21.0	21.0	18.0	16.0	21.0	21.0
17-50	21.0	20.0	16.0	16.0	21.0	22.0
17-52	22.0	20.0	16.0	15.0	22.0	22.0
17-54	21.0	21.0	18.0	16.0	21.0	21.0
17-56	21.0	20.0	17.0	15.0	21.0	22.0
17-58	21.0	20.0	16.0	16.0	21.0	21.0
18-00	22.0	22.0	16.0	16.0	23.0	23.0
18-02	21.0	20.0	16.0	15.0	21.0	21.0
18-04	21.0	20.0	17.0	13.0	21.0	21.0
18-06	21.0	21.0	16.0	16.0	22.0	22.0
18-08	21.0	20.0	16.0	15.0	22.0	22.0
18-10	21.0	20.0	17.0	15.0	23.0	23.0
18-12	21.0	21.0	17.0	15.0	21.0	21.0
18-14	22.0	20.0	14.0	13.0	21.0	21.0
18-16	22.0	20.0	15.0	14.0	21.0	21.0
18-18	22.0	20.0	16.0	15.0	22.0	22.0
18-20	23.0	21.0	16.0	16.0	23.0	23.0
18-22	22.0	20.0	16.0	14.0	21.0	21.0
18-24	21.0	20.0	14.0	15.0	22.0	22.0
18-26	22.0	20.0	15.0	15.0	22.0	20.0
18-28	21.0	19.0	15.0	14.0	21.0	21.0
18-30	22.0	21.0	16.0	15.0	21.0	22.0
18-32	22.0	19.0	15.0	13.0	21.0	21.0
18-34	22.0	20.0	15.0	15.0	21.0	21.0
18-36	22.0	22.0	16.0	15.0	21.0	22.0
18-38	22.0	20.0	14.0	14.0	21.0	21.0
18-40	21.0	21.0	16.0	14.0	21.0	22.0
18-42	21.0	21.0	15.0	16.0	21.0	21.0
18-44	22.0	20.0	15.0	14.0	22.0	22.0
18-46	22.0	20.0	15.0	14.0	22.0	22.0
18-48	22.0	20.0	16.0	14.0	22.0	22.0
18-50	22.0	19.0	15.0	14.0	21.0	21.0
18-52	21.0	19.0	15.0	13.0	20.0	20.0
18-54	21.0	21.0	15.0	15.0	22.0	22.0
18-56	21.0	19.0	15.0	13.0	21.0	21.0
18-58	24.0	23.0	17.0	15.0	22.0	24.0
19-00	22.0	22.0	16.0	16.0	22.0	22.0
19-02	21.0	19.0	15.0	13.0	21.0	21.0
19-04	20.0	20.0	15.0	14.0	21.0	21.0
19-06	20.0	20.0	16.0	15.0	20.0	20.0
19-08	21.0	21.0	14.0	14.0	20.0	21.0
19-10	21.0	21.0	13.0	14.0	20.0	21.0
19-12	22.0	21.0	15.0	15.0	21.0	21.0
19-14	20.0	19.0	13.0	14.0	19.0	21.0
19-16	20.0	20.0	14.0	14.0	20.0	20.0
19-18	22.0	20.0	14.0	14.0	22.0	22.0
19-20	21.0	20.0	15.0	16.0	21.0	21.0
19-22	22.0	19.0	14.0	14.0	22.0	21.0
19-24	22.0	20.0	14.0	14.0	22.0	21.0
19-26	21.0	19.0	13.0	13.0	21.0	21.0
19-28	21.0	19.0	15.0	13.0	21.0	20.0
19-30	21.0	21.0	16.0	13.0	21.0	21.0
19-32	20.0	19.0	14.0	14.0	20.0	20.0
19-34	22.0	20.0	14.0	13.0	21.0	21.0
19-36	22.0	20.0	14.0	14.0	22.0	22.0
19-38	20.0	19.0	15.0	13.0	20.0	20.0
19-40	20.0	20.0	15.0	14.0	21.0	21.0
19-42	20.0	20.0	13.0	15.0	20.0	20.0
19-44	21.0	21.0	13.0	14.0	20.0	20.0
19-46	21.0	19.0	15.0	14.0	22.0	22.0
19-48	21.0	19.0	15.0	15.0	22.0	22.0
19-50	20.0	19.0	14.0	14.0	20.0	22.0
19-52	20.0	19.0	15.0	14.0	21.0	21.0
19-54	20.0	20.0	16.0	14.0	20.0	20.0
19-56	19.0	19.0	13.0	14.0	19.0	19.0
19-58	20.0	19.0	14.0	14.0	19.0	19.0
20-00	21.0	20.0	15.0	16.0	21.0	21.0
20-02	19.0	19.0	14.0	14.0	19.0	20.0
20-04	21.0	21.0	14.0	13.0	21.0	21.0
20-06	21.0	20.0	15.0	16.0	21.0	21.0
20-08	20.0	20.0	14.0	15.0	20.0	20.0
20-10	20.0	20.0	14.0	14.0	20.0	20.0
20-12	21.0	20.0	15.0	16.0	21.0	21.0
20-14	22.0	19.0	14.0	13.0	22.0	22.0
20-16	20.0	19.0	14.0	15.0	20.0	20.0
20-18	21.0	21.0	15.0	15.0	20.0	21.0
20-20	20.0	19.0	16.0	14.0	20.0	22.0
20-22	19.0	19.0	13.0	14.0	19.0	19.0
20-24	20.0	19.0	16.0	15.0	20.0	20.0
20-26	20.0	18.0	13.0	14.0	20.0	20.0
20-28	19.0	19.0	12.0	14.0	19.0	19.0
20-30	21.0	21.0	15.0	14.0	21.0	21.0
20-32	19.0	19.0	14.0	16.0	19.0	19.0
20-34	20.0	19.0	14.0	14.0	20.0	20.0
20-36	20.0	19.0	15.0	15.0	21.0	21.0
20-38	24.0	24.0	16.0	17.0	20.0	24.0
20-40	24.0	25.0	15.0	17.0	22.0	25.0
20-42	20.0	20.0	16.0	15.0	20.0	20.0
20-44	20.0	19.0	14.0	16.0	20.0	20.0
20-46	20.0	20.0	12.0	13.0	19.0	20.0
20-48	21.0	20.0	15.0	16.0	20.0	20.0
20-50	19.0	19.0	13.0	15.0	19.0	19.0
20-52	21.0	21.0	13.0	14.0	19.0	21.0
20-54	20.0	20.0	14.0	14.0	20.0	20.0
20-56	19.0	19.0	12.0	14.0	19.0	20.0
20-58	20.0	20.0	13.0	14.0	19.0	20.0
21-00	20.0	20.0	14.0	16.0	20.0	20.0
21-02	20.0	19.0	12.0	15.0	19.0	20.0
21-04	20.0	20.0	13.0	14.0	19.0	21.0
21-06	20.0	20.0	14.0	14.0	20.0	20.0
21-08	20.0	20.0	12.0	15.0	18.0	20.0
21-10	19.0	19.0	14.0	14.0	19.0	20.0
21-12	21.0	20.0	14.0	16.0	20.0	20.0
21-14	20.0	20.0	15.0	14.0	20.0	20.0
21-16	20.0	20.0	13.0	14.0	19.0	20.0
21-18	21.0	21.0	16.0	15.0	20.0	21.0
21-20	21.0	20.0	15.0	15.0	20.0	20.0
21-22	21.0	19.0	14.0	14.0	21.0	21.0
21-24	21.0	21.0	13.0	13.0	21.0	21.0
21-26	20.0	20.0	14.0	15.0	19.0	20.0
21-28	21.0	21.0	14.0	13.0	19.0	20.0
21-30	21.0	21.0	15.0	14.0	21.0	21.0
21-32	21.0	21.0	14.0	14.0	18.0	20.0
21-34	19.0	19.0	13.0	14.0	18.0	20.0
21-36	21.0	20.0	15.0	15.0	22.0	22.0
21-38	20.0	19.0	13.0	13.0	20.0	20.0
21-40	20.0	20.0	13.0	13.0	20.0	21.0
21-42	20.0	20.0	16.0	14.0	20.0	20.0
21-44	20.0	20.0	14.0	14.0	19.0	20.0
21-46	21.0	19.0	13.0	14.0	21.0	21.0
21-48	21.0	19.0	14.0	15.0	21.0	21.0
21-50	20.0	20.0	14.0	13.0	20.0	20.0
21-52	21.0	20.0	14.0	13.0	21.0	21.0
21-54	21.0	20.0	14.0	14.0	21.0	21.0
21-56	22.0	20.0	15.0	13.0	21.0	21.0
21-58	21.0	20.0	15.0	14.0	21.0	21.0
22-00	21.0	21.0	16.0	14.0	21.0	21.0
22-02	21.0	19.0	14.0	12.0	20.0	20.0
22-04	21.0	19.0	16.0	13.0	21.0	21.0
22-06	21.0	20.0	14.0	14.0	21.0	21.0
22-08	22.0	21.0	15.0	15.0	22.0	22.0
22-10	22.0	20.0	15.0	13.0	22.0	22.0
22-12	21.0	20.0	14.0	15.0	21.0	21.0
22-14	20.0	19.0	14.0	13.0	20.0	20.0
22-16	20.0	20.0	14.0	14.0	20.0	20.0
22-18	21.0	20.0	14.0	15.0	21.0	21.0
22-20	20.0	19.0	14.0	15.0	20.0	20.0
22-22	22.0	19.0	15.0	13.0	20.0	20.0
22-24	22.0	20.0	15.0	13.0	22.0	22.0
22-26	21.0	18.0	14.0	13.0	20.0	20.0
22-28	21.0	19.0	14.0	13.0	21.0	21.0
22-30	22.0	21.0	16.0	14.0	22.0	22.0
22-32	20.0	20.0	14.0	14.0	20.0	20.0
22-34	20.0	20.0	13.0	14.0	20.0	20.0
22-36	20.0	20.0	14.0	14.0	20.0	20.0
22-38	20.0	19.0	14.0	14.0	20.0	20.0
22-40	20.0	20.0	14.0	14.0	20.0	20.0
22-42	20.0	20.0	14.0	14.0	20.0	20.0
22-44	20.0	19.0	14.0	14.0	20.0	20.0
22-46	20.0	19.0	14.0	13.0	20.0	20.0
22-48	19.0	19.0	14.0	14.0	19.0	19.0
22-50	20.0	18.0	14.0	13.0	19.0	19.0
22-52	20.0	19.0	13.0	13.0	20.0	20.0
22-54	21.0	19.0	14.0	14.0	21.0	21.0
22-56	20.0	19.0	13.0	13.0	20.0	20.0
22-58	20.0	18.0	13.0	13.0	20.0	20.0
23-00	22.0	20.0	14.0	16.0	22.0	22.0
23-02	20.0	18.0	12.0	15.0	20.0	20.0
23-04	19.0	20.0	12.0	14.0	19.0	20.0
23-06	20.0	19.0	13.0	15.0	20.0	20.0
23-08	19.0	19.0	12.0	15.0	19.0	19.0
23-10	19.0	19.0	12.0	14.0	19.0	19.0
23-12	20.0	20.0	14.0	15.0	21.0	21.0
23-14	20.0	19.0	13.0	15.0	20.0	20.0
23-16	21.0	19.0	14.0	13.0	21.0	21.0
23-18	20.0	19.0	14.0	14.0	20.0	20.0
23-20	21.0	19.0	15.0	15.0	21.0	21.0
23-22	20.0	20.0	14.0	13.0	20.0	20.0
23-24	20.0	20.0	15.0	13.0	20.0	20.0
23-26	19.0	19.0	13.0	13.0	19.0	19.0
23-28	20.0	18.0	14.0	14.0	19.0	19.0
23-30	21.0	21.0	15.0	13.0	19.0	21.0
23-32	21.0	21.0	13.0	13.0	18.0	21.0
23-34	20.0	20.0	13.0	14.0	19.0	20.0
23-36	20.0	19.0	15.0	14.0	19.0	19.0
23-38	19.0	18.0	14.0	15.0	19.0	20.0
23-40	20.0	20.0	14.0	15.0	20.0	20.0
23-42	20.0	19.0	12.0	14.0	20.0	20.0
23-44	21.0	19.0	13.0	15.0	21.0	21.0
23-46	22.0	20.0	14.0	14.0	22.0	22.0
23-48	22.0	19.0	14.0	15.0	21.0	21.0
23-50	20.0	19.0	13.0	13.0	20.0	20.0
23-52	19.0	18.0	13.0	13.0	19.0	20.0
23-54	20.0	19.0	14.0	14.0	20.0	20.0
23-56	20.0	19.0	12.0	12.0	20.0	20.0
23-58	21.0	19.0	13.0	12.0	21.0	21.0
