00-00	43.0	43.0	39.0	40.0	43.0
00-02	44.0	43.0	40.0	40.0	42.0
00-04	43.0	43.0	39.0	40.0	43.0
00-06	43.0	43.0	40.0	40.0	43.0
00-08	43.0	43.0	40.0	40.0	43.0
00-10	46.0	46.0	40.0	41.0	43.0
00-12	44.0	44.0	40.0	41.0	43.0
00-14	43.0	43.0	39.0	41.0	43.0
00-16	42.0	42.0	39.0	40.0	42.0
00-18	43.0	43.0	40.0	41.0	42.0
00-20	43.0	43.0	40.0	40.0	43.0
00-22	43.0	43.0	40.0	42.0	42.0
00-24	44.0	43.0	39.0	41.0	42.0
00-26	44.0	42.0	40.0	40.0	41.0
00-28	43.0	43.0	39.0	40.0	42.0
00-30	47.0	47.0	44.0	44.0	44.0
00-32	49.0	46.0	49.0	45.0	45.0
00-34	49.0	49.0	45.0	44.0	45.0
00-36	48.0	48.0	46.0	47.0	48.0
00-38	48.0	47.0	44.0	48.0	48.0
00-40	49.0	48.0	45.0	49.0	48.0
00-42	49.0	49.0	45.0	47.0	47.0
00-44	51.0	51.0	45.0	45.0	45.0
00-46	51.0	47.0	45.0	51.0	50.0
00-48	51.0	47.0	46.0	51.0	49.0
00-50	50.0	49.0	50.0	48.0	47.0
00-52	50.0	50.0	50.0	47.0	47.0
00-54	52.0	52.0	46.0	44.0	45.0
00-56	53.0	48.0	44.0	46.0	53.0
00-58	53.0	46.0	43.0	46.0	53.0
01-00	48.0	48.0	46.0	44.0	46.0
01-02	44.0	44.0	40.0	40.0	43.0
01-04	43.0	43.0	40.0	40.0	43.0
01-06	52.0	52.0	46.0	46.0	46.0
01-08	44.0	44.0	40.0	41.0	43.0
01-10	43.0	43.0	40.0	40.0	42.0
01-12	44.0	44.0	41.0	40.0	43.0
01-14	44.0	44.0	39.0	40.0	42.0
01-16	43.0	43.0	40.0	40.0	43.0
01-18	43.0	43.0	39.0	40.0	43.0
01-20	43.0	43.0	40.0	41.0	43.0
01-22	43.0	42.0	40.0	41.0	43.0
01-24	43.0	43.0	40.0	41.0	42.0
01-26	42.0	42.0	39.0	40.0	42.0
01-28	43.0	43.0	39.0	40.0	42.0
01-30	44.0	44.0	40.0	40.0	43.0
01-32	43.0	43.0	40.0	40.0	42.0
01-34	43.0	43.0	39.0	40.0	42.0
01-36	43.0	42.0	40.0	40.0	43.0
01-38	44.0	44.0	39.0	41.0	43.0
01-40	43.0	43.0	40.0	41.0	43.0
01-42	43.0	43.0	38.0	41.0	42.0
01-44	43.0	43.0	40.0	41.0	41.0
01-46	43.0	43.0	39.0	40.0	41.0
01-48	43.0	43.0	40.0	41.0	43.0
01-50	44.0	44.0	41.0	42.0	44.0
01-52	42.0	42.0	40.0	40.0	42.0
01-54	43.0	43.0	39.0	40.0	42.0
01-56	42.0	42.0	39.0	40.0	42.0
01-58	43.0	43.0	39.0	40.0	42.0
02-00	43.0	43.0	40.0	41.0	42.0
02-02	43.0	43.0	39.0	40.0	42.0
02-04	43.0	43.0	39.0	39.0	43.0
02-06	43.0	43.0	39.0	40.0	42.0
02-08	43.0	43.0	39.0	40.0	42.0
02-10	44.0	43.0	39.0	40.0	41.0
02-12	43.0	43.0	39.0	41.0	42.0
02-14	42.0	42.0	39.0	40.0	42.0
02-16	44.0	43.0	40.0	41.0	42.0
02-18	43.0	43.0	39.0	40.0	42.0
02-20	44.0	44.0	40.0	40.0	43.0
02-22	43.0	42.0	39.0	42.0	43.0
02-24	42.0	42.0	40.0	41.0	42.0
02-26	43.0	43.0	39.0	40.0	42.0
02-28	42.0	41.0	40.0	41.0	42.0
02-30	43.0	43.0	40.0	41.0	43.0
02-32	42.0	42.0	39.0	40.0	42.0
02-34	42.0	42.0	39.0	40.0	43.0
02-36	43.0	43.0	39.0	40.0	43.0
02-38	44.0	44.0	40.0	40.0	42.0
02-40	43.0	43.0	40.0	40.0	43.0
02-42	43.0	43.0	40.0	41.0	43.0
02-44	43.0	42.0	39.0	39.0	43.0
02-46	42.0	42.0	39.0	40.0	42.0
02-48	44.0	44.0	39.0	40.0	43.0
02-50	42.0	42.0	39.0	40.0	42.0
02-52	42.0	42.0	39.0	39.0	42.0
02-54	44.0	44.0	40.0	40.0	43.0
02-56	43.0	43.0	39.0	40.0	43.0
02-58	43.0	43.0	40.0	40.0	42.0
03-00	51.0	51.0	45.0	45.0	45.0
03-02	48.0	48.0	44.0	47.0	48.0
03-04	48.0	48.0	46.0	45.0	47.0
03-06	49.0	49.0	47.0	47.0	48.0
03-08	49.0	49.0	44.0	44.0	45.0
03-10	49.0	49.0	47.0	46.0	47.0
03-12	48.0	48.0	47.0	47.0	48.0
03-14	47.0	47.0	47.0	45.0	47.0
03-16	52.0	52.0	49.0	48.0	48.0
03-18	52.0	52.0	47.0	46.0	47.0
03-20	50.0	48.0	50.0	46.0	45.0
03-22	50.0	50.0	50.0	46.0	48.0
03-24	53.0	53.0	46.0	45.0	47.0
03-26	50.0	48.0	46.0	50.0	49.0
03-28	51.0	47.0	45.0	51.0	47.0
03-30	50.0	49.0	50.0	49.0	47.0
03-32	51.0	48.0	46.0	51.0	47.0
03-34	52.0	52.0	46.0	45.0	45.0
03-36	53.0	53.0	49.0	51.0	50.0
03-38	50.0	48.0	45.0	49.0	49.0
03-40	51.0	50.0	50.0	50.0	51.0
03-42	50.0	46.0	44.0	46.0	50.0
03-44	50.0	46.0	44.0	46.0	50.0
03-46	50.0	48.0	45.0	45.0	50.0
03-48	50.0	50.0	50.0	48.0	47.0
03-50	52.0	53.0	47.0	46.0	47.0
03-52	52.0	52.0	46.0	46.0	47.0
03-54	52.0	52.0	44.0	46.0	47.0
03-56	52.0	52.0	45.0	44.0	46.0
03-58	49.0	49.0	43.0	43.0	45.0
04-00	50.0	50.0	46.0	45.0	46.0
04-02	52.0	52.0	44.0	44.0	45.0
04-04	48.0	47.0	48.0	44.0	44.0
04-06	44.0	44.0	40.0	41.0	42.0
04-08	43.0	43.0	39.0	40.0	41.0
04-10	43.0	43.0	40.0	42.0	41.0
04-12	44.0	44.0	39.0	41.0	42.0
04-14	43.0	43.0	38.0	40.0	43.0
04-16	44.0	44.0	39.0	41.0	42.0
04-18	43.0	43.0	40.0	41.0	41.0
04-20	48.0	47.0	48.0	46.0	46.0
04-22	43.0	43.0	39.0	41.0	42.0
04-24	43.0	43.0	39.0	41.0	42.0
04-26	42.0	42.0	40.0	40.0	42.0
04-28	42.0	42.0	38.0	40.0	42.0
04-30	43.0	43.0	39.0	41.0	42.0
04-32	43.0	42.0	39.0	41.0	42.0
04-34	42.0	42.0	39.0	40.0	42.0
04-36	44.0	43.0	39.0	41.0	43.0
04-38	43.0	42.0	40.0	41.0	43.0
04-40	43.0	41.0	39.0	41.0	43.0
04-42	43.0	42.0	39.0	40.0	42.0
04-44	43.0	42.0	39.0	41.0	42.0
04-46	43.0	42.0	38.0	40.0	43.0
04-48	43.0	42.0	39.0	42.0	43.0
04-50	43.0	42.0	38.0	40.0	44.0
04-52	42.0	42.0	38.0	40.0	42.0
04-54	43.0	43.0	38.0	41.0	43.0
04-56	42.0	42.0	38.0	40.0	42.0
04-58	43.0	42.0	39.0	40.0	42.0
05-00	43.0	43.0	40.0	42.0	43.0
05-02	42.0	41.0	39.0	41.0	42.0
05-04	42.0	42.0	39.0	41.0	42.0
05-06	43.0	43.0	39.0	40.0	41.0
05-08	43.0	42.0	38.0	40.0	43.0
05-10	43.0	43.0	39.0	40.0	42.0
05-12	42.0	42.0	39.0	40.0	42.0
05-14	42.0	42.0	38.0	40.0	42.0
05-16	42.0	42.0	39.0	40.0	42.0
05-18	43.0	43.0	39.0	41.0	41.0
05-20	43.0	43.0	39.0	41.0	42.0
05-22	42.0	42.0	38.0	41.0	41.0
05-24	42.0	42.0	38.0	40.0	42.0
05-26	43.0	44.0	40.0	40.0	42.0
05-28	42.0	42.0	39.0	40.0	42.0
05-30	43.0	43.0	38.0	40.0	43.0
05-32	43.0	43.0	38.0	40.0	42.0
05-34	42.0	42.0	39.0	40.0	42.0
05-36	42.0	42.0	39.0	40.0	42.0
05-38	42.0	42.0	38.0	40.0	42.0
05-40	42.0	42.0	39.0	40.0	43.0
05-42	43.0	42.0	38.0	40.0	42.0
05-44	43.0	43.0	39.0	40.0	41.0
05-46	43.0	43.0	38.0	40.0	42.0
05-48	42.0	43.0	38.0	41.0	42.0
05-50	42.0	42.0	39.0	40.0	42.0
05-52	43.0	43.0	39.0	41.0	42.0
05-54	43.0	43.0	40.0	41.0	43.0
05-56	42.0	42.0	39.0	40.0	42.0
05-58	43.0	43.0	39.0	40.0	42.0
06-00	43.0	43.0	38.0	40.0	42.0
06-02	42.0	42.0	39.0	40.0	42.0
06-04	42.0	42.0	39.0	40.0	42.0
06-06	42.0	42.0	39.0	40.0	42.0
06-08	42.0	42.0	39.0	40.0	42.0
06-10	42.0	42.0	39.0	40.0	42.0
06-12	44.0	44.0	40.0	40.0	41.0
06-14	43.0	43.0	39.0	40.0	42.0
06-16	43.0	42.0	39.0	40.0	42.0
06-18	43.0	43.0	40.0	40.0	42.0
06-20	43.0	43.0	39.0	40.0	43.0
06-22	43.0	43.0	39.0	40.0	42.0
06-24	43.0	42.0	39.0	40.0	43.0
06-26	43.0	43.0	39.0	41.0	41.0
06-28	42.0	42.0	39.0	40.0	42.0
06-30	44.0	44.0	39.0	42.0	44.0
06-32	43.0	43.0	40.0	41.0	43.0
06-34	43.0	43.0	38.0	40.0	42.0
06-36	43.0	43.0	39.0	40.0	42.0
06-38	43.0	43.0	39.0	41.0	42.0
06-40	43.0	43.0	39.0	40.0	42.0
06-42	43.0	43.0	40.0	41.0	43.0
06-44	43.0	43.0	39.0	40.0	42.0
06-46	43.0	43.0	39.0	41.0	42.0
06-48	43.0	43.0	39.0	40.0	42.0
06-50	50.0	50.0	44.0	45.0	46.0
06-52	43.0	42.0	39.0	40.0	43.0
06-54	44.0	44.0	39.0	42.0	42.0
06-56	45.0	45.0	41.0	43.0	45.0
06-58	43.0	43.0	38.0	40.0	42.0
07-00	44.0	44.0	39.0	41.0	42.0
07-02	43.0	43.0	39.0	41.0	42.0
07-04	51.0	51.0	43.0	44.0	45.0
07-06	53.0	53.0	46.0	45.0	46.0
07-08	50.0	50.0	46.0	46.0	47.0
07-10	44.0	44.0	40.0	41.0	44.0
07-12	48.0	46.0	44.0	48.0	48.0
07-14	44.0	44.0	39.0	41.0	43.0
07-16	43.0	42.0	39.0	40.0	42.0
07-18	44.0	44.0	39.0	42.0	43.0
07-20	43.0	43.0	40.0	41.0	42.0
07-22	43.0	43.0	41.0	41.0	42.0
07-24	44.0	44.0	40.0	40.0	43.0
07-26	42.0	42.0	39.0	40.0	42.0
07-28	42.0	42.0	39.0	40.0	41.0
07-30	44.0	44.0	41.0	41.0	42.0
07-32	45.0	45.0	40.0	41.0	42.0
07-34	51.0	51.0	47.0	47.0	45.0
07-36	44.0	44.0	40.0	43.0	44.0
07-38	44.0	44.0	39.0	41.0	43.0
07-40	44.0	43.0	40.0	40.0	43.0
07-42	44.0	44.0	41.0	42.0	44.0
07-44	44.0	44.0	41.0	41.0	43.0
07-46	43.0	43.0	40.0	42.0	43.0
07-48	44.0	44.0	39.0	41.0	43.0
07-50	42.0	42.0	40.0	41.0	42.0
07-52	43.0	42.0	39.0	41.0	43.0
07-54	44.0	44.0	40.0	41.0	44.0
07-56	44.0	44.0	39.0	41.0	42.0
07-58	43.0	43.0	39.0	41.0	42.0
08-00	44.0	44.0	39.0	41.0	43.0
08-02	45.0	45.0	40.0	41.0	42.0
08-04	45.0	45.0	40.0	41.0	44.0
08-06	51.0	51.0	45.0	46.0	47.0
08-08	48.0	46.0	44.0	48.0	47.0
08-10	49.0	48.0	45.0	49.0	48.0
08-12	49.0	49.0	45.0	49.0	49.0
08-14	50.0	50.0	47.0	47.0	48.0
08-16	52.0	48.0	48.0	52.0	46.0
08-18	50.0	50.0	48.0	47.0	48.0
08-20	53.0	53.0	49.0	51.0	49.0
08-22	50.0	49.0	50.0	49.0	47.0
08-24	54.0	54.0	47.0	47.0	48.0
08-26	52.0	49.0	45.0	52.0	51.0
08-28	53.0	53.0	45.0	46.0	46.0
08-30	54.0	54.0	48.0	46.0	49.0
08-32	53.0	53.0	45.0	46.0	47.0
08-34	54.0	54.0	47.0	46.0	47.0
08-36	44.0	44.0	40.0	42.0	43.0
08-38	48.0	47.0	47.0	45.0	45.0
08-40	44.0	44.0	40.0	42.0	44.0
08-42	44.0	44.0	40.0	41.0	44.0
08-44	44.0	44.0	39.0	42.0	43.0
08-46	44.0	44.0	40.0	42.0	44.0
08-48	44.0	44.0	40.0	42.0	43.0
08-50	44.0	44.0	40.0	42.0	44.0
08-52	43.0	43.0	40.0	41.0	44.0
08-54	47.0	47.0	43.0	42.0	43.0
08-56	45.0	43.0	41.0	43.0	45.0
08-58	48.0	44.0	43.0	42.0	48.0
09-00	43.0	43.0	39.0	42.0	43.0
09-02	43.0	43.0	38.0	40.0	42.0
09-04	45.0	45.0	39.0	41.0	45.0
09-06	45.0	45.0	40.0	41.0	43.0
09-08	45.0	45.0	41.0	41.0	43.0
09-10	45.0	45.0	40.0	41.0	43.0
09-12	44.0	44.0	39.0	41.0	43.0
09-14	44.0	44.0	39.0	42.0	43.0
09-16	44.0	44.0	39.0	41.0	44.0
09-18	45.0	45.0	38.0	41.0	43.0
09-20	45.0	45.0	40.0	42.0	43.0
09-22	44.0	44.0	39.0	42.0	43.0
09-24	45.0	45.0	40.0	41.0	44.0
09-26	44.0	44.0	39.0	42.0	43.0
09-28	44.0	45.0	39.0	42.0	43.0
09-30	44.0	44.0	40.0	42.0	44.0
09-32	44.0	44.0	39.0	41.0	42.0
09-34	44.0	44.0	40.0	41.0	43.0
09-36	44.0	43.0	40.0	42.0	44.0
09-38	44.0	44.0	39.0	42.0	43.0
09-40	52.0	51.0	45.0	45.0	45.0
09-42	51.0	51.0	43.0	43.0	43.0
09-44	45.0	45.0	39.0	42.0	42.0
09-46	51.0	45.0	42.0	51.0	46.0
09-48	45.0	45.0	40.0	43.0	44.0
09-50	44.0	44.0	39.0	41.0	42.0
09-52	45.0	45.0	41.0	42.0	43.0
09-54	44.0	44.0	40.0	42.0	43.0
09-56	44.0	44.0	40.0	42.0	43.0
09-58	44.0	44.0	39.0	41.0	43.0
10-00	44.0	44.0	40.0	42.0	43.0
10-02	44.0	44.0	40.0	41.0	44.0
10-04	51.0	51.0	43.0	43.0	44.0
10-06	48.0	48.0	42.0	44.0	45.0
10-08	49.0	49.0	43.0	48.0	48.0
10-10	49.0	49.0	45.0	49.0	49.0
10-12	50.0	50.0	46.0	48.0	49.0
10-14	50.0	50.0	48.0	48.0	47.0
10-16	51.0	51.0	48.0	46.0	47.0
10-18	52.0	52.0	46.0	48.0	48.0
10-20	52.0	52.0	46.0	48.0	48.0
10-22	54.0	54.0	45.0	45.0	46.0
10-24	53.0	53.0	47.0	48.0	48.0
10-26	52.0	49.0	45.0	52.0	49.0
10-28	53.0	49.0	44.0	48.0	53.0
10-30	54.0	51.0	46.0	49.0	54.0
10-32	49.0	49.0	49.0	48.0	48.0
10-34	53.0	53.0	45.0	45.0	48.0
10-36	51.0	51.0	50.0	48.0	47.0
10-38	50.0	49.0	50.0	47.0	47.0
10-40	54.0	53.0	47.0	54.0	54.0
10-42	50.0	50.0	49.0	48.0	49.0
10-44	44.0	44.0	40.0	43.0	44.0
10-46	45.0	45.0	40.0	42.0	43.0
10-48	44.0	44.0	39.0	41.0	43.0
10-50	44.0	45.0	40.0	42.0	43.0
10-52	44.0	44.0	40.0	41.0	44.0
10-54	44.0	44.0	40.0	41.0	43.0
10-56	44.0	44.0	40.0	40.0	44.0
10-58	53.0	53.0	45.0	45.0	46.0
11-00	51.0	51.0	47.0	46.0	47.0
11-02	44.0	44.0	40.0	42.0	45.0
11-04	44.0	43.0	39.0	42.0	44.0
11-06	44.0	43.0	39.0	41.0	43.0
11-08	44.0	44.0	39.0	41.0	43.0
11-10	44.0	44.0	40.0	41.0	44.0
11-12	44.0	44.0	40.0	41.0	44.0
11-14	43.0	43.0	38.0	40.0	43.0
11-16	44.0	43.0	38.0	40.0	44.0
11-18	44.0	44.0	39.0	41.0	43.0
11-20	44.0	44.0	39.0	41.0	43.0
11-22	44.0	43.0	39.0	42.0	43.0
11-24	44.0	44.0	39.0	41.0	42.0
11-26	44.0	44.0	39.0	41.0	42.0
11-28	43.0	43.0	39.0	41.0	42.0
11-30	44.0	44.0	39.0	41.0	43.0
11-32	43.0	43.0	38.0	41.0	43.0
11-34	44.0	44.0	39.0	42.0	43.0
11-36	44.0	44.0	39.0	41.0	43.0
11-38	44.0	44.0	40.0	41.0	43.0
11-40	44.0	45.0	40.0	40.0	43.0
11-42	44.0	44.0	40.0	41.0	44.0
11-44	44.0	44.0	39.0	42.0	44.0
11-46	43.0	43.0	40.0	41.0	42.0
11-48	44.0	44.0	40.0	42.0	44.0
11-50	44.0	44.0	39.0	41.0	43.0
11-52	43.0	43.0	39.0	41.0	44.0
11-54	44.0	44.0	40.0	41.0	44.0
11-56	44.0	43.0	39.0	40.0	43.0
11-58	43.0	42.0	41.0	41.0	43.0
12-00	43.0	43.0	40.0	42.0	43.0
12-02	43.0	43.0	40.0	41.0	43.0
12-04	43.0	43.0	40.0	41.0	43.0
12-06	44.0	44.0	40.0	41.0	43.0
12-08	44.0	44.0	40.0	41.0	44.0
12-10	44.0	44.0	40.0	41.0	43.0
12-12	44.0	45.0	40.0	41.0	44.0
12-14	44.0	42.0	39.0	40.0	44.0
12-16	43.0	43.0	40.0	41.0	42.0
12-18	44.0	44.0	39.0	40.0	42.0
12-20	43.0	43.0	40.0	41.0	43.0
12-22	44.0	43.0	40.0	41.0	44.0
12-24	43.0	43.0	40.0	41.0	43.0
12-26	45.0	45.0	40.0	41.0	43.0
12-28	43.0	43.0	40.0	42.0	43.0
12-30	44.0	42.0	39.0	41.0	44.0
12-32	44.0	43.0	40.0	41.0	44.0
12-34	44.0	44.0	40.0	41.0	42.0
12-36	43.0	43.0	40.0	42.0	44.0
12-38	43.0	43.0	39.0	41.0	43.0
12-40	44.0	44.0	40.0	42.0	44.0
12-42	44.0	44.0	41.0	42.0	43.0
12-44	44.0	44.0	40.0	41.0	43.0
12-46	43.0	43.0	40.0	42.0	43.0
12-48	44.0	44.0	41.0	41.0	44.0
12-50	44.0	44.0	40.0	41.0	43.0
12-52	43.0	43.0	40.0	42.0	43.0
12-54	45.0	45.0	41.0	42.0	45.0
12-56	44.0	44.0	41.0	41.0	43.0
12-58	45.0	44.0	42.0	44.0	46.0
13-00	49.0	49.0	46.0	49.0	48.0
13-02	49.0	49.0	45.0	49.0	49.0
13-04	50.0	48.0	46.0	50.0	50.0
13-06	52.0	52.0	47.0	47.0	48.0
13-08	50.0	49.0	45.0	50.0	48.0
13-10	50.0	48.0	46.0	49.0	50.0
13-12	51.0	48.0	46.0	49.0	51.0
13-14	53.0	53.0	46.0	45.0	47.0
13-16	54.0	54.0	46.0	45.0	47.0
13-18	53.0	53.0	48.0	49.0	51.0
13-20	55.0	51.0	48.0	55.0	55.0
13-22	55.0	54.0	49.0	55.0	52.0
13-24	55.0	53.0	50.0	55.0	53.0
13-26	55.0	53.0	51.0	55.0	52.0
13-28	56.0	52.0	48.0	51.0	56.0
13-30	51.0	51.0	48.0	50.0	51.0
13-32	52.0	52.0	49.0	51.0	53.0
13-34	53.0	53.0	44.0	46.0	48.0
13-36	54.0	54.0	46.0	48.0	48.0
13-38	52.0	52.0	46.0	46.0	47.0
13-40	53.0	49.0	45.0	48.0	53.0
13-42	54.0	49.0	45.0	48.0	53.0
13-44	49.0	49.0	49.0	47.0	47.0
13-46	50.0	50.0	49.0	49.0	48.0
13-48	51.0	50.0	51.0	49.0	49.0
13-50	53.0	53.0	46.0	46.0	47.0
13-52	50.0	50.0	49.0	48.0	49.0
13-54	50.0	50.0	46.0	46.0	47.0
13-56	44.0	44.0	40.0	42.0	44.0
13-58	45.0	45.0	40.0	43.0	44.0
14-00	45.0	45.0	41.0	42.0	44.0
14-02	45.0	45.0	40.0	41.0	44.0
14-04	44.0	44.0	40.0	41.0	44.0
14-06	44.0	44.0	40.0	41.0	44.0
14-08	44.0	44.0	40.0	41.0	43.0
14-10	52.0	52.0	45.0	46.0	47.0
14-12	52.0	52.0	47.0	45.0	47.0
14-14	44.0	44.0	41.0	42.0	44.0
14-16	44.0	44.0	40.0	40.0	43.0
14-18	45.0	45.0	40.0	42.0	43.0
14-20	45.0	45.0	40.0	42.0	44.0
14-22	43.0	43.0	40.0	41.0	43.0
14-24	44.0	44.0	40.0	40.0	44.0
14-26	44.0	44.0	40.0	40.0	43.0
14-28	45.0	45.0	40.0	42.0	43.0
14-30	45.0	45.0	39.0	41.0	43.0
14-32	51.0	51.0	45.0	45.0	46.0
14-34	44.0	44.0	39.0	40.0	43.0
14-36	44.0	44.0	40.0	41.0	44.0
14-38	47.0	47.0	39.0	41.0	47.0
14-40	44.0	44.0	39.0	42.0	42.0
14-42	52.0	52.0	44.0	45.0	46.0
14-44	51.0	51.0	43.0	44.0	47.0
14-46	44.0	44.0	40.0	41.0	43.0
14-48	48.0	48.0	44.0	48.0	47.0
14-50	45.0	45.0	39.0	43.0	44.0
14-52	44.0	44.0	40.0	41.0	42.0
14-54	44.0	44.0	39.0	41.0	43.0
14-56	43.0	43.0	39.0	40.0	42.0
14-58	43.0	43.0	40.0	41.0	43.0
15-00	44.0	44.0	39.0	41.0	42.0
15-02	44.0	44.0	39.0	40.0	43.0
15-04	43.0	43.0	39.0	40.0	43.0
15-06	44.0	44.0	39.0	40.0	43.0
15-08	44.0	44.0	40.0	41.0	42.0
15-10	44.0	44.0	41.0	40.0	43.0
15-12	44.0	44.0	40.0	41.0	43.0
15-14	43.0	43.0	40.0	41.0	43.0
15-16	44.0	44.0	40.0	40.0	43.0
15-18	43.0	43.0	40.0	40.0	42.0
15-20	43.0	43.0	40.0	40.0	42.0
15-22	44.0	44.0	39.0	41.0	43.0
15-24	49.0	49.0	43.0	44.0	45.0
15-26	43.0	43.0	40.0	40.0	43.0
15-28	44.0	44.0	39.0	39.0	43.0
15-30	44.0	44.0	39.0	41.0	44.0
15-32	44.0	44.0	39.0	40.0	43.0
15-34	46.0	44.0	39.0	43.0	46.0
15-36	46.0	46.0	40.0	42.0	43.0
15-38	44.0	44.0	39.0	41.0	43.0
15-40	44.0	44.0	40.0	40.0	43.0
15-42	44.0	44.0	40.0	41.0	43.0
15-44	44.0	44.0	40.0	40.0	42.0
15-46	44.0	44.0	39.0	41.0	43.0
15-48	44.0	44.0	39.0	40.0	43.0
15-50	43.0	43.0	40.0	42.0	43.0
15-52	43.0	43.0	39.0	41.0	43.0
15-54	44.0	44.0	41.0	42.0	42.0
15-56	44.0	44.0	40.0	40.0	43.0
15-58	43.0	43.0	39.0	41.0	43.0
16-00	43.0	43.0	40.0	41.0	43.0
16-02	43.0	43.0	40.0	41.0	42.0
16-04	43.0	43.0	39.0	40.0	43.0
16-06	44.0	44.0	40.0	40.0	43.0
16-08	43.0	43.0	39.0	41.0	42.0
16-10	43.0	43.0	40.0	40.0	42.0
16-12	45.0	45.0	42.0	43.0	45.0
16-14	49.0	48.0	43.0	45.0	49.0
16-16	49.0	49.0	47.0	46.0	47.0
16-18	49.0	49.0	47.0	47.0	48.0
16-20	48.0	48.0	48.0	46.0	46.0
16-22	49.0	48.0	44.0	49.0	49.0
16-24	52.0	49.0	47.0	52.0	50.0
16-26	53.0	48.0	44.0	45.0	53.0
16-28	50.0	49.0	50.0	48.0	47.0
16-30	51.0	50.0	50.0	47.0	49.0
16-32	51.0	49.0	46.0	51.0	48.0
16-34	50.0	49.0	50.0	48.0	47.0
16-36	52.0	48.0	46.0	52.0	50.0
16-38	53.0	53.0	45.0	45.0	46.0
16-40	45.0	45.0	40.0	41.0	43.0
16-42	53.0	53.0	45.0	45.0	46.0
16-44	49.0	46.0	43.0	49.0	46.0
16-46	44.0	44.0	40.0	40.0	43.0
16-48	43.0	43.0	39.0	41.0	42.0
16-50	44.0	44.0	40.0	41.0	43.0
16-52	51.0	51.0	44.0	42.0	44.0
16-54	44.0	44.0	41.0	41.0	44.0
16-56	51.0	51.0	45.0	44.0	46.0
16-58	52.0	52.0	45.0	45.0	46.0
17-00	45.0	45.0	40.0	40.0	43.0
17-02	50.0	47.0	45.0	45.0	50.0
17-04	42.0	42.0	39.0	42.0	42.0
17-06	44.0	44.0	39.0	40.0	41.0
17-08	44.0	44.0	40.0	42.0	43.0
17-10	45.0	45.0	40.0	41.0	43.0
17-12	51.0	47.0	44.0	46.0	51.0
17-14	49.0	48.0	44.0	46.0	49.0
17-16	50.0	47.0	45.0	46.0	50.0
17-18	49.0	48.0	44.0	47.0	50.0
17-20	49.0	49.0	47.0	46.0	46.0
17-22	49.0	47.0	44.0	49.0	46.0
17-24	52.0	52.0	52.0	52.0	51.0
17-26	50.0	49.0	49.0	50.0	49.0
17-28	54.0	54.0	49.0	51.0	50.0
17-30	54.0	54.0	50.0	51.0	50.0
17-32	54.0	54.0	48.0	49.0	50.0
17-34	54.0	54.0	48.0	50.0	50.0
17-36	56.0	56.0	53.0	49.0	50.0
17-38	56.0	56.0	52.0	49.0	48.0
17-40	55.0	55.0	48.0	52.0	51.0
17-42	53.0	46.0	43.0	45.0	53.0
17-44	53.0	52.0	47.0	47.0	53.0
17-46	46.0	46.0	41.0	44.0	45.0
17-48	51.0	51.0	44.0	44.0	45.0
17-50	51.0	47.0	45.0	51.0	47.0
17-52	44.0	44.0	40.0	42.0	43.0
17-54	43.0	43.0	40.0	41.0	42.0
17-56	44.0	44.0	40.0	41.0	43.0
17-58	44.0	44.0	40.0	40.0	42.0
18-00	43.0	43.0	39.0	40.0	42.0
18-02	44.0	44.0	39.0	40.0	42.0
18-04	43.0	43.0	39.0	40.0	42.0
18-06	43.0	44.0	39.0	40.0	41.0
18-08	43.0	42.0	39.0	41.0	43.0
18-10	43.0	43.0	39.0	41.0	42.0
18-12	43.0	43.0	39.0	40.0	42.0
18-14	43.0	43.0	39.0	40.0	42.0
18-16	42.0	42.0	39.0	40.0	41.0
18-18	44.0	44.0	39.0	39.0	42.0
18-20	44.0	44.0	39.0	40.0	42.0
18-22	44.0	44.0	38.0	40.0	41.0
18-24	45.0	45.0	39.0	41.0	43.0
18-26	43.0	43.0	38.0	40.0	41.0
18-28	44.0	44.0	39.0	40.0	42.0
18-30	43.0	43.0	40.0	39.0	43.0
18-32	43.0	43.0	40.0	40.0	42.0
18-34	44.0	44.0	39.0	39.0	43.0
18-36	43.0	43.0	40.0	40.0	42.0
18-38	43.0	43.0	39.0	40.0	42.0
18-40	44.0	44.0	38.0	39.0	41.0
18-42	43.0	44.0	39.0	40.0	42.0
18-44	42.0	42.0	39.0	40.0	42.0
18-46	43.0	42.0	39.0	40.0	43.0
18-48	44.0	44.0	39.0	40.0	42.0
18-50	43.0	43.0	38.0	39.0	42.0
18-52	42.0	42.0	39.0	40.0	41.0
18-54	43.0	43.0	40.0	40.0	42.0
18-56	43.0	43.0	39.0	40.0	41.0
18-58	43.0	42.0	39.0	39.0	41.0
19-00	43.0	43.0	39.0	40.0	42.0
19-02	43.0	43.0	39.0	40.0	42.0
19-04	43.0	43.0	39.0	39.0	41.0
19-06	44.0	44.0	39.0	40.0	42.0
19-08	43.0	43.0	39.0	40.0	41.0
19-10	43.0	43.0	39.0	40.0	43.0
19-12	43.0	43.0	39.0	40.0	43.0
19-14	48.0	48.0	42.0	43.0	45.0
19-16	43.0	43.0	40.0	40.0	42.0
19-18	50.0	50.0	42.0	42.0	44.0
19-20	49.0	49.0	43.0	45.0	45.0
19-22	48.0	48.0	43.0	46.0	49.0
19-24	48.0	48.0	44.0	46.0	48.0
19-26	49.0	48.0	43.0	48.0	49.0
19-28	49.0	48.0	43.0	44.0	49.0
19-30	50.0	47.0	45.0	45.0	50.0
19-32	48.0	47.0	45.0	48.0	47.0
19-34	48.0	47.0	45.0	47.0	48.0
19-36	49.0	49.0	45.0	45.0	47.0
19-38	52.0	52.0	43.0	45.0	46.0
19-40	51.0	51.0	45.0	42.0	44.0
19-42	51.0	51.0	45.0	45.0	45.0
19-44	52.0	52.0	44.0	44.0	45.0
19-46	53.0	53.0	44.0	44.0	46.0
19-48	53.0	53.0	49.0	51.0	50.0
19-50	53.0	53.0	52.0	50.0	51.0
19-52	55.0	49.0	48.0	50.0	55.0
19-54	54.0	51.0	47.0	51.0	54.0
19-56	52.0	52.0	49.0	47.0	50.0
19-58	51.0	51.0	44.0	49.0	51.0
20-00	50.0	50.0	46.0	46.0	47.0
20-02	49.0	48.0	49.0	45.0	47.0
20-04	51.0	51.0	45.0	44.0	43.0
20-06	51.0	48.0	45.0	45.0	51.0
20-08	52.0	52.0	44.0	44.0	46.0
20-10	51.0	51.0	45.0	43.0	45.0
20-12	50.0	50.0	50.0	48.0	45.0
20-14	51.0	50.0	51.0	47.0	47.0
20-16	50.0	49.0	50.0	46.0	47.0
20-18	43.0	43.0	40.0	41.0	43.0
20-20	44.0	44.0	40.0	40.0	43.0
20-22	44.0	44.0	40.0	40.0	42.0
20-24	43.0	43.0	39.0	40.0	43.0
20-26	43.0	43.0	39.0	40.0	42.0
20-28	42.0	42.0	39.0	40.0	42.0
20-30	43.0	43.0	40.0	41.0	43.0
20-32	43.0	43.0	40.0	40.0	42.0
20-34	51.0	51.0	44.0	44.0	46.0
20-36	50.0	50.0	46.0	44.0	46.0
20-38	49.0	49.0	44.0	43.0	45.0
20-40	48.0	47.0	48.0	46.0	46.0
20-42	44.0	44.0	39.0	42.0	43.0
20-44	50.0	50.0	45.0	44.0	44.0
20-46	44.0	44.0	41.0	40.0	43.0
20-48	43.0	44.0	39.0	41.0	43.0
20-50	43.0	44.0	40.0	40.0	42.0
20-52	43.0	43.0	40.0	41.0	42.0
20-54	44.0	44.0	41.0	40.0	43.0
20-56	43.0	43.0	39.0	40.0	41.0
20-58	42.0	42.0	39.0	40.0	41.0
21-00	44.0	44.0	40.0	41.0	44.0
21-02	43.0	43.0	40.0	40.0	41.0
21-04	44.0	44.0	39.0	40.0	41.0
21-06	44.0	44.0	40.0	40.0	42.0
21-08	42.0	42.0	38.0	40.0	41.0
21-10	43.0	43.0	38.0	39.0	42.0
21-12	43.0	43.0	39.0	41.0	42.0
21-14	43.0	43.0	38.0	40.0	42.0
21-16	43.0	43.0	40.0	39.0	42.0
21-18	42.0	42.0	40.0	40.0	42.0
21-20	43.0	43.0	39.0	40.0	42.0
21-22	43.0	43.0	39.0	40.0	42.0
21-24	43.0	43.0	39.0	40.0	42.0
21-26	43.0	43.0	39.0	40.0	42.0
21-28	43.0	42.0	39.0	40.0	42.0
21-30	43.0	43.0	39.0	40.0	41.0
21-32	42.0	42.0	39.0	40.0	42.0
21-34	43.0	43.0	39.0	41.0	43.0
21-36	43.0	43.0	39.0	40.0	42.0
21-38	42.0	42.0	39.0	40.0	42.0
21-40	43.0	43.0	40.0	40.0	42.0
21-42	44.0	44.0	40.0	41.0	43.0
21-44	44.0	44.0	39.0	39.0	43.0
21-46	45.0	45.0	39.0	41.0	42.0
21-48	44.0	44.0	39.0	41.0	42.0
21-50	44.0	44.0	40.0	41.0	43.0
21-52	42.0	42.0	40.0	40.0	42.0
21-54	44.0	44.0	38.0	40.0	43.0
21-56	44.0	44.0	39.0	41.0	41.0
21-58	43.0	43.0	39.0	40.0	42.0
22-00	44.0	44.0	39.0	41.0	42.0
22-02	43.0	43.0	39.0	39.0	43.0
22-04	43.0	43.0	38.0	40.0	42.0
22-06	43.0	43.0	38.0	40.0	41.0
22-08	43.0	43.0	38.0	40.0	41.0
22-10	44.0	44.0	39.0	40.0	42.0
22-12	43.0	43.0	39.0	40.0	42.0
22-14	42.0	42.0	39.0	41.0	42.0
22-16	42.0	42.0	39.0	41.0	42.0
22-18	42.0	42.0	39.0	40.0	42.0
22-20	43.0	43.0	40.0	41.0	43.0
22-22	43.0	42.0	39.0	40.0	43.0
22-24	43.0	43.0	39.0	40.0	43.0
22-26	42.0	42.0	39.0	41.0	41.0
22-28	42.0	42.0	39.0	40.0	42.0
22-30	44.0	44.0	40.0	40.0	43.0
22-32	42.0	42.0	39.0	39.0	42.0
22-34	43.0	43.0	38.0	40.0	42.0
22-36	50.0	47.0	44.0	50.0	49.0
22-38	49.0	49.0	46.0	47.0	49.0
22-40	50.0	48.0	44.0	45.0	50.0
22-42	49.0	48.0	44.0	46.0	49.0
22-44	49.0	46.0	46.0	46.0	49.0
22-46	49.0	47.0	44.0	45.0	49.0
22-48	53.0	49.0	45.0	46.0	53.0
22-50	52.0	47.0	43.0	45.0	52.0
22-52	52.0	52.0	45.0	43.0	46.0
22-54	52.0	52.0	45.0	44.0	45.0
22-56	50.0	48.0	44.0	50.0	47.0
22-58	50.0	48.0	46.0	50.0	48.0
23-00	51.0	50.0	46.0	51.0	49.0
23-02	51.0	47.0	45.0	51.0	48.0
23-04	46.0	46.0	41.0	43.0	43.0
23-06	43.0	42.0	40.0	41.0	43.0
23-08	51.0	51.0	44.0	44.0	46.0
23-10	44.0	44.0	39.0	41.0	42.0
23-12	44.0	44.0	39.0	40.0	41.0
23-14	44.0	44.0	40.0	41.0	42.0
23-16	51.0	47.0	45.0	51.0	48.0
23-18	47.0	47.0	47.0	45.0	46.0
23-20	49.0	49.0	45.0	45.0	47.0
23-22	48.0	48.0	44.0	47.0	47.0
23-24	48.0	48.0	45.0	47.0	48.0
23-26	49.0	48.0	43.0	45.0	49.0
23-28	48.0	47.0	43.0	45.0	48.0
23-30	52.0	52.0	46.0	45.0	47.0
23-32	50.0	50.0	49.0	46.0	46.0
23-34	51.0	51.0	43.0	43.0	46.0
23-36	50.0	50.0	48.0	48.0	46.0
23-38	52.0	52.0	46.0	45.0	45.0
23-40	53.0	53.0	45.0	45.0	46.0
23-42	55.0	50.0	48.0	52.0	55.0
23-44	53.0	53.0	44.0	44.0	45.0
23-46	48.0	48.0	48.0	47.0	45.0
23-48	51.0	49.0	44.0	51.0	49.0
23-50	45.0	45.0	39.0	40.0	43.0
23-52	44.0	44.0	40.0	41.0	42.0
23-54	44.0	44.0	39.0	42.0	43.0
23-56	43.0	43.0	38.0	41.0	41.0
23-58	42.0	43.0	37.0	40.0	42.0
