00-00	22.0	21.0	15.0	15.0	22.0	22.0
00-02	21.0	21.0	15.0	16.0	20.0	21.0
00-04	21.0	21.0	15.0	15.0	21.0	21.0
00-06	22.0	22.0	14.0	15.0	21.0	22.0
00-08	21.0	21.0	14.0	16.0	21.0	21.0
00-10	21.0	20.0	14.0	16.0	21.0	21.0
00-12	23.0	23.0	15.0	16.0	21.0	23.0
00-14	22.0	22.0	15.0	15.0	20.0	21.0
00-16	21.0	21.0	14.0	16.0	19.0	21.0
00-18	22.0	22.0	16.0	16.0	21.0	22.0
00-20	22.0	22.0	16.0	17.0	22.0	22.0
00-22	20.0	20.0	15.0	14.0	20.0	22.0
00-24	22.0	22.0	16.0	14.0	21.0	22.0
00-26	21.0	21.0	14.0	15.0	21.0	21.0
00-28	21.0	20.0	16.0	14.0	21.0	21.0
00-30	22.0	22.0	16.0	15.0	21.0	22.0
00-32	21.0	21.0	15.0	15.0	19.0	21.0
00-34	22.0	22.0	14.0	14.0	20.0	22.0
00-36	23.0	23.0	13.0	15.0	21.0	23.0
00-38	21.0	21.0	14.0	15.0	19.0	21.0
00-40	22.0	22.0	16.0	15.0	22.0	22.0
00-42	22.0	22.0	14.0	16.0	21.0	22.0
00-44	21.0	21.0	15.0	16.0	21.0	21.0
00-46	21.0	22.0	14.0	15.0	21.0	22.0
00-48	21.0	21.0	15.0	17.0	21.0	22.0
00-50	21.0	21.0	14.0	16.0	20.0	21.0
00-52	21.0	21.0	13.0	15.0	21.0	21.0
00-54	22.0	22.0	16.0	14.0	21.0	22.0
00-56	21.0	21.0	14.0	15.0	20.0	21.0
00-58	21.0	21.0	14.0	15.0	20.0	21.0
01-00	23.0	23.0	14.0	17.0	23.0	23.0
01-02	21.0	21.0	13.0	15.0	21.0	21.0
01-04	21.0	21.0	14.0	15.0	21.0	22.0
01-06	22.0	22.0	14.0	15.0	21.0	22.0
01-08	21.0	20.0	14.0	14.0	21.0	21.0
01-10	20.0	20.0	13.0	15.0	21.0	21.0
01-12	22.0	22.0	15.0	15.0	21.0	21.0
01-14	20.0	21.0	14.0	15.0	20.0	21.0
01-16	21.0	21.0	13.0	15.0	21.0	21.0
01-18	21.0	20.0	16.0	14.0	21.0	22.0
01-20	21.0	21.0	14.0	16.0	21.0	22.0
01-22	21.0	21.0	13.0	14.0	20.0	21.0
01-24	21.0	21.0	15.0	15.0	20.0	21.0
01-26	20.0	20.0	14.0	15.0	20.0	21.0
01-28	20.0	20.0	14.0	15.0	19.0	21.0
01-30	22.0	21.0	14.0	15.0	22.0	22.0
01-32	21.0	21.0	13.0	15.0	21.0	21.0
01-34	20.0	19.0	14.0	15.0	21.0	21.0
01-36	21.0	19.0	14.0	15.0	21.0	21.0
01-38	20.0	20.0	14.0	15.0	20.0	21.0
01-40	22.0	22.0	14.0	17.0	19.0	22.0
01-42	22.0	22.0	15.0	14.0	21.0	22.0
01-44	22.0	20.0	16.0	14.0	22.0	22.0
01-46	21.0	20.0	15.0	14.0	20.0	21.0
01-48	22.0	21.0	16.0	14.0	21.0	21.0
01-50	20.0	20.0	15.0	13.0	20.0	20.0
01-52	21.0	21.0	15.0	14.0	20.0	20.0
01-54	21.0	21.0	15.0	15.0	21.0	21.0
01-56	21.0	20.0	15.0	14.0	20.0	20.0
01-58	21.0	21.0	16.0	13.0	21.0	21.0
02-00	21.0	21.0	16.0	16.0	21.0	21.0
02-02	21.0	20.0	15.0	15.0	21.0	21.0
02-04	21.0	20.0	15.0	14.0	21.0	21.0
02-06	22.0	22.0	14.0	16.0	22.0	22.0
02-08	21.0	21.0	13.0	14.0	21.0	21.0
02-10	21.0	21.0	15.0	15.0	21.0	21.0
02-12	22.0	22.0	14.0	14.0	23.0	23.0
02-14	21.0	21.0	15.0	12.0	21.0	21.0
02-16	20.0	20.0	14.0	15.0	20.0	20.0
02-18	22.0	22.0	15.0	14.0	21.0	22.0
02-20	23.0	23.0	15.0	15.0	21.0	23.0
02-22	21.0	21.0	15.0	14.0	20.0	21.0
02-24	23.0	23.0	15.0	15.0	21.0	22.0
02-26	22.0	22.0	14.0	15.0	20.0	21.0
02-28	21.0	21.0	13.0	15.0	20.0	21.0
02-30	22.0	21.0	15.0	16.0	22.0	22.0
02-32	20.0	20.0	14.0	14.0	20.0	20.0
02-34	21.0	21.0	13.0	15.0	20.0	21.0
02-36	23.0	22.0	15.0	16.0	21.0	22.0
02-38	21.0	21.0	13.0	15.0	20.0	21.0
02-40	22.0	21.0	15.0	14.0	22.0	22.0
02-42	22.0	21.0	14.0	16.0	21.0	22.0
02-44	21.0	21.0	14.0	15.0	20.0	21.0
02-46	22.0	22.0	14.0	15.0	20.0	22.0
02-48	22.0	20.0	15.0	15.0	22.0	22.0
02-50	22.0	22.0	14.0	14.0	20.0	22.0
02-52	21.0	21.0	14.0	15.0	20.0	21.0
02-54	22.0	22.0	16.0	15.0	21.0	22.0
02-56	22.0	22.0	13.0	15.0	21.0	22.0
02-58	21.0	21.0	13.0	15.0	21.0	21.0
03-00	22.0	23.0	17.0	16.0	22.0	23.0
03-02	21.0	21.0	14.0	15.0	21.0	21.0
03-04	21.0	21.0	13.0	16.0	20.0	21.0
03-06	21.0	21.0	14.0	15.0	21.0	21.0
03-08	21.0	21.0	14.0	16.0	21.0	21.0
03-10	21.0	21.0	14.0	15.0	21.0	21.0
03-12	22.0	22.0	15.0	15.0	20.0	23.0
03-14	21.0	21.0	13.0	15.0	20.0	21.0
03-16	22.0	19.0	14.0	13.0	21.0	21.0
03-18	23.0	21.0	14.0	15.0	23.0	23.0
03-20	22.0	21.0	14.0	15.0	22.0	22.0
03-22	22.0	21.0	14.0	14.0	22.0	21.0
03-24	22.0	22.0	16.0	15.0	22.0	22.0
03-26	21.0	21.0	14.0	15.0	20.0	21.0
03-28	21.0	21.0	13.0	15.0	20.0	21.0
03-30	22.0	22.0	14.0	14.0	22.0	22.0
03-32	21.0	21.0	14.0	16.0	19.0	21.0
03-34	22.0	22.0	14.0	14.0	21.0	22.0
03-36	21.0	20.0	14.0	15.0	21.0	21.0
03-38	20.0	20.0	13.0	15.0	20.0	20.0
03-40	21.0	21.0	14.0	16.0	20.0	21.0
03-42	23.0	22.0	14.0	13.0	23.0	23.0
03-44	21.0	21.0	15.0	15.0	21.0	21.0
03-46	21.0	21.0	14.0	14.0	21.0	21.0
03-48	22.0	22.0	14.0	14.0	22.0	22.0
03-50	21.0	21.0	14.0	15.0	20.0	21.0
03-52	20.0	19.0	13.0	15.0	20.0	21.0
03-54	22.0	20.0	15.0	16.0	22.0	22.0
03-56	21.0	19.0	13.0	15.0	21.0	21.0
03-58	21.0	21.0	13.0	14.0	20.0	21.0
04-00	21.0	20.0	15.0	16.0	21.0	21.0
04-02	21.0	19.0	14.0	14.0	20.0	20.0
04-04	22.0	19.0	14.0	14.0	22.0	21.0
04-06	22.0	20.0	14.0	15.0	22.0	22.0
04-08	21.0	19.0	14.0	13.0	21.0	21.0
04-10	22.0	20.0	14.0	14.0	22.0	22.0
04-12	21.0	20.0	15.0	15.0	21.0	21.0
04-14	20.0	20.0	15.0	14.0	21.0	21.0
04-16	21.0	20.0	15.0	14.0	21.0	21.0
04-18	21.0	21.0	17.0	15.0	20.0	21.0
04-20	22.0	22.0	15.0	15.0	20.0	22.0
04-22	20.0	20.0	14.0	14.0	20.0	20.0
04-24	22.0	22.0	15.0	13.0	21.0	22.0
04-26	20.0	20.0	14.0	14.0	19.0	20.0
04-28	20.0	20.0	14.0	14.0	20.0	21.0
04-30	21.0	20.0	14.0	14.0	21.0	21.0
04-32	20.0	20.0	12.0	14.0	20.0	20.0
04-34	20.0	20.0	14.0	14.0	19.0	20.0
04-36	21.0	21.0	14.0	16.0	21.0	21.0
04-38	19.0	19.0	13.0	15.0	19.0	19.0
04-40	21.0	21.0	14.0	16.0	21.0	21.0
04-42	21.0	20.0	15.0	15.0	21.0	21.0
04-44	21.0	21.0	14.0	15.0	20.0	21.0
04-46	20.0	20.0	14.0	14.0	20.0	20.0
04-48	21.0	21.0	15.0	15.0	21.0	22.0
04-50	20.0	19.0	12.0	16.0	20.0	20.0
04-52	21.0	20.0	13.0	15.0	21.0	20.0
04-54	21.0	19.0	15.0	16.0	22.0	22.0
04-56	21.0	19.0	14.0	14.0	21.0	21.0
04-58	21.0	20.0	14.0	15.0	21.0	21.0
05-00	23.0	22.0	16.0	14.0	23.0	22.0
05-02	20.0	20.0	13.0	15.0	20.0	20.0
05-04	22.0	22.0	14.0	13.0	19.0	21.0
05-06	22.0	22.0	16.0	14.0	21.0	23.0
05-08	22.0	22.0	14.0	14.0	20.0	21.0
05-10	21.0	21.0	13.0	13.0	19.0	21.0
05-12	21.0	22.0	15.0	15.0	21.0	22.0
05-14	21.0	21.0	14.0	14.0	20.0	21.0
05-16	21.0	20.0	13.0	13.0	21.0	21.0
05-18	22.0	20.0	14.0	15.0	22.0	22.0
05-20	22.0	21.0	14.0	15.0	22.0	22.0
05-22	20.0	20.0	13.0	14.0	20.0	20.0
05-24	21.0	20.0	14.0	14.0	20.0	21.0
05-26	21.0	21.0	13.0	15.0	19.0	21.0
05-28	21.0	21.0	14.0	14.0	20.0	21.0
05-30	22.0	21.0	15.0	14.0	22.0	22.0
05-32	21.0	21.0	13.0	14.0	20.0	21.0
05-34	20.0	19.0	14.0	14.0	20.0	20.0
05-36	22.0	21.0	15.0	14.0	21.0	21.0
05-38	22.0	22.0	15.0	14.0	20.0	22.0
05-40	22.0	22.0	15.0	14.0	22.0	22.0
05-42	22.0	22.0	14.0	14.0	20.0	21.0
05-44	21.0	19.0	14.0	14.0	21.0	21.0
05-46	20.0	20.0	14.0	13.0	20.0	20.0
05-48	21.0	21.0	14.0	14.0	21.0	21.0
05-50	20.0	20.0	13.0	15.0	20.0	21.0
05-52	20.0	20.0	12.0	15.0	20.0	20.0
05-54	20.0	20.0	13.0	15.0	20.0	20.0
05-56	21.0	20.0	13.0	14.0	20.0	21.0
05-58	20.0	20.0	12.0	13.0	20.0	20.0
06-00	21.0	21.0	15.0	16.0	21.0	21.0
06-02	20.0	20.0	13.0	12.0	20.0	21.0
06-04	21.0	21.0	13.0	15.0	19.0	21.0
06-06	21.0	21.0	16.0	14.0	21.0	21.0
06-08	20.0	20.0	12.0	14.0	19.0	20.0
06-10	22.0	22.0	14.0	15.0	22.0	22.0
06-12	23.0	20.0	13.0	15.0	23.0	23.0
06-14	20.0	20.0	12.0	15.0	19.0	21.0
06-16	20.0	20.0	13.0	16.0	20.0	21.0
06-18	22.0	21.0	14.0	15.0	22.0	22.0
06-20	22.0	21.0	15.0	17.0	22.0	22.0
06-22	21.0	20.0	13.0	16.0	20.0	20.0
06-24	21.0	21.0	13.0	14.0	22.0	22.0
06-26	22.0	20.0	16.0	14.0	22.0	22.0
06-28	21.0	19.0	15.0	14.0	21.0	21.0
06-30	21.0	19.0	15.0	14.0	21.0	21.0
06-32	21.0	19.0	14.0	13.0	21.0	21.0
06-34	21.0	19.0	14.0	14.0	22.0	22.0
06-36	22.0	20.0	14.0	15.0	22.0	22.0
06-38	20.0	19.0	14.0	13.0	20.0	20.0
06-40	22.0	19.0	14.0	14.0	22.0	22.0
06-42	21.0	20.0	13.0	14.0	21.0	21.0
06-44	20.0	19.0	13.0	13.0	20.0	20.0
06-46	20.0	20.0	12.0	14.0	20.0	20.0
06-48	21.0	20.0	15.0	15.0	21.0	21.0
06-50	20.0	20.0	13.0	13.0	20.0	20.0
06-52	20.0	20.0	12.0	14.0	19.0	20.0
06-54	22.0	20.0	15.0	15.0	20.0	20.0
06-56	20.0	20.0	14.0	14.0	20.0	20.0
06-58	21.0	19.0	13.0	14.0	21.0	21.0
07-00	22.0	22.0	15.0	14.0	21.0	22.0
07-02	20.0	20.0	14.0	14.0	19.0	19.0
07-04	21.0	20.0	13.0	13.0	21.0	21.0
07-06	21.0	21.0	14.0	14.0	20.0	21.0
07-08	21.0	20.0	15.0	14.0	21.0	22.0
07-10	20.0	20.0	15.0	14.0	21.0	21.0
07-12	20.0	19.0	13.0	13.0	20.0	20.0
07-14	20.0	19.0	14.0	13.0	21.0	21.0
07-16	21.0	19.0	13.0	14.0	21.0	21.0
07-18	21.0	21.0	15.0	14.0	20.0	21.0
07-20	20.0	19.0	15.0	15.0	20.0	21.0
07-22	21.0	21.0	13.0	12.0	19.0	20.0
07-24	21.0	21.0	13.0	14.0	20.0	21.0
07-26	20.0	19.0	15.0	14.0	20.0	20.0
07-28	20.0	19.0	14.0	14.0	20.0	20.0
07-30	21.0	20.0	15.0	15.0	21.0	21.0
07-32	21.0	19.0	13.0	15.0	21.0	21.0
07-34	21.0	21.0	12.0	15.0	20.0	21.0
07-36	21.0	20.0	15.0	14.0	21.0	21.0
07-38	21.0	20.0	12.0	15.0	21.0	21.0
07-40	20.0	20.0	15.0	14.0	20.0	20.0
07-42	21.0	21.0	14.0	15.0	21.0	21.0
07-44	21.0	21.0	14.0	14.0	19.0	20.0
07-46	20.0	20.0	18.0	15.0	21.0	21.0
07-48	20.0	20.0	15.0	14.0	21.0	21.0
07-50	20.0	20.0	13.0	15.0	20.0	20.0
07-52	21.0	21.0	13.0	15.0	20.0	21.0
07-54	21.0	20.0	14.0	14.0	22.0	22.0
07-56	21.0	20.0	13.0	13.0	20.0	20.0
07-58	20.0	20.0	13.0	14.0	20.0	20.0
08-00	21.0	21.0	15.0	14.0	22.0	22.0
08-02	21.0	20.0	15.0	14.0	22.0	22.0
08-04	19.0	19.0	14.0	14.0	21.0	21.0
08-06	20.0	19.0	15.0	13.0	20.0	20.0
08-08	19.0	19.0	14.0	13.0	21.0	21.0
08-10	21.0	20.0	13.0	13.0	21.0	21.0
08-12	22.0	22.0	15.0	14.0	20.0	22.0
08-14	20.0	19.0	13.0	13.0	20.0	20.0
08-16	21.0	21.0	13.0	14.0	19.0	20.0
08-18	21.0	20.0	13.0	15.0	21.0	21.0
08-20	22.0	22.0	15.0	13.0	21.0	22.0
08-22	20.0	19.0	15.0	13.0	20.0	21.0
08-24	21.0	20.0	14.0	14.0	20.0	20.0
08-26	20.0	19.0	13.0	13.0	21.0	21.0
08-28	20.0	19.0	15.0	14.0	20.0	20.0
08-30	20.0	20.0	14.0	14.0	20.0	21.0
08-32	20.0	19.0	15.0	13.0	20.0	21.0
08-34	20.0	19.0	16.0	13.0	20.0	21.0
08-36	21.0	21.0	15.0	14.0	20.0	21.0
08-38	20.0	20.0	14.0	15.0	20.0	21.0
08-40	22.0	21.0	15.0	14.0	22.0	22.0
08-42	22.0	21.0	16.0	16.0	22.0	22.0
08-44	21.0	21.0	15.0	15.0	21.0	22.0
08-46	21.0	20.0	15.0	15.0	22.0	22.0
08-48	22.0	20.0	16.0	17.0	22.0	22.0
08-50	21.0	20.0	14.0	15.0	20.0	21.0
08-52	21.0	20.0	15.0	15.0	21.0	21.0
08-54	23.0	22.0	16.0	16.0	22.0	22.0
08-56	22.0	22.0	16.0	16.0	22.0	22.0
08-58	22.0	21.0	15.0	16.0	22.0	22.0
09-00	22.0	21.0	16.0	19.0	22.0	22.0
09-02	23.0	21.0	17.0	16.0	23.0	23.0
09-04	22.0	21.0	17.0	17.0	22.0	22.0
09-06	23.0	22.0	16.0	18.0	23.0	23.0
09-08	22.0	22.0	16.0	18.0	22.0	24.0
09-10	24.0	21.0	17.0	16.0	24.0	24.0
09-12	23.0	23.0	18.0	18.0	23.0	23.0
09-14	22.0	22.0	17.0	16.0	22.0	23.0
09-16	22.0	22.0	17.0	17.0	22.0	22.0
09-18	24.0	24.0	19.0	18.0	23.0	24.0
09-20	24.0	23.0	18.0	19.0	24.0	24.0
09-22	23.0	23.0	16.0	18.0	23.0	23.0
09-24	24.0	24.0	17.0	19.0	24.0	24.0
09-26	24.0	24.0	18.0	18.0	24.0	24.0
09-28	23.0	23.0	17.0	18.0	22.0	23.0
09-30	24.0	24.0	18.0	18.0	24.0	24.0
09-32	24.0	24.0	18.0	19.0	23.0	24.0
09-34	25.0	25.0	18.0	18.0	23.0	25.0
09-36	25.0	25.0	20.0	19.0	24.0	25.0
09-38	25.0	25.0	18.0	19.0	24.0	25.0
09-40	24.0	24.0	19.0	19.0	24.0	24.0
09-42	26.0	26.0	20.0	21.0	24.0	25.0
09-44	25.0	25.0	19.0	20.0	24.0	25.0
09-46	25.0	25.0	18.0	20.0	24.0	25.0
09-48	25.0	25.0	19.0	21.0	24.0	25.0
09-50	24.0	24.0	19.0	20.0	24.0	24.0
09-52	25.0	25.0	18.0	20.0	24.0	25.0
09-54	31.0	27.0	23.0	26.0	31.0	31.0
09-56	42.0	42.0	33.0	33.0	35.0	42.0
09-58	29.0	29.0	23.0	23.0	28.0	28.0
10-00	28.0	28.0	21.0	22.0	26.0	28.0
10-02	27.0	27.0	21.0	23.0	26.0	27.0
10-04	24.0	26.0	20.0	20.0	24.0	26.0
10-06	25.0	25.0	20.0	20.0	25.0	25.0
10-08	25.0	25.0	21.0	20.0	25.0	25.0
10-10	26.0	26.0	21.0	20.0	24.0	26.0
10-12	26.0	26.0	20.0	21.0	26.0	27.0
10-14	25.0	24.0	20.0	20.0	25.0	25.0
10-16	26.0	26.0	20.0	20.0	25.0	25.0
10-18	27.0	27.0	20.0	20.0	25.0	27.0
10-20	26.0	25.0	20.0	22.0	25.0	25.0
10-22	26.0	26.0	22.0	20.0	25.0	26.0
10-24	26.0	26.0	20.0	20.0	26.0	27.0
10-26	25.0	25.0	19.0	19.0	24.0	25.0
10-28	26.0	26.0	21.0	20.0	24.0	25.0
10-30	26.0	26.0	21.0	21.0	26.0	26.0
10-32	25.0	25.0	21.0	20.0	25.0	25.0
10-34	27.0	27.0	20.0	21.0	24.0	27.0
10-36	27.0	27.0	22.0	21.0	26.0	27.0
10-38	26.0	26.0	20.0	21.0	25.0	26.0
10-40	27.0	27.0	21.0	20.0	24.0	26.0
10-42	25.0	25.0	20.0	22.0	25.0	25.0
10-44	25.0	25.0	22.0	20.0	25.0	25.0
10-46	26.0	26.0	21.0	21.0	24.0	26.0
10-48	27.0	27.0	22.0	20.0	25.0	27.0
10-50	26.0	26.0	20.0	21.0	24.0	26.0
10-52	26.0	26.0	21.0	21.0	24.0	26.0
10-54	27.0	27.0	21.0	21.0	25.0	27.0
10-56	26.0	26.0	20.0	21.0	24.0	26.0
10-58	26.0	26.0	22.0	21.0	24.0	27.0
11-00	27.0	27.0	22.0	21.0	25.0	27.0
11-02	26.0	26.0	22.0	21.0	26.0	26.0
11-04	27.0	27.0	23.0	21.0	25.0	27.0
11-06	27.0	27.0	22.0	22.0	25.0	27.0
11-08	25.0	26.0	20.0	21.0	25.0	26.0
11-10	26.0	26.0	21.0	21.0	24.0	26.0
11-12	26.0	26.0	22.0	22.0	26.0	26.0
11-14	27.0	27.0	21.0	21.0	25.0	27.0
11-16	27.0	27.0	22.0	21.0	24.0	26.0
11-18	28.0	28.0	22.0	21.0	25.0	28.0
11-20	27.0	27.0	22.0	21.0	25.0	27.0
11-22	27.0	27.0	20.0	22.0	23.0	27.0
11-24	27.0	28.0	22.0	21.0	25.0	28.0
11-26	25.0	25.0	20.0	20.0	24.0	27.0
11-28	26.0	26.0	21.0	21.0	25.0	27.0
11-30	26.0	26.0	22.0	22.0	25.0	26.0
11-32	26.0	26.0	20.0	20.0	25.0	27.0
11-34	25.0	25.0	20.0	20.0	24.0	25.0
11-36	26.0	26.0	21.0	21.0	26.0	26.0
11-38	25.0	25.0	19.0	21.0	24.0	25.0
11-40	25.0	24.0	20.0	20.0	25.0	25.0
11-42	25.0	25.0	19.0	19.0	24.0	25.0
11-44	24.0	24.0	19.0	17.0	24.0	24.0
11-46	24.0	24.0	20.0	18.0	24.0	24.0
11-48	26.0	26.0	21.0	20.0	25.0	26.0
11-50	25.0	25.0	20.0	18.0	24.0	25.0
11-52	24.0	24.0	20.0	19.0	24.0	24.0
11-54	25.0	25.0	20.0	20.0	25.0	25.0
11-56	24.0	24.0	20.0	18.0	25.0	25.0
11-58	24.0	24.0	18.0	17.0	24.0	24.0
12-00	26.0	24.0	20.0	20.0	27.0	27.0
12-02	24.0	23.0	19.0	17.0	24.0	24.0
12-04	24.0	23.0	19.0	17.0	24.0	24.0
12-06	24.0	24.0	19.0	16.0	24.0	25.0
12-08	24.0	23.0	18.0	17.0	24.0	24.0
12-10	25.0	24.0	19.0	17.0	24.0	24.0
12-12	25.0	25.0	20.0	21.0	24.0	26.0
12-14	25.0	25.0	20.0	19.0	24.0	25.0
12-16	24.0	24.0	20.0	20.0	24.0	26.0
12-18	27.0	27.0	21.0	21.0	25.0	27.0
12-20	26.0	26.0	21.0	21.0	26.0	26.0
12-22	26.0	26.0	19.0	20.0	25.0	26.0
12-24	26.0	26.0	21.0	20.0	26.0	26.0
12-26	26.0	26.0	19.0	20.0	24.0	27.0
12-28	27.0	27.0	19.0	21.0	24.0	27.0
12-30	26.0	26.0	20.0	21.0	26.0	27.0
12-32	27.0	27.0	20.0	21.0	25.0	28.0
12-34	26.0	26.0	20.0	21.0	24.0	26.0
12-36	27.0	27.0	20.0	22.0	24.0	28.0
12-38	27.0	27.0	19.0	22.0	25.0	27.0
12-40	27.0	27.0	21.0	22.0	26.0	27.0
12-42	27.0	27.0	20.0	23.0	26.0	27.0
12-44	27.0	27.0	20.0	21.0	24.0	27.0
12-46	27.0	27.0	20.0	21.0	24.0	27.0
12-48	27.0	27.0	20.0	22.0	24.0	27.0
12-50	26.0	27.0	19.0	21.0	23.0	27.0
12-52	27.0	27.0	20.0	22.0	25.0	27.0
12-54	28.0	28.0	22.0	21.0	26.0	28.0
12-56	27.0	27.0	20.0	21.0	24.0	27.0
12-58	27.0	27.0	21.0	21.0	25.0	28.0
13-00	28.0	28.0	22.0	24.0	27.0	28.0
13-02	27.0	27.0	22.0	22.0	25.0	27.0
13-04	27.0	27.0	20.0	22.0	26.0	27.0
13-06	27.0	27.0	21.0	22.0	27.0	27.0
13-08	28.0	28.0	21.0	23.0	26.0	28.0
13-10	28.0	28.0	22.0	23.0	25.0	28.0
13-12	28.0	28.0	23.0	22.0	26.0	28.0
13-14	28.0	28.0	21.0	23.0	25.0	28.0
13-16	26.0	26.0	20.0	22.0	25.0	27.0
13-18	26.0	26.0	21.0	23.0	25.0	26.0
13-20	27.0	27.0	23.0	22.0	26.0	27.0
13-22	26.0	26.0	22.0	20.0	25.0	26.0
13-24	27.0	27.0	23.0	22.0	26.0	27.0
13-26	26.0	26.0	22.0	21.0	25.0	26.0
13-28	27.0	27.0	23.0	21.0	26.0	26.0
13-30	27.0	27.0	25.0	23.0	27.0	27.0
13-32	27.0	27.0	23.0	21.0	26.0	27.0
13-34	27.0	27.0	23.0	21.0	25.0	27.0
13-36	28.0	28.0	24.0	24.0	26.0	28.0
13-38	28.0	28.0	24.0	22.0	25.0	27.0
13-40	27.0	27.0	24.0	23.0	27.0	27.0
13-42	28.0	28.0	24.0	22.0	26.0	28.0
13-44	28.0	28.0	22.0	22.0	27.0	27.0
13-46	27.0	27.0	22.0	22.0	26.0	27.0
13-48	28.0	28.0	23.0	24.0	26.0	28.0
13-50	27.0	26.0	23.0	21.0	25.0	27.0
13-52	27.0	27.0	23.0	22.0	27.0	28.0
13-54	27.0	27.0	22.0	23.0	27.0	27.0
13-56	27.0	26.0	22.0	23.0	27.0	27.0
13-58	28.0	26.0	23.0	21.0	26.0	26.0
14-00	28.0	28.0	24.0	23.0	29.0	29.0
14-02	27.0	27.0	23.0	22.0	27.0	27.0
14-04	26.0	26.0	24.0	22.0	27.0	27.0
14-06	27.0	27.0	23.0	22.0	27.0	28.0
14-08	25.0	26.0	23.0	22.0	26.0	26.0
14-10	26.0	26.0	23.0	21.0	26.0	26.0
14-12	28.0	28.0	23.0	21.0	26.0	28.0
14-14	27.0	26.0	23.0	23.0	27.0	27.0
14-16	26.0	26.0	22.0	23.0	26.0	27.0
14-18	28.0	28.0	22.0	23.0	27.0	28.0
14-20	28.0	28.0	24.0	24.0	28.0	28.0
14-22	27.0	27.0	22.0	22.0	27.0	27.0
14-24	28.0	27.0	24.0	24.0	28.0	28.0
14-26	26.0	26.0	22.0	23.0	25.0	28.0
14-28	28.0	28.0	22.0	22.0	26.0	28.0
14-30	28.0	28.0	23.0	25.0	26.0	28.0
14-32	27.0	27.0	22.0	23.0	26.0	27.0
14-34	28.0	28.0	22.0	25.0	26.0	28.0
14-36	29.0	29.0	23.0	23.0	28.0	28.0
14-38	28.0	28.0	23.0	24.0	25.0	28.0
14-40	27.0	27.0	23.0	24.0	27.0	28.0
14-42	28.0	28.0	23.0	24.0	27.0	28.0
14-44	28.0	28.0	23.0	23.0	26.0	27.0
14-46	26.0	26.0	23.0	22.0	25.0	26.0
14-48	28.0	28.0	23.0	24.0	27.0	28.0
14-50	27.0	27.0	24.0	22.0	26.0	27.0
14-52	27.0	27.0	23.0	22.0	26.0	28.0
14-54	27.0	27.0	24.0	24.0	26.0	27.0
14-56	27.0	27.0	23.0	22.0	27.0	28.0
14-58	27.0	27.0	23.0	23.0	26.0	27.0
15-00	29.0	29.0	24.0	24.0	27.0	29.0
15-02	28.0	28.0	22.0	23.0	26.0	28.0
15-04	28.0	28.0	22.0	23.0	27.0	28.0
15-06	28.0	28.0	23.0	23.0	26.0	28.0
15-08	26.0	26.0	22.0	23.0	26.0	26.0
15-10	27.0	27.0	21.0	24.0	25.0	27.0
15-12	27.0	27.0	22.0	22.0	26.0	27.0
15-14	26.0	26.0	20.0	21.0	25.0	26.0
15-16	26.0	26.0	19.0	21.0	24.0	27.0
15-18	26.0	26.0	21.0	22.0	24.0	26.0
15-20	27.0	27.0	22.0	23.0	26.0	27.0
15-22	27.0	27.0	22.0	21.0	24.0	27.0
15-24	27.0	27.0	24.0	23.0	26.0	27.0
15-26	26.0	26.0	22.0	22.0	25.0	26.0
15-28	28.0	28.0	22.0	24.0	25.0	28.0
15-30	28.0	28.0	22.0	23.0	26.0	28.0
15-32	28.0	28.0	22.0	23.0	24.0	28.0
15-34	27.0	27.0	22.0	23.0	25.0	27.0
15-36	28.0	28.0	24.0	23.0	27.0	28.0
15-38	27.0	29.0	23.0	22.0	25.0	29.0
15-40	27.0	27.0	23.0	24.0	25.0	27.0
15-42	28.0	28.0	24.0	23.0	27.0	28.0
15-44	27.0	27.0	21.0	23.0	26.0	27.0
15-46	28.0	28.0	22.0	23.0	25.0	28.0
15-48	28.0	28.0	24.0	24.0	27.0	28.0
15-50	28.0	27.0	24.0	22.0	26.0	27.0
15-52	27.0	27.0	23.0	22.0	27.0	27.0
15-54	28.0	28.0	24.0	23.0	28.0	29.0
15-56	28.0	28.0	24.0	21.0	26.0	28.0
15-58	27.0	27.0	22.0	22.0	27.0	27.0
16-00	29.0	28.0	24.0	24.0	29.0	28.0
16-02	27.0	26.0	22.0	21.0	27.0	27.0
16-04	28.0	28.0	24.0	23.0	28.0	28.0
16-06	29.0	29.0	26.0	24.0	27.0	29.0
16-08	28.0	28.0	24.0	22.0	27.0	28.0
16-10	27.0	27.0	25.0	22.0	26.0	28.0
16-12	29.0	29.0	26.0	24.0	27.0	29.0
16-14	27.0	27.0	24.0	23.0	27.0	27.0
16-16	28.0	28.0	23.0	24.0	26.0	28.0
16-18	28.0	28.0	24.0	24.0	26.0	28.0
16-20	29.0	29.0	24.0	25.0	28.0	29.0
16-22	29.0	29.0	23.0	23.0	27.0	29.0
16-24	29.0	29.0	24.0	23.0	27.0	29.0
16-26	30.0	29.0	22.0	24.0	25.0	29.0
16-28	30.0	30.0	24.0	23.0	27.0	29.0
16-30	29.0	29.0	24.0	24.0	27.0	29.0
16-32	27.0	27.0	24.0	24.0	27.0	28.0
16-34	28.0	28.0	24.0	23.0	27.0	28.0
16-36	27.0	27.0	25.0	23.0	27.0	27.0
16-38	28.0	28.0	22.0	24.0	27.0	28.0
16-40	29.0	29.0	24.0	24.0	27.0	29.0
16-42	28.0	28.0	25.0	24.0	27.0	28.0
16-44	28.0	28.0	23.0	25.0	27.0	28.0
16-46	30.0	30.0	23.0	25.0	27.0	30.0
16-48	29.0	29.0	25.0	24.0	27.0	30.0
16-50	28.0	28.0	24.0	24.0	25.0	28.0
16-52	29.0	29.0	23.0	25.0	26.0	29.0
16-54	29.0	29.0	23.0	24.0	27.0	29.0
16-56	29.0	29.0	23.0	23.0	26.0	29.0
16-58	29.0	29.0	23.0	25.0	26.0	29.0
17-00	29.0	29.0	25.0	25.0	27.0	30.0
17-02	29.0	29.0	23.0	23.0	27.0	28.0
17-04	28.0	28.0	23.0	23.0	26.0	28.0
17-06	29.0	29.0	25.0	24.0	28.0	29.0
17-08	28.0	29.0	24.0	24.0	27.0	29.0
17-10	30.0	30.0	23.0	24.0	27.0	28.0
17-12	28.0	28.0	24.0	25.0	27.0	28.0
17-14	28.0	28.0	23.0	24.0	26.0	28.0
17-16	28.0	28.0	23.0	25.0	27.0	28.0
17-18	28.0	27.0	25.0	25.0	27.0	28.0
17-20	29.0	29.0	24.0	24.0	27.0	29.0
17-22	28.0	28.0	23.0	23.0	27.0	28.0
17-24	29.0	29.0	24.0	23.0	27.0	29.0
17-26	29.0	29.0	23.0	25.0	25.0	29.0
17-28	29.0	29.0	23.0	23.0	26.0	28.0
17-30	29.0	29.0	24.0	23.0	27.0	29.0
