00-00	38.0	38.0	35.0	36.0	38.0
00-02	39.0	39.0	35.0	36.0	38.0
00-04	38.0	38.0	34.0	36.0	38.0
00-06	39.0	38.0	35.0	36.0	39.0
00-08	39.0	37.0	34.0	36.0	39.0
00-10	39.0	38.0	35.0	36.0	39.0
00-12	40.0	39.0	34.0	37.0	39.0
00-14	38.0	38.0	34.0	35.0	38.0
00-16	39.0	39.0	33.0	36.0	40.0
00-18	39.0	39.0	33.0	36.0	40.0
00-20	39.0	39.0	34.0	36.0	39.0
00-22	39.0	39.0	34.0	36.0	39.0
00-24	39.0	39.0	35.0	36.0	39.0
00-26	39.0	38.0	34.0	36.0	39.0
00-28	39.0	39.0	34.0	36.0	37.0
00-30	39.0	39.0	35.0	36.0	38.0
00-32	38.0	38.0	33.0	35.0	38.0
00-34	38.0	38.0	34.0	36.0	38.0
00-36	39.0	39.0	33.0	36.0	38.0
00-38	38.0	38.0	34.0	36.0	39.0
00-40	39.0	38.0	34.0	36.0	39.0
00-42	38.0	38.0	34.0	36.0	39.0
00-44	38.0	38.0	34.0	35.0	38.0
00-46	39.0	39.0	35.0	36.0	39.0
00-48	39.0	39.0	34.0	35.0	38.0
00-50	38.0	38.0	34.0	35.0	38.0
00-52	38.0	38.0	34.0	36.0	38.0
00-54	39.0	39.0	34.0	36.0	39.0
00-56	39.0	39.0	35.0	35.0	38.0
00-58	38.0	38.0	34.0	36.0	38.0
01-00	38.0	38.0	35.0	36.0	38.0
01-02	38.0	37.0	34.0	36.0	38.0
01-04	38.0	38.0	33.0	36.0	39.0
01-06	40.0	40.0	34.0	37.0	39.0
01-08	39.0	39.0	34.0	36.0	38.0
01-10	39.0	39.0	34.0	36.0	38.0
01-12	39.0	39.0	34.0	37.0	38.0
01-14	39.0	39.0	34.0	36.0	40.0
01-16	39.0	39.0	34.0	36.0	38.0
01-18	39.0	38.0	35.0	36.0	39.0
01-20	39.0	38.0	35.0	38.0	39.0
01-22	38.0	38.0	35.0	37.0	39.0
01-24	39.0	39.0	35.0	37.0	39.0
01-26	39.0	38.0	35.0	36.0	39.0
01-28	39.0	38.0	34.0	36.0	39.0
01-30	39.0	38.0	35.0	36.0	40.0
01-32	38.0	38.0	33.0	36.0	38.0
01-34	38.0	39.0	34.0	37.0	37.0
01-36	39.0	39.0	34.0	36.0	39.0
01-38	40.0	40.0	34.0	37.0	39.0
01-40	39.0	39.0	34.0	36.0	38.0
01-42	39.0	39.0	34.0	37.0	39.0
01-44	38.0	38.0	34.0	37.0	38.0
01-46	39.0	39.0	34.0	37.0	39.0
01-48	39.0	39.0	34.0	36.0	39.0
01-50	40.0	40.0	35.0	36.0	38.0
01-52	39.0	39.0	34.0	36.0	38.0
01-54	39.0	39.0	35.0	37.0	39.0
01-56	39.0	39.0	35.0	37.0	39.0
01-58	39.0	39.0	34.0	35.0	39.0
02-00	42.0	42.0	35.0	37.0	39.0
02-02	39.0	39.0	35.0	36.0	39.0
02-04	38.0	38.0	34.0	36.0	38.0
02-06	39.0	39.0	34.0	35.0	39.0
02-08	39.0	39.0	35.0	36.0	39.0
02-10	39.0	38.0	35.0	36.0	38.0
02-12	39.0	39.0	35.0	37.0	39.0
02-14	39.0	38.0	34.0	36.0	39.0
02-16	38.0	37.0	34.0	36.0	39.0
02-18	39.0	38.0	35.0	36.0	39.0
02-20	39.0	39.0	35.0	38.0	38.0
02-22	39.0	39.0	34.0	37.0	38.0
02-24	39.0	39.0	34.0	37.0	39.0
02-26	39.0	38.0	35.0	36.0	38.0
02-28	39.0	39.0	34.0	36.0	38.0
02-30	39.0	39.0	35.0	37.0	38.0
02-32	39.0	38.0	34.0	36.0	39.0
02-34	38.0	38.0	34.0	36.0	39.0
02-36	39.0	39.0	34.0	36.0	38.0
02-38	40.0	40.0	35.0	36.0	39.0
02-40	39.0	39.0	35.0	36.0	39.0
02-42	39.0	39.0	35.0	36.0	39.0
02-44	38.0	38.0	34.0	36.0	38.0
02-46	39.0	39.0	34.0	36.0	39.0
02-48	38.0	38.0	35.0	37.0	38.0
02-50	39.0	38.0	35.0	36.0	39.0
02-52	39.0	39.0	35.0	36.0	40.0
02-54	39.0	39.0	35.0	36.0	38.0
02-56	39.0	39.0	35.0	36.0	39.0
02-58	40.0	39.0	34.0	37.0	40.0
03-00	40.0	39.0	35.0	37.0	39.0
03-02	39.0	38.0	36.0	37.0	39.0
03-04	39.0	39.0	34.0	36.0	38.0
03-06	38.0	38.0	35.0	36.0	38.0
03-08	39.0	39.0	34.0	37.0	38.0
03-10	39.0	39.0	34.0	37.0	39.0
03-12	39.0	39.0	34.0	37.0	39.0
03-14	39.0	39.0	34.0	36.0	40.0
03-16	39.0	39.0	34.0	36.0	38.0
03-18	39.0	39.0	35.0	36.0	38.0
03-20	40.0	39.0	34.0	36.0	39.0
03-22	39.0	39.0	35.0	36.0	38.0
03-24	39.0	39.0	34.0	35.0	38.0
03-26	39.0	39.0	34.0	36.0	38.0
03-28	39.0	38.0	34.0	36.0	39.0
03-30	39.0	39.0	35.0	36.0	39.0
03-32	39.0	38.0	35.0	36.0	39.0
03-34	38.0	38.0	34.0	36.0	38.0
03-36	39.0	39.0	35.0	36.0	39.0
03-38	38.0	38.0	35.0	36.0	38.0
03-40	39.0	39.0	34.0	37.0	38.0
03-42	39.0	39.0	35.0	36.0	38.0
03-44	38.0	38.0	35.0	36.0	38.0
03-46	38.0	38.0	35.0	36.0	38.0
03-48	38.0	38.0	35.0	36.0	38.0
03-50	38.0	38.0	34.0	37.0	39.0
03-52	39.0	38.0	35.0	36.0	39.0
03-54	38.0	38.0	35.0	36.0	38.0
03-56	38.0	38.0	35.0	36.0	38.0
03-58	38.0	37.0	34.0	36.0	38.0
04-00	39.0	39.0	35.0	36.0	39.0
04-02	39.0	39.0	34.0	35.0	39.0
04-04	38.0	38.0	35.0	36.0	38.0
04-06	39.0	39.0	35.0	37.0	39.0
04-08	39.0	39.0	35.0	35.0	38.0
04-10	38.0	38.0	34.0	36.0	39.0
04-12	39.0	38.0	35.0	37.0	39.0
04-14	39.0	39.0	35.0	36.0	38.0
04-16	38.0	38.0	36.0	35.0	38.0
04-18	39.0	38.0	36.0	37.0	39.0
04-20	38.0	38.0	35.0	36.0	38.0
04-22	38.0	38.0	35.0	35.0	37.0
04-24	39.0	39.0	35.0	37.0	38.0
04-26	38.0	38.0	34.0	36.0	39.0
04-28	39.0	39.0	36.0	37.0	39.0
04-30	39.0	38.0	35.0	36.0	38.0
04-32	39.0	39.0	35.0	36.0	37.0
04-34	39.0	38.0	34.0	37.0	39.0
04-36	38.0	38.0	34.0	36.0	38.0
04-38	38.0	38.0	35.0	37.0	37.0
04-40	39.0	38.0	35.0	37.0	39.0
04-42	38.0	38.0	34.0	36.0	38.0
04-44	39.0	38.0	35.0	36.0	39.0
04-46	39.0	38.0	34.0	36.0	39.0
04-48	39.0	39.0	34.0	37.0	39.0
04-50	38.0	37.0	34.0	36.0	38.0
04-52	38.0	38.0	35.0	37.0	38.0
04-54	39.0	39.0	34.0	37.0	39.0
04-56	39.0	38.0	35.0	36.0	39.0
04-58	39.0	39.0	35.0	36.0	38.0
05-00	40.0	40.0	36.0	37.0	39.0
05-02	39.0	39.0	34.0	35.0	39.0
05-04	38.0	38.0	35.0	36.0	38.0
05-06	38.0	37.0	35.0	37.0	38.0
05-08	38.0	37.0	34.0	37.0	38.0
05-10	38.0	38.0	35.0	36.0	38.0
05-12	38.0	38.0	35.0	37.0	38.0
05-14	39.0	38.0	35.0	37.0	39.0
05-16	40.0	38.0	35.0	36.0	39.0
05-18	39.0	39.0	35.0	37.0	40.0
05-20	39.0	39.0	34.0	36.0	39.0
05-22	39.0	39.0	34.0	36.0	38.0
05-24	39.0	39.0	35.0	37.0	39.0
05-26	39.0	38.0	34.0	36.0	39.0
05-28	38.0	39.0	34.0	36.0	38.0
05-30	38.0	38.0	35.0	37.0	38.0
05-32	38.0	39.0	34.0	37.0	37.0
05-34	39.0	39.0	35.0	36.0	39.0
05-36	38.0	38.0	36.0	36.0	38.0
05-38	39.0	39.0	36.0	36.0	39.0
05-40	39.0	39.0	36.0	36.0	39.0
05-42	38.0	38.0	36.0	37.0	39.0
05-44	39.0	39.0	34.0	36.0	38.0
05-46	39.0	39.0	35.0	37.0	38.0
05-48	39.0	39.0	36.0	36.0	39.0
05-50	39.0	39.0	35.0	35.0	38.0
05-52	39.0	38.0	36.0	37.0	39.0
05-54	40.0	38.0	35.0	36.0	40.0
05-56	39.0	38.0	36.0	37.0	39.0
05-58	39.0	39.0	35.0	35.0	39.0
06-00	39.0	38.0	35.0	36.0	39.0
06-02	39.0	39.0	34.0	35.0	39.0
06-04	39.0	38.0	35.0	36.0	39.0
06-06	39.0	39.0	36.0	37.0	39.0
06-08	39.0	39.0	34.0	36.0	39.0
06-10	39.0	38.0	36.0	36.0	38.0
06-12	39.0	39.0	36.0	37.0	39.0
06-14	40.0	39.0	35.0	36.0	39.0
06-16	39.0	38.0	34.0	36.0	39.0
06-18	39.0	39.0	35.0	37.0	39.0
06-20	39.0	39.0	35.0	37.0	39.0
06-22	40.0	40.0	35.0	37.0	40.0
06-24	41.0	41.0	36.0	37.0	39.0
06-26	39.0	39.0	36.0	37.0	40.0
06-28	40.0	40.0	35.0	36.0	39.0
06-30	39.0	39.0	35.0	37.0	38.0
06-32	40.0	40.0	34.0	37.0	39.0
06-34	39.0	39.0	35.0	36.0	39.0
06-36	40.0	39.0	36.0	37.0	40.0
06-38	40.0	40.0	36.0	37.0	39.0
06-40	40.0	40.0	36.0	37.0	40.0
06-42	40.0	40.0	36.0	37.0	40.0
06-44	39.0	39.0	36.0	37.0	39.0
06-46	40.0	38.0	35.0	36.0	40.0
06-48	39.0	39.0	35.0	37.0	38.0
06-50	39.0	39.0	35.0	36.0	39.0
06-52	39.0	38.0	36.0	37.0	39.0
06-54	41.0	41.0	36.0	37.0	40.0
06-56	39.0	40.0	35.0	37.0	38.0
06-58	39.0	38.0	35.0	36.0	39.0
07-00	39.0	39.0	35.0	37.0	39.0
07-02	40.0	40.0	35.0	36.0	39.0
07-04	42.0	42.0	35.0	37.0	40.0
07-06	40.0	40.0	35.0	36.0	40.0
07-08	39.0	39.0	35.0	37.0	39.0
07-10	41.0	41.0	36.0	37.0	40.0
07-12	40.0	39.0	36.0	38.0	39.0
07-14	40.0	40.0	36.0	39.0	40.0
07-16	40.0	40.0	35.0	37.0	39.0
07-18	41.0	41.0	36.0	38.0	39.0
07-20	40.0	40.0	36.0	36.0	40.0
07-22	41.0	41.0	35.0	37.0	40.0
07-24	40.0	40.0	36.0	38.0	39.0
07-26	40.0	40.0	35.0	38.0	39.0
07-28	40.0	40.0	36.0	37.0	39.0
07-30	40.0	40.0	35.0	39.0	40.0
07-32	39.0	39.0	35.0	37.0	40.0
07-34	40.0	40.0	35.0	39.0	39.0
07-36	40.0	40.0	36.0	38.0	40.0
07-38	40.0	40.0	35.0	38.0	39.0
07-40	40.0	40.0	36.0	36.0	40.0
07-42	40.0	40.0	36.0	37.0	40.0
07-44	40.0	40.0	36.0	36.0	39.0
07-46	40.0	39.0	35.0	36.0	39.0
07-48	40.0	40.0	36.0	38.0	40.0
07-50	40.0	40.0	36.0	37.0	39.0
07-52	40.0	40.0	35.0	37.0	38.0
07-54	40.0	40.0	36.0	38.0	39.0
07-56	40.0	39.0	35.0	37.0	39.0
07-58	40.0	40.0	36.0	37.0	39.0
08-00	41.0	41.0	36.0	37.0	39.0
08-02	41.0	41.0	36.0	37.0	40.0
08-04	40.0	40.0	36.0	37.0	39.0
08-06	40.0	40.0	36.0	38.0	40.0
08-08	41.0	41.0	36.0	37.0	39.0
08-10	41.0	41.0	36.0	37.0	39.0
08-12	41.0	41.0	37.0	37.0	39.0
08-14	41.0	41.0	36.0	37.0	41.0
08-16	40.0	41.0	36.0	38.0	41.0
08-18	40.0	40.0	36.0	37.0	40.0
08-20	41.0	40.0	37.0	38.0	40.0
08-22	40.0	40.0	35.0	37.0	40.0
08-24	40.0	40.0	36.0	37.0	40.0
08-26	40.0	39.0	36.0	37.0	40.0
08-28	39.0	39.0	35.0	36.0	39.0
08-30	40.0	40.0	36.0	36.0	38.0
08-32	39.0	39.0	34.0	36.0	39.0
08-34	38.0	38.0	33.0	34.0	37.0
08-36	38.0	36.0	33.0	34.0	38.0
08-38	37.0	36.0	33.0	34.0	37.0
08-40	37.0	36.0	33.0	34.0	37.0
08-42	36.0	36.0	33.0	35.0	36.0
08-44	37.0	36.0	32.0	33.0	37.0
08-46	37.0	36.0	32.0	34.0	37.0
08-48	37.0	37.0	32.0	34.0	37.0
08-50	37.0	37.0	31.0	34.0	36.0
08-52	36.0	36.0	31.0	34.0	36.0
08-54	36.0	36.0	32.0	32.0	35.0
08-56	36.0	36.0	31.0	31.0	36.0
08-58	36.0	35.0	31.0	32.0	35.0
09-00	37.0	37.0	32.0	33.0	37.0
09-02	35.0	35.0	30.0	31.0	36.0
09-04	36.0	35.0	30.0	31.0	35.0
09-06	35.0	35.0	32.0	31.0	35.0
09-08	35.0	35.0	30.0	31.0	35.0
09-10	35.0	35.0	31.0	30.0	35.0
09-12	35.0	35.0	30.0	30.0	35.0
09-14	35.0	35.0	31.0	31.0	35.0
09-16	35.0	35.0	30.0	30.0	34.0
09-18	35.0	35.0	31.0	30.0	34.0
09-20	35.0	35.0	30.0	31.0	34.0
09-22	34.0	34.0	29.0	30.0	34.0
09-24	35.0	35.0	30.0	31.0	34.0
09-26	35.0	35.0	30.0	30.0	33.0
09-28	35.0	35.0	30.0	30.0	34.0
09-30	35.0	34.0	30.0	30.0	35.0
09-32	35.0	35.0	30.0	29.0	35.0
09-34	35.0	35.0	30.0	30.0	35.0
09-36	35.0	35.0	30.0	31.0	34.0
09-38	35.0	35.0	29.0	30.0	34.0
09-40	36.0	36.0	29.0	30.0	34.0
09-42	35.0	35.0	29.0	29.0	35.0
09-44	34.0	33.0	29.0	30.0	34.0
09-46	35.0	35.0	28.0	29.0	33.0
09-48	35.0	35.0	30.0	30.0	34.0
09-50	36.0	35.0	31.0	30.0	36.0
09-52	35.0	33.0	30.0	29.0	35.0
09-54	34.0	34.0	30.0	29.0	33.0
09-56	34.0	34.0	29.0	29.0	33.0
09-58	34.0	33.0	29.0	29.0	33.0
10-00	34.0	34.0	30.0	30.0	33.0
10-02	34.0	34.0	28.0	29.0	33.0
10-04	35.0	35.0	29.0	30.0	33.0
10-06	34.0	34.0	29.0	30.0	34.0
10-08	34.0	34.0	29.0	28.0	34.0
10-10	35.0	35.0	29.0	30.0	33.0
10-12	34.0	34.0	30.0	29.0	34.0
10-14	34.0	34.0	29.0	28.0	34.0
10-16	33.0	33.0	28.0	29.0	33.0
10-18	34.0	34.0	30.0	29.0	33.0
10-20	35.0	34.0	28.0	31.0	35.0
10-22	34.0	34.0	29.0	29.0	33.0
10-24	35.0	35.0	30.0	28.0	34.0
10-26	33.0	33.0	29.0	29.0	33.0
10-28	34.0	34.0	29.0	28.0	34.0
10-30	35.0	35.0	28.0	29.0	34.0
10-32	33.0	33.0	29.0	29.0	32.0
10-34	34.0	34.0	29.0	29.0	32.0
10-36	34.0	33.0	29.0	29.0	34.0
10-38	34.0	33.0	29.0	29.0	34.0
10-40	34.0	34.0	29.0	28.0	33.0
10-42	34.0	34.0	29.0	29.0	33.0
10-44	34.0	33.0	29.0	29.0	33.0
10-46	33.0	33.0	28.0	29.0	33.0
10-48	33.0	33.0	29.0	29.0	33.0
10-50	33.0	33.0	29.0	29.0	32.0
10-52	33.0	33.0	29.0	29.0	33.0
10-54	34.0	33.0	29.0	29.0	34.0
10-56	34.0	34.0	29.0	30.0	34.0
10-58	34.0	34.0	29.0	29.0	33.0
11-00	34.0	33.0	30.0	30.0	34.0
11-02	34.0	34.0	29.0	29.0	33.0
11-04	34.0	34.0	29.0	29.0	33.0
11-06	33.0	33.0	30.0	29.0	34.0
11-08	33.0	33.0	28.0	29.0	33.0
11-10	34.0	34.0	28.0	29.0	33.0
11-12	34.0	34.0	28.0	29.0	33.0
11-14	33.0	33.0	29.0	29.0	33.0
11-16	35.0	35.0	28.0	28.0	32.0
11-18	33.0	33.0	29.0	29.0	33.0
11-20	34.0	33.0	30.0	28.0	34.0
11-22	33.0	33.0	29.0	28.0	33.0
11-24	34.0	34.0	29.0	28.0	32.0
11-26	33.0	33.0	29.0	28.0	32.0
11-28	34.0	34.0	29.0	29.0	32.0
11-30	34.0	34.0	29.0	29.0	32.0
11-32	33.0	33.0	28.0	28.0	33.0
11-34	33.0	33.0	29.0	27.0	32.0
11-36	34.0	34.0	29.0	30.0	34.0
11-38	33.0	32.0	28.0	28.0	33.0
11-40	34.0	33.0	29.0	29.0	34.0
11-42	34.0	33.0	28.0	29.0	34.0
11-44	34.0	34.0	28.0	29.0	32.0
11-46	33.0	33.0	28.0	29.0	33.0
11-48	34.0	34.0	29.0	29.0	33.0
11-50	34.0	34.0	29.0	30.0	33.0
11-52	33.0	33.0	28.0	29.0	32.0
11-54	33.0	33.0	28.0	29.0	33.0
11-56	34.0	34.0	28.0	29.0	33.0
11-58	34.0	34.0	27.0	29.0	32.0
12-00	34.0	34.0	28.0	29.0	33.0
12-02	33.0	34.0	28.0	29.0	32.0
12-04	34.0	34.0	28.0	28.0	32.0
12-06	34.0	34.0	28.0	29.0	31.0
12-08	33.0	33.0	27.0	28.0	32.0
12-10	33.0	33.0	28.0	28.0	32.0
12-12	34.0	34.0	29.0	29.0	31.0
12-14	33.0	33.0	27.0	28.0	31.0
12-16	33.0	33.0	28.0	27.0	33.0
12-18	33.0	33.0	29.0	29.0	32.0
12-20	33.0	33.0	28.0	28.0	32.0
12-22	33.0	33.0	29.0	28.0	31.0
12-24	33.0	33.0	27.0	29.0	32.0
12-26	34.0	34.0	27.0	28.0	32.0
12-28	33.0	33.0	28.0	29.0	33.0
12-30	34.0	34.0	29.0	29.0	33.0
12-32	33.0	33.0	28.0	29.0	31.0
12-34	33.0	33.0	29.0	28.0	33.0
12-36	34.0	34.0	28.0	28.0	32.0
12-38	34.0	34.0	28.0	28.0	32.0
12-40	33.0	32.0	28.0	28.0	33.0
12-42	32.0	32.0	28.0	29.0	33.0
12-44	32.0	32.0	28.0	28.0	32.0
12-46	33.0	32.0	27.0	28.0	32.0
12-48	33.0	33.0	28.0	29.0	33.0
12-50	33.0	34.0	29.0	29.0	33.0
12-52	33.0	33.0	27.0	27.0	32.0
12-54	34.0	34.0	28.0	28.0	33.0
12-56	32.0	32.0	28.0	29.0	32.0
12-58	32.0	32.0	27.0	28.0	33.0
13-00	33.0	33.0	29.0	28.0	32.0
13-02	34.0	34.0	28.0	28.0	31.0
13-04	33.0	33.0	28.0	28.0	33.0
13-06	33.0	33.0	28.0	29.0	32.0
13-08	33.0	33.0	28.0	27.0	32.0
13-10	33.0	33.0	28.0	29.0	32.0
13-12	32.0	32.0	28.0	29.0	32.0
13-14	33.0	33.0	27.0	29.0	32.0
13-16	32.0	32.0	28.0	28.0	32.0
13-18	32.0	32.0	28.0	28.0	31.0
13-20	33.0	33.0	29.0	28.0	32.0
13-22	33.0	33.0	28.0	29.0	33.0
13-24	33.0	33.0	28.0	30.0	33.0
13-26	32.0	32.0	29.0	28.0	32.0
13-28	33.0	33.0	27.0	28.0	32.0
13-30	32.0	32.0	28.0	29.0	32.0
13-32	33.0	32.0	28.0	29.0	33.0
13-34	35.0	36.0	35.0	34.0	35.0
13-36	33.0	33.0	28.0	29.0	32.0
13-38	33.0	33.0	28.0	28.0	31.0
13-40	32.0	32.0	28.0	29.0	32.0
13-42	33.0	33.0	29.0	28.0	31.0
13-44	33.0	33.0	27.0	28.0	31.0
13-46	33.0	33.0	27.0	28.0	32.0
13-48	33.0	33.0	28.0	29.0	31.0
13-50	40.0	40.0	33.0	34.0	36.0
13-52	34.0	34.0	28.0	29.0	33.0
13-54	34.0	34.0	29.0	29.0	32.0
13-56	33.0	33.0	29.0	28.0	32.0
13-58	33.0	33.0	27.0	28.0	33.0
14-00	34.0	34.0	28.0	29.0	33.0
14-02	34.0	34.0	27.0	28.0	32.0
14-04	35.0	35.0	28.0	30.0	34.0
14-06	34.0	34.0	28.0	29.0	33.0
14-08	33.0	33.0	28.0	29.0	33.0
14-10	35.0	35.0	28.0	29.0	33.0
14-12	33.0	33.0	29.0	29.0	33.0
14-14	33.0	33.0	28.0	29.0	31.0
14-16	33.0	33.0	28.0	28.0	32.0
14-18	40.0	40.0	32.0	32.0	37.0
14-20	34.0	34.0	29.0	29.0	33.0
14-22	33.0	33.0	27.0	29.0	32.0
14-24	34.0	34.0	28.0	28.0	32.0
14-26	33.0	33.0	29.0	28.0	33.0
14-28	34.0	34.0	29.0	28.0	31.0
14-30	34.0	34.0	28.0	28.0	34.0
14-32	33.0	33.0	28.0	27.0	31.0
14-34	35.0	34.0	28.0	29.0	35.0
14-36	34.0	33.0	29.0	29.0	34.0
14-38	33.0	33.0	28.0	28.0	31.0
14-40	34.0	34.0	29.0	30.0	34.0
14-42	41.0	41.0	34.0	34.0	37.0
14-44	39.0	36.0	39.0	35.0	38.0
14-46	44.0	44.0	35.0	35.0	39.0
14-48	43.0	43.0	36.0	36.0	38.0
14-50	44.0	44.0	40.0	41.0	42.0
14-52	45.0	45.0	44.0	40.0	41.0
14-54	45.0	45.0	45.0	44.0	45.0
14-56	46.0	46.0	43.0	46.0	47.0
14-58	46.0	46.0	39.0	43.0	42.0
15-00	49.0	48.0	45.0	49.0	49.0
15-02	46.0	46.0	39.0	40.0	45.0
15-04	48.0	47.0	43.0	48.0	46.0
15-06	47.0	47.0	43.0	45.0	45.0
15-08	48.0	48.0	42.0	46.0	44.0
15-10	52.0	52.0	47.0	50.0	48.0
15-12	44.0	44.0	41.0	41.0	43.0
15-14	42.0	41.0	37.0	42.0	42.0
15-16	41.0	41.0	40.0	40.0	40.0
15-18	41.0	41.0	37.0	40.0	39.0
15-20	35.0	35.0	31.0	33.0	35.0
15-22	33.0	33.0	29.0	31.0	34.0
15-24	34.0	34.0	30.0	30.0	33.0
15-26	33.0	33.0	29.0	30.0	33.0
15-28	41.0	41.0	35.0	34.0	36.0
15-30	40.0	38.0	37.0	38.0	39.0
15-32	36.0	35.0	31.0	30.0	36.0
15-34	34.0	34.0	29.0	30.0	33.0
15-36	34.0	33.0	29.0	30.0	34.0
15-38	34.0	33.0	29.0	29.0	34.0
15-40	34.0	33.0	29.0	29.0	34.0
15-42	34.0	34.0	28.0	29.0	33.0
15-44	34.0	33.0	28.0	29.0	34.0
15-46	42.0	42.0	34.0	35.0	37.0
15-50	34.0	34.0	31.0	30.0	34.0
15-52	34.0	33.0	28.0	29.0	34.0
15-54	35.0	35.0	29.0	29.0	33.0
15-56	34.0	34.0	29.0	31.0	34.0
15-58	35.0	34.0	30.0	30.0	34.0
16-00	36.0	36.0	31.0	31.0	36.0
16-02	35.0	35.0	31.0	31.0	35.0
16-04	35.0	35.0	30.0	31.0	35.0
16-06	35.0	35.0	30.0	31.0	35.0
16-08	34.0	34.0	30.0	30.0	34.0
16-10	35.0	35.0	30.0	30.0	34.0
16-12	35.0	34.0	30.0	31.0	34.0
16-14	35.0	34.0	30.0	30.0	34.0
16-16	35.0	35.0	28.0	29.0	34.0
16-18	33.0	32.0	30.0	30.0	34.0
16-20	34.0	34.0	28.0	29.0	34.0
16-22	34.0	33.0	29.0	29.0	34.0
16-24	33.0	33.0	28.0	28.0	33.0
16-26	34.0	34.0	28.0	29.0	33.0
16-28	33.0	33.0	29.0	29.0	33.0
16-30	39.0	39.0	37.0	37.0	38.0
16-32	35.0	34.0	29.0	30.0	34.0
16-34	41.0	38.0	35.0	41.0	40.0
16-36	41.0	41.0	36.0	37.0	39.0
16-38	36.0	35.0	31.0	31.0	36.0
16-40	39.0	39.0	34.0	37.0	37.0
16-42	36.0	36.0	32.0	33.0	36.0
16-44	35.0	34.0	29.0	31.0	35.0
16-46	34.0	33.0	29.0	30.0	34.0
16-48	34.0	33.0	29.0	30.0	34.0
16-50	34.0	34.0	29.0	29.0	33.0
16-52	33.0	33.0	28.0	28.0	33.0
16-54	33.0	33.0	29.0	28.0	32.0
16-56	33.0	34.0	28.0	28.0	32.0
16-58	33.0	33.0	28.0	29.0	33.0
17-00	41.0	41.0	36.0	36.0	37.0
17-02	50.0	50.0	47.0	48.0	47.0
17-04	45.0	45.0	39.0	39.0	41.0
17-06	53.0	52.0	50.0	52.0	53.0
17-08	43.0	42.0	38.0	43.0	43.0
17-10	44.0	44.0	37.0	36.0	39.0
17-12	45.0	45.0	37.0	38.0	40.0
17-14	53.0	51.0	51.0	52.0	53.0
17-16	54.0	53.0	51.0	53.0	54.0
17-18	54.0	53.0	52.0	54.0	53.0
17-20	54.0	54.0	52.0	54.0	54.0
17-22	55.0	53.0	53.0	55.0	54.0
17-24	55.0	53.0	52.0	55.0	53.0
17-26	55.0	53.0	52.0	55.0	54.0
17-28	54.0	54.0	53.0	54.0	54.0
17-30	55.0	54.0	53.0	55.0	55.0
17-32	56.0	53.0	53.0	55.0	55.0
17-34	57.0	54.0	55.0	55.0	57.0
17-36	56.0	54.0	54.0	56.0	56.0
17-38	56.0	53.0	54.0	56.0	56.0
17-40	57.0	55.0	55.0	55.0	57.0
17-42	58.0	56.0	55.0	58.0	57.0
17-44	58.0	56.0	55.0	57.0	58.0
17-46	58.0	56.0	56.0	58.0	57.0
17-48	57.0	55.0	55.0	57.0	56.0
17-50	57.0	56.0	55.0	57.0	57.0
17-52	58.0	56.0	54.0	58.0	58.0
17-54	58.0	57.0	55.0	58.0	58.0
17-56	58.0	57.0	55.0	57.0	58.0
17-58	58.0	57.0	55.0	57.0	58.0
18-00	58.0	56.0	56.0	58.0	57.0
18-02	59.0	56.0	56.0	58.0	59.0
18-04	59.0	56.0	55.0	58.0	59.0
18-06	59.0	56.0	56.0	57.0	59.0
18-08	58.0	57.0	55.0	57.0	58.0
18-10	58.0	55.0	56.0	57.0	58.0
18-12	58.0	56.0	56.0	57.0	58.0
18-14	59.0	56.0	55.0	59.0	58.0
18-16	59.0	56.0	56.0	58.0	59.0
18-18	58.0	57.0	56.0	58.0	58.0
18-20	58.0	57.0	56.0	58.0	58.0
18-22	58.0	57.0	55.0	58.0	58.0
18-24	59.0	57.0	56.0	59.0	58.0
18-26	58.0	58.0	56.0	58.0	58.0
18-28	59.0	57.0	57.0	59.0	57.0
18-30	59.0	57.0	55.0	59.0	59.0
18-32	59.0	58.0	57.0	59.0	58.0
18-34	59.0	57.0	56.0	59.0	57.0
18-36	59.0	58.0	56.0	59.0	58.0
18-38	59.0	57.0	57.0	59.0	59.0
18-40	58.0	57.0	56.0	58.0	58.0
18-42	59.0	57.0	57.0	59.0	59.0
18-44	58.0	57.0	56.0	58.0	58.0
18-46	58.0	58.0	57.0	58.0	58.0
18-48	60.0	58.0	57.0	58.0	60.0
18-50	59.0	59.0	57.0	58.0	59.0
18-52	59.0	58.0	57.0	59.0	59.0
18-54	58.0	58.0	57.0	58.0	58.0
18-56	59.0	58.0	56.0	58.0	59.0
18-58	60.0	58.0	56.0	59.0	59.0
19-00	59.0	58.0	58.0	58.0	58.0
19-02	59.0	58.0	57.0	59.0	59.0
19-04	58.0	58.0	56.0	58.0	58.0
19-06	59.0	58.0	56.0	58.0	59.0
19-08	59.0	58.0	57.0	58.0	59.0
19-10	60.0	58.0	57.0	60.0	59.0
19-12	59.0	58.0	58.0	59.0	59.0
19-14	60.0	57.0	57.0	60.0	59.0
19-16	59.0	58.0	58.0	59.0	59.0
19-18	59.0	57.0	57.0	59.0	60.0
19-20	59.0	58.0	57.0	59.0	58.0
19-22	58.0	58.0	56.0	58.0	58.0
19-24	59.0	57.0	57.0	58.0	59.0
19-26	59.0	58.0	57.0	59.0	59.0
19-28	59.0	57.0	57.0	59.0	58.0
19-30	59.0	58.0	57.0	59.0	59.0
19-32	59.0	57.0	57.0	58.0	59.0
19-34	60.0	58.0	58.0	60.0	59.0
19-36	59.0	58.0	57.0	59.0	59.0
19-38	59.0	58.0	58.0	59.0	59.0
19-40	59.0	57.0	57.0	59.0	58.0
19-42	59.0	57.0	57.0	58.0	59.0
19-44	60.0	57.0	57.0	59.0	60.0
19-46	60.0	58.0	56.0	60.0	59.0
19-48	60.0	58.0	58.0	58.0	60.0
19-50	60.0	58.0	58.0	60.0	60.0
19-52	60.0	58.0	57.0	60.0	60.0
19-54	60.0	57.0	57.0	59.0	61.0
19-56	59.0	58.0	58.0	58.0	59.0
19-58	60.0	57.0	58.0	59.0	60.0
20-00	59.0	59.0	57.0	59.0	59.0
20-02	59.0	58.0	58.0	59.0	59.0
20-04	59.0	58.0	58.0	58.0	59.0
20-06	59.0	58.0	57.0	59.0	59.0
20-08	60.0	58.0	56.0	59.0	60.0
20-10	60.0	58.0	58.0	59.0	60.0
20-12	60.0	58.0	58.0	60.0	60.0
20-14	59.0	58.0	56.0	59.0	59.0
20-16	59.0	58.0	57.0	59.0	59.0
20-18	59.0	59.0	57.0	59.0	59.0
20-20	59.0	59.0	57.0	59.0	59.0
20-22	60.0	56.0	57.0	60.0	59.0
20-24	59.0	58.0	57.0	59.0	59.0
20-26	60.0	59.0	58.0	60.0	59.0
20-28	59.0	58.0	57.0	58.0	59.0
20-30	59.0	58.0	59.0	59.0	59.0
20-32	60.0	58.0	56.0	60.0	58.0
20-34	59.0	59.0	58.0	59.0	59.0
20-36	60.0	58.0	57.0	59.0	60.0
20-38	59.0	59.0	57.0	59.0	59.0
20-40	59.0	58.0	56.0	59.0	58.0
20-42	59.0	58.0	57.0	59.0	60.0
20-44	59.0	57.0	57.0	59.0	59.0
20-46	59.0	59.0	57.0	59.0	59.0
20-48	59.0	58.0	58.0	60.0	59.0
20-50	61.0	58.0	57.0	60.0	61.0
20-52	60.0	59.0	58.0	60.0	60.0
20-54	60.0	59.0	58.0	59.0	60.0
20-56	60.0	58.0	58.0	59.0	59.0
20-58	59.0	59.0	58.0	58.0	59.0
21-00	59.0	58.0	55.0	59.0	58.0
21-02	59.0	58.0	58.0	59.0	59.0
21-04	60.0	58.0	57.0	59.0	59.0
21-06	59.0	59.0	57.0	59.0	58.0
21-08	59.0	59.0	59.0	59.0	59.0
21-10	60.0	59.0	58.0	59.0	59.0
21-12	59.0	58.0	58.0	59.0	59.0
21-14	60.0	57.0	58.0	60.0	60.0
21-16	59.0	59.0	57.0	59.0	59.0
21-18	60.0	59.0	56.0	60.0	60.0
21-20	60.0	58.0	57.0	60.0	59.0
21-22	59.0	58.0	57.0	59.0	59.0
21-24	60.0	57.0	57.0	59.0	60.0
21-26	60.0	58.0	58.0	59.0	60.0
21-28	59.0	59.0	58.0	59.0	59.0
21-30	60.0	58.0	56.0	59.0	60.0
21-32	60.0	57.0	57.0	60.0	60.0
21-34	61.0	57.0	57.0	61.0	59.0
21-36	60.0	59.0	56.0	59.0	59.0
21-38	60.0	58.0	57.0	60.0	59.0
21-40	60.0	58.0	59.0	60.0	60.0
21-42	60.0	58.0	57.0	60.0	60.0
21-44	60.0	59.0	57.0	60.0	59.0
21-46	60.0	58.0	58.0	59.0	59.0
21-48	59.0	59.0	58.0	59.0	59.0
21-50	59.0	58.0	57.0	59.0	58.0
21-52	60.0	59.0	57.0	60.0	60.0
21-54	61.0	59.0	57.0	59.0	61.0
21-56	60.0	58.0	58.0	60.0	60.0
21-58	60.0	58.0	58.0	60.0	59.0
22-00	60.0	58.0	56.0	59.0	60.0
22-02	60.0	58.0	58.0	60.0	60.0
22-04	59.0	57.0	57.0	59.0	59.0
22-06	60.0	58.0	57.0	60.0	59.0
22-08	60.0	59.0	57.0	59.0	60.0
22-10	60.0	58.0	57.0	60.0	60.0
22-12	60.0	58.0	57.0	59.0	60.0
22-14	59.0	59.0	58.0	59.0	59.0
22-16	60.0	58.0	58.0	59.0	60.0
22-18	61.0	59.0	58.0	60.0	61.0
22-20	60.0	59.0	57.0	60.0	59.0
22-22	60.0	57.0	59.0	60.0	59.0
22-24	60.0	58.0	58.0	59.0	59.0
22-26	60.0	58.0	58.0	60.0	60.0
22-28	60.0	59.0	59.0	60.0	59.0
22-30	60.0	59.0	58.0	60.0	59.0
22-32	59.0	58.0	59.0	59.0	59.0
22-34	61.0	58.0	57.0	60.0	61.0
22-36	60.0	59.0	57.0	59.0	60.0
22-38	60.0	58.0	57.0	59.0	59.0
22-40	60.0	58.0	58.0	59.0	60.0
22-42	60.0	58.0	58.0	59.0	60.0
22-44	60.0	58.0	57.0	60.0	59.0
22-46	61.0	59.0	59.0	59.0	61.0
22-48	59.0	58.0	58.0	59.0	59.0
22-50	59.0	58.0	59.0	58.0	59.0
22-52	59.0	57.0	57.0	59.0	59.0
22-54	60.0	58.0	58.0	59.0	60.0
22-56	60.0	58.0	59.0	60.0	60.0
22-58	60.0	58.0	58.0	59.0	60.0
23-00	60.0	59.0	57.0	59.0	59.0
23-02	60.0	59.0	59.0	59.0	60.0
23-04	60.0	59.0	57.0	59.0	60.0
23-06	60.0	57.0	58.0	60.0	59.0
23-08	61.0	59.0	59.0	61.0	60.0
23-10	60.0	59.0	59.0	59.0	58.0
23-12	59.0	59.0	58.0	59.0	59.0
23-14	59.0	59.0	58.0	60.0	59.0
23-16	60.0	58.0	58.0	60.0	59.0
23-18	60.0	60.0	58.0	59.0	60.0
23-20	60.0	59.0	58.0	59.0	60.0
23-22	60.0	58.0	58.0	60.0	59.0
23-24	60.0	58.0	58.0	59.0	60.0
23-26	60.0	58.0	59.0	59.0	60.0
23-28	60.0	58.0	59.0	59.0	60.0
23-30	60.0	58.0	58.0	59.0	60.0
23-32	60.0	58.0	58.0	60.0	60.0
23-34	60.0	59.0	58.0	60.0	58.0
23-36	60.0	58.0	58.0	59.0	59.0
23-38	60.0	58.0	57.0	59.0	59.0
23-40	60.0	58.0	58.0	60.0	60.0
23-42	59.0	58.0	58.0	59.0	59.0
23-44	53.0	48.0	51.0	53.0	48.0
23-46	42.0	42.0	38.0	39.0	42.0
23-48	40.0	40.0	36.0	38.0	40.0
23-50	39.0	39.0	35.0	37.0	39.0
23-52	40.0	40.0	35.0	36.0	39.0
23-54	39.0	39.0	36.0	36.0	40.0
23-56	39.0	38.0	35.0	36.0	39.0
23-58	38.0	38.0	35.0	36.0	38.0
