00-00	23.0	23.0	17.0	18.0	22.0	22.0
00-02	22.0	22.0	16.0	17.0	21.0	22.0
00-04	22.0	22.0	16.0	17.0	20.0	23.0
00-06	23.0	23.0	17.0	16.0	23.0	23.0
00-08	22.0	22.0	16.0	17.0	20.0	22.0
00-10	21.0	21.0	16.0	16.0	21.0	22.0
00-12	22.0	22.0	16.0	17.0	22.0	23.0
00-14	23.0	23.0	16.0	18.0	21.0	23.0
00-16	22.0	22.0	16.0	16.0	22.0	22.0
00-18	23.0	23.0	18.0	17.0	21.0	23.0
00-20	23.0	23.0	18.0	18.0	22.0	24.0
00-22	22.0	21.0	16.0	16.0	21.0	22.0
00-24	23.0	23.0	17.0	15.0	23.0	23.0
00-26	23.0	23.0	17.0	15.0	23.0	23.0
00-28	23.0	21.0	16.0	16.0	23.0	22.0
00-30	22.0	22.0	17.0	17.0	22.0	22.0
00-32	23.0	23.0	17.0	16.0	22.0	22.0
00-34	23.0	22.0	16.0	15.0	22.0	22.0
00-36	23.0	23.0	17.0	16.0	22.0	23.0
00-38	22.0	22.0	16.0	15.0	21.0	22.0
00-40	22.0	21.0	17.0	16.0	23.0	23.0
00-42	24.0	23.0	17.0	18.0	24.0	24.0
00-44	22.0	22.0	16.0	17.0	21.0	22.0
00-46	22.0	22.0	17.0	16.0	22.0	22.0
00-48	23.0	23.0	16.0	16.0	23.0	23.0
00-50	22.0	21.0	16.0	14.0	21.0	22.0
00-52	22.0	22.0	16.0	15.0	22.0	22.0
00-54	23.0	22.0	18.0	16.0	23.0	23.0
00-56	21.0	21.0	17.0	15.0	22.0	22.0
00-58	22.0	21.0	16.0	16.0	22.0	22.0
01-00	23.0	23.0	18.0	18.0	23.0	23.0
01-02	22.0	22.0	17.0	15.0	22.0	22.0
01-04	22.0	21.0	17.0	15.0	22.0	22.0
01-06	22.0	22.0	18.0	17.0	22.0	22.0
01-08	21.0	20.0	17.0	16.0	22.0	22.0
01-10	21.0	21.0	17.0	16.0	22.0	22.0
01-12	23.0	22.0	18.0	18.0	23.0	23.0
01-14	21.0	21.0	17.0	16.0	20.0	21.0
01-16	23.0	22.0	16.0	14.0	21.0	22.0
01-18	23.0	23.0	18.0	16.0	23.0	23.0
01-20	23.0	23.0	17.0	18.0	21.0	24.0
01-22	22.0	22.0	17.0	16.0	22.0	22.0
01-24	22.0	21.0	17.0	17.0	23.0	23.0
01-26	22.0	21.0	17.0	16.0	22.0	22.0
01-28	36.0	36.0	28.0	26.0	27.0	36.0
01-30	38.0	38.0	31.0	28.0	30.0	38.0
01-32	38.0	38.0	30.0	28.0	30.0	38.0
01-34	38.0	38.0	31.0	29.0	30.0	38.0
01-36	37.0	34.0	30.0	36.0	34.0	36.0
01-38	39.0	39.0	31.0	29.0	31.0	39.0
01-40	35.0	33.0	30.0	35.0	32.0	35.0
01-42	38.0	36.0	33.0	38.0	36.0	38.0
01-44	37.0	37.0	30.0	29.0	30.0	37.0
01-46	37.0	37.0	29.0	27.0	29.0	37.0
01-48	35.0	33.0	29.0	35.0	33.0	35.0
01-50	26.0	26.0	19.0	19.0	24.0	25.0
01-52	24.0	24.0	19.0	18.0	21.0	24.0
01-54	23.0	23.0	16.0	19.0	22.0	23.0
01-56	22.0	22.0	17.0	16.0	21.0	22.0
01-58	23.0	22.0	16.0	17.0	21.0	23.0
02-00	24.0	23.0	19.0	19.0	23.0	23.0
02-02	24.0	24.0	19.0	18.0	23.0	25.0
02-04	22.0	22.0	16.0	17.0	21.0	22.0
02-06	23.0	23.0	16.0	17.0	21.0	23.0
02-08	22.0	21.0	17.0	15.0	22.0	22.0
02-10	24.0	23.0	20.0	18.0	24.0	24.0
02-12	22.0	22.0	19.0	15.0	22.0	22.0
02-14	22.0	22.0	18.0	16.0	23.0	23.0
02-16	22.0	22.0	17.0	16.0	21.0	22.0
02-18	25.0	25.0	17.0	17.0	23.0	25.0
02-20	24.0	24.0	17.0	19.0	22.0	24.0
02-22	24.0	24.0	18.0	18.0	23.0	23.0
02-24	23.0	23.0	18.0	16.0	22.0	23.0
02-26	23.0	23.0	15.0	16.0	21.0	22.0
02-28	23.0	23.0	16.0	16.0	21.0	23.0
02-30	22.0	22.0	18.0	17.0	21.0	22.0
02-32	23.0	22.0	16.0	17.0	20.0	22.0
02-34	22.0	22.0	16.0	17.0	20.0	22.0
02-36	24.0	24.0	17.0	17.0	22.0	24.0
02-38	23.0	23.0	17.0	17.0	21.0	23.0
02-40	23.0	23.0	19.0	17.0	22.0	23.0
02-42	23.0	23.0	18.0	15.0	22.0	23.0
02-44	21.0	21.0	16.0	16.0	22.0	22.0
02-46	21.0	21.0	15.0	16.0	21.0	21.0
02-48	21.0	22.0	16.0	17.0	22.0	22.0
02-50	22.0	22.0	16.0	17.0	20.0	23.0
02-52	22.0	22.0	16.0	16.0	20.0	23.0
02-54	22.0	22.0	15.0	17.0	21.0	22.0
02-56	22.0	22.0	16.0	18.0	20.0	22.0
02-58	21.0	21.0	16.0	16.0	20.0	22.0
03-00	23.0	23.0	17.0	18.0	22.0	23.0
03-02	21.0	21.0	16.0	16.0	21.0	21.0
03-04	22.0	22.0	16.0	16.0	21.0	22.0
03-06	22.0	22.0	16.0	18.0	20.0	22.0
03-08	22.0	22.0	16.0	16.0	20.0	21.0
03-10	22.0	22.0	16.0	16.0	21.0	22.0
03-12	23.0	23.0	16.0	17.0	20.0	23.0
03-14	22.0	22.0	16.0	16.0	22.0	22.0
03-16	22.0	22.0	16.0	15.0	21.0	21.0
03-18	22.0	22.0	18.0	16.0	22.0	22.0
03-20	22.0	22.0	17.0	17.0	22.0	22.0
03-22	21.0	21.0	16.0	16.0	21.0	21.0
03-24	22.0	22.0	16.0	16.0	22.0	22.0
03-26	22.0	21.0	15.0	14.0	22.0	22.0
03-28	21.0	20.0	16.0	15.0	21.0	21.0
03-30	23.0	21.0	18.0	16.0	23.0	23.0
03-32	21.0	21.0	17.0	15.0	21.0	21.0
03-34	21.0	20.0	16.0	16.0	20.0	21.0
03-36	22.0	22.0	16.0	18.0	22.0	22.0
03-38	21.0	21.0	16.0	15.0	20.0	21.0
03-40	22.0	22.0	17.0	17.0	22.0	22.0
03-42	22.0	22.0	17.0	16.0	22.0	22.0
03-44	22.0	22.0	16.0	16.0	20.0	22.0
03-46	22.0	21.0	18.0	17.0	22.0	22.0
03-48	22.0	21.0	17.0	17.0	22.0	22.0
03-50	20.0	20.0	16.0	16.0	21.0	21.0
03-52	22.0	20.0	16.0	15.0	22.0	22.0
03-54	22.0	21.0	17.0	15.0	22.0	22.0
03-56	22.0	21.0	17.0	15.0	22.0	22.0
03-58	21.0	20.0	17.0	15.0	22.0	22.0
04-00	21.0	21.0	18.0	16.0	21.0	21.0
04-02	21.0	21.0	16.0	15.0	21.0	21.0
04-04	21.0	21.0	17.0	15.0	21.0	21.0
04-06	21.0	21.0	15.0	16.0	21.0	21.0
04-08	22.0	20.0	16.0	15.0	21.0	21.0
04-10	21.0	20.0	16.0	14.0	21.0	21.0
04-12	23.0	23.0	18.0	16.0	22.0	23.0
04-14	22.0	21.0	17.0	14.0	22.0	22.0
04-16	21.0	20.0	17.0	15.0	22.0	22.0
04-18	22.0	22.0	18.0	16.0	21.0	22.0
04-20	24.0	24.0	16.0	18.0	22.0	24.0
04-22	21.0	21.0	17.0	17.0	20.0	23.0
04-24	23.0	23.0	16.0	16.0	20.0	23.0
04-26	22.0	21.0	18.0	14.0	22.0	22.0
04-28	23.0	23.0	19.0	15.0	22.0	23.0
04-30	24.0	23.0	19.0	17.0	23.0	23.0
04-32	23.0	22.0	16.0	15.0	22.0	22.0
04-34	22.0	22.0	15.0	16.0	21.0	22.0
04-36	23.0	21.0	16.0	16.0	23.0	23.0
04-38	21.0	20.0	17.0	15.0	22.0	22.0
04-40	22.0	22.0	17.0	15.0	20.0	22.0
04-42	22.0	22.0	16.0	18.0	22.0	22.0
04-44	22.0	22.0	14.0	15.0	20.0	21.0
04-46	22.0	22.0	15.0	15.0	20.0	22.0
04-48	23.0	24.0	16.0	15.0	20.0	24.0
04-50	23.0	23.0	15.0	15.0	20.0	23.0
04-52	21.0	21.0	15.0	14.0	20.0	21.0
04-54	21.0	21.0	15.0	16.0	21.0	21.0
04-56	21.0	21.0	15.0	15.0	20.0	21.0
04-58	21.0	21.0	15.0	14.0	20.0	21.0
05-00	23.0	23.0	16.0	16.0	21.0	23.0
05-02	21.0	21.0	16.0	15.0	20.0	21.0
05-04	21.0	19.0	17.0	14.0	22.0	22.0
05-06	22.0	21.0	18.0	15.0	22.0	22.0
05-08	21.0	20.0	16.0	15.0	21.0	21.0
05-10	21.0	21.0	15.0	15.0	21.0	21.0
05-12	23.0	24.0	16.0	16.0	19.0	24.0
05-14	22.0	22.0	15.0	15.0	20.0	22.0
05-16	22.0	22.0	16.0	15.0	19.0	22.0
05-18	23.0	23.0	16.0	15.0	21.0	23.0
05-20	23.0	23.0	17.0	14.0	21.0	23.0
05-22	22.0	22.0	16.0	14.0	20.0	22.0
05-24	21.0	21.0	15.0	16.0	21.0	22.0
05-26	21.0	21.0	15.0	15.0	20.0	21.0
05-28	21.0	21.0	16.0	16.0	21.0	21.0
05-30	22.0	22.0	17.0	15.0	22.0	22.0
05-32	22.0	22.0	16.0	14.0	20.0	22.0
05-34	22.0	22.0	16.0	14.0	20.0	22.0
05-36	21.0	21.0	16.0	15.0	22.0	22.0
05-38	22.0	22.0	16.0	15.0	21.0	22.0
05-40	22.0	22.0	16.0	16.0	22.0	22.0
05-42	22.0	22.0	16.0	15.0	21.0	23.0
05-44	21.0	21.0	16.0	15.0	20.0	21.0
05-46	22.0	22.0	14.0	15.0	19.0	21.0
05-48	22.0	22.0	15.0	16.0	20.0	23.0
05-50	21.0	21.0	17.0	15.0	22.0	22.0
05-52	20.0	20.0	16.0	14.0	21.0	21.0
05-54	22.0	22.0	16.0	16.0	21.0	22.0
05-56	22.0	22.0	16.0	16.0	22.0	22.0
05-58	21.0	21.0	16.0	15.0	20.0	21.0
06-00	23.0	23.0	16.0	17.0	22.0	22.0
06-02	21.0	20.0	16.0	15.0	21.0	21.0
06-04	21.0	21.0	16.0	15.0	21.0	21.0
06-06	22.0	21.0	16.0	16.0	22.0	22.0
06-08	21.0	20.0	16.0	14.0	21.0	21.0
06-10	21.0	21.0	15.0	15.0	20.0	21.0
06-12	23.0	23.0	18.0	16.0	21.0	22.0
06-14	21.0	21.0	16.0	16.0	20.0	22.0
06-16	20.0	20.0	15.0	15.0	20.0	20.0
06-18	21.0	21.0	15.0	17.0	20.0	21.0
06-20	21.0	21.0	18.0	15.0	20.0	21.0
06-22	21.0	21.0	15.0	15.0	20.0	20.0
06-24	22.0	20.0	16.0	14.0	22.0	22.0
06-26	20.0	21.0	16.0	14.0	21.0	21.0
06-28	21.0	21.0	16.0	13.0	21.0	21.0
06-30	22.0	21.0	17.0	16.0	21.0	22.0
06-32	21.0	21.0	16.0	14.0	20.0	22.0
06-34	20.0	20.0	14.0	14.0	20.0	20.0
06-36	22.0	22.0	17.0	17.0	21.0	22.0
06-38	21.0	21.0	16.0	15.0	20.0	21.0
06-40	20.0	20.0	15.0	17.0	20.0	20.0
06-42	23.0	20.0	16.0	16.0	23.0	23.0
06-44	20.0	20.0	15.0	16.0	20.0	20.0
06-46	22.0	22.0	15.0	15.0	20.0	22.0
06-48	22.0	22.0	16.0	15.0	22.0	22.0
06-50	22.0	22.0	17.0	15.0	19.0	21.0
06-52	21.0	21.0	15.0	16.0	20.0	21.0
06-54	22.0	21.0	17.0	16.0	19.0	21.0
06-56	21.0	21.0	15.0	16.0	20.0	21.0
06-58	21.0	21.0	15.0	15.0	21.0	21.0
07-00	23.0	22.0	16.0	17.0	22.0	23.0
07-02	22.0	22.0	16.0	16.0	21.0	22.0
07-04	22.0	23.0	14.0	15.0	19.0	23.0
07-06	21.0	20.0	16.0	17.0	21.0	21.0
07-08	22.0	20.0	15.0	17.0	22.0	22.0
07-10	20.0	20.0	16.0	16.0	19.0	20.0
07-12	21.0	21.0	16.0	16.0	21.0	21.0
07-14	21.0	21.0	14.0	15.0	21.0	21.0
07-16	20.0	20.0	15.0	15.0	19.0	20.0
07-18	21.0	21.0	16.0	16.0	20.0	21.0
07-20	24.0	24.0	17.0	17.0	22.0	24.0
07-22	21.0	21.0	16.0	15.0	21.0	21.0
07-24	22.0	22.0	16.0	16.0	21.0	21.0
07-26	20.0	20.0	16.0	14.0	20.0	20.0
07-28	20.0	20.0	16.0	14.0	20.0	20.0
07-30	22.0	22.0	17.0	16.0	22.0	22.0
07-32	21.0	21.0	15.0	14.0	21.0	21.0
07-34	21.0	20.0	16.0	15.0	21.0	21.0
07-36	21.0	21.0	16.0	15.0	21.0	21.0
07-38	20.0	20.0	15.0	14.0	20.0	21.0
07-40	22.0	21.0	16.0	15.0	21.0	21.0
07-42	24.0	24.0	18.0	16.0	24.0	24.0
07-44	21.0	19.0	16.0	15.0	21.0	21.0
07-46	21.0	21.0	14.0	14.0	21.0	21.0
07-48	21.0	21.0	15.0	16.0	20.0	21.0
07-50	20.0	20.0	15.0	14.0	20.0	21.0
07-52	21.0	21.0	15.0	15.0	20.0	21.0
07-54	21.0	20.0	16.0	16.0	21.0	21.0
07-56	22.0	19.0	14.0	15.0	22.0	22.0
07-58	21.0	20.0	13.0	15.0	21.0	21.0
08-00	22.0	21.0	17.0	17.0	22.0	22.0
08-02	21.0	21.0	14.0	16.0	20.0	21.0
08-04	21.0	21.0	15.0	15.0	19.0	22.0
08-06	21.0	21.0	16.0	15.0	20.0	21.0
08-08	21.0	21.0	15.0	16.0	20.0	21.0
08-10	20.0	20.0	15.0	15.0	20.0	20.0
08-12	22.0	21.0	14.0	16.0	22.0	22.0
08-14	21.0	21.0	14.0	15.0	20.0	21.0
08-16	20.0	20.0	14.0	14.0	20.0	20.0
08-18	21.0	21.0	15.0	17.0	21.0	21.0
08-20	23.0	23.0	17.0	16.0	21.0	22.0
08-22	20.0	20.0	16.0	16.0	20.0	20.0
08-24	22.0	21.0	16.0	14.0	22.0	22.0
08-26	21.0	21.0	15.0	17.0	20.0	21.0
08-28	22.0	22.0	16.0	15.0	21.0	22.0
08-30	26.0	26.0	19.0	19.0	23.0	26.0
08-32	23.0	22.0	18.0	18.0	23.0	23.0
08-34	25.0	23.0	17.0	17.0	22.0	23.0
08-36	25.0	25.0	19.0	20.0	24.0	24.0
08-38	24.0	24.0	20.0	19.0	24.0	24.0
08-40	26.0	26.0	19.0	20.0	23.0	26.0
08-42	25.0	25.0	20.0	19.0	24.0	26.0
08-44	25.0	25.0	19.0	21.0	24.0	26.0
08-46	26.0	25.0	19.0	20.0	23.0	26.0
08-48	24.0	24.0	20.0	21.0	24.0	26.0
08-50	25.0	25.0	20.0	20.0	24.0	26.0
08-52	25.0	25.0	20.0	20.0	23.0	25.0
08-54	25.0	25.0	21.0	21.0	24.0	25.0
08-56	25.0	25.0	20.0	19.0	24.0	25.0
08-58	26.0	26.0	21.0	21.0	24.0	26.0
09-00	27.0	27.0	21.0	21.0	26.0	27.0
09-02	25.0	25.0	20.0	20.0	25.0	26.0
09-04	25.0	25.0	21.0	19.0	24.0	25.0
09-06	26.0	26.0	21.0	21.0	25.0	26.0
09-08	26.0	26.0	20.0	21.0	25.0	25.0
09-10	26.0	26.0	22.0	21.0	24.0	26.0
09-12	26.0	26.0	22.0	21.0	25.0	26.0
09-14	27.0	27.0	23.0	21.0	25.0	26.0
09-16	27.0	27.0	22.0	22.0	24.0	27.0
09-18	28.0	28.0	20.0	21.0	25.0	28.0
09-20	27.0	27.0	23.0	23.0	25.0	27.0
09-22	25.0	25.0	23.0	22.0	26.0	26.0
09-24	26.0	26.0	23.0	22.0	25.0	26.0
09-26	26.0	25.0	23.0	22.0	25.0	26.0
09-28	26.0	26.0	23.0	23.0	26.0	26.0
09-30	27.0	27.0	23.0	23.0	25.0	27.0
09-32	27.0	27.0	23.0	22.0	25.0	27.0
09-34	27.0	27.0	23.0	23.0	25.0	27.0
09-36	27.0	27.0	22.0	23.0	27.0	28.0
09-38	26.0	26.0	22.0	23.0	24.0	27.0
09-40	28.0	28.0	23.0	23.0	26.0	28.0
09-42	26.0	26.0	23.0	24.0	26.0	26.0
09-44	26.0	26.0	22.0	23.0	25.0	27.0
09-46	26.0	26.0	22.0	21.0	26.0	26.0
09-48	27.0	27.0	23.0	23.0	25.0	27.0
09-50	26.0	25.0	23.0	21.0	26.0	26.0
09-52	26.0	26.0	22.0	21.0	26.0	26.0
09-54	27.0	27.0	22.0	21.0	26.0	28.0
09-56	26.0	26.0	23.0	22.0	26.0	27.0
09-58	26.0	26.0	24.0	22.0	26.0	26.0
10-00	28.0	28.0	24.0	24.0	27.0	28.0
10-02	25.0	25.0	23.0	23.0	25.0	25.0
10-04	27.0	27.0	24.0	22.0	26.0	27.0
10-06	27.0	27.0	24.0	23.0	26.0	27.0
10-08	26.0	26.0	24.0	22.0	26.0	26.0
10-10	27.0	27.0	24.0	22.0	26.0	27.0
10-12	28.0	28.0	23.0	23.0	26.0	28.0
10-14	25.0	25.0	23.0	22.0	26.0	26.0
10-16	26.0	25.0	25.0	23.0	26.0	26.0
10-18	27.0	27.0	24.0	24.0	25.0	27.0
10-20	27.0	27.0	24.0	24.0	26.0	28.0
10-22	27.0	27.0	22.0	22.0	24.0	27.0
