00-00	21.0	21.0	17.0	15.0	22.0	22.0
00-02	21.0	21.0	16.0	14.0	19.0	21.0
00-04	21.0	21.0	15.0	14.0	20.0	20.0
00-06	21.0	21.0	15.0	14.0	21.0	21.0
00-08	20.0	20.0	15.0	13.0	20.0	20.0
00-10	21.0	20.0	15.0	13.0	20.0	20.0
00-12	21.0	21.0	16.0	14.0	21.0	21.0
00-14	21.0	20.0	15.0	13.0	20.0	20.0
00-16	20.0	20.0	15.0	13.0	19.0	20.0
00-18	21.0	21.0	15.0	13.0	20.0	21.0
00-20	21.0	21.0	16.0	15.0	21.0	21.0
00-22	20.0	19.0	15.0	13.0	20.0	19.0
00-24	21.0	21.0	15.0	15.0	21.0	21.0
00-26	21.0	20.0	15.0	14.0	21.0	20.0
00-28	20.0	19.0	15.0	13.0	20.0	20.0
00-30	21.0	21.0	15.0	14.0	21.0	21.0
00-32	21.0	21.0	15.0	13.0	21.0	21.0
00-34	20.0	19.0	14.0	14.0	20.0	20.0
00-36	22.0	22.0	15.0	17.0	20.0	22.0
00-38	20.0	20.0	14.0	13.0	20.0	20.0
00-40	21.0	21.0	16.0	14.0	20.0	21.0
00-42	22.0	22.0	15.0	15.0	20.0	22.0
00-44	20.0	21.0	16.0	13.0	19.0	21.0
00-46	21.0	21.0	14.0	15.0	18.0	21.0
00-48	21.0	21.0	14.0	15.0	20.0	21.0
00-50	21.0	21.0	14.0	15.0	19.0	21.0
00-52	21.0	21.0	12.0	14.0	19.0	21.0
00-54	22.0	22.0	15.0	15.0	19.0	22.0
00-56	20.0	20.0	14.0	14.0	19.0	20.0
00-58	22.0	22.0	14.0	16.0	19.0	22.0
01-00	22.0	22.0	16.0	16.0	19.0	23.0
01-02	21.0	21.0	14.0	14.0	19.0	20.0
01-04	21.0	21.0	14.0	16.0	18.0	21.0
01-06	21.0	21.0	15.0	14.0	20.0	21.0
01-08	22.0	22.0	15.0	15.0	19.0	22.0
01-10	21.0	21.0	14.0	15.0	20.0	21.0
01-12	22.0	22.0	16.0	15.0	20.0	22.0
01-14	21.0	21.0	14.0	14.0	19.0	21.0
01-16	22.0	22.0	15.0	15.0	19.0	22.0
01-18	22.0	22.0	16.0	15.0	20.0	22.0
01-20	23.0	23.0	15.0	15.0	20.0	23.0
01-22	21.0	20.0	15.0	14.0	21.0	21.0
01-24	21.0	21.0	17.0	14.0	20.0	21.0
01-26	21.0	21.0	16.0	14.0	20.0	20.0
01-28	20.0	20.0	16.0	15.0	20.0	20.0
01-30	21.0	21.0	16.0	15.0	21.0	21.0
01-32	21.0	21.0	16.0	15.0	21.0	21.0
01-34	21.0	21.0	15.0	14.0	21.0	22.0
01-36	21.0	21.0	16.0	15.0	20.0	21.0
01-38	21.0	21.0	15.0	14.0	19.0	21.0
01-40	22.0	22.0	14.0	15.0	19.0	22.0
01-42	21.0	22.0	15.0	15.0	20.0	22.0
01-44	20.0	20.0	15.0	14.0	20.0	20.0
01-46	22.0	22.0	14.0	14.0	18.0	21.0
01-48	21.0	22.0	16.0	15.0	20.0	22.0
01-50	22.0	22.0	15.0	15.0	20.0	22.0
01-52	21.0	21.0	15.0	15.0	19.0	21.0
01-54	22.0	22.0	15.0	16.0	20.0	22.0
01-56	21.0	20.0	14.0	14.0	19.0	20.0
01-58	20.0	20.0	14.0	14.0	19.0	20.0
02-00	22.0	22.0	16.0	16.0	21.0	22.0
02-02	20.0	20.0	14.0	14.0	20.0	20.0
02-04	20.0	20.0	15.0	14.0	20.0	20.0
02-06	21.0	22.0	16.0	14.0	20.0	22.0
02-08	20.0	19.0	16.0	14.0	21.0	21.0
02-10	21.0	20.0	16.0	13.0	19.0	20.0
02-12	21.0	20.0	15.0	14.0	21.0	21.0
02-14	20.0	20.0	15.0	14.0	20.0	20.0
02-16	20.0	19.0	14.0	13.0	20.0	20.0
02-18	22.0	22.0	14.0	13.0	21.0	22.0
02-20	22.0	22.0	15.0	14.0	20.0	21.0
02-22	21.0	21.0	14.0	13.0	20.0	21.0
02-24	21.0	21.0	16.0	15.0	21.0	21.0
02-26	20.0	20.0	14.0	14.0	19.0	20.0
02-28	20.0	20.0	15.0	15.0	20.0	20.0
02-30	21.0	21.0	15.0	15.0	21.0	21.0
02-32	20.0	20.0	14.0	14.0	20.0	20.0
02-34	20.0	20.0	14.0	13.0	20.0	20.0
02-36	22.0	22.0	16.0	14.0	20.0	22.0
02-38	19.0	19.0	14.0	13.0	19.0	19.0
02-40	21.0	21.0	14.0	15.0	21.0	21.0
02-42	21.0	21.0	15.0	15.0	21.0	21.0
02-44	21.0	21.0	15.0	13.0	20.0	20.0
02-46	20.0	20.0	14.0	14.0	20.0	20.0
02-48	22.0	22.0	15.0	15.0	20.0	22.0
02-50	20.0	20.0	15.0	15.0	19.0	21.0
02-52	20.0	20.0	13.0	15.0	19.0	20.0
02-54	22.0	22.0	15.0	14.0	20.0	22.0
02-56	20.0	20.0	13.0	14.0	19.0	21.0
02-58	21.0	21.0	14.0	15.0	19.0	22.0
03-00	21.0	21.0	17.0	15.0	20.0	21.0
03-02	20.0	20.0	14.0	13.0	19.0	20.0
03-04	20.0	20.0	15.0	13.0	20.0	20.0
03-06	22.0	21.0	15.0	13.0	21.0	21.0
03-08	20.0	19.0	15.0	13.0	20.0	20.0
03-10	19.0	19.0	14.0	13.0	19.0	19.0
03-12	20.0	20.0	14.0	15.0	20.0	20.0
03-14	21.0	21.0	14.0	14.0	20.0	21.0
03-16	21.0	21.0	14.0	13.0	19.0	20.0
03-18	21.0	21.0	15.0	14.0	20.0	21.0
03-20	22.0	22.0	14.0	16.0	19.0	22.0
03-22	20.0	20.0	14.0	13.0	20.0	20.0
03-24	22.0	22.0	16.0	14.0	19.0	22.0
03-26	20.0	20.0	15.0	14.0	20.0	20.0
03-28	21.0	20.0	14.0	14.0	20.0	20.0
03-30	20.0	20.0	14.0	14.0	20.0	20.0
03-32	19.0	19.0	14.0	13.0	19.0	19.0
03-34	20.0	20.0	13.0	13.0	20.0	20.0
03-36	21.0	21.0	14.0	14.0	21.0	21.0
03-38	20.0	20.0	16.0	14.0	20.0	20.0
03-40	21.0	21.0	14.0	15.0	21.0	21.0
03-42	22.0	22.0	14.0	15.0	19.0	22.0
03-44	21.0	21.0	13.0	14.0	19.0	21.0
03-46	20.0	20.0	13.0	15.0	20.0	20.0
03-48	22.0	22.0	14.0	15.0	20.0	22.0
03-50	21.0	19.0	15.0	13.0	22.0	22.0
03-52	21.0	20.0	15.0	14.0	21.0	21.0
03-54	20.0	20.0	16.0	14.0	19.0	21.0
03-56	20.0	19.0	14.0	14.0	20.0	20.0
03-58	20.0	20.0	15.0	13.0	20.0	20.0
04-00	21.0	21.0	17.0	15.0	20.0	21.0
04-02	20.0	20.0	14.0	15.0	20.0	20.0
04-04	20.0	20.0	13.0	14.0	20.0	21.0
04-06	21.0	21.0	15.0	15.0	20.0	20.0
04-08	20.0	20.0	14.0	14.0	19.0	20.0
04-10	19.0	19.0	14.0	13.0	20.0	20.0
04-12	21.0	21.0	14.0	14.0	20.0	21.0
04-14	21.0	20.0	14.0	14.0	20.0	21.0
04-16	21.0	21.0	14.0	13.0	19.0	21.0
04-18	21.0	21.0	14.0	13.0	20.0	21.0
04-20	21.0	21.0	16.0	13.0	20.0	22.0
04-22	21.0	21.0	15.0	13.0	20.0	20.0
04-24	20.0	19.0	15.0	14.0	20.0	20.0
04-26	21.0	21.0	15.0	13.0	20.0	21.0
04-28	20.0	20.0	14.0	13.0	20.0	20.0
04-30	22.0	22.0	16.0	15.0	20.0	22.0
04-32	20.0	20.0	15.0	13.0	19.0	20.0
04-34	21.0	21.0	15.0	13.0	20.0	21.0
04-36	22.0	22.0	14.0	14.0	21.0	21.0
04-38	20.0	20.0	15.0	12.0	19.0	20.0
04-40	21.0	21.0	15.0	13.0	21.0	21.0
04-42	22.0	22.0	15.0	15.0	20.0	22.0
04-44	20.0	20.0	13.0	13.0	19.0	20.0
04-46	21.0	21.0	13.0	14.0	20.0	21.0
04-48	22.0	22.0	14.0	14.0	20.0	22.0
04-50	21.0	21.0	13.0	14.0	19.0	21.0
04-52	21.0	21.0	13.0	15.0	19.0	21.0
04-54	22.0	22.0	15.0	13.0	22.0	22.0
04-56	21.0	21.0	14.0	14.0	19.0	20.0
04-58	21.0	21.0	15.0	13.0	19.0	21.0
05-00	22.0	22.0	16.0	14.0	20.0	22.0
05-02	20.0	20.0	14.0	13.0	19.0	21.0
05-04	20.0	20.0	14.0	14.0	19.0	20.0
05-06	21.0	20.0	15.0	15.0	21.0	21.0
05-08	20.0	20.0	14.0	13.0	19.0	22.0
05-10	20.0	20.0	14.0	15.0	19.0	20.0
05-12	25.0	25.0	16.0	16.0	20.0	25.0
05-14	20.0	20.0	13.0	12.0	20.0	20.0
05-16	20.0	20.0	14.0	13.0	20.0	20.0
05-18	23.0	22.0	15.0	16.0	20.0	23.0
05-20	21.0	21.0	16.0	14.0	19.0	21.0
05-22	20.0	20.0	15.0	13.0	20.0	20.0
05-24	21.0	21.0	15.0	14.0	20.0	21.0
05-26	20.0	20.0	15.0	13.0	20.0	20.0
05-28	20.0	20.0	15.0	14.0	20.0	20.0
05-30	24.0	20.0	16.0	16.0	23.0	23.0
05-32	21.0	21.0	13.0	14.0	19.0	21.0
05-34	19.0	19.0	14.0	13.0	20.0	20.0
05-36	21.0	21.0	14.0	14.0	20.0	21.0
05-38	22.0	22.0	13.0	14.0	19.0	22.0
05-40	22.0	22.0	15.0	15.0	18.0	22.0
05-42	20.0	20.0	14.0	14.0	20.0	20.0
05-44	21.0	21.0	13.0	13.0	19.0	21.0
05-46	21.0	21.0	13.0	14.0	18.0	21.0
05-48	21.0	21.0	15.0	15.0	19.0	21.0
05-50	21.0	21.0	12.0	14.0	19.0	21.0
05-52	21.0	21.0	13.0	14.0	19.0	21.0
05-54	22.0	22.0	15.0	14.0	19.0	22.0
05-56	21.0	21.0	14.0	14.0	18.0	21.0
05-58	21.0	22.0	15.0	14.0	19.0	22.0
06-00	23.0	23.0	15.0	15.0	19.0	23.0
06-02	21.0	21.0	14.0	14.0	18.0	21.0
06-04	22.0	22.0	14.0	14.0	18.0	22.0
06-06	22.0	22.0	14.0	14.0	20.0	21.0
06-08	21.0	21.0	13.0	14.0	19.0	21.0
06-10	20.0	20.0	13.0	13.0	18.0	21.0
06-12	20.0	20.0	14.0	16.0	19.0	21.0
06-14	20.0	20.0	13.0	14.0	19.0	21.0
06-16	20.0	20.0	13.0	13.0	20.0	20.0
06-18	20.0	20.0	14.0	14.0	20.0	20.0
06-20	25.0	25.0	16.0	15.0	21.0	25.0
06-22	21.0	21.0	14.0	12.0	18.0	21.0
06-24	22.0	22.0	13.0	13.0	21.0	22.0
06-26	20.0	20.0	14.0	13.0	19.0	20.0
06-28	20.0	20.0	15.0	14.0	19.0	20.0
06-30	21.0	21.0	14.0	13.0	21.0	21.0
06-32	21.0	21.0	15.0	13.0	19.0	21.0
06-34	21.0	21.0	14.0	13.0	19.0	21.0
06-36	21.0	21.0	15.0	14.0	19.0	21.0
06-38	21.0	21.0	15.0	15.0	18.0	21.0
06-40	21.0	21.0	16.0	13.0	19.0	21.0
06-42	21.0	21.0	14.0	14.0	20.0	21.0
06-44	21.0	21.0	13.0	14.0	20.0	21.0
06-46	20.0	20.0	14.0	14.0	20.0	20.0
06-48	26.0	26.0	18.0	17.0	21.0	26.0
06-50	21.0	21.0	14.0	14.0	18.0	21.0
06-52	20.0	20.0	14.0	14.0	20.0	20.0
06-54	22.0	22.0	15.0	13.0	19.0	21.0
06-56	22.0	22.0	13.0	14.0	19.0	22.0
06-58	22.0	22.0	13.0	14.0	19.0	22.0
07-00	20.0	21.0	15.0	15.0	20.0	21.0
07-02	19.0	19.0	14.0	13.0	19.0	19.0
07-04	20.0	20.0	14.0	14.0	20.0	20.0
07-06	21.0	21.0	16.0	16.0	19.0	21.0
07-08	19.0	19.0	15.0	13.0	20.0	20.0
07-10	20.0	20.0	16.0	13.0	20.0	20.0
07-12	21.0	21.0	16.0	15.0	20.0	21.0
07-14	19.0	19.0	14.0	13.0	19.0	19.0
07-16	19.0	19.0	14.0	14.0	20.0	20.0
07-18	21.0	21.0	14.0	16.0	19.0	21.0
07-20	21.0	21.0	13.0	16.0	20.0	21.0
07-22	20.0	20.0	12.0	14.0	19.0	21.0
07-24	20.0	20.0	15.0	16.0	20.0	20.0
07-26	21.0	21.0	13.0	14.0	20.0	21.0
07-28	21.0	21.0	14.0	15.0	18.0	21.0
07-30	22.0	22.0	14.0	14.0	19.0	23.0
07-32	20.0	20.0	15.0	14.0	19.0	21.0
07-34	20.0	20.0	13.0	15.0	18.0	20.0
07-36	21.0	21.0	14.0	15.0	19.0	21.0
07-38	20.0	20.0	12.0	15.0	18.0	21.0
07-40	21.0	21.0	15.0	15.0	18.0	21.0
07-42	21.0	21.0	20.0	20.0	20.0	21.0
07-44	20.0	20.0	13.0	15.0	19.0	20.0
07-46	20.0	20.0	14.0	15.0	18.0	20.0
07-48	22.0	22.0	14.0	14.0	21.0	22.0
07-50	20.0	20.0	13.0	14.0	19.0	20.0
07-52	21.0	21.0	14.0	14.0	18.0	21.0
07-54	20.0	20.0	15.0	14.0	19.0	20.0
07-56	20.0	20.0	14.0	14.0	20.0	20.0
07-58	21.0	21.0	15.0	16.0	20.0	21.0
08-00	20.0	20.0	14.0	17.0	19.0	21.0
08-02	19.0	19.0	14.0	15.0	18.0	20.0
08-04	19.0	19.0	13.0	15.0	19.0	21.0
08-06	24.0	23.0	15.0	18.0	24.0	25.0
08-08	20.0	20.0	14.0	15.0	18.0	20.0
08-10	21.0	21.0	14.0	14.0	18.0	21.0
08-12	21.0	21.0	15.0	16.0	20.0	21.0
08-14	21.0	21.0	13.0	15.0	18.0	21.0
08-16	20.0	20.0	14.0	13.0	20.0	20.0
08-18	20.0	20.0	15.0	14.0	18.0	20.0
08-20	21.0	21.0	15.0	15.0	20.0	21.0
08-22	20.0	20.0	14.0	15.0	18.0	19.0
08-24	21.0	21.0	14.0	14.0	19.0	22.0
08-26	20.0	20.0	13.0	15.0	19.0	20.0
08-28	21.0	21.0	12.0	14.0	19.0	21.0
08-30	21.0	21.0	14.0	14.0	21.0	21.0
08-32	23.0	22.0	16.0	16.0	20.0	22.0
08-34	22.0	22.0	16.0	15.0	19.0	22.0
08-36	23.0	23.0	15.0	16.0	20.0	22.0
08-38	26.0	26.0	18.0	17.0	21.0	26.0
08-40	23.0	23.0	16.0	16.0	21.0	22.0
08-42	23.0	23.0	17.0	18.0	21.0	23.0
08-44	22.0	22.0	17.0	15.0	21.0	21.0
08-46	23.0	23.0	16.0	17.0	21.0	23.0
08-48	22.0	22.0	18.0	18.0	22.0	22.0
08-50	22.0	22.0	18.0	16.0	23.0	23.0
08-52	23.0	23.0	16.0	17.0	22.0	22.0
08-54	25.0	25.0	17.0	18.0	23.0	25.0
08-56	26.0	26.0	20.0	16.0	22.0	26.0
08-58	24.0	24.0	18.0	16.0	22.0	23.0
09-00	25.0	25.0	18.0	19.0	24.0	24.0
09-02	23.0	22.0	19.0	16.0	23.0	23.0
09-04	24.0	24.0	18.0	16.0	23.0	24.0
09-06	23.0	24.0	17.0	17.0	23.0	24.0
09-08	24.0	24.0	18.0	16.0	22.0	24.0
09-10	25.0	25.0	20.0	18.0	24.0	24.0
09-12	25.0	25.0	18.0	19.0	23.0	25.0
09-14	24.0	24.0	18.0	19.0	23.0	24.0
09-16	24.0	24.0	20.0	20.0	23.0	24.0
09-18	24.0	24.0	20.0	19.0	22.0	24.0
09-20	26.0	26.0	20.0	20.0	23.0	26.0
09-22	24.0	24.0	20.0	17.0	22.0	24.0
09-24	25.0	25.0	19.0	19.0	23.0	25.0
09-26	23.0	23.0	18.0	17.0	22.0	24.0
09-28	24.0	24.0	19.0	19.0	23.0	24.0
09-30	23.0	23.0	20.0	19.0	23.0	23.0
09-32	23.0	23.0	19.0	17.0	22.0	23.0
09-34	23.0	23.0	19.0	18.0	22.0	23.0
09-36	23.0	23.0	20.0	18.0	22.0	23.0
09-38	24.0	24.0	18.0	16.0	22.0	24.0
09-40	23.0	23.0	18.0	20.0	23.0	24.0
09-42	24.0	24.0	19.0	19.0	22.0	24.0
09-44	23.0	23.0	18.0	18.0	22.0	23.0
09-46	23.0	23.0	18.0	18.0	23.0	23.0
09-48	25.0	25.0	20.0	19.0	23.0	24.0
09-50	25.0	24.0	18.0	18.0	23.0	24.0
09-52	24.0	24.0	19.0	19.0	23.0	24.0
09-54	25.0	25.0	18.0	18.0	24.0	26.0
09-56	26.0	26.0	19.0	19.0	24.0	26.0
09-58	26.0	26.0	20.0	20.0	24.0	26.0
10-00	28.0	28.0	20.0	21.0	23.0	28.0
10-02	26.0	26.0	19.0	20.0	22.0	26.0
10-04	25.0	25.0	18.0	20.0	23.0	25.0
10-06	27.0	27.0	21.0	20.0	23.0	25.0
10-08	24.0	24.0	20.0	20.0	22.0	24.0
10-10	25.0	25.0	19.0	19.0	22.0	25.0
10-12	26.0	26.0	20.0	19.0	24.0	26.0
10-14	25.0	25.0	19.0	20.0	23.0	25.0
10-16	26.0	26.0	21.0	19.0	22.0	26.0
10-18	27.0	27.0	20.0	20.0	23.0	27.0
10-20	26.0	26.0	20.0	21.0	24.0	26.0
10-22	25.0	24.0	20.0	18.0	24.0	24.0
10-24	25.0	25.0	20.0	19.0	24.0	26.0
10-26	25.0	25.0	19.0	17.0	23.0	25.0
10-28	25.0	25.0	19.0	17.0	22.0	25.0
10-30	26.0	26.0	18.0	19.0	23.0	26.0
10-32	25.0	25.0	19.0	17.0	23.0	25.0
10-34	23.0	23.0	17.0	17.0	23.0	23.0
10-36	24.0	23.0	18.0	17.0	24.0	24.0
10-38	24.0	24.0	18.0	17.0	23.0	25.0
10-40	25.0	25.0	18.0	19.0	23.0	25.0
10-42	24.0	24.0	19.0	18.0	24.0	24.0
10-44	26.0	26.0	20.0	20.0	24.0	26.0
10-46	26.0	26.0	19.0	20.0	23.0	25.0
10-48	26.0	26.0	20.0	20.0	22.0	26.0
10-50	25.0	25.0	19.0	20.0	23.0	26.0
10-52	25.0	25.0	19.0	21.0	24.0	26.0
10-54	26.0	26.0	21.0	21.0	24.0	27.0
10-56	32.0	32.0	30.0	26.0	28.0	32.0
10-58	25.0	25.0	21.0	20.0	24.0	25.0
11-00	27.0	27.0	22.0	21.0	24.0	27.0
11-02	25.0	25.0	20.0	20.0	24.0	25.0
11-04	25.0	25.0	21.0	21.0	24.0	25.0
11-06	27.0	27.0	23.0	23.0	24.0	27.0
11-08	28.0	28.0	20.0	22.0	24.0	27.0
11-10	26.0	26.0	20.0	21.0	24.0	26.0
11-12	26.0	26.0	21.0	20.0	24.0	27.0
11-14	26.0	26.0	20.0	20.0	24.0	26.0
11-16	26.0	26.0	20.0	20.0	24.0	27.0
11-18	27.0	27.0	21.0	21.0	25.0	27.0
11-20	26.0	26.0	21.0	21.0	25.0	26.0
11-22	26.0	26.0	19.0	20.0	24.0	27.0
11-24	25.0	25.0	20.0	20.0	24.0	26.0
11-26	25.0	25.0	19.0	20.0	23.0	25.0
11-28	26.0	26.0	18.0	19.0	23.0	26.0
11-30	26.0	26.0	18.0	18.0	23.0	26.0
11-32	24.0	24.0	18.0	18.0	23.0	24.0
11-34	25.0	25.0	17.0	18.0	24.0	25.0
11-36	25.0	25.0	18.0	19.0	23.0	25.0
11-38	23.0	23.0	16.0	18.0	23.0	24.0
11-40	24.0	25.0	19.0	18.0	23.0	25.0
11-42	25.0	25.0	19.0	18.0	22.0	25.0
11-44	23.0	23.0	18.0	16.0	23.0	23.0
11-46	25.0	25.0	17.0	16.0	23.0	25.0
11-48	24.0	24.0	19.0	17.0	23.0	24.0
11-50	25.0	24.0	17.0	18.0	22.0	24.0
11-52	23.0	23.0	18.0	17.0	22.0	23.0
11-54	24.0	24.0	18.0	18.0	22.0	24.0
11-56	22.0	22.0	18.0	16.0	22.0	22.0
11-58	23.0	23.0	18.0	16.0	22.0	23.0
12-00	24.0	24.0	19.0	18.0	23.0	24.0
12-02	24.0	24.0	16.0	17.0	22.0	24.0
12-04	24.0	24.0	17.0	16.0	21.0	24.0
12-06	24.0	24.0	19.0	17.0	23.0	24.0
12-08	24.0	23.0	17.0	18.0	22.0	23.0
12-10	23.0	23.0	18.0	18.0	22.0	23.0
12-12	25.0	25.0	19.0	18.0	23.0	25.0
12-14	24.0	25.0	19.0	18.0	22.0	25.0
12-16	25.0	25.0	18.0	18.0	23.0	25.0
12-18	25.0	25.0	20.0	20.0	24.0	25.0
12-20	25.0	25.0	20.0	19.0	23.0	25.0
12-22	25.0	25.0	19.0	19.0	22.0	25.0
12-24	25.0	26.0	20.0	18.0	23.0	26.0
12-26	25.0	25.0	19.0	18.0	23.0	24.0
12-28	25.0	25.0	18.0	20.0	23.0	24.0
12-30	25.0	25.0	20.0	19.0	24.0	25.0
12-32	24.0	24.0	21.0	19.0	24.0	24.0
12-34	23.0	23.0	20.0	19.0	23.0	24.0
12-36	25.0	25.0	20.0	21.0	24.0	25.0
12-38	25.0	25.0	20.0	19.0	24.0	25.0
12-40	25.0	25.0	23.0	19.0	24.0	25.0
12-42	26.0	26.0	22.0	21.0	24.0	26.0
12-44	25.0	25.0	21.0	19.0	24.0	25.0
12-46	25.0	26.0	20.0	20.0	24.0	26.0
12-48	26.0	26.0	20.0	20.0	24.0	26.0
12-50	25.0	25.0	20.0	19.0	24.0	25.0
12-52	24.0	24.0	20.0	18.0	24.0	25.0
12-54	25.0	25.0	20.0	19.0	24.0	25.0
12-56	24.0	24.0	20.0	20.0	24.0	24.0
12-58	25.0	25.0	20.0	18.0	24.0	24.0
13-00	26.0	26.0	20.0	20.0	24.0	26.0
13-02	24.0	24.0	18.0	18.0	24.0	24.0
13-04	24.0	24.0	19.0	19.0	23.0	24.0
13-06	27.0	27.0	19.0	21.0	24.0	26.0
13-08	24.0	23.0	19.0	19.0	24.0	24.0
13-10	25.0	24.0	20.0	19.0	23.0	24.0
13-12	26.0	26.0	20.0	19.0	24.0	26.0
13-14	29.0	29.0	23.0	27.0	26.0	30.0
13-16	32.0	31.0	26.0	29.0	29.0	31.0
13-18	34.0	34.0	28.0	30.0	31.0	34.0
13-20	33.0	33.0	29.0	31.0	31.0	34.0
13-22	33.0	33.0	28.0	31.0	31.0	34.0
13-24	34.0	34.0	28.0	32.0	31.0	34.0
13-26	33.0	33.0	28.0	29.0	32.0	33.0
13-28	32.0	32.0	28.0	31.0	32.0	32.0
13-30	34.0	33.0	29.0	30.0	34.0	34.0
13-32	33.0	33.0	28.0	31.0	31.0	33.0
13-34	33.0	33.0	29.0	32.0	32.0	34.0
13-36	32.0	32.0	29.0	30.0	30.0	32.0
13-38	27.0	27.0	23.0	23.0	26.0	27.0
13-40	27.0	27.0	23.0	21.0	25.0	28.0
13-42	34.0	32.0	28.0	29.0	34.0	34.0
13-44	28.0	28.0	27.0	27.0	27.0	28.0
13-46	27.0	27.0	22.0	21.0	25.0	27.0
13-48	28.0	27.0	23.0	22.0	27.0	27.0
13-50	26.0	26.0	21.0	21.0	25.0	26.0
13-52	26.0	25.0	20.0	21.0	25.0	26.0
13-54	27.0	27.0	23.0	21.0	25.0	28.0
13-56	26.0	26.0	20.0	21.0	24.0	26.0
13-58	27.0	27.0	20.0	22.0	24.0	27.0
14-00	27.0	27.0	21.0	22.0	26.0	28.0
14-02	27.0	27.0	20.0	22.0	24.0	27.0
14-04	26.0	26.0	21.0	22.0	24.0	27.0
14-06	27.0	27.0	21.0	23.0	24.0	27.0
14-08	25.0	25.0	20.0	21.0	24.0	26.0
14-10	26.0	26.0	21.0	20.0	25.0	27.0
14-12	28.0	28.0	21.0	23.0	26.0	28.0
14-14	26.0	26.0	21.0	21.0	24.0	25.0
14-16	26.0	26.0	22.0	21.0	25.0	26.0
14-18	28.0	28.0	21.0	22.0	25.0	28.0
14-20	28.0	27.0	21.0	22.0	24.0	27.0
14-22	27.0	27.0	21.0	21.0	25.0	27.0
14-24	26.0	26.0	21.0	21.0	26.0	26.0
14-26	26.0	26.0	21.0	21.0	24.0	26.0
14-28	25.0	25.0	21.0	20.0	24.0	25.0
14-30	26.0	26.0	22.0	22.0	25.0	25.0
14-32	25.0	25.0	21.0	19.0	24.0	25.0
14-34	24.0	24.0	19.0	19.0	24.0	24.0
14-36	25.0	25.0	20.0	20.0	25.0	25.0
14-38	25.0	25.0	20.0	20.0	24.0	25.0
14-40	26.0	26.0	21.0	21.0	25.0	26.0
14-42	26.0	26.0	21.0	20.0	26.0	26.0
14-44	28.0	27.0	21.0	21.0	24.0	27.0
14-46	26.0	26.0	21.0	21.0	25.0	26.0
14-48	27.0	27.0	23.0	21.0	24.0	27.0
14-50	26.0	26.0	21.0	21.0	25.0	26.0
14-52	26.0	26.0	22.0	22.0	25.0	25.0
14-54	26.0	26.0	22.0	22.0	24.0	25.0
14-56	26.0	26.0	21.0	21.0	25.0	26.0
14-58	26.0	26.0	21.0	21.0	24.0	26.0
15-00	29.0	29.0	28.0	25.0	28.0	29.0
15-02	26.0	26.0	21.0	22.0	26.0	26.0
15-04	27.0	27.0	19.0	22.0	24.0	27.0
15-06	27.0	27.0	21.0	22.0	25.0	27.0
15-08	26.0	26.0	22.0	20.0	25.0	26.0
15-10	26.0	26.0	21.0	20.0	25.0	27.0
15-12	28.0	28.0	22.0	21.0	25.0	28.0
15-14	27.0	26.0	22.0	22.0	26.0	26.0
15-16	28.0	28.0	22.0	21.0	25.0	28.0
15-18	26.0	26.0	22.0	21.0	25.0	26.0
15-20	28.0	28.0	22.0	23.0	24.0	28.0
15-22	28.0	28.0	21.0	23.0	25.0	28.0
15-24	27.0	28.0	22.0	24.0	26.0	28.0
15-26	28.0	28.0	20.0	21.0	24.0	28.0
15-28	28.0	28.0	21.0	23.0	24.0	28.0
15-30	28.0	28.0	23.0	23.0	25.0	28.0
15-32	26.0	26.0	22.0	21.0	24.0	26.0
15-34	38.0	36.0	33.0	38.0	37.0	38.0
15-36	29.0	29.0	24.0	24.0	27.0	29.0
15-38	26.0	26.0	22.0	22.0	27.0	27.0
15-40	26.0	26.0	23.0	23.0	25.0	28.0
15-42	27.0	27.0	23.0	23.0	25.0	27.0
15-44	26.0	26.0	21.0	23.0	25.0	26.0
15-46	27.0	27.0	21.0	22.0	25.0	27.0
15-48	27.0	27.0	21.0	24.0	25.0	27.0
15-50	28.0	28.0	20.0	22.0	24.0	28.0
15-52	27.0	27.0	21.0	23.0	25.0	27.0
15-54	27.0	28.0	21.0	23.0	25.0	28.0
15-56	26.0	26.0	20.0	21.0	24.0	26.0
15-58	26.0	26.0	20.0	21.0	24.0	26.0
16-00	27.0	27.0	21.0	21.0	24.0	27.0
16-02	24.0	24.0	20.0	21.0	24.0	25.0
16-04	25.0	25.0	19.0	22.0	24.0	25.0
16-06	26.0	26.0	21.0	22.0	25.0	26.0
16-08	25.0	25.0	19.0	21.0	24.0	25.0
16-10	26.0	26.0	20.0	22.0	24.0	27.0
16-12	27.0	27.0	21.0	22.0	24.0	27.0
16-14	35.0	33.0	26.0	28.0	35.0	35.0
16-16	34.0	34.0	29.0	30.0	33.0	34.0
16-18	39.0	35.0	32.0	39.0	35.0	39.0
16-20	34.0	34.0	29.0	29.0	31.0	34.0
16-22	36.0	36.0	30.0	34.0	35.0	36.0
16-24	46.0	46.0	38.0	40.0	42.0	46.0
16-26	53.0	46.0	46.0	52.0	53.0	53.0
16-28	53.0	53.0	45.0	46.0	51.0	53.0
16-30	52.0	53.0	45.0	49.0	51.0	53.0
16-32	36.0	35.0	31.0	34.0	35.0	35.0
16-34	29.0	29.0	24.0	25.0	28.0	30.0
16-36	31.0	31.0	26.0	29.0	31.0	31.0
16-38	37.0	31.0	26.0	28.0	37.0	37.0
16-40	28.0	28.0	22.0	23.0	24.0	27.0
16-42	27.0	27.0	23.0	22.0	26.0	27.0
16-44	26.0	26.0	20.0	21.0	26.0	26.0
16-46	26.0	26.0	20.0	21.0	25.0	26.0
16-48	28.0	28.0	22.0	23.0	27.0	28.0
16-50	27.0	27.0	20.0	21.0	24.0	26.0
16-52	27.0	27.0	20.0	24.0	24.0	27.0
16-54	28.0	29.0	21.0	24.0	25.0	29.0
16-56	27.0	27.0	22.0	23.0	26.0	28.0
16-58	28.0	28.0	22.0	22.0	26.0	27.0
17-00	29.0	29.0	22.0	24.0	27.0	28.0
17-02	26.0	26.0	21.0	23.0	26.0	26.0
17-04	27.0	27.0	22.0	22.0	26.0	26.0
17-06	28.0	28.0	24.0	23.0	24.0	29.0
17-08	26.0	26.0	22.0	22.0	25.0	26.0
17-10	26.0	26.0	22.0	22.0	26.0	26.0
17-12	27.0	27.0	23.0	23.0	26.0	28.0
17-14	27.0	26.0	22.0	21.0	25.0	26.0
17-16	26.0	26.0	20.0	22.0	24.0	27.0
17-18	26.0	27.0	21.0	22.0	24.0	27.0
17-20	27.0	27.0	23.0	22.0	25.0	27.0
17-22	26.0	26.0	19.0	22.0	24.0	26.0
17-24	25.0	25.0	20.0	22.0	24.0	25.0
17-26	26.0	26.0	19.0	21.0	24.0	26.0
17-28	26.0	26.0	18.0	22.0	24.0	26.0
17-30	26.0	26.0	20.0	21.0	24.0	26.0
17-32	25.0	25.0	19.0	21.0	24.0	27.0
17-34	25.0	25.0	20.0	22.0	24.0	25.0
17-36	27.0	27.0	20.0	22.0	24.0	27.0
17-38	25.0	25.0	19.0	21.0	24.0	25.0
17-40	26.0	26.0	22.0	24.0	26.0	26.0
17-42	28.0	26.0	22.0	24.0	28.0	28.0
17-44	25.0	25.0	20.0	20.0	24.0	26.0
17-46	25.0	25.0	19.0	21.0	24.0	26.0
17-48	26.0	26.0	19.0	22.0	24.0	26.0
17-50	24.0	24.0	19.0	20.0	24.0	25.0
17-52	25.0	25.0	17.0	21.0	23.0	26.0
17-54	26.0	26.0	19.0	21.0	24.0	26.0
17-56	26.0	24.0	18.0	19.0	24.0	24.0
17-58	26.0	26.0	20.0	20.0	22.0	25.0
18-00	26.0	26.0	21.0	21.0	24.0	26.0
18-02	25.0	25.0	18.0	20.0	23.0	25.0
18-04	25.0	25.0	19.0	19.0	23.0	25.0
18-06	25.0	25.0	19.0	20.0	23.0	25.0
18-08	24.0	24.0	18.0	20.0	23.0	23.0
18-10	24.0	24.0	18.0	19.0	23.0	24.0
18-12	25.0	25.0	19.0	20.0	23.0	25.0
18-14	25.0	25.0	17.0	19.0	22.0	25.0
18-16	24.0	24.0	18.0	18.0	22.0	24.0
18-18	26.0	26.0	19.0	19.0	23.0	26.0
18-20	26.0	26.0	19.0	19.0	24.0	25.0
18-22	24.0	24.0	19.0	19.0	24.0	24.0
18-24	24.0	24.0	19.0	20.0	23.0	24.0
18-26	24.0	24.0	19.0	19.0	24.0	24.0
18-28	24.0	24.0	19.0	17.0	24.0	24.0
18-30	33.0	33.0	31.0	28.0	29.0	33.0
18-32	27.0	27.0	21.0	21.0	25.0	28.0
18-34	25.0	24.0	18.0	18.0	24.0	24.0
18-36	26.0	25.0	19.0	19.0	24.0	25.0
18-38	24.0	24.0	17.0	18.0	23.0	24.0
18-40	24.0	23.0	17.0	18.0	24.0	24.0
18-42	25.0	23.0	19.0	18.0	23.0	23.0
18-44	23.0	23.0	17.0	17.0	23.0	23.0
18-46	24.0	23.0	17.0	16.0	24.0	24.0
18-48	23.0	24.0	16.0	18.0	23.0	24.0
18-50	23.0	22.0	19.0	17.0	23.0	23.0
18-52	23.0	23.0	19.0	19.0	24.0	24.0
18-54	24.0	24.0	19.0	18.0	23.0	24.0
18-56	41.0	34.0	31.0	34.0	41.0	41.0
18-58	41.0	40.0	33.0	35.0	41.0	41.0
19-00	42.0	42.0	35.0	39.0	42.0	42.0
19-02	42.0	37.0	33.0	37.0	42.0	42.0
19-04	43.0	38.0	34.0	37.0	43.0	42.0
19-06	42.0	39.0	36.0	39.0	42.0	42.0
19-08	42.0	38.0	33.0	38.0	43.0	43.0
19-10	45.0	45.0	36.0	36.0	37.0	45.0
19-12	42.0	40.0	36.0	42.0	39.0	42.0
19-14	42.0	39.0	36.0	42.0	39.0	42.0
19-16	42.0	38.0	35.0	42.0	40.0	42.0
19-18	43.0	40.0	38.0	43.0	39.0	43.0
19-20	43.0	38.0	35.0	39.0	43.0	43.0
19-22	43.0	38.0	35.0	37.0	43.0	43.0
19-24	43.0	39.0	35.0	37.0	43.0	43.0
19-26	42.0	38.0	35.0	42.0	38.0	42.0
19-28	43.0	38.0	34.0	37.0	43.0	43.0
19-30	53.0	53.0	45.0	47.0	51.0	53.0
19-32	56.0	56.0	50.0	53.0	47.0	56.0
19-34	56.0	48.0	48.0	56.0	56.0	56.0
19-36	54.0	54.0	52.0	51.0	54.0	54.0
19-38	57.0	49.0	48.0	56.0	57.0	57.0
19-40	56.0	50.0	50.0	55.0	56.0	56.0
19-42	55.0	53.0	55.0	55.0	52.0	55.0
19-44	56.0	49.0	48.0	56.0	56.0	56.0
19-46	57.0	49.0	49.0	56.0	56.0	56.0
19-48	55.0	53.0	54.0	55.0	50.0	55.0
19-50	57.0	50.0	49.0	56.0	57.0	57.0
19-52	56.0	49.0	48.0	56.0	56.0	56.0
19-54	56.0	50.0	48.0	56.0	56.0	56.0
19-56	56.0	50.0	46.0	56.0	55.0	56.0
19-58	56.0	49.0	47.0	55.0	56.0	56.0
20-00	56.0	52.0	49.0	56.0	55.0	56.0
20-02	55.0	55.0	47.0	50.0	53.0	55.0
20-04	56.0	56.0	48.0	54.0	49.0	56.0
20-06	56.0	56.0	50.0	54.0	56.0	56.0
20-08	56.0	56.0	47.0	49.0	53.0	56.0
20-10	57.0	50.0	47.0	55.0	57.0	57.0
20-12	56.0	50.0	48.0	56.0	55.0	56.0
20-14	55.0	50.0	47.0	55.0	55.0	55.0
20-16	57.0	49.0	49.0	55.0	56.0	56.0
20-18	55.0	55.0	49.0	49.0	54.0	55.0
20-20	55.0	55.0	48.0	50.0	53.0	55.0
20-22	56.0	56.0	49.0	55.0	48.0	56.0
20-24	56.0	50.0	48.0	54.0	56.0	56.0
20-26	55.0	48.0	48.0	55.0	55.0	55.0
20-28	56.0	48.0	49.0	55.0	57.0	57.0
20-30	55.0	49.0	48.0	54.0	55.0	55.0
20-32	55.0	48.0	48.0	54.0	55.0	55.0
20-34	55.0	48.0	48.0	55.0	55.0	55.0
20-36	55.0	50.0	52.0	51.0	55.0	55.0
20-38	53.0	49.0	51.0	51.0	53.0	53.0
20-40	55.0	52.0	55.0	55.0	50.0	55.0
20-42	54.0	51.0	52.0	52.0	54.0	54.0
20-44	55.0	51.0	53.0	55.0	50.0	55.0
20-46	55.0	50.0	53.0	55.0	49.0	56.0
20-48	54.0	50.0	53.0	51.0	54.0	54.0
20-50	55.0	50.0	53.0	55.0	50.0	55.0
20-52	55.0	49.0	47.0	55.0	55.0	55.0
20-54	55.0	48.0	49.0	55.0	54.0	55.0
20-56	56.0	48.0	48.0	55.0	56.0	56.0
20-58	55.0	49.0	47.0	55.0	55.0	55.0
21-00	55.0	51.0	48.0	54.0	55.0	55.0
21-02	54.0	49.0	53.0	51.0	54.0	54.0
21-04	53.0	49.0	52.0	52.0	53.0	53.0
21-06	55.0	51.0	47.0	55.0	55.0	55.0
21-08	56.0	49.0	46.0	55.0	56.0	56.0
21-10	56.0	51.0	47.0	55.0	55.0	55.0
21-12	56.0	50.0	48.0	55.0	55.0	55.0
21-14	56.0	50.0	46.0	56.0	56.0	56.0
21-16	55.0	52.0	53.0	55.0	49.0	55.0
21-18	54.0	50.0	51.0	51.0	54.0	54.0
21-20	56.0	52.0	54.0	56.0	51.0	56.0
21-22	56.0	53.0	47.0	55.0	56.0	56.0
21-24	56.0	51.0	50.0	55.0	56.0	56.0
21-26	56.0	50.0	48.0	55.0	56.0	56.0
21-28	54.0	51.0	53.0	50.0	54.0	54.0
21-30	56.0	50.0	48.0	55.0	56.0	56.0
21-32	56.0	50.0	47.0	55.0	56.0	56.0
21-34	56.0	49.0	45.0	54.0	56.0	56.0
21-36	55.0	49.0	48.0	55.0	55.0	55.0
21-38	55.0	48.0	47.0	55.0	55.0	55.0
21-40	55.0	50.0	48.0	55.0	55.0	55.0
21-42	56.0	51.0	47.0	55.0	55.0	56.0
21-44	55.0	55.0	48.0	48.0	53.0	55.0
21-46	55.0	48.0	49.0	55.0	55.0	55.0
21-48	54.0	50.0	48.0	54.0	54.0	54.0
21-50	55.0	49.0	48.0	54.0	56.0	56.0
21-52	56.0	47.0	48.0	55.0	56.0	56.0
21-54	53.0	51.0	52.0	51.0	54.0	54.0
21-56	55.0	48.0	48.0	55.0	55.0	55.0
21-58	56.0	48.0	48.0	55.0	56.0	56.0
22-00	56.0	48.0	45.0	55.0	56.0	56.0
22-02	56.0	56.0	49.0	53.0	47.0	56.0
22-04	55.0	55.0	49.0	53.0	50.0	55.0
22-06	56.0	56.0	48.0	53.0	49.0	55.0
22-08	55.0	55.0	48.0	53.0	48.0	55.0
22-10	56.0	56.0	47.0	53.0	50.0	56.0
22-12	55.0	55.0	49.0	53.0	48.0	55.0
22-14	56.0	56.0	48.0	53.0	45.0	56.0
22-16	55.0	55.0	50.0	53.0	47.0	55.0
22-18	57.0	57.0	56.0	51.0	52.0	57.0
22-20	55.0	52.0	54.0	55.0	50.0	55.0
22-22	55.0	54.0	48.0	52.0	47.0	54.0
22-24	55.0	55.0	49.0	52.0	49.0	55.0
22-26	55.0	55.0	48.0	52.0	47.0	55.0
22-28	55.0	55.0	48.0	53.0	46.0	55.0
22-30	55.0	55.0	49.0	53.0	48.0	55.0
22-32	56.0	56.0	48.0	52.0	46.0	56.0
22-34	57.0	57.0	53.0	48.0	45.0	56.0
22-36	55.0	55.0	49.0	53.0	50.0	55.0
22-38	55.0	55.0	48.0	53.0	47.0	55.0
22-40	55.0	56.0	50.0	52.0	49.0	56.0
22-42	55.0	55.0	48.0	53.0	49.0	55.0
22-44	55.0	55.0	48.0	53.0	49.0	55.0
22-46	55.0	55.0	49.0	53.0	46.0	55.0
22-48	57.0	57.0	53.0	48.0	46.0	57.0
22-50	56.0	56.0	54.0	47.0	47.0	57.0
22-52	56.0	56.0	52.0	49.0	45.0	56.0
22-54	56.0	56.0	53.0	47.0	47.0	56.0
22-56	55.0	55.0	49.0	52.0	47.0	55.0
22-58	57.0	57.0	53.0	47.0	45.0	57.0
23-00	55.0	55.0	49.0	51.0	48.0	55.0
23-02	55.0	55.0	46.0	53.0	47.0	55.0
23-04	56.0	54.0	47.0	53.0	48.0	55.0
23-06	55.0	55.0	49.0	52.0	50.0	56.0
23-08	55.0	55.0	48.0	52.0	46.0	55.0
23-10	55.0	55.0	48.0	52.0	46.0	55.0
23-12	55.0	55.0	48.0	53.0	49.0	55.0
23-14	55.0	55.0	49.0	53.0	48.0	55.0
23-16	55.0	55.0	47.0	52.0	49.0	55.0
23-18	56.0	56.0	50.0	53.0	48.0	56.0
23-20	56.0	56.0	49.0	53.0	50.0	56.0
23-22	55.0	55.0	48.0	52.0	45.0	55.0
23-24	55.0	55.0	48.0	52.0	47.0	55.0
23-26	55.0	55.0	48.0	52.0	45.0	55.0
23-28	56.0	56.0	49.0	52.0	46.0	56.0
23-30	55.0	55.0	47.0	53.0	48.0	55.0
23-32	54.0	54.0	46.0	52.0	48.0	54.0
23-34	56.0	56.0	48.0	52.0	48.0	56.0
23-36	55.0	55.0	48.0	53.0	48.0	54.0
23-38	56.0	56.0	46.0	52.0	48.0	55.0
23-40	55.0	55.0	48.0	52.0	49.0	55.0
23-42	55.0	55.0	46.0	52.0	45.0	55.0
23-44	55.0	55.0	46.0	52.0	49.0	55.0
23-46	54.0	54.0	48.0	53.0	47.0	54.0
23-48	55.0	55.0	50.0	53.0	47.0	55.0
23-50	55.0	55.0	47.0	52.0	48.0	55.0
23-52	55.0	55.0	48.0	52.0	47.0	55.0
23-54	55.0	55.0	47.0	52.0	49.0	55.0
23-56	54.0	54.0	47.0	53.0	50.0	54.0
23-58	55.0	55.0	47.0	53.0	47.0	55.0
