08-34	35.0	35.0	25.0	25.0	27.0	34.0
08-36	22.0	22.0	16.0	16.0	22.0	22.0
08-38	20.0	20.0	15.0	14.0	21.0	21.0
08-40	23.0	23.0	17.0	19.0	23.0	23.0
08-42	22.0	22.0	17.0	18.0	21.0	22.0
08-44	21.0	21.0	16.0	15.0	23.0	23.0
08-46	23.0	22.0	16.0	16.0	23.0	23.0
08-48	24.0	22.0	17.0	19.0	24.0	24.0
08-50	23.0	23.0	17.0	18.0	23.0	23.0
08-52	23.0	23.0	18.0	18.0	24.0	24.0
08-54	24.0	24.0	19.0	19.0	24.0	24.0
08-56	24.0	24.0	17.0	18.0	23.0	24.0
08-58	24.0	24.0	17.0	20.0	23.0	24.0
09-00	26.0	26.0	19.0	20.0	24.0	26.0
09-02	24.0	23.0	18.0	19.0	24.0	24.0
09-04	24.0	24.0	19.0	20.0	23.0	24.0
09-06	25.0	25.0	21.0	20.0	24.0	25.0
09-08	25.0	25.0	18.0	20.0	23.0	25.0
09-10	25.0	25.0	18.0	20.0	24.0	25.0
09-12	24.0	24.0	20.0	20.0	24.0	24.0
09-14	24.0	23.0	19.0	20.0	24.0	25.0
09-16	24.0	23.0	19.0	20.0	24.0	24.0
09-18	25.0	24.0	20.0	21.0	25.0	25.0
09-20	25.0	24.0	22.0	19.0	24.0	25.0
09-22	25.0	25.0	19.0	18.0	24.0	25.0
09-24	25.0	24.0	20.0	20.0	24.0	25.0
09-26	25.0	25.0	20.0	20.0	24.0	25.0
09-28	25.0	25.0	19.0	20.0	23.0	25.0
09-30	26.0	26.0	20.0	21.0	25.0	27.0
09-32	26.0	26.0	19.0	20.0	23.0	26.0
09-34	26.0	26.0	20.0	20.0	25.0	26.0
09-36	25.0	25.0	20.0	21.0	25.0	25.0
09-38	25.0	25.0	19.0	20.0	25.0	25.0
09-40	26.0	26.0	20.0	22.0	25.0	27.0
09-42	26.0	26.0	20.0	22.0	26.0	26.0
09-44	27.0	27.0	20.0	21.0	24.0	26.0
09-46	26.0	26.0	20.0	21.0	24.0	26.0
09-48	27.0	27.0	20.0	22.0	24.0	27.0
09-50	25.0	25.0	21.0	21.0	24.0	26.0
09-52	26.0	26.0	21.0	21.0	24.0	26.0
09-54	26.0	26.0	21.0	22.0	24.0	26.0
09-56	26.0	26.0	21.0	21.0	24.0	26.0
09-58	26.0	26.0	20.0	22.0	25.0	26.0
10-00	27.0	27.0	22.0	23.0	26.0	27.0
10-02	26.0	26.0	21.0	21.0	25.0	26.0
10-04	26.0	25.0	22.0	21.0	25.0	25.0
10-06	27.0	27.0	22.0	22.0	25.0	27.0
10-08	26.0	26.0	21.0	21.0	26.0	26.0
10-10	26.0	26.0	22.0	21.0	26.0	26.0
10-12	28.0	28.0	21.0	22.0	26.0	28.0
10-14	26.0	26.0	20.0	22.0	24.0	27.0
10-16	26.0	26.0	20.0	23.0	25.0	26.0
10-18	28.0	28.0	22.0	23.0	26.0	28.0
10-20	27.0	27.0	22.0	24.0	27.0	27.0
10-22	27.0	27.0	20.0	23.0	24.0	27.0
10-24	28.0	28.0	20.0	23.0	26.0	27.0
10-26	26.0	26.0	21.0	23.0	24.0	26.0
10-28	27.0	27.0	22.0	22.0	25.0	27.0
10-30	27.0	27.0	21.0	22.0	26.0	27.0
10-32	27.0	28.0	21.0	23.0	25.0	28.0
10-34	27.0	27.0	20.0	22.0	25.0	27.0
10-36	28.0	27.0	23.0	22.0	26.0	27.0
10-38	26.0	26.0	22.0	22.0	25.0	27.0
10-40	27.0	27.0	24.0	23.0	26.0	27.0
10-42	25.0	27.0	22.0	23.0	26.0	27.0
10-44	25.0	25.0	19.0	23.0	25.0	26.0
10-46	27.0	27.0	21.0	22.0	26.0	27.0
10-48	27.0	27.0	22.0	24.0	25.0	27.0
10-50	26.0	26.0	21.0	22.0	27.0	27.0
10-52	26.0	26.0	22.0	22.0	26.0	26.0
10-54	28.0	28.0	22.0	23.0	25.0	28.0
10-56	26.0	26.0	22.0	22.0	26.0	26.0
10-58	27.0	27.0	22.0	23.0	27.0	27.0
11-00	28.0	28.0	25.0	25.0	26.0	28.0
11-02	27.0	26.0	22.0	21.0	27.0	27.0
11-04	26.0	26.0	22.0	22.0	25.0	26.0
11-06	28.0	28.0	23.0	24.0	27.0	28.0
11-08	26.0	26.0	23.0	22.0	26.0	26.0
11-10	27.0	27.0	23.0	23.0	25.0	27.0
11-12	27.0	27.0	22.0	24.0	26.0	27.0
11-14	27.0	27.0	23.0	23.0	26.0	27.0
11-16	27.0	27.0	21.0	24.0	26.0	28.0
11-18	28.0	28.0	21.0	25.0	27.0	28.0
11-20	28.0	28.0	24.0	24.0	26.0	28.0
11-22	27.0	27.0	21.0	24.0	26.0	28.0
11-24	28.0	28.0	22.0	25.0	26.0	28.0
11-26	29.0	29.0	23.0	24.0	26.0	29.0
11-28	27.0	27.0	21.0	23.0	25.0	27.0
11-30	28.0	27.0	22.0	24.0	28.0	28.0
11-32	27.0	27.0	21.0	23.0	25.0	27.0
11-34	26.0	26.0	22.0	24.0	26.0	27.0
11-36	28.0	28.0	23.0	24.0	27.0	28.0
11-38	27.0	27.0	21.0	23.0	26.0	27.0
11-40	28.0	28.0	22.0	23.0	27.0	28.0
11-42	27.0	27.0	23.0	24.0	27.0	28.0
11-44	27.0	27.0	23.0	22.0	27.0	27.0
11-46	28.0	28.0	24.0	23.0	26.0	28.0
11-48	29.0	29.0	23.0	23.0	26.0	29.0
11-50	28.0	28.0	23.0	23.0	26.0	28.0
11-52	27.0	27.0	22.0	24.0	26.0	27.0
11-54	28.0	27.0	22.0	23.0	28.0	28.0
11-56	27.0	27.0	23.0	23.0	26.0	27.0
11-58	27.0	27.0	22.0	22.0	26.0	26.0
12-00	28.0	28.0	25.0	23.0	27.0	27.0
12-02	27.0	27.0	23.0	22.0	26.0	27.0
12-04	27.0	27.0	23.0	22.0	26.0	27.0
12-06	27.0	27.0	23.0	23.0	27.0	27.0
12-08	27.0	27.0	22.0	24.0	27.0	27.0
12-10	27.0	26.0	23.0	23.0	27.0	27.0
12-12	27.0	27.0	24.0	24.0	26.0	27.0
12-14	27.0	27.0	22.0	22.0	27.0	27.0
12-16	26.0	26.0	23.0	24.0	25.0	28.0
12-18	28.0	28.0	24.0	24.0	25.0	28.0
12-20	29.0	29.0	23.0	23.0	26.0	29.0
12-22	28.0	28.0	24.0	23.0	26.0	28.0
12-24	29.0	29.0	22.0	23.0	26.0	29.0
12-26	26.0	26.0	22.0	24.0	25.0	28.0
12-28	27.0	27.0	21.0	24.0	25.0	28.0
12-30	28.0	28.0	21.0	25.0	26.0	28.0
12-32	27.0	27.0	22.0	25.0	26.0	27.0
12-34	28.0	28.0	21.0	23.0	25.0	28.0
12-36	27.0	27.0	23.0	25.0	27.0	28.0
12-38	28.0	28.0	23.0	24.0	26.0	28.0
12-40	30.0	30.0	23.0	23.0	26.0	29.0
12-42	28.0	28.0	24.0	24.0	27.0	28.0
12-44	29.0	29.0	24.0	24.0	25.0	29.0
12-46	27.0	27.0	23.0	23.0	26.0	27.0
12-48	27.0	27.0	24.0	23.0	27.0	28.0
12-50	28.0	28.0	24.0	23.0	25.0	28.0
12-52	28.0	28.0	24.0	24.0	27.0	27.0
12-54	28.0	28.0	24.0	24.0	27.0	28.0
12-56	28.0	28.0	24.0	22.0	27.0	27.0
12-58	28.0	28.0	24.0	24.0	28.0	28.0
13-00	29.0	29.0	24.0	24.0	28.0	29.0
13-02	28.0	28.0	23.0	22.0	26.0	28.0
13-04	27.0	27.0	23.0	23.0	28.0	28.0
13-06	28.0	28.0	24.0	24.0	27.0	28.0
13-08	30.0	30.0	23.0	24.0	26.0	28.0
13-10	28.0	28.0	21.0	23.0	26.0	28.0
13-12	29.0	29.0	23.0	24.0	26.0	29.0
13-14	30.0	30.0	23.0	24.0	27.0	30.0
13-16	28.0	28.0	23.0	24.0	27.0	28.0
13-18	28.0	28.0	25.0	25.0	27.0	29.0
13-20	28.0	28.0	25.0	26.0	28.0	29.0
13-22	28.0	28.0	25.0	24.0	27.0	28.0
13-24	28.0	27.0	25.0	24.0	27.0	29.0
13-26	27.0	27.0	23.0	22.0	27.0	27.0
13-28	28.0	28.0	24.0	23.0	27.0	28.0
13-30	29.0	29.0	23.0	24.0	27.0	28.0
13-32	29.0	29.0	23.0	22.0	28.0	29.0
13-34	29.0	29.0	24.0	23.0	27.0	29.0
13-36	29.0	28.0	24.0	25.0	29.0	29.0
13-38	28.0	28.0	24.0	23.0	28.0	28.0
13-40	29.0	29.0	25.0	25.0	27.0	29.0
13-42	28.0	28.0	25.0	25.0	26.0	28.0
13-44	27.0	27.0	24.0	24.0	28.0	28.0
13-46	29.0	29.0	23.0	25.0	26.0	30.0
13-48	28.0	28.0	23.0	25.0	28.0	28.0
13-50	28.0	28.0	23.0	25.0	26.0	29.0
13-52	28.0	28.0	23.0	24.0	27.0	29.0
13-54	30.0	30.0	24.0	28.0	29.0	31.0
13-56	28.0	28.0	23.0	24.0	27.0	28.0
13-58	27.0	27.0	23.0	24.0	27.0	27.0
14-00	29.0	29.0	25.0	26.0	27.0	29.0
14-02	29.0	29.0	23.0	24.0	27.0	29.0
14-04	40.0	40.0	31.0	30.0	33.0	40.0
14-06	28.0	28.0	23.0	25.0	28.0	28.0
14-08	28.0	28.0	24.0	24.0	26.0	28.0
14-10	30.0	29.0	25.0	28.0	30.0	30.0
14-12	30.0	30.0	26.0	25.0	28.0	30.0
14-14	27.0	27.0	24.0	25.0	27.0	28.0
14-16	29.0	27.0	24.0	23.0	29.0	29.0
14-18	28.0	28.0	25.0	23.0	28.0	28.0
14-20	30.0	30.0	24.0	25.0	29.0	30.0
14-22	28.0	27.0	24.0	24.0	27.0	28.0
14-24	30.0	30.0	24.0	24.0	28.0	29.0
14-26	28.0	28.0	24.0	23.0	28.0	28.0
14-28	28.0	28.0	24.0	24.0	28.0	28.0
14-30	30.0	29.0	25.0	24.0	30.0	30.0
14-32	28.0	28.0	25.0	24.0	27.0	28.0
14-34	27.0	27.0	25.0	24.0	27.0	27.0
14-36	30.0	30.0	28.0	26.0	31.0	31.0
14-38	30.0	29.0	26.0	25.0	30.0	30.0
14-40	32.0	32.0	30.0	28.0	32.0	32.0
14-42	34.0	34.0	30.0	30.0	33.0	34.0
14-44	31.0	30.0	27.0	26.0	30.0	30.0
14-46	28.0	28.0	24.0	26.0	28.0	28.0
14-48	30.0	28.0	24.0	25.0	28.0	28.0
14-50	29.0	29.0	24.0	25.0	26.0	30.0
14-52	28.0	28.0	24.0	25.0	27.0	28.0
14-54	34.0	32.0	30.0	33.0	34.0	34.0
14-56	29.0	29.0	24.0	26.0	27.0	30.0
14-58	27.0	27.0	24.0	25.0	27.0	28.0
15-00	30.0	30.0	25.0	26.0	29.0	30.0
15-02	29.0	29.0	23.0	26.0	27.0	29.0
15-04	29.0	29.0	24.0	25.0	27.0	29.0
15-06	30.0	30.0	25.0	26.0	29.0	30.0
15-08	28.0	28.0	24.0	24.0	27.0	29.0
15-10	31.0	31.0	25.0	27.0	29.0	31.0
15-12	29.0	29.0	24.0	24.0	28.0	29.0
15-14	29.0	29.0	24.0	24.0	28.0	28.0
15-16	28.0	28.0	25.0	24.0	27.0	28.0
15-18	29.0	29.0	24.0	25.0	28.0	29.0
15-20	29.0	29.0	25.0	26.0	29.0	29.0
15-22	28.0	28.0	24.0	24.0	28.0	28.0
15-24	29.0	28.0	24.0	24.0	29.0	30.0
15-26	28.0	28.0	23.0	24.0	27.0	28.0
15-28	30.0	28.0	25.0	25.0	29.0	29.0
15-30	32.0	32.0	27.0	27.0	29.0	32.0
15-32	29.0	28.0	25.0	23.0	29.0	29.0
15-34	28.0	28.0	25.0	24.0	28.0	28.0
15-36	29.0	29.0	25.0	25.0	29.0	29.0
15-38	29.0	28.0	25.0	24.0	28.0	29.0
15-40	28.0	28.0	25.0	24.0	28.0	28.0
15-42	29.0	28.0	26.0	26.0	29.0	29.0
15-44	29.0	29.0	25.0	24.0	28.0	29.0
15-46	27.0	27.0	23.0	24.0	27.0	28.0
15-48	29.0	29.0	25.0	24.0	28.0	29.0
15-50	28.0	28.0	24.0	24.0	28.0	28.0
15-52	28.0	28.0	24.0	24.0	28.0	28.0
15-54	28.0	28.0	25.0	25.0	28.0	28.0
15-56	29.0	27.0	23.0	24.0	29.0	29.0
15-58	29.0	28.0	25.0	24.0	29.0	29.0
16-00	29.0	29.0	24.0	27.0	28.0	29.0
16-02	29.0	29.0	23.0	24.0	27.0	29.0
16-04	28.0	28.0	23.0	25.0	26.0	28.0
16-06	29.0	30.0	24.0	26.0	27.0	30.0
16-08	29.0	29.0	24.0	24.0	28.0	30.0
16-10	29.0	29.0	24.0	25.0	27.0	29.0
16-12	29.0	28.0	24.0	25.0	27.0	28.0
16-14	28.0	28.0	24.0	24.0	28.0	30.0
16-16	28.0	27.0	24.0	23.0	28.0	28.0
16-18	29.0	29.0	25.0	24.0	28.0	29.0
16-20	29.0	28.0	26.0	24.0	29.0	29.0
16-22	30.0	30.0	24.0	23.0	28.0	29.0
16-24	28.0	28.0	24.0	25.0	28.0	28.0
16-26	28.0	28.0	25.0	24.0	28.0	28.0
16-28	28.0	27.0	25.0	25.0	28.0	28.0
16-30	28.0	28.0	25.0	24.0	28.0	28.0
16-32	28.0	28.0	25.0	24.0	27.0	28.0
16-34	28.0	27.0	23.0	23.0	28.0	28.0
16-36	27.0	27.0	23.0	23.0	27.0	29.0
16-38	27.0	27.0	23.0	25.0	26.0	28.0
16-40	28.0	28.0	23.0	25.0	27.0	28.0
16-42	28.0	28.0	23.0	25.0	27.0	28.0
16-44	28.0	28.0	24.0	25.0	27.0	28.0
16-46	27.0	28.0	23.0	24.0	26.0	28.0
16-48	29.0	29.0	23.0	25.0	27.0	29.0
16-50	28.0	28.0	24.0	25.0	27.0	28.0
16-52	29.0	29.0	24.0	25.0	27.0	29.0
16-54	29.0	29.0	25.0	25.0	29.0	29.0
16-56	30.0	30.0	24.0	25.0	28.0	30.0
16-58	29.0	29.0	23.0	24.0	28.0	29.0
17-00	30.0	30.0	26.0	26.0	29.0	30.0
17-02	28.0	27.0	23.0	25.0	28.0	29.0
17-04	28.0	28.0	24.0	26.0	28.0	28.0
17-06	29.0	29.0	22.0	25.0	29.0	29.0
17-08	28.0	28.0	24.0	25.0	28.0	28.0
17-10	28.0	28.0	23.0	25.0	28.0	28.0
17-12	29.0	29.0	25.0	25.0	28.0	29.0
17-14	28.0	28.0	24.0	25.0	27.0	29.0
17-16	29.0	29.0	24.0	24.0	28.0	29.0
17-18	29.0	29.0	24.0	24.0	28.0	30.0
17-20	29.0	29.0	25.0	25.0	28.0	29.0
17-22	28.0	28.0	24.0	24.0	28.0	28.0
17-24	29.0	29.0	25.0	25.0	28.0	30.0
17-26	28.0	27.0	25.0	24.0	28.0	28.0
