00-00	24.0	24.0	18.0	15.0	22.0	24.0
00-02	21.0	21.0	16.0	14.0	21.0	22.0
00-04	21.0	21.0	16.0	15.0	21.0	21.0
00-06	21.0	22.0	18.0	16.0	22.0	22.0
00-08	22.0	22.0	15.0	14.0	20.0	21.0
00-10	22.0	22.0	16.0	16.0	19.0	22.0
00-12	22.0	21.0	17.0	17.0	20.0	22.0
00-14	22.0	22.0	16.0	15.0	21.0	22.0
00-16	20.0	20.0	16.0	15.0	20.0	21.0
00-18	21.0	21.0	17.0	16.0	21.0	21.0
00-20	22.0	22.0	17.0	16.0	22.0	22.0
00-22	21.0	20.0	16.0	14.0	20.0	21.0
00-24	22.0	22.0	16.0	16.0	21.0	22.0
00-26	21.0	20.0	16.0	15.0	20.0	20.0
00-28	21.0	20.0	16.0	14.0	20.0	20.0
00-30	22.0	22.0	16.0	15.0	22.0	22.0
00-32	22.0	21.0	15.0	15.0	22.0	22.0
00-34	22.0	21.0	16.0	14.0	21.0	21.0
00-36	22.0	22.0	16.0	15.0	22.0	22.0
00-38	22.0	20.0	16.0	14.0	22.0	22.0
00-40	22.0	22.0	17.0	15.0	22.0	22.0
00-42	22.0	22.0	17.0	16.0	22.0	22.0
00-44	22.0	21.0	17.0	15.0	21.0	21.0
00-46	21.0	21.0	15.0	15.0	21.0	20.0
00-48	21.0	21.0	15.0	15.0	21.0	21.0
00-50	21.0	20.0	16.0	14.0	21.0	21.0
00-52	22.0	20.0	16.0	14.0	22.0	22.0
00-54	22.0	22.0	17.0	16.0	21.0	21.0
00-56	21.0	20.0	16.0	14.0	21.0	21.0
00-58	21.0	20.0	16.0	15.0	21.0	21.0
01-00	22.0	22.0	18.0	16.0	22.0	22.0
01-02	24.0	22.0	17.0	15.0	24.0	24.0
01-04	22.0	20.0	15.0	14.0	20.0	21.0
01-06	22.0	21.0	16.0	14.0	22.0	22.0
01-08	22.0	21.0	16.0	13.0	21.0	21.0
01-10	21.0	21.0	16.0	14.0	21.0	21.0
01-12	22.0	22.0	16.0	15.0	21.0	22.0
01-14	22.0	20.0	16.0	14.0	21.0	21.0
01-16	22.0	21.0	15.0	15.0	20.0	21.0
01-18	22.0	22.0	16.0	16.0	21.0	22.0
01-20	22.0	22.0	17.0	15.0	21.0	21.0
01-22	22.0	22.0	16.0	15.0	21.0	21.0
01-24	22.0	22.0	18.0	15.0	21.0	22.0
01-26	21.0	21.0	16.0	15.0	20.0	21.0
01-28	21.0	21.0	16.0	15.0	19.0	20.0
01-30	22.0	22.0	16.0	14.0	20.0	22.0
01-32	20.0	21.0	15.0	15.0	19.0	21.0
01-34	20.0	20.0	14.0	14.0	21.0	21.0
01-36	21.0	21.0	15.0	16.0	20.0	21.0
01-38	20.0	19.0	15.0	15.0	20.0	20.0
01-40	21.0	21.0	15.0	15.0	20.0	21.0
01-42	21.0	20.0	16.0	16.0	21.0	21.0
01-44	21.0	21.0	15.0	15.0	21.0	21.0
01-46	21.0	20.0	15.0	15.0	20.0	21.0
01-48	21.0	20.0	17.0	16.0	21.0	21.0
01-50	20.0	20.0	16.0	15.0	20.0	20.0
01-52	21.0	21.0	15.0	14.0	21.0	21.0
01-54	21.0	20.0	17.0	14.0	21.0	21.0
01-56	21.0	21.0	15.0	15.0	19.0	21.0
01-58	20.0	20.0	15.0	14.0	20.0	20.0
02-00	22.0	22.0	16.0	15.0	21.0	21.0
02-02	21.0	21.0	16.0	14.0	20.0	21.0
02-04	21.0	21.0	16.0	15.0	20.0	21.0
02-06	21.0	21.0	16.0	16.0	21.0	21.0
02-08	20.0	20.0	15.0	14.0	20.0	20.0
02-10	21.0	21.0	15.0	14.0	20.0	21.0
02-12	22.0	22.0	16.0	14.0	20.0	22.0
02-14	21.0	21.0	16.0	16.0	19.0	21.0
02-16	20.0	20.0	16.0	15.0	20.0	21.0
02-18	21.0	21.0	15.0	16.0	20.0	21.0
02-20	23.0	23.0	16.0	15.0	21.0	23.0
02-22	20.0	20.0	15.0	15.0	19.0	22.0
02-24	21.0	21.0	16.0	15.0	21.0	21.0
02-26	20.0	20.0	16.0	14.0	20.0	20.0
02-28	21.0	21.0	15.0	15.0	20.0	21.0
02-30	21.0	20.0	16.0	15.0	21.0	21.0
02-32	20.0	20.0	16.0	14.0	20.0	20.0
02-34	21.0	21.0	16.0	14.0	20.0	21.0
02-36	21.0	21.0	19.0	15.0	20.0	21.0
02-38	23.0	23.0	18.0	17.0	22.0	23.0
02-40	21.0	21.0	16.0	14.0	21.0	21.0
02-42	24.0	22.0	17.0	19.0	24.0	24.0
02-44	21.0	21.0	16.0	13.0	19.0	21.0
02-46	21.0	21.0	15.0	14.0	20.0	21.0
02-48	21.0	21.0	17.0	16.0	21.0	21.0
02-50	20.0	20.0	15.0	15.0	19.0	21.0
02-52	20.0	20.0	14.0	14.0	19.0	20.0
02-54	20.0	20.0	16.0	15.0	20.0	21.0
02-56	20.0	20.0	15.0	14.0	20.0	22.0
02-58	19.0	19.0	15.0	14.0	19.0	20.0
03-00	21.0	21.0	16.0	16.0	22.0	22.0
03-02	20.0	20.0	16.0	15.0	19.0	20.0
03-04	20.0	20.0	15.0	15.0	20.0	20.0
03-06	22.0	22.0	16.0	15.0	20.0	22.0
03-08	21.0	21.0	15.0	15.0	19.0	20.0
03-10	20.0	20.0	15.0	14.0	20.0	20.0
03-12	22.0	22.0	16.0	16.0	21.0	22.0
03-14	21.0	21.0	14.0	15.0	20.0	20.0
03-16	21.0	20.0	16.0	14.0	22.0	22.0
03-18	21.0	20.0	16.0	15.0	21.0	21.0
03-20	21.0	21.0	15.0	16.0	21.0	21.0
03-22	21.0	21.0	15.0	15.0	21.0	21.0
03-24	21.0	19.0	17.0	15.0	20.0	20.0
03-26	20.0	20.0	16.0	15.0	20.0	20.0
03-28	20.0	19.0	15.0	16.0	20.0	20.0
03-30	22.0	21.0	16.0	16.0	22.0	22.0
03-32	20.0	19.0	16.0	14.0	20.0	20.0
03-34	21.0	21.0	15.0	15.0	19.0	21.0
03-36	20.0	20.0	16.0	14.0	20.0	20.0
03-38	20.0	20.0	15.0	14.0	19.0	20.0
03-40	22.0	19.0	16.0	15.0	21.0	21.0
03-42	21.0	20.0	17.0	14.0	21.0	21.0
03-44	22.0	21.0	15.0	13.0	22.0	22.0
03-46	22.0	20.0	16.0	14.0	22.0	21.0
03-48	22.0	19.0	16.0	15.0	22.0	22.0
03-50	20.0	20.0	15.0	15.0	20.0	20.0
03-52	21.0	21.0	15.0	15.0	19.0	21.0
03-54	21.0	21.0	15.0	14.0	21.0	21.0
03-56	21.0	21.0	17.0	15.0	19.0	21.0
03-58	21.0	21.0	15.0	14.0	19.0	21.0
04-00	22.0	21.0	17.0	15.0	21.0	21.0
04-02	19.0	19.0	15.0	15.0	19.0	19.0
04-04	21.0	21.0	13.0	15.0	19.0	21.0
04-06	22.0	20.0	15.0	16.0	21.0	21.0
04-08	19.0	19.0	15.0	15.0	19.0	19.0
04-10	20.0	19.0	16.0	14.0	20.0	20.0
04-12	22.0	20.0	15.0	13.0	22.0	22.0
04-14	20.0	19.0	17.0	14.0	21.0	21.0
04-16	20.0	19.0	17.0	14.0	21.0	21.0
04-18	20.0	20.0	16.0	14.0	20.0	20.0
04-20	20.0	19.0	18.0	14.0	21.0	21.0
04-22	21.0	21.0	14.0	14.0	19.0	21.0
04-24	21.0	21.0	15.0	16.0	20.0	21.0
04-26	20.0	20.0	13.0	15.0	19.0	21.0
04-28	20.0	20.0	16.0	14.0	20.0	20.0
04-30	20.0	20.0	16.0	16.0	20.0	20.0
04-32	19.0	21.0	14.0	14.0	19.0	21.0
04-34	20.0	20.0	14.0	15.0	19.0	20.0
04-36	21.0	21.0	16.0	15.0	19.0	21.0
04-38	20.0	20.0	15.0	15.0	20.0	20.0
04-40	21.0	20.0	16.0	14.0	21.0	21.0
04-42	20.0	19.0	16.0	14.0	20.0	20.0
04-44	20.0	20.0	14.0	14.0	19.0	20.0
04-46	21.0	19.0	16.0	14.0	21.0	21.0
04-48	21.0	19.0	15.0	14.0	21.0	21.0
04-50	20.0	19.0	16.0	14.0	20.0	20.0
04-52	19.0	18.0	16.0	13.0	19.0	21.0
04-54	21.0	20.0	16.0	14.0	22.0	22.0
04-56	20.0	20.0	15.0	14.0	19.0	20.0
04-58	19.0	19.0	13.0	14.0	19.0	19.0
05-00	22.0	21.0	17.0	15.0	22.0	22.0
05-02	21.0	21.0	15.0	14.0	20.0	21.0
05-04	20.0	19.0	15.0	14.0	21.0	21.0
05-06	21.0	21.0	16.0	15.0	22.0	22.0
05-08	19.0	19.0	13.0	14.0	19.0	19.0
05-10	20.0	20.0	14.0	14.0	19.0	20.0
05-12	21.0	21.0	15.0	13.0	19.0	21.0
05-14	20.0	20.0	13.0	13.0	20.0	20.0
05-16	21.0	21.0	14.0	15.0	20.0	21.0
05-18	21.0	20.0	17.0	16.0	21.0	21.0
05-20	21.0	20.0	15.0	14.0	21.0	21.0
05-22	20.0	19.0	13.0	14.0	20.0	20.0
05-24	21.0	19.0	14.0	16.0	21.0	21.0
05-26	21.0	20.0	14.0	14.0	20.0	20.0
05-28	21.0	19.0	14.0	13.0	20.0	20.0
05-30	21.0	20.0	15.0	14.0	21.0	21.0
05-32	20.0	20.0	15.0	14.0	20.0	20.0
05-34	21.0	19.0	15.0	14.0	21.0	21.0
05-36	20.0	20.0	17.0	14.0	21.0	21.0
05-38	20.0	20.0	16.0	14.0	20.0	20.0
05-40	20.0	19.0	16.0	15.0	20.0	20.0
05-42	21.0	20.0	16.0	14.0	21.0	21.0
05-44	20.0	20.0	13.0	15.0	19.0	20.0
05-46	20.0	20.0	15.0	14.0	20.0	20.0
05-48	22.0	22.0	16.0	16.0	22.0	22.0
05-50	21.0	21.0	14.0	15.0	19.0	21.0
05-52	20.0	20.0	15.0	15.0	18.0	20.0
05-54	21.0	21.0	15.0	14.0	20.0	21.0
05-56	21.0	20.0	14.0	16.0	21.0	21.0
05-58	20.0	20.0	14.0	16.0	19.0	20.0
06-00	21.0	21.0	15.0	15.0	20.0	21.0
06-02	20.0	20.0	15.0	13.0	19.0	20.0
06-04	20.0	20.0	16.0	14.0	20.0	20.0
06-06	20.0	20.0	14.0	15.0	20.0	20.0
06-08	20.0	19.0	15.0	14.0	20.0	20.0
06-10	21.0	20.0	15.0	14.0	21.0	21.0
06-12	20.0	20.0	15.0	14.0	20.0	20.0
06-14	20.0	19.0	15.0	13.0	20.0	21.0
06-16	20.0	19.0	15.0	15.0	21.0	21.0
06-18	21.0	20.0	15.0	15.0	21.0	21.0
06-20	21.0	19.0	16.0	16.0	20.0	20.0
06-22	20.0	18.0	16.0	14.0	20.0	20.0
06-24	20.0	19.0	16.0	15.0	20.0	20.0
06-26	20.0	20.0	16.0	14.0	20.0	21.0
06-28	20.0	20.0	14.0	14.0	20.0	21.0
06-30	21.0	20.0	16.0	16.0	21.0	21.0
06-32	21.0	19.0	14.0	13.0	21.0	21.0
06-34	21.0	20.0	15.0	14.0	21.0	21.0
06-36	21.0	20.0	14.0	16.0	21.0	21.0
06-38	20.0	20.0	15.0	14.0	19.0	20.0
06-40	22.0	22.0	17.0	14.0	22.0	22.0
06-42	22.0	22.0	16.0	14.0	20.0	22.0
06-44	19.0	19.0	13.0	14.0	19.0	20.0
06-46	20.0	20.0	14.0	13.0	20.0	20.0
06-48	21.0	20.0	15.0	14.0	21.0	21.0
06-50	21.0	20.0	15.0	14.0	21.0	21.0
06-52	20.0	20.0	15.0	15.0	20.0	20.0
06-54	22.0	22.0	16.0	13.0	21.0	22.0
06-56	20.0	20.0	15.0	13.0	19.0	20.0
06-58	20.0	19.0	14.0	13.0	20.0	20.0
07-00	21.0	21.0	14.0	15.0	21.0	21.0
07-02	20.0	19.0	15.0	13.0	20.0	20.0
07-04	20.0	20.0	15.0	13.0	19.0	20.0
07-06	21.0	20.0	16.0	15.0	21.0	21.0
07-08	20.0	19.0	15.0	13.0	19.0	19.0
07-10	20.0	19.0	16.0	14.0	20.0	20.0
07-12	20.0	20.0	14.0	14.0	20.0	20.0
07-14	20.0	19.0	14.0	13.0	20.0	20.0
07-16	20.0	19.0	15.0	12.0	20.0	20.0
07-18	21.0	20.0	15.0	13.0	21.0	21.0
07-20	21.0	21.0	14.0	14.0	19.0	21.0
07-22	20.0	19.0	14.0	14.0	18.0	19.0
07-24	21.0	21.0	15.0	14.0	19.0	21.0
07-26	20.0	20.0	14.0	14.0	18.0	20.0
07-28	20.0	20.0	14.0	13.0	19.0	20.0
07-30	20.0	21.0	14.0	15.0	19.0	21.0
07-32	21.0	18.0	13.0	12.0	20.0	20.0
07-34	20.0	19.0	15.0	13.0	20.0	20.0
07-36	20.0	19.0	15.0	14.0	20.0	20.0
07-38	20.0	19.0	14.0	14.0	20.0	20.0
07-40	21.0	19.0	15.0	14.0	21.0	21.0
07-42	21.0	21.0	15.0	14.0	20.0	20.0
07-44	21.0	19.0	15.0	13.0	21.0	21.0
07-46	21.0	21.0	14.0	14.0	19.0	20.0
07-48	21.0	20.0	15.0	14.0	21.0	21.0
07-50	21.0	21.0	14.0	14.0	19.0	20.0
07-52	21.0	20.0	13.0	15.0	19.0	20.0
07-54	20.0	20.0	16.0	14.0	20.0	20.0
07-56	21.0	19.0	16.0	14.0	21.0	21.0
07-58	20.0	20.0	16.0	13.0	21.0	21.0
08-00	20.0	20.0	17.0	17.0	20.0	20.0
08-02	20.0	19.0	15.0	13.0	20.0	20.0
08-04	20.0	19.0	15.0	14.0	22.0	22.0
08-06	20.0	20.0	16.0	15.0	20.0	20.0
08-08	20.0	19.0	14.0	14.0	20.0	20.0
08-10	20.0	20.0	15.0	14.0	20.0	20.0
08-12	22.0	22.0	16.0	17.0	22.0	22.0
08-14	20.0	20.0	15.0	15.0	20.0	20.0
08-16	20.0	20.0	14.0	14.0	20.0	20.0
08-18	21.0	20.0	16.0	16.0	21.0	21.0
08-20	21.0	20.0	15.0	15.0	21.0	21.0
08-22	21.0	20.0	15.0	13.0	21.0	21.0
08-24	20.0	20.0	15.0	14.0	20.0	20.0
08-26	21.0	19.0	16.0	14.0	21.0	21.0
08-28	20.0	20.0	15.0	13.0	20.0	20.0
08-30	20.0	20.0	16.0	13.0	20.0	20.0
08-32	21.0	19.0	16.0	13.0	21.0	21.0
08-34	21.0	20.0	15.0	14.0	21.0	21.0
08-36	20.0	20.0	16.0	14.0	20.0	21.0
08-38	19.0	19.0	16.0	14.0	19.0	20.0
08-40	21.0	20.0	16.0	15.0	21.0	21.0
08-42	21.0	19.0	16.0	16.0	21.0	21.0
08-44	20.0	19.0	16.0	14.0	20.0	20.0
08-46	22.0	20.0	16.0	17.0	22.0	22.0
08-48	21.0	21.0	17.0	17.0	20.0	23.0
08-50	22.0	22.0	17.0	15.0	21.0	22.0
08-52	24.0	24.0	19.0	18.0	23.0	24.0
08-54	23.0	23.0	19.0	17.0	22.0	23.0
08-56	24.0	23.0	20.0	18.0	24.0	24.0
08-58	24.0	24.0	18.0	16.0	23.0	23.0
09-00	24.0	24.0	20.0	20.0	24.0	24.0
09-02	24.0	22.0	19.0	18.0	23.0	23.0
09-04	25.0	25.0	19.0	18.0	24.0	24.0
09-06	25.0	25.0	19.0	20.0	24.0	25.0
09-08	24.0	24.0	19.0	19.0	24.0	24.0
09-10	25.0	24.0	20.0	20.0	24.0	24.0
09-12	26.0	24.0	21.0	20.0	26.0	26.0
09-14	26.0	26.0	20.0	19.0	24.0	25.0
09-16	26.0	26.0	20.0	20.0	24.0	26.0
09-18	26.0	26.0	22.0	22.0	25.0	27.0
09-20	28.0	28.0	22.0	21.0	25.0	27.0
09-22	25.0	25.0	20.0	21.0	24.0	25.0
09-24	27.0	27.0	22.0	21.0	24.0	27.0
09-26	25.0	25.0	20.0	21.0	24.0	25.0
09-28	25.0	25.0	20.0	20.0	24.0	26.0
09-30	26.0	26.0	22.0	21.0	25.0	27.0
09-32	27.0	27.0	21.0	21.0	24.0	27.0
09-34	27.0	27.0	21.0	22.0	24.0	27.0
09-36	26.0	26.0	22.0	21.0	24.0	26.0
09-38	27.0	27.0	21.0	21.0	23.0	27.0
09-40	27.0	28.0	22.0	22.0	24.0	28.0
09-42	27.0	27.0	23.0	23.0	24.0	27.0
09-44	26.0	26.0	21.0	22.0	24.0	26.0
09-46	27.0	27.0	21.0	22.0	25.0	28.0
09-48	26.0	26.0	23.0	24.0	26.0	26.0
09-50	27.0	27.0	21.0	22.0	24.0	27.0
09-52	26.0	26.0	22.0	23.0	25.0	26.0
09-54	28.0	28.0	22.0	22.0	26.0	28.0
09-56	26.0	26.0	22.0	21.0	26.0	26.0
09-58	26.0	26.0	22.0	23.0	25.0	26.0
10-00	28.0	28.0	24.0	24.0	25.0	29.0
10-02	29.0	29.0	22.0	22.0	24.0	28.0
10-04	28.0	28.0	23.0	23.0	26.0	28.0
10-06	28.0	28.0	24.0	23.0	26.0	28.0
10-08	28.0	27.0	22.0	23.0	25.0	27.0
10-10	30.0	30.0	21.0	22.0	25.0	28.0
10-12	28.0	28.0	24.0	23.0	25.0	28.0
10-14	28.0	28.0	23.0	23.0	25.0	28.0
10-16	27.0	27.0	23.0	25.0	25.0	28.0
10-18	27.0	27.0	24.0	24.0	26.0	27.0
10-20	28.0	28.0	25.0	24.0	27.0	27.0
10-22	27.0	27.0	24.0	23.0	26.0	27.0
10-24	29.0	29.0	25.0	24.0	27.0	29.0
10-26	28.0	28.0	24.0	23.0	27.0	29.0
10-28	28.0	28.0	22.0	22.0	26.0	29.0
10-30	28.0	28.0	25.0	25.0	28.0	29.0
10-32	27.0	27.0	23.0	23.0	26.0	27.0
10-34	28.0	28.0	23.0	24.0	26.0	28.0
10-36	28.0	28.0	25.0	26.0	27.0	28.0
10-38	29.0	29.0	24.0	24.0	27.0	29.0
10-40	29.0	29.0	25.0	24.0	28.0	29.0
10-42	29.0	29.0	24.0	24.0	28.0	29.0
10-44	30.0	30.0	26.0	26.0	27.0	29.0
10-46	28.0	28.0	24.0	25.0	27.0	28.0
10-48	30.0	30.0	24.0	24.0	28.0	30.0
10-50	28.0	28.0	24.0	23.0	27.0	28.0
10-52	29.0	29.0	25.0	25.0	26.0	29.0
10-54	29.0	29.0	26.0	25.0	29.0	29.0
10-56	30.0	30.0	24.0	24.0	27.0	30.0
10-58	29.0	29.0	25.0	24.0	26.0	29.0
11-00	29.0	29.0	25.0	25.0	28.0	30.0
11-02	30.0	30.0	24.0	25.0	26.0	30.0
11-04	29.0	29.0	24.0	25.0	27.0	29.0
11-06	30.0	30.0	26.0	25.0	27.0	30.0
11-08	30.0	30.0	24.0	24.0	27.0	30.0
11-10	29.0	29.0	25.0	24.0	27.0	29.0
11-12	29.0	30.0	27.0	25.0	28.0	30.0
11-14	28.0	27.0	24.0	25.0	28.0	28.0
11-16	30.0	30.0	25.0	24.0	27.0	29.0
11-18	29.0	29.0	25.0	24.0	28.0	29.0
11-20	30.0	30.0	27.0	25.0	29.0	30.0
11-22	28.0	28.0	25.0	24.0	28.0	28.0
11-24	29.0	29.0	26.0	25.0	29.0	29.0
11-26	28.0	28.0	25.0	24.0	28.0	28.0
11-28	28.0	28.0	24.0	26.0	26.0	29.0
11-30	28.0	28.0	24.0	24.0	26.0	28.0
11-32	27.0	27.0	24.0	23.0	25.0	27.0
11-34	27.0	27.0	23.0	21.0	26.0	26.0
11-36	27.0	27.0	23.0	21.0	27.0	27.0
11-38	26.0	26.0	22.0	21.0	25.0	27.0
11-40	27.0	27.0	23.0	21.0	26.0	27.0
11-42	26.0	26.0	24.0	21.0	25.0	27.0
11-44	26.0	26.0	24.0	21.0	25.0	26.0
11-46	26.0	26.0	23.0	21.0	24.0	26.0
11-48	25.0	25.0	23.0	20.0	25.0	26.0
11-50	25.0	25.0	21.0	20.0	24.0	25.0
11-52	24.0	24.0	22.0	20.0	24.0	24.0
11-54	25.0	25.0	22.0	20.0	25.0	25.0
11-56	25.0	25.0	21.0	19.0	24.0	25.0
11-58	25.0	25.0	22.0	19.0	25.0	25.0
12-00	26.0	26.0	22.0	20.0	25.0	26.0
12-02	24.0	24.0	20.0	19.0	23.0	25.0
12-04	25.0	25.0	21.0	19.0	24.0	25.0
12-06	25.0	25.0	22.0	20.0	24.0	25.0
12-08	25.0	25.0	21.0	19.0	23.0	25.0
12-10	25.0	25.0	20.0	19.0	23.0	25.0
12-12	26.0	26.0	22.0	20.0	24.0	26.0
12-14	24.0	24.0	21.0	18.0	24.0	24.0
12-16	24.0	24.0	20.0	20.0	24.0	24.0
12-18	24.0	24.0	21.0	20.0	24.0	24.0
12-20	26.0	26.0	21.0	21.0	24.0	26.0
12-22	25.0	25.0	21.0	20.0	25.0	26.0
12-24	26.0	26.0	24.0	21.0	25.0	26.0
12-26	26.0	26.0	23.0	20.0	24.0	26.0
12-28	26.0	26.0	23.0	21.0	25.0	26.0
12-30	27.0	27.0	24.0	22.0	25.0	27.0
12-32	27.0	27.0	23.0	21.0	24.0	27.0
12-34	27.0	27.0	23.0	22.0	27.0	28.0
12-36	28.0	28.0	24.0	24.0	25.0	29.0
12-38	28.0	28.0	24.0	21.0	26.0	28.0
12-40	29.0	29.0	24.0	24.0	26.0	29.0
12-42	29.0	29.0	24.0	24.0	27.0	30.0
12-44	29.0	29.0	22.0	24.0	27.0	29.0
12-46	27.0	27.0	24.0	24.0	26.0	27.0
12-48	28.0	28.0	24.0	24.0	25.0	28.0
12-50	27.0	28.0	25.0	23.0	27.0	28.0
12-52	28.0	28.0	24.0	24.0	27.0	27.0
12-54	28.0	28.0	24.0	24.0	29.0	29.0
12-56	29.0	28.0	24.0	24.0	29.0	29.0
12-58	28.0	28.0	23.0	24.0	27.0	29.0
13-00	30.0	30.0	27.0	25.0	29.0	30.0
13-02	28.0	28.0	24.0	25.0	27.0	29.0
13-04	30.0	30.0	25.0	24.0	26.0	30.0
13-06	31.0	31.0	25.0	24.0	27.0	30.0
13-08	29.0	29.0	24.0	24.0	28.0	29.0
13-10	30.0	30.0	25.0	24.0	27.0	30.0
13-12	30.0	30.0	27.0	25.0	27.0	30.0
13-14	30.0	30.0	27.0	25.0	30.0	30.0
13-16	28.0	28.0	24.0	25.0	27.0	29.0
13-18	30.0	30.0	27.0	25.0	27.0	30.0
13-20	29.0	29.0	26.0	25.0	29.0	30.0
13-22	30.0	30.0	26.0	25.0	29.0	30.0
13-24	30.0	30.0	26.0	25.0	29.0	30.0
13-26	30.0	30.0	27.0	26.0	28.0	29.0
13-28	29.0	29.0	27.0	24.0	29.0	29.0
13-30	30.0	30.0	25.0	26.0	29.0	31.0
13-32	30.0	30.0	26.0	25.0	29.0	30.0
13-34	30.0	30.0	27.0	25.0	29.0	30.0
13-36	31.0	31.0	26.0	27.0	30.0	31.0
13-38	29.0	29.0	26.0	25.0	29.0	29.0
13-40	31.0	31.0	27.0	25.0	29.0	31.0
13-42	30.0	30.0	27.0	27.0	29.0	30.0
13-44	31.0	31.0	27.0	26.0	28.0	31.0
13-46	31.0	31.0	25.0	26.0	29.0	31.0
13-48	32.0	32.0	27.0	27.0	30.0	32.0
13-50	30.0	30.0	26.0	25.0	28.0	30.0
13-52	30.0	30.0	27.0	26.0	28.0	30.0
13-54	30.0	30.0	27.0	25.0	28.0	30.0
13-56	30.0	30.0	24.0	25.0	28.0	30.0
13-58	28.0	28.0	25.0	25.0	27.0	28.0
14-00	31.0	31.0	27.0	27.0	30.0	31.0
14-02	29.0	28.0	25.0	24.0	28.0	28.0
14-04	29.0	29.0	25.0	24.0	27.0	29.0
14-06	29.0	29.0	26.0	24.0	28.0	30.0
14-08	28.0	28.0	24.0	23.0	27.0	28.0
14-10	29.0	28.0	26.0	24.0	28.0	29.0
14-12	30.0	30.0	25.0	24.0	28.0	30.0
14-14	28.0	28.0	26.0	23.0	28.0	28.0
14-16	27.0	27.0	25.0	23.0	27.0	27.0
14-18	28.0	28.0	25.0	23.0	27.0	28.0
14-20	28.0	28.0	24.0	24.0	27.0	28.0
14-22	27.0	26.0	23.0	22.0	26.0	26.0
14-24	28.0	28.0	24.0	23.0	27.0	28.0
14-26	26.0	26.0	23.0	22.0	25.0	26.0
14-28	26.0	26.0	22.0	22.0	25.0	27.0
14-30	28.0	28.0	24.0	22.0	27.0	28.0
14-32	26.0	26.0	23.0	22.0	26.0	27.0
14-34	26.0	26.0	22.0	22.0	26.0	27.0
14-36	27.0	27.0	25.0	23.0	26.0	27.0
14-38	27.0	27.0	24.0	22.0	26.0	27.0
14-40	29.0	29.0	25.0	22.0	26.0	29.0
14-42	28.0	28.0	24.0	23.0	25.0	29.0
14-44	27.0	27.0	24.0	22.0	27.0	27.0
14-46	27.0	27.0	23.0	22.0	26.0	27.0
14-48	28.0	28.0	24.0	22.0	26.0	28.0
14-50	27.0	27.0	25.0	22.0	26.0	28.0
14-52	27.0	27.0	25.0	22.0	27.0	27.0
14-54	29.0	29.0	25.0	24.0	27.0	29.0
14-56	29.0	29.0	25.0	24.0	27.0	28.0
14-58	29.0	29.0	25.0	24.0	27.0	29.0
15-00	31.0	31.0	25.0	26.0	27.0	31.0
15-02	28.0	28.0	25.0	23.0	27.0	29.0
15-04	30.0	30.0	27.0	25.0	28.0	30.0
15-06	30.0	30.0	27.0	25.0	28.0	30.0
15-08	28.0	28.0	26.0	24.0	28.0	28.0
15-10	29.0	29.0	27.0	25.0	29.0	30.0
15-12	30.0	30.0	28.0	24.0	28.0	30.0
15-14	30.0	30.0	27.0	24.0	29.0	30.0
15-16	30.0	30.0	26.0	25.0	28.0	30.0
15-18	31.0	31.0	27.0	26.0	31.0	31.0
15-20	31.0	31.0	28.0	27.0	28.0	32.0
15-22	30.0	30.0	28.0	27.0	30.0	30.0
15-24	32.0	32.0	28.0	27.0	31.0	32.0
15-26	31.0	31.0	29.0	25.0	31.0	31.0
15-28	31.0	31.0	28.0	27.0	30.0	31.0
15-30	31.0	31.0	28.0	26.0	29.0	31.0
15-32	30.0	30.0	28.0	25.0	30.0	30.0
15-34	30.0	30.0	28.0	26.0	28.0	29.0
15-36	31.0	31.0	28.0	25.0	29.0	31.0
15-38	29.0	29.0	27.0	25.0	29.0	30.0
15-40	30.0	31.0	27.0	26.0	29.0	31.0
15-42	29.0	29.0	26.0	25.0	28.0	29.0
15-44	29.0	29.0	26.0	24.0	29.0	29.0
15-46	29.0	29.0	26.0	25.0	28.0	29.0
15-48	29.0	29.0	28.0	25.0	28.0	29.0
15-50	28.0	28.0	26.0	24.0	28.0	28.0
15-52	29.0	29.0	27.0	25.0	28.0	29.0
15-54	29.0	29.0	28.0	25.0	29.0	29.0
15-56	28.0	28.0	26.0	24.0	29.0	29.0
15-58	29.0	29.0	26.0	24.0	28.0	29.0
16-00	29.0	29.0	26.0	26.0	29.0	30.0
16-02	28.0	28.0	26.0	24.0	28.0	28.0
16-04	29.0	29.0	27.0	24.0	27.0	29.0
16-06	29.0	29.0	26.0	25.0	30.0	30.0
16-08	29.0	29.0	26.0	24.0	29.0	29.0
16-10	29.0	28.0	25.0	24.0	29.0	29.0
16-12	30.0	30.0	26.0	24.0	30.0	30.0
16-14	29.0	28.0	25.0	24.0	29.0	29.0
16-16	28.0	28.0	26.0	25.0	28.0	28.0
16-18	29.0	29.0	26.0	25.0	28.0	29.0
16-20	30.0	30.0	27.0	26.0	28.0	30.0
16-22	28.0	28.0	26.0	24.0	27.0	28.0
16-24	30.0	30.0	25.0	24.0	28.0	30.0
16-26	28.0	28.0	25.0	24.0	28.0	28.0
16-28	29.0	29.0	27.0	24.0	28.0	29.0
16-30	29.0	29.0	26.0	25.0	29.0	29.0
16-32	30.0	29.0	27.0	25.0	29.0	29.0
16-34	30.0	30.0	27.0	25.0	29.0	30.0
16-36	31.0	31.0	28.0	25.0	30.0	31.0
16-38	31.0	31.0	26.0	26.0	29.0	32.0
16-40	30.0	30.0	27.0	26.0	29.0	30.0
16-42	30.0	30.0	27.0	27.0	29.0	30.0
16-44	30.0	30.0	25.0	25.0	28.0	30.0
16-46	29.0	29.0	26.0	25.0	28.0	29.0
16-48	31.0	31.0	28.0	26.0	29.0	31.0
16-50	29.0	29.0	27.0	24.0	28.0	30.0
16-52	31.0	31.0	25.0	25.0	27.0	30.0
16-54	30.0	30.0	26.0	25.0	28.0	31.0
16-56	29.0	29.0	26.0	24.0	28.0	29.0
16-58	28.0	28.0	26.0	24.0	27.0	29.0
17-00	31.0	31.0	28.0	25.0	28.0	31.0
17-02	29.0	29.0	27.0	24.0	28.0	29.0
17-04	29.0	29.0	26.0	25.0	29.0	30.0
17-06	31.0	31.0	27.0	25.0	30.0	31.0
17-08	30.0	30.0	27.0	26.0	28.0	30.0
17-10	30.0	30.0	28.0	25.0	30.0	30.0
17-12	30.0	30.0	28.0	26.0	30.0	30.0
17-14	29.0	29.0	27.0	25.0	29.0	29.0
17-16	30.0	30.0	26.0	25.0	28.0	30.0
17-18	31.0	31.0	27.0	26.0	30.0	31.0
17-20	30.0	30.0	27.0	26.0	29.0	30.0
17-22	30.0	29.0	26.0	26.0	28.0	31.0
17-24	31.0	31.0	28.0	26.0	28.0	31.0
17-26	28.0	28.0	26.0	24.0	28.0	28.0
17-28	28.0	28.0	25.0	24.0	28.0	28.0
17-30	29.0	29.0	24.0	25.0	27.0	29.0
17-32	27.0	27.0	24.0	22.0	27.0	27.0
17-34	28.0	27.0	25.0	22.0	27.0	27.0
17-36	27.0	26.0	24.0	23.0	27.0	27.0
17-38	27.0	27.0	23.0	22.0	27.0	27.0
17-40	28.0	28.0	23.0	23.0	27.0	28.0
17-42	28.0	28.0	24.0	23.0	26.0	27.0
17-44	27.0	27.0	23.0	21.0	26.0	26.0
17-46	26.0	26.0	24.0	21.0	26.0	26.0
17-48	27.0	27.0	23.0	21.0	26.0	27.0
17-50	27.0	27.0	23.0	22.0	26.0	26.0
17-52	27.0	26.0	23.0	22.0	27.0	27.0
17-54	26.0	26.0	24.0	22.0	26.0	26.0
17-56	26.0	26.0	22.0	21.0	25.0	26.0
17-58	26.0	26.0	22.0	21.0	25.0	26.0
18-00	27.0	28.0	24.0	23.0	25.0	28.0
18-02	25.0	26.0	23.0	21.0	25.0	26.0
18-04	25.0	25.0	23.0	21.0	25.0	25.0
18-06	27.0	27.0	24.0	21.0	25.0	27.0
18-08	26.0	26.0	24.0	20.0	25.0	26.0
18-10	26.0	26.0	23.0	20.0	25.0	26.0
18-12	25.0	25.0	23.0	21.0	25.0	25.0
18-14	25.0	25.0	23.0	21.0	25.0	25.0
18-16	25.0	25.0	23.0	21.0	24.0	25.0
18-18	27.0	27.0	22.0	22.0	26.0	27.0
18-20	27.0	27.0	23.0	21.0	25.0	27.0
18-22	25.0	25.0	23.0	22.0	25.0	26.0
18-24	26.0	26.0	23.0	22.0	24.0	26.0
18-26	26.0	26.0	21.0	20.0	24.0	25.0
18-28	26.0	26.0	20.0	21.0	24.0	26.0
18-30	27.0	27.0	21.0	21.0	24.0	27.0
18-32	26.0	26.0	21.0	20.0	24.0	26.0
18-34	25.0	25.0	19.0	22.0	24.0	25.0
18-36	27.0	27.0	21.0	21.0	24.0	27.0
18-38	24.0	24.0	21.0	20.0	24.0	24.0
18-40	26.0	26.0	22.0	21.0	24.0	26.0
18-42	25.0	25.0	22.0	21.0	25.0	26.0
18-44	24.0	24.0	21.0	20.0	25.0	25.0
18-46	25.0	25.0	22.0	20.0	24.0	25.0
18-48	26.0	26.0	23.0	21.0	24.0	26.0
18-50	25.0	25.0	20.0	20.0	24.0	26.0
18-52	25.0	25.0	21.0	21.0	24.0	26.0
18-54	25.0	25.0	21.0	21.0	25.0	25.0
18-56	25.0	24.0	21.0	21.0	24.0	25.0
18-58	25.0	24.0	21.0	20.0	25.0	25.0
19-00	25.0	26.0	21.0	22.0	24.0	26.0
19-02	25.0	25.0	21.0	20.0	24.0	25.0
19-04	26.0	26.0	20.0	21.0	24.0	26.0
19-06	28.0	28.0	23.0	21.0	24.0	28.0
19-08	24.0	24.0	19.0	21.0	24.0	25.0
19-10	24.0	24.0	19.0	20.0	24.0	25.0
19-12	26.0	26.0	20.0	20.0	24.0	25.0
19-14	25.0	25.0	21.0	21.0	24.0	25.0
19-16	26.0	26.0	20.0	20.0	24.0	25.0
19-18	25.0	25.0	22.0	20.0	25.0	25.0
19-20	26.0	26.0	24.0	20.0	24.0	26.0
19-22	27.0	27.0	22.0	21.0	24.0	27.0
19-24	25.0	25.0	22.0	19.0	24.0	24.0
19-26	25.0	25.0	20.0	19.0	24.0	25.0
19-28	24.0	24.0	20.0	20.0	24.0	25.0
19-30	26.0	26.0	22.0	19.0	24.0	26.0
19-32	24.0	24.0	19.0	19.0	24.0	24.0
19-34	24.0	24.0	20.0	20.0	24.0	24.0
19-36	24.0	24.0	20.0	18.0	24.0	24.0
19-38	24.0	23.0	20.0	20.0	24.0	24.0
19-40	25.0	25.0	22.0	20.0	24.0	25.0
19-42	24.0	24.0	20.0	20.0	24.0	24.0
19-44	25.0	25.0	19.0	18.0	24.0	24.0
19-46	25.0	25.0	20.0	17.0	24.0	24.0
19-48	25.0	25.0	21.0	19.0	24.0	25.0
19-50	26.0	26.0	20.0	20.0	24.0	25.0
19-52	25.0	26.0	21.0	20.0	24.0	26.0
19-54	25.0	25.0	21.0	18.0	24.0	25.0
19-56	25.0	25.0	20.0	18.0	24.0	24.0
19-58	25.0	25.0	21.0	18.0	23.0	25.0
20-00	26.0	26.0	22.0	19.0	25.0	26.0
20-02	25.0	25.0	21.0	18.0	23.0	25.0
20-04	24.0	24.0	20.0	18.0	24.0	24.0
20-06	24.0	24.0	21.0	18.0	24.0	24.0
20-08	25.0	25.0	21.0	19.0	22.0	24.0
20-10	24.0	24.0	21.0	20.0	23.0	24.0
20-12	25.0	25.0	22.0	20.0	24.0	25.0
20-14	25.0	25.0	21.0	18.0	23.0	24.0
20-16	24.0	23.0	21.0	18.0	24.0	24.0
20-18	24.0	24.0	20.0	20.0	24.0	24.0
20-20	25.0	25.0	21.0	19.0	24.0	25.0
20-22	23.0	23.0	21.0	18.0	24.0	24.0
20-24	23.0	23.0	22.0	18.0	23.0	23.0
20-26	23.0	22.0	20.0	19.0	24.0	24.0
20-28	24.0	23.0	20.0	20.0	24.0	24.0
20-30	25.0	24.0	20.0	19.0	24.0	24.0
20-32	24.0	24.0	19.0	19.0	23.0	24.0
20-34	24.0	24.0	20.0	18.0	24.0	24.0
20-36	24.0	24.0	19.0	20.0	24.0	24.0
20-38	23.0	23.0	19.0	18.0	23.0	24.0
20-40	25.0	25.0	20.0	20.0	24.0	25.0
20-42	24.0	24.0	21.0	20.0	24.0	24.0
20-44	23.0	23.0	19.0	20.0	23.0	23.0
20-46	23.0	23.0	18.0	19.0	22.0	23.0
20-48	24.0	24.0	21.0	20.0	23.0	23.0
20-50	24.0	24.0	20.0	19.0	24.0	24.0
20-52	24.0	22.0	18.0	19.0	24.0	24.0
20-54	24.0	24.0	20.0	20.0	24.0	24.0
20-56	23.0	23.0	19.0	18.0	24.0	25.0
20-58	23.0	24.0	18.0	18.0	23.0	24.0
21-00	23.0	23.0	21.0	19.0	23.0	23.0
21-02	23.0	22.0	20.0	18.0	24.0	24.0
21-04	24.0	22.0	20.0	18.0	24.0	24.0
21-06	24.0	23.0	21.0	19.0	24.0	24.0
21-08	24.0	23.0	20.0	18.0	24.0	24.0
21-10	23.0	23.0	19.0	18.0	24.0	24.0
21-12	24.0	24.0	20.0	19.0	24.0	24.0
21-14	24.0	23.0	19.0	18.0	24.0	24.0
21-16	23.0	23.0	19.0	19.0	23.0	23.0
21-18	26.0	26.0	21.0	17.0	24.0	26.0
21-20	24.0	23.0	21.0	19.0	24.0	24.0
21-22	24.0	23.0	20.0	18.0	24.0	24.0
21-24	24.0	25.0	21.0	19.0	24.0	25.0
21-26	26.0	26.0	20.0	20.0	24.0	26.0
21-28	24.0	23.0	21.0	18.0	24.0	24.0
21-30	24.0	24.0	20.0	21.0	24.0	24.0
21-32	25.0	25.0	20.0	18.0	23.0	24.0
21-34	24.0	24.0	19.0	18.0	24.0	24.0
21-36	25.0	24.0	20.0	18.0	24.0	25.0
21-38	23.0	22.0	20.0	18.0	24.0	24.0
21-40	24.0	23.0	20.0	18.0	24.0	24.0
21-42	24.0	24.0	20.0	19.0	24.0	24.0
21-44	24.0	23.0	19.0	18.0	24.0	24.0
21-46	24.0	24.0	19.0	19.0	23.0	23.0
21-48	27.0	26.0	21.0	20.0	24.0	26.0
21-50	24.0	22.0	20.0	19.0	24.0	24.0
21-52	23.0	22.0	19.0	18.0	23.0	23.0
21-54	23.0	23.0	20.0	19.0	23.0	23.0
21-56	23.0	22.0	18.0	18.0	23.0	23.0
21-58	22.0	22.0	19.0	18.0	22.0	23.0
22-00	24.0	24.0	19.0	19.0	24.0	24.0
22-02	24.0	24.0	18.0	18.0	24.0	24.0
22-04	24.0	22.0	19.0	18.0	24.0	23.0
22-06	23.0	23.0	20.0	19.0	23.0	23.0
22-08	22.0	22.0	19.0	19.0	22.0	22.0
22-10	23.0	23.0	18.0	18.0	22.0	23.0
22-12	25.0	25.0	19.0	18.0	24.0	25.0
22-14	24.0	24.0	19.0	17.0	22.0	23.0
22-16	22.0	22.0	17.0	19.0	22.0	23.0
22-18	24.0	22.0	20.0	18.0	24.0	24.0
22-20	24.0	23.0	19.0	19.0	24.0	23.0
22-22	24.0	24.0	19.0	18.0	22.0	23.0
22-24	24.0	24.0	19.0	18.0	23.0	24.0
22-26	23.0	23.0	18.0	17.0	22.0	23.0
22-28	24.0	24.0	19.0	18.0	22.0	24.0
22-30	24.0	23.0	19.0	18.0	24.0	24.0
22-32	23.0	22.0	18.0	18.0	22.0	22.0
22-34	23.0	23.0	17.0	18.0	23.0	23.0
22-36	24.0	24.0	18.0	18.0	23.0	24.0
22-38	24.0	24.0	18.0	17.0	22.0	23.0
22-40	23.0	23.0	19.0	18.0	23.0	23.0
22-42	25.0	25.0	20.0	19.0	22.0	25.0
22-44	24.0	23.0	18.0	18.0	23.0	23.0
22-46	23.0	22.0	20.0	19.0	24.0	24.0
22-48	24.0	24.0	19.0	18.0	24.0	24.0
22-50	24.0	22.0	18.0	18.0	24.0	24.0
22-52	24.0	23.0	17.0	16.0	24.0	24.0
22-54	24.0	24.0	18.0	18.0	24.0	24.0
22-56	24.0	23.0	17.0	17.0	24.0	23.0
22-58	24.0	22.0	17.0	18.0	23.0	23.0
23-00	25.0	25.0	17.0	19.0	24.0	24.0
23-02	23.0	22.0	19.0	16.0	24.0	24.0
23-04	24.0	23.0	20.0	17.0	24.0	24.0
23-06	24.0	22.0	20.0	18.0	24.0	24.0
23-08	23.0	22.0	18.0	17.0	23.0	23.0
23-10	22.0	23.0	18.0	18.0	22.0	23.0
23-12	23.0	23.0	18.0	19.0	22.0	23.0
23-14	23.0	22.0	17.0	19.0	23.0	23.0
23-16	23.0	23.0	18.0	18.0	22.0	24.0
23-18	23.0	22.0	19.0	19.0	23.0	23.0
23-20	24.0	24.0	19.0	19.0	24.0	24.0
23-22	23.0	22.0	17.0	17.0	23.0	23.0
23-24	24.0	24.0	19.0	17.0	24.0	24.0
23-26	22.0	22.0	18.0	18.0	23.0	23.0
23-28	23.0	23.0	16.0	18.0	22.0	23.0
23-30	23.0	23.0	18.0	20.0	23.0	23.0
23-32	23.0	23.0	19.0	18.0	22.0	23.0
23-34	23.0	23.0	19.0	17.0	22.0	23.0
23-36	24.0	24.0	20.0	18.0	23.0	24.0
23-38	23.0	23.0	18.0	18.0	21.0	23.0
23-40	25.0	25.0	19.0	17.0	23.0	25.0
23-42	24.0	23.0	19.0	18.0	24.0	24.0
23-44	24.0	24.0	18.0	18.0	22.0	24.0
23-46	22.0	22.0	18.0	18.0	22.0	22.0
23-48	24.0	23.0	19.0	19.0	24.0	24.0
23-50	24.0	21.0	18.0	17.0	23.0	23.0
23-52	24.0	21.0	19.0	17.0	24.0	24.0
23-54	24.0	23.0	19.0	18.0	24.0	24.0
23-56	23.0	23.0	17.0	18.0	22.0	22.0
23-58	23.0	22.0	17.0	18.0	22.0	22.0
